==== Gen/Spam Cross-Entropy Evaluation ====


[Running] python fileprob.py gen_C0_d10.model ../data/gen_spam/dev/gen/*
-881.025	../data/gen_spam/dev/gen/gen.10.158.txt
-8301.05	../data/gen_spam/dev/gen/gen.101.156.txt
-78329.7	../data/gen_spam/dev/gen/gen.1026.098.txt
-86809.1	../data/gen_spam/dev/gen/gen.1050.064.txt
-7946.6	../data/gen_spam/dev/gen/gen.106.120.txt
-77494.6	../data/gen_spam/dev/gen/gen.1071.116.txt
-9019.76	../data/gen_spam/dev/gen/gen.111.119.txt
-9573.74	../data/gen_spam/dev/gen/gen.113.142.txt
-9969.21	../data/gen_spam/dev/gen/gen.115.040.txt
-9019.75	../data/gen_spam/dev/gen/gen.115.169.txt
-9875.42	../data/gen_spam/dev/gen/gen.116.154.txt
-79603.5	../data/gen_spam/dev/gen/gen.1165.139.txt
-9264.27	../data/gen_spam/dev/gen/gen.118.029.txt
-98619.7	../data/gen_spam/dev/gen/gen.1208.180.txt
-92213.5	../data/gen_spam/dev/gen/gen.1209.083.txt
-10058.3	../data/gen_spam/dev/gen/gen.121.009.txt
-9775.15	../data/gen_spam/dev/gen/gen.121.175.txt
-10138.4	../data/gen_spam/dev/gen/gen.124.007.txt
-11150.9	../data/gen_spam/dev/gen/gen.128.099.txt
-9383.39	../data/gen_spam/dev/gen/gen.128.167.txt
-10056.3	../data/gen_spam/dev/gen/gen.129.166.txt
-106209	../data/gen_spam/dev/gen/gen.1290.117.txt
-9261.06	../data/gen_spam/dev/gen/gen.130.030.txt
-11043	../data/gen_spam/dev/gen/gen.131.110.txt
-11621.8	../data/gen_spam/dev/gen/gen.132.001.txt
-10771.5	../data/gen_spam/dev/gen/gen.135.019.txt
-88514.8	../data/gen_spam/dev/gen/gen.1355.129.txt
-102638	../data/gen_spam/dev/gen/gen.1388.063.txt
-11035.5	../data/gen_spam/dev/gen/gen.141.071.txt
-11643	../data/gen_spam/dev/gen/gen.142.159.txt
-13680.7	../data/gen_spam/dev/gen/gen.147.021.txt
-10418.6	../data/gen_spam/dev/gen/gen.147.045.txt
-12042	../data/gen_spam/dev/gen/gen.147.077.txt
-12135	../data/gen_spam/dev/gen/gen.152.126.txt
-11627.6	../data/gen_spam/dev/gen/gen.153.125.txt
-11254.4	../data/gen_spam/dev/gen/gen.154.149.txt
-12491.6	../data/gen_spam/dev/gen/gen.159.069.txt
-1880.99	../data/gen_spam/dev/gen/gen.16.157.txt
-13392.9	../data/gen_spam/dev/gen/gen.160.097.txt
-12701.3	../data/gen_spam/dev/gen/gen.161.150.txt
-14552.2	../data/gen_spam/dev/gen/gen.163.141.txt
-11425.4	../data/gen_spam/dev/gen/gen.168.144.txt
-14217.9	../data/gen_spam/dev/gen/gen.168.152.txt
-13322.3	../data/gen_spam/dev/gen/gen.170.086.txt
-119862	../data/gen_spam/dev/gen/gen.1715.005.txt
-13646.4	../data/gen_spam/dev/gen/gen.173.132.txt
-15413.2	../data/gen_spam/dev/gen/gen.174.067.txt
-14387.8	../data/gen_spam/dev/gen/gen.178.073.txt
-16631.9	../data/gen_spam/dev/gen/gen.181.078.txt
-13469.4	../data/gen_spam/dev/gen/gen.187.173.txt
-18912	../data/gen_spam/dev/gen/gen.190.155.txt
-14575.6	../data/gen_spam/dev/gen/gen.195.065.txt
-13775.3	../data/gen_spam/dev/gen/gen.197.174.txt
-1776.13	../data/gen_spam/dev/gen/gen.20.059.txt
-2363	../data/gen_spam/dev/gen/gen.21.179.txt
-15778.7	../data/gen_spam/dev/gen/gen.211.094.txt
-17196.5	../data/gen_spam/dev/gen/gen.218.049.txt
-2153.03	../data/gen_spam/dev/gen/gen.22.022.txt
-18721.3	../data/gen_spam/dev/gen/gen.221.053.txt
-16538.4	../data/gen_spam/dev/gen/gen.222.089.txt
-19847.4	../data/gen_spam/dev/gen/gen.230.024.txt
-17498.3	../data/gen_spam/dev/gen/gen.231.140.txt
-18576.9	../data/gen_spam/dev/gen/gen.234.151.txt
-19886.2	../data/gen_spam/dev/gen/gen.236.095.txt
-18560.7	../data/gen_spam/dev/gen/gen.236.137.txt
-1586.27	../data/gen_spam/dev/gen/gen.24.010.txt
-2076.19	../data/gen_spam/dev/gen/gen.24.042.txt
-2137.95	../data/gen_spam/dev/gen/gen.24.090.txt
-21011.6	../data/gen_spam/dev/gen/gen.240.172.txt
-2407.53	../data/gen_spam/dev/gen/gen.25.011.txt
-19592.7	../data/gen_spam/dev/gen/gen.257.122.txt
-22258.9	../data/gen_spam/dev/gen/gen.266.054.txt
-20909.9	../data/gen_spam/dev/gen/gen.266.130.txt
-20873.7	../data/gen_spam/dev/gen/gen.267.026.txt
-20295.3	../data/gen_spam/dev/gen/gen.268.020.txt
-20709.2	../data/gen_spam/dev/gen/gen.268.038.txt
-1777.12	../data/gen_spam/dev/gen/gen.27.025.txt
-1900.24	../data/gen_spam/dev/gen/gen.27.047.txt
-20193.6	../data/gen_spam/dev/gen/gen.275.133.txt
-20685.3	../data/gen_spam/dev/gen/gen.276.102.txt
-2649.92	../data/gen_spam/dev/gen/gen.28.072.txt
-22334.4	../data/gen_spam/dev/gen/gen.280.013.txt
-21759.4	../data/gen_spam/dev/gen/gen.283.105.txt
-24118.4	../data/gen_spam/dev/gen/gen.283.170.txt
-2486.37	../data/gen_spam/dev/gen/gen.29.018.txt
-21577.3	../data/gen_spam/dev/gen/gen.290.035.txt
-20830.9	../data/gen_spam/dev/gen/gen.299.092.txt
-2690.22	../data/gen_spam/dev/gen/gen.30.176.txt
-22782.1	../data/gen_spam/dev/gen/gen.300.074.txt
-23462	../data/gen_spam/dev/gen/gen.302.039.txt
-23339.3	../data/gen_spam/dev/gen/gen.302.168.txt
-22972.7	../data/gen_spam/dev/gen/gen.305.034.txt
-27522	../data/gen_spam/dev/gen/gen.316.052.txt
-24015	../data/gen_spam/dev/gen/gen.320.147.txt
-22221.5	../data/gen_spam/dev/gen/gen.322.100.txt
-28547.1	../data/gen_spam/dev/gen/gen.327.112.txt
-26997.9	../data/gen_spam/dev/gen/gen.328.145.txt
-3173.13	../data/gen_spam/dev/gen/gen.33.060.txt
-25555.5	../data/gen_spam/dev/gen/gen.331.017.txt
-24040	../data/gen_spam/dev/gen/gen.331.177.txt
-3231.06	../data/gen_spam/dev/gen/gen.34.032.txt
-25051.3	../data/gen_spam/dev/gen/gen.340.046.txt
-26221	../data/gen_spam/dev/gen/gen.345.015.txt
-27929.2	../data/gen_spam/dev/gen/gen.345.023.txt
-2879.49	../data/gen_spam/dev/gen/gen.35.084.txt
-3402.88	../data/gen_spam/dev/gen/gen.35.118.txt
-27427.6	../data/gen_spam/dev/gen/gen.354.057.txt
-28012.9	../data/gen_spam/dev/gen/gen.363.036.txt
-29197.1	../data/gen_spam/dev/gen/gen.368.106.txt
-3205.57	../data/gen_spam/dev/gen/gen.37.062.txt
-29080.5	../data/gen_spam/dev/gen/gen.371.123.txt
-3462	../data/gen_spam/dev/gen/gen.38.161.txt
-3453.93	../data/gen_spam/dev/gen/gen.39.051.txt
-3226.61	../data/gen_spam/dev/gen/gen.40.162.txt
-29504.7	../data/gen_spam/dev/gen/gen.404.016.txt
-33985.8	../data/gen_spam/dev/gen/gen.433.101.txt
-3862.27	../data/gen_spam/dev/gen/gen.44.160.txt
-32387.6	../data/gen_spam/dev/gen/gen.445.080.txt
-30708.6	../data/gen_spam/dev/gen/gen.447.031.txt
-32919	../data/gen_spam/dev/gen/gen.448.111.txt
-34809.1	../data/gen_spam/dev/gen/gen.449.056.txt
-3691.35	../data/gen_spam/dev/gen/gen.45.075.txt
-34978.7	../data/gen_spam/dev/gen/gen.451.163.txt
-4304.53	../data/gen_spam/dev/gen/gen.47.070.txt
-4192.18	../data/gen_spam/dev/gen/gen.47.178.txt
-40851.9	../data/gen_spam/dev/gen/gen.471.027.txt
-3512.08	../data/gen_spam/dev/gen/gen.48.165.txt
-37088.1	../data/gen_spam/dev/gen/gen.492.121.txt
-4308.54	../data/gen_spam/dev/gen/gen.50.004.txt
-4397.28	../data/gen_spam/dev/gen/gen.50.033.txt
-4388.65	../data/gen_spam/dev/gen/gen.51.146.txt
-40942.3	../data/gen_spam/dev/gen/gen.526.028.txt
-40069.6	../data/gen_spam/dev/gen/gen.532.148.txt
-40302.4	../data/gen_spam/dev/gen/gen.551.044.txt
-4700.99	../data/gen_spam/dev/gen/gen.56.103.txt
-3652.25	../data/gen_spam/dev/gen/gen.57.043.txt
-41684.5	../data/gen_spam/dev/gen/gen.571.003.txt
-5865.07	../data/gen_spam/dev/gen/gen.59.138.txt
-4764.58	../data/gen_spam/dev/gen/gen.60.109.txt
-4851.15	../data/gen_spam/dev/gen/gen.60.114.txt
-5727.96	../data/gen_spam/dev/gen/gen.60.136.txt
-4821.24	../data/gen_spam/dev/gen/gen.63.107.txt
-4877.31	../data/gen_spam/dev/gen/gen.64.153.txt
-49037.4	../data/gen_spam/dev/gen/gen.643.127.txt
-5408.95	../data/gen_spam/dev/gen/gen.65.096.txt
-48646.3	../data/gen_spam/dev/gen/gen.654.079.txt
-5751.68	../data/gen_spam/dev/gen/gen.66.082.txt
-6165.5	../data/gen_spam/dev/gen/gen.66.091.txt
-6533.59	../data/gen_spam/dev/gen/gen.66.143.txt
-50537	../data/gen_spam/dev/gen/gen.660.055.txt
-51569.6	../data/gen_spam/dev/gen/gen.660.088.txt
-53948.9	../data/gen_spam/dev/gen/gen.680.164.txt
-5063.16	../data/gen_spam/dev/gen/gen.69.124.txt
-5304.75	../data/gen_spam/dev/gen/gen.70.037.txt
-62868.6	../data/gen_spam/dev/gen/gen.700.048.txt
-6601.02	../data/gen_spam/dev/gen/gen.71.041.txt
-55333	../data/gen_spam/dev/gen/gen.713.014.txt
-5671.49	../data/gen_spam/dev/gen/gen.72.058.txt
-5736.34	../data/gen_spam/dev/gen/gen.76.081.txt
-5938.03	../data/gen_spam/dev/gen/gen.76.104.txt
-49487.1	../data/gen_spam/dev/gen/gen.766.115.txt
-5920.36	../data/gen_spam/dev/gen/gen.78.008.txt
-6397.18	../data/gen_spam/dev/gen/gen.80.066.txt
-58204.7	../data/gen_spam/dev/gen/gen.833.108.txt
-7422.19	../data/gen_spam/dev/gen/gen.86.087.txt
-7536.61	../data/gen_spam/dev/gen/gen.86.131.txt
-68670.2	../data/gen_spam/dev/gen/gen.872.002.txt
-764.57	../data/gen_spam/dev/gen/gen.9.076.txt
-7199.4	../data/gen_spam/dev/gen/gen.90.085.txt
-8259.28	../data/gen_spam/dev/gen/gen.92.135.txt
-8276.65	../data/gen_spam/dev/gen/gen.93.134.txt
-7764.16	../data/gen_spam/dev/gen/gen.94.113.txt
-7277.25	../data/gen_spam/dev/gen/gen.95.050.txt
-8085.7	../data/gen_spam/dev/gen/gen.95.128.txt
-69418.6	../data/gen_spam/dev/gen/gen.953.012.txt
-6882.84	../data/gen_spam/dev/gen/gen.96.068.txt
-8066.35	../data/gen_spam/dev/gen/gen.96.093.txt
-8080	../data/gen_spam/dev/gen/gen.97.171.txt
-8269.8	../data/gen_spam/dev/gen/gen.98.006.txt
-8070.63	../data/gen_spam/dev/gen/gen.98.061.txt
Overall cross-entropy:	111.07021 bits per token, total tokens: 48378
