==== Cross-Entropy Evaluation for Different d ====

[Running] python fileprob.py spam_C0.5_d10.model ../data/gen_spam/dev/spam/*
-86.9266	../data/gen_spam/dev/spam/spam.10.067.txt
-809.032	../data/gen_spam/dev/spam/spam.104.052.txt
-832.315	../data/gen_spam/dev/spam/spam.108.026.txt
-823.802	../data/gen_spam/dev/spam/spam.109.038.txt
-823.802	../data/gen_spam/dev/spam/spam.109.039.txt
-84.1717	../data/gen_spam/dev/spam/spam.11.071.txt
-909.38	../data/gen_spam/dev/spam/spam.115.023.txt
-9190.35	../data/gen_spam/dev/spam/spam.1158.048.txt
-9198.39	../data/gen_spam/dev/spam/spam.1158.049.txt
-914.696	../data/gen_spam/dev/spam/spam.116.047.txt
-920.85	../data/gen_spam/dev/spam/spam.117.016.txt
-909.134	../data/gen_spam/dev/spam/spam.118.051.txt
-937.063	../data/gen_spam/dev/spam/spam.120.063.txt
-892.914	../data/gen_spam/dev/spam/spam.124.082.txt
-892.914	../data/gen_spam/dev/spam/spam.124.088.txt
-910.272	../data/gen_spam/dev/spam/spam.125.090.txt
-916.93	../data/gen_spam/dev/spam/spam.129.034.txt
-1053.42	../data/gen_spam/dev/spam/spam.134.053.txt
-113.395	../data/gen_spam/dev/spam/spam.14.012.txt
-1098.52	../data/gen_spam/dev/spam/spam.149.076.txt
-1169.01	../data/gen_spam/dev/spam/spam.159.080.txt
-120.227	../data/gen_spam/dev/spam/spam.16.019.txt
-1136.45	../data/gen_spam/dev/spam/spam.160.045.txt
-1276.23	../data/gen_spam/dev/spam/spam.161.028.txt
-1227.88	../data/gen_spam/dev/spam/spam.164.017.txt
-1280.92	../data/gen_spam/dev/spam/spam.164.084.txt
-1229.49	../data/gen_spam/dev/spam/spam.165.040.txt
-1240.08	../data/gen_spam/dev/spam/spam.166.060.txt
-1381.09	../data/gen_spam/dev/spam/spam.175.058.txt
-1337.59	../data/gen_spam/dev/spam/spam.178.064.txt
-132.97	../data/gen_spam/dev/spam/spam.18.007.txt
-1382.49	../data/gen_spam/dev/spam/spam.180.062.txt
-1395.34	../data/gen_spam/dev/spam/spam.180.072.txt
-1456.38	../data/gen_spam/dev/spam/spam.183.078.txt
-1479.86	../data/gen_spam/dev/spam/spam.193.070.txt
-1528.5	../data/gen_spam/dev/spam/spam.195.022.txt
-1462.68	../data/gen_spam/dev/spam/spam.198.068.txt
-1472.16	../data/gen_spam/dev/spam/spam.199.075.txt
-159.423	../data/gen_spam/dev/spam/spam.20.009.txt
-1506.55	../data/gen_spam/dev/spam/spam.200.035.txt
-1459.93	../data/gen_spam/dev/spam/spam.201.073.txt
-1571.43	../data/gen_spam/dev/spam/spam.203.069.txt
-1605.5	../data/gen_spam/dev/spam/spam.209.046.txt
-1609.38	../data/gen_spam/dev/spam/spam.214.010.txt
-1655.13	../data/gen_spam/dev/spam/spam.219.018.txt
-1653.85	../data/gen_spam/dev/spam/spam.220.041.txt
-1653.03	../data/gen_spam/dev/spam/spam.220.042.txt
-17153.8	../data/gen_spam/dev/spam/spam.2262.037.txt
-165.849	../data/gen_spam/dev/spam/spam.23.079.txt
-1849.87	../data/gen_spam/dev/spam/spam.239.059.txt
-1871.63	../data/gen_spam/dev/spam/spam.253.089.txt
-2056.01	../data/gen_spam/dev/spam/spam.257.020.txt
-2171.27	../data/gen_spam/dev/spam/spam.272.044.txt
-2230.14	../data/gen_spam/dev/spam/spam.280.085.txt
-2208.73	../data/gen_spam/dev/spam/spam.286.029.txt
-2288.62	../data/gen_spam/dev/spam/spam.293.031.txt
-2290.43	../data/gen_spam/dev/spam/spam.293.033.txt
-2230.14	../data/gen_spam/dev/spam/spam.305.024.txt
-2566.72	../data/gen_spam/dev/spam/spam.325.065.txt
-285.392	../data/gen_spam/dev/spam/spam.35.077.txt
-281.684	../data/gen_spam/dev/spam/spam.36.083.txt
-2822.87	../data/gen_spam/dev/spam/spam.364.013.txt
-2931.63	../data/gen_spam/dev/spam/spam.371.002.txt
-31453.1	../data/gen_spam/dev/spam/spam.4063.061.txt
-35912.7	../data/gen_spam/dev/spam/spam.4516.043.txt
-3613.22	../data/gen_spam/dev/spam/spam.457.054.txt
-35704.5	../data/gen_spam/dev/spam/spam.4635.005.txt
-3850.05	../data/gen_spam/dev/spam/spam.481.066.txt
-42.8261	../data/gen_spam/dev/spam/spam.5.004.txt
-42.8261	../data/gen_spam/dev/spam/spam.5.008.txt
-46.6164	../data/gen_spam/dev/spam/spam.5.030.txt
-416.712	../data/gen_spam/dev/spam/spam.52.032.txt
-439.21	../data/gen_spam/dev/spam/spam.55.006.txt
-4671.8	../data/gen_spam/dev/spam/spam.587.014.txt
-505.249	../data/gen_spam/dev/spam/spam.62.021.txt
-4953.27	../data/gen_spam/dev/spam/spam.621.001.txt
-536.759	../data/gen_spam/dev/spam/spam.69.050.txt
-580.513	../data/gen_spam/dev/spam/spam.73.003.txt
-588.986	../data/gen_spam/dev/spam/spam.78.025.txt
-65.827	../data/gen_spam/dev/spam/spam.8.081.txt
-584.787	../data/gen_spam/dev/spam/spam.80.011.txt
-601.102	../data/gen_spam/dev/spam/spam.81.087.txt
-61755.5	../data/gen_spam/dev/spam/spam.8185.074.txt
-677.725	../data/gen_spam/dev/spam/spam.87.055.txt
-664.646	../data/gen_spam/dev/spam/spam.89.057.txt
-77.8911	../data/gen_spam/dev/spam/spam.9.086.txt
-688.186	../data/gen_spam/dev/spam/spam.91.036.txt
-692.38	../data/gen_spam/dev/spam/spam.92.015.txt
-724.074	../data/gen_spam/dev/spam/spam.94.056.txt
-762.27	../data/gen_spam/dev/spam/spam.98.027.txt
Overall cross-entropy:	11.10067 bits per token, total tokens: 39374

============================================================
[Running] python fileprob.py spam_C0.5_d50.model ../data/gen_spam/dev/spam/*
-77.856	../data/gen_spam/dev/spam/spam.10.067.txt
-687.988	../data/gen_spam/dev/spam/spam.104.052.txt
-712.54	../data/gen_spam/dev/spam/spam.108.026.txt
-722.633	../data/gen_spam/dev/spam/spam.109.038.txt
-722.633	../data/gen_spam/dev/spam/spam.109.039.txt
-73.4637	../data/gen_spam/dev/spam/spam.11.071.txt
-770.524	../data/gen_spam/dev/spam/spam.115.023.txt
-8316.25	../data/gen_spam/dev/spam/spam.1158.048.txt
-8330.48	../data/gen_spam/dev/spam/spam.1158.049.txt
-814.639	../data/gen_spam/dev/spam/spam.116.047.txt
-787.242	../data/gen_spam/dev/spam/spam.117.016.txt
-794.23	../data/gen_spam/dev/spam/spam.118.051.txt
-809.966	../data/gen_spam/dev/spam/spam.120.063.txt
-731.932	../data/gen_spam/dev/spam/spam.124.082.txt
-731.932	../data/gen_spam/dev/spam/spam.124.088.txt
-768.108	../data/gen_spam/dev/spam/spam.125.090.txt
-782.023	../data/gen_spam/dev/spam/spam.129.034.txt
-925.312	../data/gen_spam/dev/spam/spam.134.053.txt
-94.3047	../data/gen_spam/dev/spam/spam.14.012.txt
-914.769	../data/gen_spam/dev/spam/spam.149.076.txt
-1072.56	../data/gen_spam/dev/spam/spam.159.080.txt
-112.208	../data/gen_spam/dev/spam/spam.16.019.txt
-918.151	../data/gen_spam/dev/spam/spam.160.045.txt
-1182.02	../data/gen_spam/dev/spam/spam.161.028.txt
-1094.32	../data/gen_spam/dev/spam/spam.164.017.txt
-1198.49	../data/gen_spam/dev/spam/spam.164.084.txt
-1096.59	../data/gen_spam/dev/spam/spam.165.040.txt
-1106.27	../data/gen_spam/dev/spam/spam.166.060.txt
-1253.28	../data/gen_spam/dev/spam/spam.175.058.txt
-1177.3	../data/gen_spam/dev/spam/spam.178.064.txt
-111.969	../data/gen_spam/dev/spam/spam.18.007.txt
-1232.42	../data/gen_spam/dev/spam/spam.180.062.txt
-1243.46	../data/gen_spam/dev/spam/spam.180.072.txt
-1327.88	../data/gen_spam/dev/spam/spam.183.078.txt
-1322.87	../data/gen_spam/dev/spam/spam.193.070.txt
-1442.64	../data/gen_spam/dev/spam/spam.195.022.txt
-961.833	../data/gen_spam/dev/spam/spam.198.068.txt
-969.969	../data/gen_spam/dev/spam/spam.199.075.txt
-135.727	../data/gen_spam/dev/spam/spam.20.009.txt
-1326.2	../data/gen_spam/dev/spam/spam.200.035.txt
-938.136	../data/gen_spam/dev/spam/spam.201.073.txt
-1379.97	../data/gen_spam/dev/spam/spam.203.069.txt
-1423.7	../data/gen_spam/dev/spam/spam.209.046.txt
-1421.9	../data/gen_spam/dev/spam/spam.214.010.txt
-1556.04	../data/gen_spam/dev/spam/spam.219.018.txt
-1414.1	../data/gen_spam/dev/spam/spam.220.041.txt
-1414.05	../data/gen_spam/dev/spam/spam.220.042.txt
-15527.1	../data/gen_spam/dev/spam/spam.2262.037.txt
-129.01	../data/gen_spam/dev/spam/spam.23.079.txt
-1687.01	../data/gen_spam/dev/spam/spam.239.059.txt
-1561.19	../data/gen_spam/dev/spam/spam.253.089.txt
-1869.73	../data/gen_spam/dev/spam/spam.257.020.txt
-1951.75	../data/gen_spam/dev/spam/spam.272.044.txt
-2016.03	../data/gen_spam/dev/spam/spam.280.085.txt
-1935.18	../data/gen_spam/dev/spam/spam.286.029.txt
-2009.85	../data/gen_spam/dev/spam/spam.293.031.txt
-2013.77	../data/gen_spam/dev/spam/spam.293.033.txt
-2023.65	../data/gen_spam/dev/spam/spam.305.024.txt
-2366.21	../data/gen_spam/dev/spam/spam.325.065.txt
-253.081	../data/gen_spam/dev/spam/spam.35.077.txt
-267.026	../data/gen_spam/dev/spam/spam.36.083.txt
-2566.32	../data/gen_spam/dev/spam/spam.364.013.txt
-2606.47	../data/gen_spam/dev/spam/spam.371.002.txt
-28747.1	../data/gen_spam/dev/spam/spam.4063.061.txt
-32158	../data/gen_spam/dev/spam/spam.4516.043.txt
-3236.4	../data/gen_spam/dev/spam/spam.457.054.txt
-32559.8	../data/gen_spam/dev/spam/spam.4635.005.txt
-3417.87	../data/gen_spam/dev/spam/spam.481.066.txt
-36.3189	../data/gen_spam/dev/spam/spam.5.004.txt
-36.3189	../data/gen_spam/dev/spam/spam.5.008.txt
-41.4272	../data/gen_spam/dev/spam/spam.5.030.txt
-388.864	../data/gen_spam/dev/spam/spam.52.032.txt
-436.365	../data/gen_spam/dev/spam/spam.55.006.txt
-4133.5	../data/gen_spam/dev/spam/spam.587.014.txt
-484.008	../data/gen_spam/dev/spam/spam.62.021.txt
-4447.97	../data/gen_spam/dev/spam/spam.621.001.txt
-470.553	../data/gen_spam/dev/spam/spam.69.050.txt
-542.585	../data/gen_spam/dev/spam/spam.73.003.txt
-518.045	../data/gen_spam/dev/spam/spam.78.025.txt
-60.9988	../data/gen_spam/dev/spam/spam.8.081.txt
-490.216	../data/gen_spam/dev/spam/spam.80.011.txt
-577.519	../data/gen_spam/dev/spam/spam.81.087.txt
-55044.2	../data/gen_spam/dev/spam/spam.8185.074.txt
-622.038	../data/gen_spam/dev/spam/spam.87.055.txt
-627.803	../data/gen_spam/dev/spam/spam.89.057.txt
-67.7403	../data/gen_spam/dev/spam/spam.9.086.txt
-604.237	../data/gen_spam/dev/spam/spam.91.036.txt
-607.641	../data/gen_spam/dev/spam/spam.92.015.txt
-676.016	../data/gen_spam/dev/spam/spam.94.056.txt
-725.022	../data/gen_spam/dev/spam/spam.98.027.txt
Overall cross-entropy:	9.92763 bits per token, total tokens: 39374

============================================================
[Running] python fileprob.py spam_C0.5_d200.model ../data/gen_spam/dev/spam/*
-74.4976	../data/gen_spam/dev/spam/spam.10.067.txt
-552.281	../data/gen_spam/dev/spam/spam.104.052.txt
-558.338	../data/gen_spam/dev/spam/spam.108.026.txt
-573.606	../data/gen_spam/dev/spam/spam.109.038.txt
-573.606	../data/gen_spam/dev/spam/spam.109.039.txt
-73.7944	../data/gen_spam/dev/spam/spam.11.071.txt
-644.197	../data/gen_spam/dev/spam/spam.115.023.txt
-7288.51	../data/gen_spam/dev/spam/spam.1158.048.txt
-7306.64	../data/gen_spam/dev/spam/spam.1158.049.txt
-687.284	../data/gen_spam/dev/spam/spam.116.047.txt
-564.423	../data/gen_spam/dev/spam/spam.117.016.txt
-648.342	../data/gen_spam/dev/spam/spam.118.051.txt
-450.585	../data/gen_spam/dev/spam/spam.120.063.txt
-535.227	../data/gen_spam/dev/spam/spam.124.082.txt
-535.227	../data/gen_spam/dev/spam/spam.124.088.txt
-563.23	../data/gen_spam/dev/spam/spam.125.090.txt
-666.942	../data/gen_spam/dev/spam/spam.129.034.txt
-762.988	../data/gen_spam/dev/spam/spam.134.053.txt
-62.506	../data/gen_spam/dev/spam/spam.14.012.txt
-774.114	../data/gen_spam/dev/spam/spam.149.076.txt
-734.266	../data/gen_spam/dev/spam/spam.159.080.txt
-112.191	../data/gen_spam/dev/spam/spam.16.019.txt
-728.926	../data/gen_spam/dev/spam/spam.160.045.txt
-1018.17	../data/gen_spam/dev/spam/spam.161.028.txt
-931.932	../data/gen_spam/dev/spam/spam.164.017.txt
-1043.48	../data/gen_spam/dev/spam/spam.164.084.txt
-931.95	../data/gen_spam/dev/spam/spam.165.040.txt
-942.012	../data/gen_spam/dev/spam/spam.166.060.txt
-1088.21	../data/gen_spam/dev/spam/spam.175.058.txt
-944.695	../data/gen_spam/dev/spam/spam.178.064.txt
-82.4308	../data/gen_spam/dev/spam/spam.18.007.txt
-1110.79	../data/gen_spam/dev/spam/spam.180.062.txt
-1123.9	../data/gen_spam/dev/spam/spam.180.072.txt
-1135.02	../data/gen_spam/dev/spam/spam.183.078.txt
-1080.19	../data/gen_spam/dev/spam/spam.193.070.txt
-1268.54	../data/gen_spam/dev/spam/spam.195.022.txt
-232.114	../data/gen_spam/dev/spam/spam.198.068.txt
-236.645	../data/gen_spam/dev/spam/spam.199.075.txt
-115.547	../data/gen_spam/dev/spam/spam.20.009.txt
-1025.13	../data/gen_spam/dev/spam/spam.200.035.txt
-228.215	../data/gen_spam/dev/spam/spam.201.073.txt
-1230.72	../data/gen_spam/dev/spam/spam.203.069.txt
-1195.07	../data/gen_spam/dev/spam/spam.209.046.txt
-1230.79	../data/gen_spam/dev/spam/spam.214.010.txt
-1399.83	../data/gen_spam/dev/spam/spam.219.018.txt
-1238.25	../data/gen_spam/dev/spam/spam.220.041.txt
-1237.31	../data/gen_spam/dev/spam/spam.220.042.txt
-13632.2	../data/gen_spam/dev/spam/spam.2262.037.txt
-111.268	../data/gen_spam/dev/spam/spam.23.079.txt
-1375.61	../data/gen_spam/dev/spam/spam.239.059.txt
-1280.45	../data/gen_spam/dev/spam/spam.253.089.txt
-1650.61	../data/gen_spam/dev/spam/spam.257.020.txt
-1717.68	../data/gen_spam/dev/spam/spam.272.044.txt
-1724.31	../data/gen_spam/dev/spam/spam.280.085.txt
-1639.11	../data/gen_spam/dev/spam/spam.286.029.txt
-1709.64	../data/gen_spam/dev/spam/spam.293.031.txt
-1714.66	../data/gen_spam/dev/spam/spam.293.033.txt
-1611.08	../data/gen_spam/dev/spam/spam.305.024.txt
-2084.9	../data/gen_spam/dev/spam/spam.325.065.txt
-228.474	../data/gen_spam/dev/spam/spam.35.077.txt
-215.596	../data/gen_spam/dev/spam/spam.36.083.txt
-2174.41	../data/gen_spam/dev/spam/spam.364.013.txt
-2176.9	../data/gen_spam/dev/spam/spam.371.002.txt
-25197.5	../data/gen_spam/dev/spam/spam.4063.061.txt
-27780.8	../data/gen_spam/dev/spam/spam.4516.043.txt
-2751.2	../data/gen_spam/dev/spam/spam.457.054.txt
-28500.1	../data/gen_spam/dev/spam/spam.4635.005.txt
-2892.31	../data/gen_spam/dev/spam/spam.481.066.txt
-35.5436	../data/gen_spam/dev/spam/spam.5.004.txt
-35.5436	../data/gen_spam/dev/spam/spam.5.008.txt
-38.9916	../data/gen_spam/dev/spam/spam.5.030.txt
-358.022	../data/gen_spam/dev/spam/spam.52.032.txt
-426.764	../data/gen_spam/dev/spam/spam.55.006.txt
-3459.65	../data/gen_spam/dev/spam/spam.587.014.txt
-458.273	../data/gen_spam/dev/spam/spam.62.021.txt
-3837.26	../data/gen_spam/dev/spam/spam.621.001.txt
-382.673	../data/gen_spam/dev/spam/spam.69.050.txt
-501.15	../data/gen_spam/dev/spam/spam.73.003.txt
-445.332	../data/gen_spam/dev/spam/spam.78.025.txt
-54.4978	../data/gen_spam/dev/spam/spam.8.081.txt
-339.332	../data/gen_spam/dev/spam/spam.80.011.txt
-510.749	../data/gen_spam/dev/spam/spam.81.087.txt
-49562.5	../data/gen_spam/dev/spam/spam.8185.074.txt
-499.28	../data/gen_spam/dev/spam/spam.87.055.txt
-486.435	../data/gen_spam/dev/spam/spam.89.057.txt
-62.2184	../data/gen_spam/dev/spam/spam.9.086.txt
-572.736	../data/gen_spam/dev/spam/spam.91.036.txt
-514.248	../data/gen_spam/dev/spam/spam.92.015.txt
-575.052	../data/gen_spam/dev/spam/spam.94.056.txt
-677.973	../data/gen_spam/dev/spam/spam.98.027.txt
Overall cross-entropy:	8.55730 bits per token, total tokens: 39374

============================================================
