==== English/Spanish Cross-Entropy Evaluation ====


[Running] python fileprob.py en_C0_d10.model ../data/english_spanish/dev/english/*/*
-36.1218	../data/english_spanish/dev/english/length-10/en.10.00
-34.9813	../data/english_spanish/dev/english/length-10/en.10.01
-40.5686	../data/english_spanish/dev/english/length-10/en.10.02
-57.2956	../data/english_spanish/dev/english/length-10/en.10.03
-34.8401	../data/english_spanish/dev/english/length-10/en.10.04
-38.757	../data/english_spanish/dev/english/length-10/en.10.05
-33.0834	../data/english_spanish/dev/english/length-10/en.10.06
-39.3791	../data/english_spanish/dev/english/length-10/en.10.07
-38.9656	../data/english_spanish/dev/english/length-10/en.10.08
-38.6171	../data/english_spanish/dev/english/length-10/en.10.09
-34.0174	../data/english_spanish/dev/english/length-10/en.10.10
-40.5152	../data/english_spanish/dev/english/length-10/en.10.11
-35.5766	../data/english_spanish/dev/english/length-10/en.10.12
-37.3781	../data/english_spanish/dev/english/length-10/en.10.13
-36.7939	../data/english_spanish/dev/english/length-10/en.10.14
-40.2018	../data/english_spanish/dev/english/length-10/en.10.15
-39.6158	../data/english_spanish/dev/english/length-10/en.10.16
-38.3777	../data/english_spanish/dev/english/length-10/en.10.17
-37.7045	../data/english_spanish/dev/english/length-10/en.10.18
-39.0138	../data/english_spanish/dev/english/length-10/en.10.19
-397.075	../data/english_spanish/dev/english/length-100/en.100.00
-353.612	../data/english_spanish/dev/english/length-100/en.100.01
-352.177	../data/english_spanish/dev/english/length-100/en.100.02
-330.442	../data/english_spanish/dev/english/length-100/en.100.03
-347.952	../data/english_spanish/dev/english/length-100/en.100.04
-348.731	../data/english_spanish/dev/english/length-100/en.100.05
-376.961	../data/english_spanish/dev/english/length-100/en.100.06
-352.134	../data/english_spanish/dev/english/length-100/en.100.07
-417.488	../data/english_spanish/dev/english/length-100/en.100.08
-359.113	../data/english_spanish/dev/english/length-100/en.100.09
-346.825	../data/english_spanish/dev/english/length-100/en.100.10
-341.519	../data/english_spanish/dev/english/length-100/en.100.11
-330.842	../data/english_spanish/dev/english/length-100/en.100.12
-352.623	../data/english_spanish/dev/english/length-100/en.100.13
-338.862	../data/english_spanish/dev/english/length-100/en.100.14
-372.46	../data/english_spanish/dev/english/length-100/en.100.15
-363.367	../data/english_spanish/dev/english/length-100/en.100.16
-432.407	../data/english_spanish/dev/english/length-100/en.100.17
-332.249	../data/english_spanish/dev/english/length-100/en.100.18
-362.757	../data/english_spanish/dev/english/length-100/en.100.19
-70.2819	../data/english_spanish/dev/english/length-20/en.20.00
-75.5477	../data/english_spanish/dev/english/length-20/en.20.01
-69.904	../data/english_spanish/dev/english/length-20/en.20.02
-57.9399	../data/english_spanish/dev/english/length-20/en.20.03
-74.5797	../data/english_spanish/dev/english/length-20/en.20.04
-70.6516	../data/english_spanish/dev/english/length-20/en.20.05
-78.1561	../data/english_spanish/dev/english/length-20/en.20.06
-75.665	../data/english_spanish/dev/english/length-20/en.20.07
-58.954	../data/english_spanish/dev/english/length-20/en.20.08
-71.9227	../data/english_spanish/dev/english/length-20/en.20.09
-70.909	../data/english_spanish/dev/english/length-20/en.20.10
-72.7088	../data/english_spanish/dev/english/length-20/en.20.11
-76.7529	../data/english_spanish/dev/english/length-20/en.20.12
-72.5435	../data/english_spanish/dev/english/length-20/en.20.13
-80.117	../data/english_spanish/dev/english/length-20/en.20.14
-76.3276	../data/english_spanish/dev/english/length-20/en.20.15
-70.3328	../data/english_spanish/dev/english/length-20/en.20.16
-70.5255	../data/english_spanish/dev/english/length-20/en.20.17
-69.652	../data/english_spanish/dev/english/length-20/en.20.18
-58.7614	../data/english_spanish/dev/english/length-20/en.20.19
-727.288	../data/english_spanish/dev/english/length-200/en.200.00
-697.479	../data/english_spanish/dev/english/length-200/en.200.01
-724.038	../data/english_spanish/dev/english/length-200/en.200.02
-684.069	../data/english_spanish/dev/english/length-200/en.200.03
-674.633	../data/english_spanish/dev/english/length-200/en.200.04
-707.912	../data/english_spanish/dev/english/length-200/en.200.05
-720.422	../data/english_spanish/dev/english/length-200/en.200.06
-707.243	../data/english_spanish/dev/english/length-200/en.200.07
-681.017	../data/english_spanish/dev/english/length-200/en.200.08
-719.558	../data/english_spanish/dev/english/length-200/en.200.09
-700.807	../data/english_spanish/dev/english/length-200/en.200.10
-722.053	../data/english_spanish/dev/english/length-200/en.200.11
-740.926	../data/english_spanish/dev/english/length-200/en.200.12
-695.978	../data/english_spanish/dev/english/length-200/en.200.13
-1215.57	../data/english_spanish/dev/english/length-200/en.200.14
-705.371	../data/english_spanish/dev/english/length-200/en.200.15
-708.766	../data/english_spanish/dev/english/length-200/en.200.16
-905.922	../data/english_spanish/dev/english/length-200/en.200.17
-705.228	../data/english_spanish/dev/english/length-200/en.200.18
-704.131	../data/english_spanish/dev/english/length-200/en.200.19
-170.829	../data/english_spanish/dev/english/length-50/en.50.00
-167.852	../data/english_spanish/dev/english/length-50/en.50.01
-176.258	../data/english_spanish/dev/english/length-50/en.50.02
-177.88	../data/english_spanish/dev/english/length-50/en.50.03
-177.966	../data/english_spanish/dev/english/length-50/en.50.04
-177.985	../data/english_spanish/dev/english/length-50/en.50.05
-200.127	../data/english_spanish/dev/english/length-50/en.50.06
-175.316	../data/english_spanish/dev/english/length-50/en.50.07
-169.168	../data/english_spanish/dev/english/length-50/en.50.08
-176.202	../data/english_spanish/dev/english/length-50/en.50.09
-180.488	../data/english_spanish/dev/english/length-50/en.50.10
-180.654	../data/english_spanish/dev/english/length-50/en.50.11
-168.782	../data/english_spanish/dev/english/length-50/en.50.12
-153.468	../data/english_spanish/dev/english/length-50/en.50.13
-173.961	../data/english_spanish/dev/english/length-50/en.50.14
-174.609	../data/english_spanish/dev/english/length-50/en.50.15
-196.441	../data/english_spanish/dev/english/length-50/en.50.16
-156.928	../data/english_spanish/dev/english/length-50/en.50.17
-173.704	../data/english_spanish/dev/english/length-50/en.50.18
-176.813	../data/english_spanish/dev/english/length-50/en.50.19
-1711.52	../data/english_spanish/dev/english/length-500/en.500.00
-1746.2	../data/english_spanish/dev/english/length-500/en.500.01
-1698.32	../data/english_spanish/dev/english/length-500/en.500.02
-1724.09	../data/english_spanish/dev/english/length-500/en.500.03
-1773.57	../data/english_spanish/dev/english/length-500/en.500.04
-1641.83	../data/english_spanish/dev/english/length-500/en.500.05
-1761.91	../data/english_spanish/dev/english/length-500/en.500.06
-1738.02	../data/english_spanish/dev/english/length-500/en.500.07
-1791.77	../data/english_spanish/dev/english/length-500/en.500.08
-1822.33	../data/english_spanish/dev/english/length-500/en.500.09
-1728.45	../data/english_spanish/dev/english/length-500/en.500.10
-1873.79	../data/english_spanish/dev/english/length-500/en.500.11
-1892.77	../data/english_spanish/dev/english/length-500/en.500.12
-1724.9	../data/english_spanish/dev/english/length-500/en.500.13
-1801.36	../data/english_spanish/dev/english/length-500/en.500.14
-1683.61	../data/english_spanish/dev/english/length-500/en.500.15
-1752.44	../data/english_spanish/dev/english/length-500/en.500.16
-1735.22	../data/english_spanish/dev/english/length-500/en.500.17
-1727.77	../data/english_spanish/dev/english/length-500/en.500.18
-1777.9	../data/english_spanish/dev/english/length-500/en.500.19
Overall cross-entropy:	5.11681 bits per token

============================================================

[Running] python fileprob.py sp_C0_d10.model ../data/english_spanish/dev/spanish/*/*
