==== Cross-Entropy Evaluation for English/Spanish ====

[Running] python fileprob.py en_C0.5_d10.model ../data/english_spanish/dev/english/*/*
-44.7521	../data/english_spanish/dev/english/length-10/en.10.00
-40.6466	../data/english_spanish/dev/english/length-10/en.10.01
-46.1228	../data/english_spanish/dev/english/length-10/en.10.02
-46.93	../data/english_spanish/dev/english/length-10/en.10.03
-43.0504	../data/english_spanish/dev/english/length-10/en.10.04
-41.9943	../data/english_spanish/dev/english/length-10/en.10.05
-38.7201	../data/english_spanish/dev/english/length-10/en.10.06
-42.9449	../data/english_spanish/dev/english/length-10/en.10.07
-46.1228	../data/english_spanish/dev/english/length-10/en.10.08
-43.3939	../data/english_spanish/dev/english/length-10/en.10.09
-42.79	../data/english_spanish/dev/english/length-10/en.10.10
-43.8639	../data/english_spanish/dev/english/length-10/en.10.11
-41.7686	../data/english_spanish/dev/english/length-10/en.10.12
-40.831	../data/english_spanish/dev/english/length-10/en.10.13
-41.6585	../data/english_spanish/dev/english/length-10/en.10.14
-45.4598	../data/english_spanish/dev/english/length-10/en.10.15
-46.3293	../data/english_spanish/dev/english/length-10/en.10.16
-44.3895	../data/english_spanish/dev/english/length-10/en.10.17
-42.4295	../data/english_spanish/dev/english/length-10/en.10.18
-46.1228	../data/english_spanish/dev/english/length-10/en.10.19
-418.709	../data/english_spanish/dev/english/length-100/en.100.00
-410.517	../data/english_spanish/dev/english/length-100/en.100.01
-391.944	../data/english_spanish/dev/english/length-100/en.100.02
-380.493	../data/english_spanish/dev/english/length-100/en.100.03
-411.746	../data/english_spanish/dev/english/length-100/en.100.04
-396.921	../data/english_spanish/dev/english/length-100/en.100.05
-383.242	../data/english_spanish/dev/english/length-100/en.100.06
-394.493	../data/english_spanish/dev/english/length-100/en.100.07
-420.769	../data/english_spanish/dev/english/length-100/en.100.08
-380.972	../data/english_spanish/dev/english/length-100/en.100.09
-395.686	../data/english_spanish/dev/english/length-100/en.100.10
-404.497	../data/english_spanish/dev/english/length-100/en.100.11
-386.732	../data/english_spanish/dev/english/length-100/en.100.12
-401.421	../data/english_spanish/dev/english/length-100/en.100.13
-393.87	../data/english_spanish/dev/english/length-100/en.100.14
-402.947	../data/english_spanish/dev/english/length-100/en.100.15
-412.888	../data/english_spanish/dev/english/length-100/en.100.16
-429.062	../data/english_spanish/dev/english/length-100/en.100.17
-361.686	../data/english_spanish/dev/english/length-100/en.100.18
-402.63	../data/english_spanish/dev/english/length-100/en.100.19
-77.5791	../data/english_spanish/dev/english/length-20/en.20.00
-85.9263	../data/english_spanish/dev/english/length-20/en.20.01
-72.3356	../data/english_spanish/dev/english/length-20/en.20.02
-66.8473	../data/english_spanish/dev/english/length-20/en.20.03
-80.4448	../data/english_spanish/dev/english/length-20/en.20.04
-77.467	../data/english_spanish/dev/english/length-20/en.20.05
-92.451	../data/english_spanish/dev/english/length-20/en.20.06
-83.5723	../data/english_spanish/dev/english/length-20/en.20.07
-62.0384	../data/english_spanish/dev/english/length-20/en.20.08
-78.299	../data/english_spanish/dev/english/length-20/en.20.09
-89.331	../data/english_spanish/dev/english/length-20/en.20.10
-85.1336	../data/english_spanish/dev/english/length-20/en.20.11
-77.0571	../data/english_spanish/dev/english/length-20/en.20.12
-82.0013	../data/english_spanish/dev/english/length-20/en.20.13
-76.6642	../data/english_spanish/dev/english/length-20/en.20.14
-79.5243	../data/english_spanish/dev/english/length-20/en.20.15
-78.4596	../data/english_spanish/dev/english/length-20/en.20.16
-81.4267	../data/english_spanish/dev/english/length-20/en.20.17
-75.162	../data/english_spanish/dev/english/length-20/en.20.18
-63.5864	../data/english_spanish/dev/english/length-20/en.20.19
-823.242	../data/english_spanish/dev/english/length-200/en.200.00
-782.375	../data/english_spanish/dev/english/length-200/en.200.01
-806.959	../data/english_spanish/dev/english/length-200/en.200.02
-769.378	../data/english_spanish/dev/english/length-200/en.200.03
-801.335	../data/english_spanish/dev/english/length-200/en.200.04
-763.811	../data/english_spanish/dev/english/length-200/en.200.05
-831.086	../data/english_spanish/dev/english/length-200/en.200.06
-795.998	../data/english_spanish/dev/english/length-200/en.200.07
-774.622	../data/english_spanish/dev/english/length-200/en.200.08
-823.754	../data/english_spanish/dev/english/length-200/en.200.09
-799.067	../data/english_spanish/dev/english/length-200/en.200.10
-834.936	../data/english_spanish/dev/english/length-200/en.200.11
-748.057	../data/english_spanish/dev/english/length-200/en.200.12
-789.227	../data/english_spanish/dev/english/length-200/en.200.13
-852.12	../data/english_spanish/dev/english/length-200/en.200.14
-856.228	../data/english_spanish/dev/english/length-200/en.200.15
-777.627	../data/english_spanish/dev/english/length-200/en.200.16
-838.615	../data/english_spanish/dev/english/length-200/en.200.17
-805.28	../data/english_spanish/dev/english/length-200/en.200.18
-800.309	../data/english_spanish/dev/english/length-200/en.200.19
-212.096	../data/english_spanish/dev/english/length-50/en.50.00
-190.173	../data/english_spanish/dev/english/length-50/en.50.01
-198.238	../data/english_spanish/dev/english/length-50/en.50.02
-200.563	../data/english_spanish/dev/english/length-50/en.50.03
-212.692	../data/english_spanish/dev/english/length-50/en.50.04
-202.728	../data/english_spanish/dev/english/length-50/en.50.05
-201.37	../data/english_spanish/dev/english/length-50/en.50.06
-200.031	../data/english_spanish/dev/english/length-50/en.50.07
-183.848	../data/english_spanish/dev/english/length-50/en.50.08
-209.219	../data/english_spanish/dev/english/length-50/en.50.09
-205.133	../data/english_spanish/dev/english/length-50/en.50.10
-200.111	../data/english_spanish/dev/english/length-50/en.50.11
-200.514	../data/english_spanish/dev/english/length-50/en.50.12
-179.929	../data/english_spanish/dev/english/length-50/en.50.13
-204.934	../data/english_spanish/dev/english/length-50/en.50.14
-199.445	../data/english_spanish/dev/english/length-50/en.50.15
-215.69	../data/english_spanish/dev/english/length-50/en.50.16
-172.077	../data/english_spanish/dev/english/length-50/en.50.17
-202.665	../data/english_spanish/dev/english/length-50/en.50.18
-200.899	../data/english_spanish/dev/english/length-50/en.50.19
-1964.69	../data/english_spanish/dev/english/length-500/en.500.00
-1986.44	../data/english_spanish/dev/english/length-500/en.500.01
-1963.15	../data/english_spanish/dev/english/length-500/en.500.02
-1995.79	../data/english_spanish/dev/english/length-500/en.500.03
-2060.24	../data/english_spanish/dev/english/length-500/en.500.04
-1817.86	../data/english_spanish/dev/english/length-500/en.500.05
-2013.52	../data/english_spanish/dev/english/length-500/en.500.06
-2016.34	../data/english_spanish/dev/english/length-500/en.500.07
-1977.52	../data/english_spanish/dev/english/length-500/en.500.08
-2016.79	../data/english_spanish/dev/english/length-500/en.500.09
-1976.93	../data/english_spanish/dev/english/length-500/en.500.10
-2061.09	../data/english_spanish/dev/english/length-500/en.500.11
-1970.12	../data/english_spanish/dev/english/length-500/en.500.12
-1979.28	../data/english_spanish/dev/english/length-500/en.500.13
-2044.1	../data/english_spanish/dev/english/length-500/en.500.14
-1890.66	../data/english_spanish/dev/english/length-500/en.500.15
-2015.16	../data/english_spanish/dev/english/length-500/en.500.16
-1969.07	../data/english_spanish/dev/english/length-500/en.500.17
-1997.2	../data/english_spanish/dev/english/length-500/en.500.18
-2002.6	../data/english_spanish/dev/english/length-500/en.500.19
Overall cross-entropy:	5.71395 bits per token

============================================================
[Running] python fileprob.py sp_C0.5_d10.model ../data/english_spanish/dev/spanish/*/*
