INFO:probs:Read vocab of size 84 from vocab-ensp.txt
INFO:train_lm:Training...
INFO:probs:Start optimizing on {N} training tokens...
total 997
epoch 1: F = -3.8148417798
total 997
epoch 2: F = -3.5963190941
total 997
epoch 3: F = -3.5226211950
total 997
epoch 4: F = -3.4752037506
total 997
epoch 5: F = -3.4418812958
total 997
epoch 6: F = -3.4173628253
total 997
epoch 7: F = -3.3987085915
total 997
epoch 8: F = -3.3841159896
total 997
epoch 9: F = -3.3724179242
total 997
epoch 10: F = -3.3628312767
Finished training on 997 tokens
INFO:probs:done optimizing.
INFO:probs:Saving model to sp_C5_d10.model
INFO:probs:Saved model to sp_C5_d10.model
