INFO:probs:Read vocab of size 84 from vocab-ensp.txt
INFO:train_lm:Training...
INFO:probs:Start optimizing on {N} training tokens...
total 997
epoch 1: F = -4.0146051005
total 997
epoch 2: F = -3.8861940645
total 997
epoch 3: F = -3.8582204739
total 997
epoch 4: F = -3.8437840579
total 997
epoch 5: F = -3.8345267278
total 997
epoch 6: F = -3.8278696994
total 997
epoch 7: F = -3.8227719858
total 997
epoch 8: F = -3.8187162050
total 997
epoch 9: F = -3.8154031771
total 997
epoch 10: F = -3.8126418869
Finished training on 997 tokens
INFO:probs:done optimizing.
INFO:probs:Saving model to sp_C0.5_d50.model
INFO:probs:Saved model to sp_C0.5_d50.model
