INFO:probs:Read vocab of size 84 from vocab-ensp.txt
INFO:train_lm:Training...
INFO:probs:Start optimizing on {N} training tokens...
total 997
epoch 1: F = -4.5615203684
total 997
epoch 2: F = -4.5326187005
total 997
epoch 3: F = -4.5199710344
total 997
epoch 4: F = -4.5134269601
total 997
epoch 5: F = -4.5097705633
total 997
epoch 6: F = -4.5073963784
total 997
epoch 7: F = -4.5056999129
total 997
epoch 8: F = -4.5044250900
total 997
epoch 9: F = -4.5034322729
total 997
epoch 10: F = -4.5026373127
Finished training on 997 tokens
INFO:probs:done optimizing.
INFO:probs:Saving model to sp_C0.5_d200.model
INFO:probs:Saved model to sp_C0.5_d200.model
