INFO:probs:Read vocab of size 3439 from genspam-vocab.txt
INFO:train_lm:Training...
INFO:probs:Start optimizing on {N} training tokens...
INFO:probs:done optimizing.
INFO:probs:Saving model to spam_C0_d10.model
INFO:probs:Saved model to spam_C0_d10.model
total 23268
epoch 1: F = -84.1704209502
total 23268
epoch 2: F = -84.1704209502
total 23268
epoch 3: F = -84.1704209502
total 23268
epoch 4: F = -84.1704209502
total 23268
epoch 5: F = -84.1704209502
total 23268
epoch 6: F = -84.1704209502
total 23268
epoch 7: F = -84.1704209502
total 23268
epoch 8: F = -84.1704209502
total 23268
epoch 9: F = -84.1704209502
total 23268
epoch 10: F = -84.1704209502
Finished training on 23268 tokens
