INFO:probs:Read vocab of size 3439 from genspam-vocab.txt
INFO:train_lm:Training...
INFO:probs:Start optimizing on {N} training tokens...
total 23268
checkpoint at 10000
checkpoint at 20000
epoch 1: F = -71.0165724896
total 23268
checkpoint at 10000
checkpoint at 20000
epoch 2: F = -70.9475324726
total 23268
checkpoint at 10000
checkpoint at 20000
epoch 3: F = -71.5211816486
total 23268
checkpoint at 10000
checkpoint at 20000
epoch 4: F = -71.2121126456
total 23268
checkpoint at 10000
checkpoint at 20000
epoch 5: F = -71.0469173894
total 23268
checkpoint at 10000
checkpoint at 20000
epoch 6: F = -70.9894292967
total 23268
checkpoint at 10000
checkpoint at 20000
