INFO:probs:Read vocab of size 3439 from genspam-vocab.txt
INFO:train_lm:Training...
INFO:probs:Start optimizing on {N} training tokens...
total 23268
checkpoint at 10000
checkpoint at 20000
epoch 1: F = -66.9870118420
total 23268
checkpoint at 10000
checkpoint at 20000
epoch 2: F = -66.4049391308
total 23268
checkpoint at 10000
checkpoint at 20000
epoch 3: F = -67.0732431378
total 23268
checkpoint at 10000
checkpoint at 20000
epoch 4: F = -66.7425097774
total 23268
checkpoint at 10000
checkpoint at 20000
epoch 5: F = -67.1235632940
total 23268
checkpoint at 10000
checkpoint at 20000
epoch 6: F = -67.1411250186
total 23268
checkpoint at 10000
