INFO:probs:Read vocab of size 84 from vocab-ensp.txt
INFO:train_lm:Training...
INFO:probs:Start optimizing on {N} training tokens...
total 1027
epoch 1: F = -4.3814372273
total 1027
epoch 2: F = -4.2953566326
total 1027
epoch 3: F = -4.2254348628
total 1027
epoch 4: F = -4.1680424056
total 1027
epoch 5: F = -4.1204189237
total 1027
epoch 6: F = -4.0804729794
total 1027
epoch 7: F = -4.0466161870
total 1027
epoch 8: F = -4.0176345601
total 1027
epoch 9: F = -3.9925930539
total 1027
epoch 10: F = -3.9707648689
Finished training on 1027 tokens
INFO:probs:done optimizing.
INFO:probs:Saving model to en_C0.5_d10.model
INFO:probs:Saved model to en_C0.5_d10.model
