INFO:probs:Read vocab of size 84 from vocab-ensp.txt
INFO:train_lm:Training...
INFO:probs:Start optimizing on {N} training tokens...
total 1027
epoch 1: F = -4.3532635058
total 1027
epoch 2: F = -4.2358645692
total 1027
epoch 3: F = -4.1506182521
total 1027
epoch 4: F = -4.0847600781
total 1027
epoch 5: F = -4.0339482360
total 1027
epoch 6: F = -3.9948958343
total 1027
epoch 7: F = -3.9647283432
total 1027
epoch 8: F = -3.9410975367
total 1027
epoch 9: F = -3.9222352198
total 1027
epoch 10: F = -3.9068756106
Finished training on 1027 tokens
INFO:probs:done optimizing.
INFO:probs:Saving model to en_C0.5_d50.model
INFO:probs:Saved model to en_C0.5_d50.model
