INFO:probs:Read vocab of size 84 from vocab-ensp.txt
INFO:train_lm:Training...
INFO:probs:Start optimizing on {N} training tokens...
total 1027
epoch 1: F = -4.3814375426
total 1027
epoch 2: F = -4.2953586351
total 1027
epoch 3: F = -4.2254396098
total 1027
epoch 4: F = -4.1680505865
total 1027
epoch 5: F = -4.1204309508
total 1027
epoch 6: F = -4.0804890843
total 1027
epoch 7: F = -4.0466363400
total 1027
epoch 8: F = -4.0176588920
total 1027
epoch 9: F = -3.9926214773
total 1027
epoch 10: F = -3.9707974197
Finished training on 1027 tokens
INFO:probs:done optimizing.
INFO:probs:Saving model to en_C1_d10.model
INFO:probs:Saved model to en_C1_d10.model
