INFO:probs:Read vocab of size 84 from vocab-ensp.txt
INFO:train_lm:Training...
INFO:probs:Start optimizing on {N} training tokens...
total 1027
epoch 1: F = -4.3814400768
total 1027
epoch 2: F = -4.2953744408
total 1027
epoch 3: F = -4.2254774784
total 1027
epoch 4: F = -4.1681158292
total 1027
epoch 5: F = -4.1205266871
total 1027
epoch 6: F = -4.0806170940
total 1027
epoch 7: F = -4.0467974891
total 1027
epoch 8: F = -4.0178533334
total 1027
epoch 9: F = -3.9928491413
total 1027
epoch 10: F = -3.9710579206
Finished training on 1027 tokens
INFO:probs:done optimizing.
INFO:probs:Saving model to en_C5_d10.model
INFO:probs:Saved model to en_C5_d10.model
