==== Cross-Entropy Evaluation for Different d ====

[Running] python fileprob.py spam_C0.5_d10.model ../data/gen_spam/dev/spam/*
-84.9632	../data/gen_spam/dev/spam/spam.10.067.txt
-824.144	../data/gen_spam/dev/spam/spam.104.052.txt
-844.81	../data/gen_spam/dev/spam/spam.108.026.txt
-850.619	../data/gen_spam/dev/spam/spam.109.038.txt
-850.619	../data/gen_spam/dev/spam/spam.109.039.txt
-89.2651	../data/gen_spam/dev/spam/spam.11.071.txt
-914.416	../data/gen_spam/dev/spam/spam.115.023.txt
-9373.26	../data/gen_spam/dev/spam/spam.1158.048.txt
-9374.2	../data/gen_spam/dev/spam/spam.1158.049.txt
-920.608	../data/gen_spam/dev/spam/spam.116.047.txt
-965.312	../data/gen_spam/dev/spam/spam.117.016.txt
-924.156	../data/gen_spam/dev/spam/spam.118.051.txt
-971.785	../data/gen_spam/dev/spam/spam.120.063.txt
-970.439	../data/gen_spam/dev/spam/spam.124.082.txt
-970.439	../data/gen_spam/dev/spam/spam.124.088.txt
-983.732	../data/gen_spam/dev/spam/spam.125.090.txt
-990.117	../data/gen_spam/dev/spam/spam.129.034.txt
-1037.55	../data/gen_spam/dev/spam/spam.134.053.txt
-121.184	../data/gen_spam/dev/spam/spam.14.012.txt
-1164.8	../data/gen_spam/dev/spam/spam.149.076.txt
-1260.98	../data/gen_spam/dev/spam/spam.159.080.txt
-132.178	../data/gen_spam/dev/spam/spam.16.019.txt
-1236.96	../data/gen_spam/dev/spam/spam.160.045.txt
-1289.14	../data/gen_spam/dev/spam/spam.161.028.txt
-1260.67	../data/gen_spam/dev/spam/spam.164.017.txt
-1316.59	../data/gen_spam/dev/spam/spam.164.084.txt
-1265.62	../data/gen_spam/dev/spam/spam.165.040.txt
-1278.66	../data/gen_spam/dev/spam/spam.166.060.txt
-1406.41	../data/gen_spam/dev/spam/spam.175.058.txt
-1393.1	../data/gen_spam/dev/spam/spam.178.064.txt
-140.113	../data/gen_spam/dev/spam/spam.18.007.txt
-1435.91	../data/gen_spam/dev/spam/spam.180.062.txt
-1438.74	../data/gen_spam/dev/spam/spam.180.072.txt
-1493.73	../data/gen_spam/dev/spam/spam.183.078.txt
-1522.24	../data/gen_spam/dev/spam/spam.193.070.txt
-1565.42	../data/gen_spam/dev/spam/spam.195.022.txt
-1845.66	../data/gen_spam/dev/spam/spam.198.068.txt
-1856.14	../data/gen_spam/dev/spam/spam.199.075.txt
-155.204	../data/gen_spam/dev/spam/spam.20.009.txt
-1562.72	../data/gen_spam/dev/spam/spam.200.035.txt
-1841.6	../data/gen_spam/dev/spam/spam.201.073.txt
-1632.39	../data/gen_spam/dev/spam/spam.203.069.txt
-1618.66	../data/gen_spam/dev/spam/spam.209.046.txt
-1664.9	../data/gen_spam/dev/spam/spam.214.010.txt
-1817.94	../data/gen_spam/dev/spam/spam.219.018.txt
-1753.59	../data/gen_spam/dev/spam/spam.220.041.txt
-1751.38	../data/gen_spam/dev/spam/spam.220.042.txt
-18052.1	../data/gen_spam/dev/spam/spam.2262.037.txt
-172.228	../data/gen_spam/dev/spam/spam.23.079.txt
-1922.64	../data/gen_spam/dev/spam/spam.239.059.txt
-1989.61	../data/gen_spam/dev/spam/spam.253.089.txt
-2095.23	../data/gen_spam/dev/spam/spam.257.020.txt
-2242.25	../data/gen_spam/dev/spam/spam.272.044.txt
-2244.11	../data/gen_spam/dev/spam/spam.280.085.txt
-2255.08	../data/gen_spam/dev/spam/spam.286.029.txt
-2325.79	../data/gen_spam/dev/spam/spam.293.031.txt
-2324.59	../data/gen_spam/dev/spam/spam.293.033.txt
-2361.99	../data/gen_spam/dev/spam/spam.305.024.txt
-2661.88	../data/gen_spam/dev/spam/spam.325.065.txt
-285.989	../data/gen_spam/dev/spam/spam.35.077.txt
-289.3	../data/gen_spam/dev/spam/spam.36.083.txt
-2870.28	../data/gen_spam/dev/spam/spam.364.013.txt
-3026.1	../data/gen_spam/dev/spam/spam.371.002.txt
-32994.5	../data/gen_spam/dev/spam/spam.4063.061.txt
-36433.8	../data/gen_spam/dev/spam/spam.4516.043.txt
-3747.06	../data/gen_spam/dev/spam/spam.457.054.txt
-37641.9	../data/gen_spam/dev/spam/spam.4635.005.txt
-4044.04	../data/gen_spam/dev/spam/spam.481.066.txt
-36.45	../data/gen_spam/dev/spam/spam.5.004.txt
-36.45	../data/gen_spam/dev/spam/spam.5.008.txt
-41.4797	../data/gen_spam/dev/spam/spam.5.030.txt
-431.577	../data/gen_spam/dev/spam/spam.52.032.txt
-453.393	../data/gen_spam/dev/spam/spam.55.006.txt
-4780.69	../data/gen_spam/dev/spam/spam.587.014.txt
-533.442	../data/gen_spam/dev/spam/spam.62.021.txt
-5040.95	../data/gen_spam/dev/spam/spam.621.001.txt
-573.11	../data/gen_spam/dev/spam/spam.69.050.txt
-595.611	../data/gen_spam/dev/spam/spam.73.003.txt
-633.593	../data/gen_spam/dev/spam/spam.78.025.txt
-68.3251	../data/gen_spam/dev/spam/spam.8.081.txt
-627.938	../data/gen_spam/dev/spam/spam.80.011.txt
-659.241	../data/gen_spam/dev/spam/spam.81.087.txt
-60882.3	../data/gen_spam/dev/spam/spam.8185.074.txt
-726.423	../data/gen_spam/dev/spam/spam.87.055.txt
-671.286	../data/gen_spam/dev/spam/spam.89.057.txt
-71.9578	../data/gen_spam/dev/spam/spam.9.086.txt
-741.266	../data/gen_spam/dev/spam/spam.91.036.txt
-706.556	../data/gen_spam/dev/spam/spam.92.015.txt
-749.43	../data/gen_spam/dev/spam/spam.94.056.txt
-772.177	../data/gen_spam/dev/spam/spam.98.027.txt
Overall cross-entropy:	11.43110 bits per token, total tokens: 39374

============================================================
[Running] python fileprob.py spam_C0.5_d50.model ../data/gen_spam/dev/spam/*
-106.627	../data/gen_spam/dev/spam/spam.10.067.txt
-992.979	../data/gen_spam/dev/spam/spam.104.052.txt
-1030.41	../data/gen_spam/dev/spam/spam.108.026.txt
-1086.32	../data/gen_spam/dev/spam/spam.109.038.txt
-1086.32	../data/gen_spam/dev/spam/spam.109.039.txt
-93.4622	../data/gen_spam/dev/spam/spam.11.071.txt
-1067.01	../data/gen_spam/dev/spam/spam.115.023.txt
-11556.7	../data/gen_spam/dev/spam/spam.1158.048.txt
-11556.4	../data/gen_spam/dev/spam/spam.1158.049.txt
-1104	../data/gen_spam/dev/spam/spam.116.047.txt
-1280.08	../data/gen_spam/dev/spam/spam.117.016.txt
-1189.43	../data/gen_spam/dev/spam/spam.118.051.txt
-1255.15	../data/gen_spam/dev/spam/spam.120.063.txt
-1173.69	../data/gen_spam/dev/spam/spam.124.082.txt
-1173.69	../data/gen_spam/dev/spam/spam.124.088.txt
-1264.82	../data/gen_spam/dev/spam/spam.125.090.txt
-1359.81	../data/gen_spam/dev/spam/spam.129.034.txt
-1219.39	../data/gen_spam/dev/spam/spam.134.053.txt
-149.629	../data/gen_spam/dev/spam/spam.14.012.txt
-1494.95	../data/gen_spam/dev/spam/spam.149.076.txt
-1921.53	../data/gen_spam/dev/spam/spam.159.080.txt
-180.835	../data/gen_spam/dev/spam/spam.16.019.txt
-1514.25	../data/gen_spam/dev/spam/spam.160.045.txt
-1599.23	../data/gen_spam/dev/spam/spam.161.028.txt
-1634.72	../data/gen_spam/dev/spam/spam.164.017.txt
-1821.34	../data/gen_spam/dev/spam/spam.164.084.txt
-1600.91	../data/gen_spam/dev/spam/spam.165.040.txt
-1632.96	../data/gen_spam/dev/spam/spam.166.060.txt
-1792.53	../data/gen_spam/dev/spam/spam.175.058.txt
-1859.58	../data/gen_spam/dev/spam/spam.178.064.txt
-212.717	../data/gen_spam/dev/spam/spam.18.007.txt
-1855.2	../data/gen_spam/dev/spam/spam.180.062.txt
-1843.53	../data/gen_spam/dev/spam/spam.180.072.txt
-1943.39	../data/gen_spam/dev/spam/spam.183.078.txt
-2115.96	../data/gen_spam/dev/spam/spam.193.070.txt
-2273.41	../data/gen_spam/dev/spam/spam.195.022.txt
-2755.25	../data/gen_spam/dev/spam/spam.198.068.txt
-2775.16	../data/gen_spam/dev/spam/spam.199.075.txt
-183.999	../data/gen_spam/dev/spam/spam.20.009.txt
-2194.38	../data/gen_spam/dev/spam/spam.200.035.txt
-2754.54	../data/gen_spam/dev/spam/spam.201.073.txt
-2103.87	../data/gen_spam/dev/spam/spam.203.069.txt
-2022.98	../data/gen_spam/dev/spam/spam.209.046.txt
-2153.66	../data/gen_spam/dev/spam/spam.214.010.txt
-2627.46	../data/gen_spam/dev/spam/spam.219.018.txt
-2162.21	../data/gen_spam/dev/spam/spam.220.041.txt
-2156.99	../data/gen_spam/dev/spam/spam.220.042.txt
-25508.8	../data/gen_spam/dev/spam/spam.2262.037.txt
-220.695	../data/gen_spam/dev/spam/spam.23.079.txt
-2718.9	../data/gen_spam/dev/spam/spam.239.059.txt
-2639.49	../data/gen_spam/dev/spam/spam.253.089.txt
-2551	../data/gen_spam/dev/spam/spam.257.020.txt
-2941.42	../data/gen_spam/dev/spam/spam.272.044.txt
-2946.02	../data/gen_spam/dev/spam/spam.280.085.txt
-2984.95	../data/gen_spam/dev/spam/spam.286.029.txt
-2869.98	../data/gen_spam/dev/spam/spam.293.031.txt
-2867.12	../data/gen_spam/dev/spam/spam.293.033.txt
-3343.64	../data/gen_spam/dev/spam/spam.305.024.txt
-3385.38	../data/gen_spam/dev/spam/spam.325.065.txt
-309.414	../data/gen_spam/dev/spam/spam.35.077.txt
-405.623	../data/gen_spam/dev/spam/spam.36.083.txt
-3765.26	../data/gen_spam/dev/spam/spam.364.013.txt
-3727.27	../data/gen_spam/dev/spam/spam.371.002.txt
-46285.7	../data/gen_spam/dev/spam/spam.4063.061.txt
-44485.4	../data/gen_spam/dev/spam/spam.4516.043.txt
-4660.58	../data/gen_spam/dev/spam/spam.457.054.txt
-51805.3	../data/gen_spam/dev/spam/spam.4635.005.txt
-4886.87	../data/gen_spam/dev/spam/spam.481.066.txt
-29.3582	../data/gen_spam/dev/spam/spam.5.004.txt
-29.3582	../data/gen_spam/dev/spam/spam.5.008.txt
-38.9316	../data/gen_spam/dev/spam/spam.5.030.txt
-538.583	../data/gen_spam/dev/spam/spam.52.032.txt
-720.609	../data/gen_spam/dev/spam/spam.55.006.txt
-5935.31	../data/gen_spam/dev/spam/spam.587.014.txt
-741.352	../data/gen_spam/dev/spam/spam.62.021.txt
-6416.37	../data/gen_spam/dev/spam/spam.621.001.txt
-720.307	../data/gen_spam/dev/spam/spam.69.050.txt
-853.475	../data/gen_spam/dev/spam/spam.73.003.txt
-882.86	../data/gen_spam/dev/spam/spam.78.025.txt
-75.843	../data/gen_spam/dev/spam/spam.8.081.txt
-833.299	../data/gen_spam/dev/spam/spam.80.011.txt
-1121.09	../data/gen_spam/dev/spam/spam.81.087.txt
-71515.2	../data/gen_spam/dev/spam/spam.8185.074.txt
-934.9	../data/gen_spam/dev/spam/spam.87.055.txt
-881.795	../data/gen_spam/dev/spam/spam.89.057.txt
-66.9263	../data/gen_spam/dev/spam/spam.9.086.txt
-991.947	../data/gen_spam/dev/spam/spam.91.036.txt
-829.758	../data/gen_spam/dev/spam/spam.92.015.txt
-1018.91	../data/gen_spam/dev/spam/spam.94.056.txt
-1045.12	../data/gen_spam/dev/spam/spam.98.027.txt
Overall cross-entropy:	14.74659 bits per token, total tokens: 39374

============================================================
[Running] python fileprob.py spam_C0.5_d200.model ../data/gen_spam/dev/spam/*
-3316.21	../data/gen_spam/dev/spam/spam.10.067.txt
-28494.2	../data/gen_spam/dev/spam/spam.104.052.txt
-27946	../data/gen_spam/dev/spam/spam.108.026.txt
-29100.5	../data/gen_spam/dev/spam/spam.109.038.txt
-29100.5	../data/gen_spam/dev/spam/spam.109.039.txt
-2865.98	../data/gen_spam/dev/spam/spam.11.071.txt
-24767.2	../data/gen_spam/dev/spam/spam.115.023.txt
-300976	../data/gen_spam/dev/spam/spam.1158.048.txt
-301097	../data/gen_spam/dev/spam/spam.1158.049.txt
-26999.9	../data/gen_spam/dev/spam/spam.116.047.txt
-29144.3	../data/gen_spam/dev/spam/spam.117.016.txt
-33623	../data/gen_spam/dev/spam/spam.118.051.txt
-14423	../data/gen_spam/dev/spam/spam.120.063.txt
-26256.7	../data/gen_spam/dev/spam/spam.124.082.txt
-26256.7	../data/gen_spam/dev/spam/spam.124.088.txt
-28727.2	../data/gen_spam/dev/spam/spam.125.090.txt
-38960	../data/gen_spam/dev/spam/spam.129.034.txt
-24255.8	../data/gen_spam/dev/spam/spam.134.053.txt
-3201.69	../data/gen_spam/dev/spam/spam.14.012.txt
-38083.1	../data/gen_spam/dev/spam/spam.149.076.txt
-30590.4	../data/gen_spam/dev/spam/spam.159.080.txt
-5715.97	../data/gen_spam/dev/spam/spam.16.019.txt
-34548	../data/gen_spam/dev/spam/spam.160.045.txt
-45866.6	../data/gen_spam/dev/spam/spam.161.028.txt
-44327.6	../data/gen_spam/dev/spam/spam.164.017.txt
-50832.9	../data/gen_spam/dev/spam/spam.164.084.txt
-38244.5	../data/gen_spam/dev/spam/spam.165.040.txt
-39659	../data/gen_spam/dev/spam/spam.166.060.txt
-48713.7	../data/gen_spam/dev/spam/spam.175.058.txt
-49623.5	../data/gen_spam/dev/spam/spam.178.064.txt
-5186.5	../data/gen_spam/dev/spam/spam.18.007.txt
-60688.8	../data/gen_spam/dev/spam/spam.180.062.txt
-60902.1	../data/gen_spam/dev/spam/spam.180.072.txt
-54437.6	../data/gen_spam/dev/spam/spam.183.078.txt
-59581.6	../data/gen_spam/dev/spam/spam.193.070.txt
-58038.2	../data/gen_spam/dev/spam/spam.195.022.txt
-13705.8	../data/gen_spam/dev/spam/spam.198.068.txt
-13337.8	../data/gen_spam/dev/spam/spam.199.075.txt
-3861.15	../data/gen_spam/dev/spam/spam.20.009.txt
-51257.1	../data/gen_spam/dev/spam/spam.200.035.txt
-14458.6	../data/gen_spam/dev/spam/spam.201.073.txt
-59921.9	../data/gen_spam/dev/spam/spam.203.069.txt
-50647.6	../data/gen_spam/dev/spam/spam.209.046.txt
-58600.8	../data/gen_spam/dev/spam/spam.214.010.txt
-56457.9	../data/gen_spam/dev/spam/spam.219.018.txt
-50894.2	../data/gen_spam/dev/spam/spam.220.041.txt
-50500.4	../data/gen_spam/dev/spam/spam.220.042.txt
-728419	../data/gen_spam/dev/spam/spam.2262.037.txt
-5993.89	../data/gen_spam/dev/spam/spam.23.079.txt
-71165.3	../data/gen_spam/dev/spam/spam.239.059.txt
-61357.1	../data/gen_spam/dev/spam/spam.253.089.txt
-67866.2	../data/gen_spam/dev/spam/spam.257.020.txt
-82290.1	../data/gen_spam/dev/spam/spam.272.044.txt
-83858.8	../data/gen_spam/dev/spam/spam.280.085.txt
-74256.2	../data/gen_spam/dev/spam/spam.286.029.txt
-81184.8	../data/gen_spam/dev/spam/spam.293.031.txt
-81076.8	../data/gen_spam/dev/spam/spam.293.033.txt
-73717.9	../data/gen_spam/dev/spam/spam.305.024.txt
-96284.9	../data/gen_spam/dev/spam/spam.325.065.txt
-7201.49	../data/gen_spam/dev/spam/spam.35.077.txt
-11045.7	../data/gen_spam/dev/spam/spam.36.083.txt
-112687	../data/gen_spam/dev/spam/spam.364.013.txt
-96064	../data/gen_spam/dev/spam/spam.371.002.txt
-1.31108e+06	../data/gen_spam/dev/spam/spam.4063.061.txt
-1.09436e+06	../data/gen_spam/dev/spam/spam.4516.043.txt
-127635	../data/gen_spam/dev/spam/spam.457.054.txt
-1.47624e+06	../data/gen_spam/dev/spam/spam.4635.005.txt
-119952	../data/gen_spam/dev/spam/spam.481.066.txt
-118.801	../data/gen_spam/dev/spam/spam.5.004.txt
-118.801	../data/gen_spam/dev/spam/spam.5.008.txt
-704.751	../data/gen_spam/dev/spam/spam.5.030.txt
-17810.7	../data/gen_spam/dev/spam/spam.52.032.txt
-25810.3	../data/gen_spam/dev/spam/spam.55.006.txt
-139388	../data/gen_spam/dev/spam/spam.587.014.txt
-24557.3	../data/gen_spam/dev/spam/spam.62.021.txt
-170636	../data/gen_spam/dev/spam/spam.621.001.txt
-19740.5	../data/gen_spam/dev/spam/spam.69.050.txt
-29685.5	../data/gen_spam/dev/spam/spam.73.003.txt
-25131.3	../data/gen_spam/dev/spam/spam.78.025.txt
-1300.45	../data/gen_spam/dev/spam/spam.8.081.txt
-19468.8	../data/gen_spam/dev/spam/spam.80.011.txt
-24140	../data/gen_spam/dev/spam/spam.81.087.txt
-1.29191e+06	../data/gen_spam/dev/spam/spam.8185.074.txt
-24875.9	../data/gen_spam/dev/spam/spam.87.055.txt
-16678.6	../data/gen_spam/dev/spam/spam.89.057.txt
-1057.42	../data/gen_spam/dev/spam/spam.9.086.txt
-34632.1	../data/gen_spam/dev/spam/spam.91.036.txt
-23595.8	../data/gen_spam/dev/spam/spam.92.015.txt
-27824.6	../data/gen_spam/dev/spam/spam.94.056.txt
-29852	../data/gen_spam/dev/spam/spam.98.027.txt
Overall cross-entropy:	364.97795 bits per token, total tokens: 39374

============================================================
