==== Gen/Spam Cross-Entropy Evaluation ====


[Running] python fileprob.py gen_C0_d10.model ../data/gen_spam/dev/gen/*
-80.6627	../data/gen_spam/dev/gen/gen.10.158.txt
-762.749	../data/gen_spam/dev/gen/gen.101.156.txt
-8068.96	../data/gen_spam/dev/gen/gen.1026.098.txt
-7870.13	../data/gen_spam/dev/gen/gen.1050.064.txt
-824.695	../data/gen_spam/dev/gen/gen.106.120.txt
-8809.65	../data/gen_spam/dev/gen/gen.1071.116.txt
-824.34	../data/gen_spam/dev/gen/gen.111.119.txt
-840.659	../data/gen_spam/dev/gen/gen.113.142.txt
-867.504	../data/gen_spam/dev/gen/gen.115.040.txt
-836.022	../data/gen_spam/dev/gen/gen.115.169.txt
-805.69	../data/gen_spam/dev/gen/gen.116.154.txt
-9435.73	../data/gen_spam/dev/gen/gen.1165.139.txt
-898.91	../data/gen_spam/dev/gen/gen.118.029.txt
-8948.25	../data/gen_spam/dev/gen/gen.1208.180.txt
-9677.79	../data/gen_spam/dev/gen/gen.1209.083.txt
-893.538	../data/gen_spam/dev/gen/gen.121.009.txt
-926.989	../data/gen_spam/dev/gen/gen.121.175.txt
-914.121	../data/gen_spam/dev/gen/gen.124.007.txt
-955.875	../data/gen_spam/dev/gen/gen.128.099.txt
-992.916	../data/gen_spam/dev/gen/gen.128.167.txt
-964.707	../data/gen_spam/dev/gen/gen.129.166.txt
-9618.24	../data/gen_spam/dev/gen/gen.1290.117.txt
-982.275	../data/gen_spam/dev/gen/gen.130.030.txt
-947.697	../data/gen_spam/dev/gen/gen.131.110.txt
-969.039	../data/gen_spam/dev/gen/gen.132.001.txt
-969.156	../data/gen_spam/dev/gen/gen.135.019.txt
-10831.5	../data/gen_spam/dev/gen/gen.1355.129.txt
-11266.9	../data/gen_spam/dev/gen/gen.1388.063.txt
-1033.75	../data/gen_spam/dev/gen/gen.141.071.txt
-1102.84	../data/gen_spam/dev/gen/gen.142.159.txt
-1050.47	../data/gen_spam/dev/gen/gen.147.021.txt
-1141.25	../data/gen_spam/dev/gen/gen.147.045.txt
-1065.58	../data/gen_spam/dev/gen/gen.147.077.txt
-1129.44	../data/gen_spam/dev/gen/gen.152.126.txt
-1165.44	../data/gen_spam/dev/gen/gen.153.125.txt
-1227.08	../data/gen_spam/dev/gen/gen.154.149.txt
-1258.74	../data/gen_spam/dev/gen/gen.159.069.txt
-113.683	../data/gen_spam/dev/gen/gen.16.157.txt
-1169.66	../data/gen_spam/dev/gen/gen.160.097.txt
-1264.86	../data/gen_spam/dev/gen/gen.161.150.txt
-1128.71	../data/gen_spam/dev/gen/gen.163.141.txt
-1352.6	../data/gen_spam/dev/gen/gen.168.144.txt
-1288.51	../data/gen_spam/dev/gen/gen.168.152.txt
-1292.08	../data/gen_spam/dev/gen/gen.170.086.txt
-13546.1	../data/gen_spam/dev/gen/gen.1715.005.txt
-1319.09	../data/gen_spam/dev/gen/gen.173.132.txt
-1333.91	../data/gen_spam/dev/gen/gen.174.067.txt
-1339.61	../data/gen_spam/dev/gen/gen.178.073.txt
-1265.8	../data/gen_spam/dev/gen/gen.181.078.txt
-1401.76	../data/gen_spam/dev/gen/gen.187.173.txt
-1315.58	../data/gen_spam/dev/gen/gen.190.155.txt
-1456.21	../data/gen_spam/dev/gen/gen.195.065.txt
-1534.61	../data/gen_spam/dev/gen/gen.197.174.txt
-146.302	../data/gen_spam/dev/gen/gen.20.059.txt
-146.09	../data/gen_spam/dev/gen/gen.21.179.txt
-1691.22	../data/gen_spam/dev/gen/gen.211.094.txt
-1627.51	../data/gen_spam/dev/gen/gen.218.049.txt
-162.341	../data/gen_spam/dev/gen/gen.22.022.txt
-1624.25	../data/gen_spam/dev/gen/gen.221.053.txt
-1695.22	../data/gen_spam/dev/gen/gen.222.089.txt
-1679.77	../data/gen_spam/dev/gen/gen.230.024.txt
-1803.48	../data/gen_spam/dev/gen/gen.231.140.txt
-1784.65	../data/gen_spam/dev/gen/gen.234.151.txt
-1893.96	../data/gen_spam/dev/gen/gen.236.095.txt
-1835.85	../data/gen_spam/dev/gen/gen.236.137.txt
-184.445	../data/gen_spam/dev/gen/gen.24.010.txt
-174.841	../data/gen_spam/dev/gen/gen.24.042.txt
-184.743	../data/gen_spam/dev/gen/gen.24.090.txt
-1959.49	../data/gen_spam/dev/gen/gen.240.172.txt
-180.482	../data/gen_spam/dev/gen/gen.25.011.txt
-2000.19	../data/gen_spam/dev/gen/gen.257.122.txt
-2159.52	../data/gen_spam/dev/gen/gen.266.054.txt
-2036.63	../data/gen_spam/dev/gen/gen.266.130.txt
-2011.46	../data/gen_spam/dev/gen/gen.267.026.txt
-2091.62	../data/gen_spam/dev/gen/gen.268.020.txt
-2130.66	../data/gen_spam/dev/gen/gen.268.038.txt
-205.418	../data/gen_spam/dev/gen/gen.27.025.txt
-212.038	../data/gen_spam/dev/gen/gen.27.047.txt
-2156.5	../data/gen_spam/dev/gen/gen.275.133.txt
-2063.9	../data/gen_spam/dev/gen/gen.276.102.txt
-203.261	../data/gen_spam/dev/gen/gen.28.072.txt
-2024.56	../data/gen_spam/dev/gen/gen.280.013.txt
-2181.6	../data/gen_spam/dev/gen/gen.283.105.txt
-2088.35	../data/gen_spam/dev/gen/gen.283.170.txt
-221.798	../data/gen_spam/dev/gen/gen.29.018.txt
-2214.67	../data/gen_spam/dev/gen/gen.290.035.txt
-2202.44	../data/gen_spam/dev/gen/gen.299.092.txt
-218.818	../data/gen_spam/dev/gen/gen.30.176.txt
-2406.34	../data/gen_spam/dev/gen/gen.300.074.txt
-2358.53	../data/gen_spam/dev/gen/gen.302.039.txt
-2295.33	../data/gen_spam/dev/gen/gen.302.168.txt
-2349.83	../data/gen_spam/dev/gen/gen.305.034.txt
-2321.28	../data/gen_spam/dev/gen/gen.316.052.txt
-2464.66	../data/gen_spam/dev/gen/gen.320.147.txt
-2613.3	../data/gen_spam/dev/gen/gen.322.100.txt
-2497.39	../data/gen_spam/dev/gen/gen.327.112.txt
-2467.56	../data/gen_spam/dev/gen/gen.328.145.txt
-236.609	../data/gen_spam/dev/gen/gen.33.060.txt
-2553.27	../data/gen_spam/dev/gen/gen.331.017.txt
-2607.19	../data/gen_spam/dev/gen/gen.331.177.txt
-233.7	../data/gen_spam/dev/gen/gen.34.032.txt
-2641.89	../data/gen_spam/dev/gen/gen.340.046.txt
-2711.6	../data/gen_spam/dev/gen/gen.345.015.txt
-2538.54	../data/gen_spam/dev/gen/gen.345.023.txt
-268.096	../data/gen_spam/dev/gen/gen.35.084.txt
-243.493	../data/gen_spam/dev/gen/gen.35.118.txt
-2858.51	../data/gen_spam/dev/gen/gen.354.057.txt
-2850.25	../data/gen_spam/dev/gen/gen.363.036.txt
-2788.76	../data/gen_spam/dev/gen/gen.368.106.txt
-270.994	../data/gen_spam/dev/gen/gen.37.062.txt
-2962.31	../data/gen_spam/dev/gen/gen.371.123.txt
-300.048	../data/gen_spam/dev/gen/gen.38.161.txt
-310.637	../data/gen_spam/dev/gen/gen.39.051.txt
-309.764	../data/gen_spam/dev/gen/gen.40.162.txt
-3218.52	../data/gen_spam/dev/gen/gen.404.016.txt
-3458.76	../data/gen_spam/dev/gen/gen.433.101.txt
-300.648	../data/gen_spam/dev/gen/gen.44.160.txt
-3490	../data/gen_spam/dev/gen/gen.445.080.txt
-3425.2	../data/gen_spam/dev/gen/gen.447.031.txt
-3423.79	../data/gen_spam/dev/gen/gen.448.111.txt
-3429.18	../data/gen_spam/dev/gen/gen.449.056.txt
-355.574	../data/gen_spam/dev/gen/gen.45.075.txt
-3453.33	../data/gen_spam/dev/gen/gen.451.163.txt
-382.958	../data/gen_spam/dev/gen/gen.47.070.txt
-338.166	../data/gen_spam/dev/gen/gen.47.178.txt
-3579.58	../data/gen_spam/dev/gen/gen.471.027.txt
-354.438	../data/gen_spam/dev/gen/gen.48.165.txt
-3867.15	../data/gen_spam/dev/gen/gen.492.121.txt
-359.956	../data/gen_spam/dev/gen/gen.50.004.txt
-342.582	../data/gen_spam/dev/gen/gen.50.033.txt
-380.867	../data/gen_spam/dev/gen/gen.51.146.txt
-4163.42	../data/gen_spam/dev/gen/gen.526.028.txt
-4169.15	../data/gen_spam/dev/gen/gen.532.148.txt
-4316.78	../data/gen_spam/dev/gen/gen.551.044.txt
-444.365	../data/gen_spam/dev/gen/gen.56.103.txt
-445.099	../data/gen_spam/dev/gen/gen.57.043.txt
-4468.06	../data/gen_spam/dev/gen/gen.571.003.txt
-428.395	../data/gen_spam/dev/gen/gen.59.138.txt
-441.434	../data/gen_spam/dev/gen/gen.60.109.txt
-436.595	../data/gen_spam/dev/gen/gen.60.114.txt
-411.258	../data/gen_spam/dev/gen/gen.60.136.txt
-468.105	../data/gen_spam/dev/gen/gen.63.107.txt
-490.884	../data/gen_spam/dev/gen/gen.64.153.txt
-5206.8	../data/gen_spam/dev/gen/gen.643.127.txt
-501.052	../data/gen_spam/dev/gen/gen.65.096.txt
-5130.95	../data/gen_spam/dev/gen/gen.654.079.txt
-498.009	../data/gen_spam/dev/gen/gen.66.082.txt
-458.99	../data/gen_spam/dev/gen/gen.66.091.txt
-483.5	../data/gen_spam/dev/gen/gen.66.143.txt
-5333.3	../data/gen_spam/dev/gen/gen.660.055.txt
-4923.91	../data/gen_spam/dev/gen/gen.660.088.txt
-5239.65	../data/gen_spam/dev/gen/gen.680.164.txt
-560.534	../data/gen_spam/dev/gen/gen.69.124.txt
-514.049	../data/gen_spam/dev/gen/gen.70.037.txt
-5299.14	../data/gen_spam/dev/gen/gen.700.048.txt
-485.126	../data/gen_spam/dev/gen/gen.71.041.txt
-5575.01	../data/gen_spam/dev/gen/gen.713.014.txt
-514.356	../data/gen_spam/dev/gen/gen.72.058.txt
-581.146	../data/gen_spam/dev/gen/gen.76.081.txt
-570.262	../data/gen_spam/dev/gen/gen.76.104.txt
-5922.16	../data/gen_spam/dev/gen/gen.766.115.txt
-601.635	../data/gen_spam/dev/gen/gen.78.008.txt
-597.891	../data/gen_spam/dev/gen/gen.80.066.txt
-6413.06	../data/gen_spam/dev/gen/gen.833.108.txt
-660.905	../data/gen_spam/dev/gen/gen.86.087.txt
-663.341	../data/gen_spam/dev/gen/gen.86.131.txt
-7018.42	../data/gen_spam/dev/gen/gen.872.002.txt
-72.1136	../data/gen_spam/dev/gen/gen.9.076.txt
-662.684	../data/gen_spam/dev/gen/gen.90.085.txt
-634.824	../data/gen_spam/dev/gen/gen.92.135.txt
-673.949	../data/gen_spam/dev/gen/gen.93.134.txt
-718.898	../data/gen_spam/dev/gen/gen.94.113.txt
-732.02	../data/gen_spam/dev/gen/gen.95.050.txt
-676.212	../data/gen_spam/dev/gen/gen.95.128.txt
-7432.62	../data/gen_spam/dev/gen/gen.953.012.txt
-761.192	../data/gen_spam/dev/gen/gen.96.068.txt
-692.459	../data/gen_spam/dev/gen/gen.96.093.txt
-695.772	../data/gen_spam/dev/gen/gen.97.171.txt
-708.009	../data/gen_spam/dev/gen/gen.98.006.txt
-702.946	../data/gen_spam/dev/gen/gen.98.061.txt
Overall cross-entropy:	11.10847 bits per token, total tokens: 48378

============================================================

[Running] python fileprob.py spam_C0_d10.model ../data/gen_spam/dev/spam/*
-86.9265	../data/gen_spam/dev/spam/spam.10.067.txt
-809.031	../data/gen_spam/dev/spam/spam.104.052.txt
-832.314	../data/gen_spam/dev/spam/spam.108.026.txt
-823.801	../data/gen_spam/dev/spam/spam.109.038.txt
-823.801	../data/gen_spam/dev/spam/spam.109.039.txt
-84.1715	../data/gen_spam/dev/spam/spam.11.071.txt
-909.379	../data/gen_spam/dev/spam/spam.115.023.txt
-9190.34	../data/gen_spam/dev/spam/spam.1158.048.txt
-9198.39	../data/gen_spam/dev/spam/spam.1158.049.txt
-914.696	../data/gen_spam/dev/spam/spam.116.047.txt
-920.85	../data/gen_spam/dev/spam/spam.117.016.txt
-909.134	../data/gen_spam/dev/spam/spam.118.051.txt
-937.062	../data/gen_spam/dev/spam/spam.120.063.txt
-892.913	../data/gen_spam/dev/spam/spam.124.082.txt
-892.913	../data/gen_spam/dev/spam/spam.124.088.txt
-910.271	../data/gen_spam/dev/spam/spam.125.090.txt
-916.929	../data/gen_spam/dev/spam/spam.129.034.txt
-1053.41	../data/gen_spam/dev/spam/spam.134.053.txt
-113.395	../data/gen_spam/dev/spam/spam.14.012.txt
-1098.52	../data/gen_spam/dev/spam/spam.149.076.txt
-1169.01	../data/gen_spam/dev/spam/spam.159.080.txt
-120.227	../data/gen_spam/dev/spam/spam.16.019.txt
-1136.45	../data/gen_spam/dev/spam/spam.160.045.txt
-1276.23	../data/gen_spam/dev/spam/spam.161.028.txt
-1227.88	../data/gen_spam/dev/spam/spam.164.017.txt
-1280.92	../data/gen_spam/dev/spam/spam.164.084.txt
-1229.49	../data/gen_spam/dev/spam/spam.165.040.txt
-1240.08	../data/gen_spam/dev/spam/spam.166.060.txt
-1381.09	../data/gen_spam/dev/spam/spam.175.058.txt
-1337.59	../data/gen_spam/dev/spam/spam.178.064.txt
-132.97	../data/gen_spam/dev/spam/spam.18.007.txt
-1382.49	../data/gen_spam/dev/spam/spam.180.062.txt
-1395.34	../data/gen_spam/dev/spam/spam.180.072.txt
-1456.38	../data/gen_spam/dev/spam/spam.183.078.txt
-1479.86	../data/gen_spam/dev/spam/spam.193.070.txt
-1528.5	../data/gen_spam/dev/spam/spam.195.022.txt
-1462.68	../data/gen_spam/dev/spam/spam.198.068.txt
-1472.16	../data/gen_spam/dev/spam/spam.199.075.txt
-159.422	../data/gen_spam/dev/spam/spam.20.009.txt
-1506.55	../data/gen_spam/dev/spam/spam.200.035.txt
-1459.93	../data/gen_spam/dev/spam/spam.201.073.txt
-1571.43	../data/gen_spam/dev/spam/spam.203.069.txt
-1605.5	../data/gen_spam/dev/spam/spam.209.046.txt
-1609.38	../data/gen_spam/dev/spam/spam.214.010.txt
-1655.13	../data/gen_spam/dev/spam/spam.219.018.txt
-1653.84	../data/gen_spam/dev/spam/spam.220.041.txt
-1653.02	../data/gen_spam/dev/spam/spam.220.042.txt
-17153.7	../data/gen_spam/dev/spam/spam.2262.037.txt
-165.848	../data/gen_spam/dev/spam/spam.23.079.txt
-1849.87	../data/gen_spam/dev/spam/spam.239.059.txt
-1871.63	../data/gen_spam/dev/spam/spam.253.089.txt
-2056.01	../data/gen_spam/dev/spam/spam.257.020.txt
-2171.27	../data/gen_spam/dev/spam/spam.272.044.txt
-2230.14	../data/gen_spam/dev/spam/spam.280.085.txt
-2208.73	../data/gen_spam/dev/spam/spam.286.029.txt
-2288.62	../data/gen_spam/dev/spam/spam.293.031.txt
-2290.42	../data/gen_spam/dev/spam/spam.293.033.txt
-2230.14	../data/gen_spam/dev/spam/spam.305.024.txt
-2566.72	../data/gen_spam/dev/spam/spam.325.065.txt
-285.392	../data/gen_spam/dev/spam/spam.35.077.txt
-281.683	../data/gen_spam/dev/spam/spam.36.083.txt
-2822.87	../data/gen_spam/dev/spam/spam.364.013.txt
-2931.62	../data/gen_spam/dev/spam/spam.371.002.txt
-31453.1	../data/gen_spam/dev/spam/spam.4063.061.txt
-35912.7	../data/gen_spam/dev/spam/spam.4516.043.txt
-3613.22	../data/gen_spam/dev/spam/spam.457.054.txt
-35704.5	../data/gen_spam/dev/spam/spam.4635.005.txt
-3850.04	../data/gen_spam/dev/spam/spam.481.066.txt
-42.8261	../data/gen_spam/dev/spam/spam.5.004.txt
-42.8261	../data/gen_spam/dev/spam/spam.5.008.txt
-46.6163	../data/gen_spam/dev/spam/spam.5.030.txt
-416.712	../data/gen_spam/dev/spam/spam.52.032.txt
-439.21	../data/gen_spam/dev/spam/spam.55.006.txt
-4671.8	../data/gen_spam/dev/spam/spam.587.014.txt
-505.249	../data/gen_spam/dev/spam/spam.62.021.txt
-4953.27	../data/gen_spam/dev/spam/spam.621.001.txt
-536.759	../data/gen_spam/dev/spam/spam.69.050.txt
-580.513	../data/gen_spam/dev/spam/spam.73.003.txt
-588.986	../data/gen_spam/dev/spam/spam.78.025.txt
-65.8269	../data/gen_spam/dev/spam/spam.8.081.txt
-584.787	../data/gen_spam/dev/spam/spam.80.011.txt
-601.102	../data/gen_spam/dev/spam/spam.81.087.txt
-61755.4	../data/gen_spam/dev/spam/spam.8185.074.txt
-677.725	../data/gen_spam/dev/spam/spam.87.055.txt
-664.645	../data/gen_spam/dev/spam/spam.89.057.txt
-77.891	../data/gen_spam/dev/spam/spam.9.086.txt
-688.185	../data/gen_spam/dev/spam/spam.91.036.txt
-692.38	../data/gen_spam/dev/spam/spam.92.015.txt
-724.073	../data/gen_spam/dev/spam/spam.94.056.txt
-762.27	../data/gen_spam/dev/spam/spam.98.027.txt
Overall cross-entropy:	11.10067 bits per token, total tokens: 39374

============================================================

[Running] python fileprob.py gen_C0.1_d10.model ../data/gen_spam/dev/gen/*
-80.6627	../data/gen_spam/dev/gen/gen.10.158.txt
-762.748	../data/gen_spam/dev/gen/gen.101.156.txt
-8068.96	../data/gen_spam/dev/gen/gen.1026.098.txt
-7870.13	../data/gen_spam/dev/gen/gen.1050.064.txt
-824.695	../data/gen_spam/dev/gen/gen.106.120.txt
-8809.65	../data/gen_spam/dev/gen/gen.1071.116.txt
-824.34	../data/gen_spam/dev/gen/gen.111.119.txt
-840.659	../data/gen_spam/dev/gen/gen.113.142.txt
-867.504	../data/gen_spam/dev/gen/gen.115.040.txt
-836.022	../data/gen_spam/dev/gen/gen.115.169.txt
-805.69	../data/gen_spam/dev/gen/gen.116.154.txt
-9435.73	../data/gen_spam/dev/gen/gen.1165.139.txt
-898.91	../data/gen_spam/dev/gen/gen.118.029.txt
-8948.25	../data/gen_spam/dev/gen/gen.1208.180.txt
-9677.8	../data/gen_spam/dev/gen/gen.1209.083.txt
-893.538	../data/gen_spam/dev/gen/gen.121.009.txt
-926.989	../data/gen_spam/dev/gen/gen.121.175.txt
-914.121	../data/gen_spam/dev/gen/gen.124.007.txt
-955.875	../data/gen_spam/dev/gen/gen.128.099.txt
-992.916	../data/gen_spam/dev/gen/gen.128.167.txt
-964.707	../data/gen_spam/dev/gen/gen.129.166.txt
-9618.24	../data/gen_spam/dev/gen/gen.1290.117.txt
-982.275	../data/gen_spam/dev/gen/gen.130.030.txt
-947.697	../data/gen_spam/dev/gen/gen.131.110.txt
-969.039	../data/gen_spam/dev/gen/gen.132.001.txt
-969.156	../data/gen_spam/dev/gen/gen.135.019.txt
-10831.5	../data/gen_spam/dev/gen/gen.1355.129.txt
-11266.9	../data/gen_spam/dev/gen/gen.1388.063.txt
-1033.75	../data/gen_spam/dev/gen/gen.141.071.txt
-1102.84	../data/gen_spam/dev/gen/gen.142.159.txt
-1050.47	../data/gen_spam/dev/gen/gen.147.021.txt
-1141.25	../data/gen_spam/dev/gen/gen.147.045.txt
-1065.58	../data/gen_spam/dev/gen/gen.147.077.txt
-1129.44	../data/gen_spam/dev/gen/gen.152.126.txt
-1165.44	../data/gen_spam/dev/gen/gen.153.125.txt
-1227.08	../data/gen_spam/dev/gen/gen.154.149.txt
-1258.74	../data/gen_spam/dev/gen/gen.159.069.txt
-113.683	../data/gen_spam/dev/gen/gen.16.157.txt
-1169.66	../data/gen_spam/dev/gen/gen.160.097.txt
-1264.86	../data/gen_spam/dev/gen/gen.161.150.txt
-1128.71	../data/gen_spam/dev/gen/gen.163.141.txt
-1352.6	../data/gen_spam/dev/gen/gen.168.144.txt
-1288.51	../data/gen_spam/dev/gen/gen.168.152.txt
-1292.08	../data/gen_spam/dev/gen/gen.170.086.txt
-13546.1	../data/gen_spam/dev/gen/gen.1715.005.txt
-1319.09	../data/gen_spam/dev/gen/gen.173.132.txt
-1333.91	../data/gen_spam/dev/gen/gen.174.067.txt
-1339.61	../data/gen_spam/dev/gen/gen.178.073.txt
-1265.8	../data/gen_spam/dev/gen/gen.181.078.txt
-1401.76	../data/gen_spam/dev/gen/gen.187.173.txt
-1315.58	../data/gen_spam/dev/gen/gen.190.155.txt
-1456.21	../data/gen_spam/dev/gen/gen.195.065.txt
-1534.61	../data/gen_spam/dev/gen/gen.197.174.txt
-146.302	../data/gen_spam/dev/gen/gen.20.059.txt
-146.09	../data/gen_spam/dev/gen/gen.21.179.txt
-1691.22	../data/gen_spam/dev/gen/gen.211.094.txt
-1627.51	../data/gen_spam/dev/gen/gen.218.049.txt
-162.341	../data/gen_spam/dev/gen/gen.22.022.txt
-1624.25	../data/gen_spam/dev/gen/gen.221.053.txt
-1695.22	../data/gen_spam/dev/gen/gen.222.089.txt
-1679.77	../data/gen_spam/dev/gen/gen.230.024.txt
-1803.48	../data/gen_spam/dev/gen/gen.231.140.txt
-1784.65	../data/gen_spam/dev/gen/gen.234.151.txt
-1893.96	../data/gen_spam/dev/gen/gen.236.095.txt
-1835.85	../data/gen_spam/dev/gen/gen.236.137.txt
-184.445	../data/gen_spam/dev/gen/gen.24.010.txt
-174.841	../data/gen_spam/dev/gen/gen.24.042.txt
-184.743	../data/gen_spam/dev/gen/gen.24.090.txt
-1959.49	../data/gen_spam/dev/gen/gen.240.172.txt
-180.482	../data/gen_spam/dev/gen/gen.25.011.txt
-2000.19	../data/gen_spam/dev/gen/gen.257.122.txt
-2159.52	../data/gen_spam/dev/gen/gen.266.054.txt
-2036.63	../data/gen_spam/dev/gen/gen.266.130.txt
-2011.46	../data/gen_spam/dev/gen/gen.267.026.txt
-2091.62	../data/gen_spam/dev/gen/gen.268.020.txt
-2130.66	../data/gen_spam/dev/gen/gen.268.038.txt
-205.418	../data/gen_spam/dev/gen/gen.27.025.txt
-212.038	../data/gen_spam/dev/gen/gen.27.047.txt
-2156.5	../data/gen_spam/dev/gen/gen.275.133.txt
-2063.9	../data/gen_spam/dev/gen/gen.276.102.txt
-203.261	../data/gen_spam/dev/gen/gen.28.072.txt
-2024.56	../data/gen_spam/dev/gen/gen.280.013.txt
-2181.6	../data/gen_spam/dev/gen/gen.283.105.txt
-2088.35	../data/gen_spam/dev/gen/gen.283.170.txt
-221.798	../data/gen_spam/dev/gen/gen.29.018.txt
-2214.67	../data/gen_spam/dev/gen/gen.290.035.txt
-2202.44	../data/gen_spam/dev/gen/gen.299.092.txt
-218.818	../data/gen_spam/dev/gen/gen.30.176.txt
-2406.34	../data/gen_spam/dev/gen/gen.300.074.txt
-2358.53	../data/gen_spam/dev/gen/gen.302.039.txt
-2295.33	../data/gen_spam/dev/gen/gen.302.168.txt
-2349.83	../data/gen_spam/dev/gen/gen.305.034.txt
-2321.28	../data/gen_spam/dev/gen/gen.316.052.txt
-2464.66	../data/gen_spam/dev/gen/gen.320.147.txt
-2613.3	../data/gen_spam/dev/gen/gen.322.100.txt
-2497.39	../data/gen_spam/dev/gen/gen.327.112.txt
-2467.56	../data/gen_spam/dev/gen/gen.328.145.txt
-236.609	../data/gen_spam/dev/gen/gen.33.060.txt
-2553.27	../data/gen_spam/dev/gen/gen.331.017.txt
-2607.19	../data/gen_spam/dev/gen/gen.331.177.txt
-233.7	../data/gen_spam/dev/gen/gen.34.032.txt
-2641.89	../data/gen_spam/dev/gen/gen.340.046.txt
-2711.6	../data/gen_spam/dev/gen/gen.345.015.txt
-2538.54	../data/gen_spam/dev/gen/gen.345.023.txt
-268.096	../data/gen_spam/dev/gen/gen.35.084.txt
-243.493	../data/gen_spam/dev/gen/gen.35.118.txt
-2858.51	../data/gen_spam/dev/gen/gen.354.057.txt
-2850.25	../data/gen_spam/dev/gen/gen.363.036.txt
-2788.76	../data/gen_spam/dev/gen/gen.368.106.txt
-270.994	../data/gen_spam/dev/gen/gen.37.062.txt
-2962.31	../data/gen_spam/dev/gen/gen.371.123.txt
-300.048	../data/gen_spam/dev/gen/gen.38.161.txt
-310.637	../data/gen_spam/dev/gen/gen.39.051.txt
-309.764	../data/gen_spam/dev/gen/gen.40.162.txt
-3218.52	../data/gen_spam/dev/gen/gen.404.016.txt
-3458.76	../data/gen_spam/dev/gen/gen.433.101.txt
-300.648	../data/gen_spam/dev/gen/gen.44.160.txt
-3490	../data/gen_spam/dev/gen/gen.445.080.txt
-3425.2	../data/gen_spam/dev/gen/gen.447.031.txt
-3423.79	../data/gen_spam/dev/gen/gen.448.111.txt
-3429.18	../data/gen_spam/dev/gen/gen.449.056.txt
-355.574	../data/gen_spam/dev/gen/gen.45.075.txt
-3453.33	../data/gen_spam/dev/gen/gen.451.163.txt
-382.958	../data/gen_spam/dev/gen/gen.47.070.txt
-338.166	../data/gen_spam/dev/gen/gen.47.178.txt
-3579.58	../data/gen_spam/dev/gen/gen.471.027.txt
-354.438	../data/gen_spam/dev/gen/gen.48.165.txt
-3867.15	../data/gen_spam/dev/gen/gen.492.121.txt
-359.956	../data/gen_spam/dev/gen/gen.50.004.txt
-342.582	../data/gen_spam/dev/gen/gen.50.033.txt
-380.867	../data/gen_spam/dev/gen/gen.51.146.txt
-4163.42	../data/gen_spam/dev/gen/gen.526.028.txt
-4169.15	../data/gen_spam/dev/gen/gen.532.148.txt
-4316.78	../data/gen_spam/dev/gen/gen.551.044.txt
-444.365	../data/gen_spam/dev/gen/gen.56.103.txt
-445.1	../data/gen_spam/dev/gen/gen.57.043.txt
-4468.06	../data/gen_spam/dev/gen/gen.571.003.txt
-428.395	../data/gen_spam/dev/gen/gen.59.138.txt
-441.434	../data/gen_spam/dev/gen/gen.60.109.txt
-436.595	../data/gen_spam/dev/gen/gen.60.114.txt
-411.258	../data/gen_spam/dev/gen/gen.60.136.txt
-468.105	../data/gen_spam/dev/gen/gen.63.107.txt
-490.884	../data/gen_spam/dev/gen/gen.64.153.txt
-5206.8	../data/gen_spam/dev/gen/gen.643.127.txt
-501.052	../data/gen_spam/dev/gen/gen.65.096.txt
-5130.95	../data/gen_spam/dev/gen/gen.654.079.txt
-498.009	../data/gen_spam/dev/gen/gen.66.082.txt
-458.99	../data/gen_spam/dev/gen/gen.66.091.txt
-483.5	../data/gen_spam/dev/gen/gen.66.143.txt
-5333.3	../data/gen_spam/dev/gen/gen.660.055.txt
-4923.91	../data/gen_spam/dev/gen/gen.660.088.txt
-5239.65	../data/gen_spam/dev/gen/gen.680.164.txt
-560.534	../data/gen_spam/dev/gen/gen.69.124.txt
-514.049	../data/gen_spam/dev/gen/gen.70.037.txt
-5299.14	../data/gen_spam/dev/gen/gen.700.048.txt
-485.126	../data/gen_spam/dev/gen/gen.71.041.txt
-5575.01	../data/gen_spam/dev/gen/gen.713.014.txt
-514.356	../data/gen_spam/dev/gen/gen.72.058.txt
-581.146	../data/gen_spam/dev/gen/gen.76.081.txt
-570.262	../data/gen_spam/dev/gen/gen.76.104.txt
-5922.16	../data/gen_spam/dev/gen/gen.766.115.txt
-601.635	../data/gen_spam/dev/gen/gen.78.008.txt
-597.891	../data/gen_spam/dev/gen/gen.80.066.txt
-6413.06	../data/gen_spam/dev/gen/gen.833.108.txt
-660.905	../data/gen_spam/dev/gen/gen.86.087.txt
-663.341	../data/gen_spam/dev/gen/gen.86.131.txt
-7018.42	../data/gen_spam/dev/gen/gen.872.002.txt
-72.1136	../data/gen_spam/dev/gen/gen.9.076.txt
-662.684	../data/gen_spam/dev/gen/gen.90.085.txt
-634.824	../data/gen_spam/dev/gen/gen.92.135.txt
-673.949	../data/gen_spam/dev/gen/gen.93.134.txt
-718.898	../data/gen_spam/dev/gen/gen.94.113.txt
-732.02	../data/gen_spam/dev/gen/gen.95.050.txt
-676.212	../data/gen_spam/dev/gen/gen.95.128.txt
-7432.62	../data/gen_spam/dev/gen/gen.953.012.txt
-761.192	../data/gen_spam/dev/gen/gen.96.068.txt
-692.459	../data/gen_spam/dev/gen/gen.96.093.txt
-695.772	../data/gen_spam/dev/gen/gen.97.171.txt
-708.009	../data/gen_spam/dev/gen/gen.98.006.txt
-702.946	../data/gen_spam/dev/gen/gen.98.061.txt
Overall cross-entropy:	11.10847 bits per token, total tokens: 48378

============================================================

[Running] python fileprob.py spam_C0.1_d10.model ../data/gen_spam/dev/spam/*
-86.9266	../data/gen_spam/dev/spam/spam.10.067.txt
-809.031	../data/gen_spam/dev/spam/spam.104.052.txt
-832.314	../data/gen_spam/dev/spam/spam.108.026.txt
-823.801	../data/gen_spam/dev/spam/spam.109.038.txt
-823.801	../data/gen_spam/dev/spam/spam.109.039.txt
-84.1716	../data/gen_spam/dev/spam/spam.11.071.txt
-909.379	../data/gen_spam/dev/spam/spam.115.023.txt
-9190.34	../data/gen_spam/dev/spam/spam.1158.048.txt
-9198.39	../data/gen_spam/dev/spam/spam.1158.049.txt
-914.696	../data/gen_spam/dev/spam/spam.116.047.txt
-920.85	../data/gen_spam/dev/spam/spam.117.016.txt
-909.134	../data/gen_spam/dev/spam/spam.118.051.txt
-937.062	../data/gen_spam/dev/spam/spam.120.063.txt
-892.913	../data/gen_spam/dev/spam/spam.124.082.txt
-892.913	../data/gen_spam/dev/spam/spam.124.088.txt
-910.272	../data/gen_spam/dev/spam/spam.125.090.txt
-916.929	../data/gen_spam/dev/spam/spam.129.034.txt
-1053.41	../data/gen_spam/dev/spam/spam.134.053.txt
-113.395	../data/gen_spam/dev/spam/spam.14.012.txt
-1098.52	../data/gen_spam/dev/spam/spam.149.076.txt
-1169.01	../data/gen_spam/dev/spam/spam.159.080.txt
-120.227	../data/gen_spam/dev/spam/spam.16.019.txt
-1136.45	../data/gen_spam/dev/spam/spam.160.045.txt
-1276.23	../data/gen_spam/dev/spam/spam.161.028.txt
-1227.88	../data/gen_spam/dev/spam/spam.164.017.txt
-1280.92	../data/gen_spam/dev/spam/spam.164.084.txt
-1229.49	../data/gen_spam/dev/spam/spam.165.040.txt
-1240.08	../data/gen_spam/dev/spam/spam.166.060.txt
-1381.09	../data/gen_spam/dev/spam/spam.175.058.txt
-1337.59	../data/gen_spam/dev/spam/spam.178.064.txt
-132.97	../data/gen_spam/dev/spam/spam.18.007.txt
-1382.49	../data/gen_spam/dev/spam/spam.180.062.txt
-1395.34	../data/gen_spam/dev/spam/spam.180.072.txt
-1456.38	../data/gen_spam/dev/spam/spam.183.078.txt
-1479.86	../data/gen_spam/dev/spam/spam.193.070.txt
-1528.5	../data/gen_spam/dev/spam/spam.195.022.txt
-1462.68	../data/gen_spam/dev/spam/spam.198.068.txt
-1472.16	../data/gen_spam/dev/spam/spam.199.075.txt
-159.422	../data/gen_spam/dev/spam/spam.20.009.txt
-1506.55	../data/gen_spam/dev/spam/spam.200.035.txt
-1459.93	../data/gen_spam/dev/spam/spam.201.073.txt
-1571.43	../data/gen_spam/dev/spam/spam.203.069.txt
-1605.5	../data/gen_spam/dev/spam/spam.209.046.txt
-1609.38	../data/gen_spam/dev/spam/spam.214.010.txt
-1655.13	../data/gen_spam/dev/spam/spam.219.018.txt
-1653.84	../data/gen_spam/dev/spam/spam.220.041.txt
-1653.02	../data/gen_spam/dev/spam/spam.220.042.txt
-17153.8	../data/gen_spam/dev/spam/spam.2262.037.txt
-165.848	../data/gen_spam/dev/spam/spam.23.079.txt
-1849.87	../data/gen_spam/dev/spam/spam.239.059.txt
-1871.63	../data/gen_spam/dev/spam/spam.253.089.txt
-2056.01	../data/gen_spam/dev/spam/spam.257.020.txt
-2171.27	../data/gen_spam/dev/spam/spam.272.044.txt
-2230.14	../data/gen_spam/dev/spam/spam.280.085.txt
-2208.73	../data/gen_spam/dev/spam/spam.286.029.txt
-2288.62	../data/gen_spam/dev/spam/spam.293.031.txt
-2290.43	../data/gen_spam/dev/spam/spam.293.033.txt
-2230.14	../data/gen_spam/dev/spam/spam.305.024.txt
-2566.72	../data/gen_spam/dev/spam/spam.325.065.txt
-285.392	../data/gen_spam/dev/spam/spam.35.077.txt
-281.683	../data/gen_spam/dev/spam/spam.36.083.txt
-2822.87	../data/gen_spam/dev/spam/spam.364.013.txt
-2931.63	../data/gen_spam/dev/spam/spam.371.002.txt
-31453.1	../data/gen_spam/dev/spam/spam.4063.061.txt
-35912.7	../data/gen_spam/dev/spam/spam.4516.043.txt
-3613.22	../data/gen_spam/dev/spam/spam.457.054.txt
-35704.5	../data/gen_spam/dev/spam/spam.4635.005.txt
-3850.04	../data/gen_spam/dev/spam/spam.481.066.txt
-42.8261	../data/gen_spam/dev/spam/spam.5.004.txt
-42.8261	../data/gen_spam/dev/spam/spam.5.008.txt
-46.6163	../data/gen_spam/dev/spam/spam.5.030.txt
-416.712	../data/gen_spam/dev/spam/spam.52.032.txt
-439.21	../data/gen_spam/dev/spam/spam.55.006.txt
-4671.8	../data/gen_spam/dev/spam/spam.587.014.txt
-505.249	../data/gen_spam/dev/spam/spam.62.021.txt
-4953.27	../data/gen_spam/dev/spam/spam.621.001.txt
-536.759	../data/gen_spam/dev/spam/spam.69.050.txt
-580.513	../data/gen_spam/dev/spam/spam.73.003.txt
-588.986	../data/gen_spam/dev/spam/spam.78.025.txt
-65.8269	../data/gen_spam/dev/spam/spam.8.081.txt
-584.787	../data/gen_spam/dev/spam/spam.80.011.txt
-601.102	../data/gen_spam/dev/spam/spam.81.087.txt
-61755.4	../data/gen_spam/dev/spam/spam.8185.074.txt
-677.725	../data/gen_spam/dev/spam/spam.87.055.txt
-664.645	../data/gen_spam/dev/spam/spam.89.057.txt
-77.891	../data/gen_spam/dev/spam/spam.9.086.txt
-688.185	../data/gen_spam/dev/spam/spam.91.036.txt
-692.38	../data/gen_spam/dev/spam/spam.92.015.txt
-724.073	../data/gen_spam/dev/spam/spam.94.056.txt
-762.27	../data/gen_spam/dev/spam/spam.98.027.txt
Overall cross-entropy:	11.10067 bits per token, total tokens: 39374

============================================================

[Running] python fileprob.py gen_C0.5_d10.model ../data/gen_spam/dev/gen/*
-80.6628	../data/gen_spam/dev/gen/gen.10.158.txt
-762.748	../data/gen_spam/dev/gen/gen.101.156.txt
-8068.96	../data/gen_spam/dev/gen/gen.1026.098.txt
-7870.13	../data/gen_spam/dev/gen/gen.1050.064.txt
-824.696	../data/gen_spam/dev/gen/gen.106.120.txt
-8809.66	../data/gen_spam/dev/gen/gen.1071.116.txt
-824.341	../data/gen_spam/dev/gen/gen.111.119.txt
-840.659	../data/gen_spam/dev/gen/gen.113.142.txt
-867.505	../data/gen_spam/dev/gen/gen.115.040.txt
-836.023	../data/gen_spam/dev/gen/gen.115.169.txt
-805.69	../data/gen_spam/dev/gen/gen.116.154.txt
-9435.74	../data/gen_spam/dev/gen/gen.1165.139.txt
-898.91	../data/gen_spam/dev/gen/gen.118.029.txt
-8948.26	../data/gen_spam/dev/gen/gen.1208.180.txt
-9677.8	../data/gen_spam/dev/gen/gen.1209.083.txt
-893.539	../data/gen_spam/dev/gen/gen.121.009.txt
-926.989	../data/gen_spam/dev/gen/gen.121.175.txt
-914.122	../data/gen_spam/dev/gen/gen.124.007.txt
-955.876	../data/gen_spam/dev/gen/gen.128.099.txt
-992.917	../data/gen_spam/dev/gen/gen.128.167.txt
-964.707	../data/gen_spam/dev/gen/gen.129.166.txt
-9618.25	../data/gen_spam/dev/gen/gen.1290.117.txt
-982.276	../data/gen_spam/dev/gen/gen.130.030.txt
-947.697	../data/gen_spam/dev/gen/gen.131.110.txt
-969.039	../data/gen_spam/dev/gen/gen.132.001.txt
-969.157	../data/gen_spam/dev/gen/gen.135.019.txt
-10831.5	../data/gen_spam/dev/gen/gen.1355.129.txt
-11266.9	../data/gen_spam/dev/gen/gen.1388.063.txt
-1033.75	../data/gen_spam/dev/gen/gen.141.071.txt
-1102.84	../data/gen_spam/dev/gen/gen.142.159.txt
-1050.47	../data/gen_spam/dev/gen/gen.147.021.txt
-1141.25	../data/gen_spam/dev/gen/gen.147.045.txt
-1065.58	../data/gen_spam/dev/gen/gen.147.077.txt
-1129.44	../data/gen_spam/dev/gen/gen.152.126.txt
-1165.44	../data/gen_spam/dev/gen/gen.153.125.txt
-1227.08	../data/gen_spam/dev/gen/gen.154.149.txt
-1258.74	../data/gen_spam/dev/gen/gen.159.069.txt
-113.683	../data/gen_spam/dev/gen/gen.16.157.txt
-1169.66	../data/gen_spam/dev/gen/gen.160.097.txt
-1264.86	../data/gen_spam/dev/gen/gen.161.150.txt
-1128.71	../data/gen_spam/dev/gen/gen.163.141.txt
-1352.6	../data/gen_spam/dev/gen/gen.168.144.txt
-1288.51	../data/gen_spam/dev/gen/gen.168.152.txt
-1292.08	../data/gen_spam/dev/gen/gen.170.086.txt
-13546.1	../data/gen_spam/dev/gen/gen.1715.005.txt
-1319.09	../data/gen_spam/dev/gen/gen.173.132.txt
-1333.91	../data/gen_spam/dev/gen/gen.174.067.txt
-1339.61	../data/gen_spam/dev/gen/gen.178.073.txt
-1265.8	../data/gen_spam/dev/gen/gen.181.078.txt
-1401.76	../data/gen_spam/dev/gen/gen.187.173.txt
-1315.58	../data/gen_spam/dev/gen/gen.190.155.txt
-1456.21	../data/gen_spam/dev/gen/gen.195.065.txt
-1534.61	../data/gen_spam/dev/gen/gen.197.174.txt
-146.302	../data/gen_spam/dev/gen/gen.20.059.txt
-146.09	../data/gen_spam/dev/gen/gen.21.179.txt
-1691.22	../data/gen_spam/dev/gen/gen.211.094.txt
-1627.51	../data/gen_spam/dev/gen/gen.218.049.txt
-162.341	../data/gen_spam/dev/gen/gen.22.022.txt
-1624.25	../data/gen_spam/dev/gen/gen.221.053.txt
-1695.22	../data/gen_spam/dev/gen/gen.222.089.txt
-1679.77	../data/gen_spam/dev/gen/gen.230.024.txt
-1803.48	../data/gen_spam/dev/gen/gen.231.140.txt
-1784.65	../data/gen_spam/dev/gen/gen.234.151.txt
-1893.96	../data/gen_spam/dev/gen/gen.236.095.txt
-1835.86	../data/gen_spam/dev/gen/gen.236.137.txt
-184.445	../data/gen_spam/dev/gen/gen.24.010.txt
-174.841	../data/gen_spam/dev/gen/gen.24.042.txt
-184.743	../data/gen_spam/dev/gen/gen.24.090.txt
-1959.49	../data/gen_spam/dev/gen/gen.240.172.txt
-180.482	../data/gen_spam/dev/gen/gen.25.011.txt
-2000.19	../data/gen_spam/dev/gen/gen.257.122.txt
-2159.52	../data/gen_spam/dev/gen/gen.266.054.txt
-2036.63	../data/gen_spam/dev/gen/gen.266.130.txt
-2011.46	../data/gen_spam/dev/gen/gen.267.026.txt
-2091.62	../data/gen_spam/dev/gen/gen.268.020.txt
-2130.66	../data/gen_spam/dev/gen/gen.268.038.txt
-205.418	../data/gen_spam/dev/gen/gen.27.025.txt
-212.038	../data/gen_spam/dev/gen/gen.27.047.txt
-2156.5	../data/gen_spam/dev/gen/gen.275.133.txt
-2063.9	../data/gen_spam/dev/gen/gen.276.102.txt
-203.261	../data/gen_spam/dev/gen/gen.28.072.txt
-2024.57	../data/gen_spam/dev/gen/gen.280.013.txt
-2181.6	../data/gen_spam/dev/gen/gen.283.105.txt
-2088.35	../data/gen_spam/dev/gen/gen.283.170.txt
-221.798	../data/gen_spam/dev/gen/gen.29.018.txt
-2214.67	../data/gen_spam/dev/gen/gen.290.035.txt
-2202.44	../data/gen_spam/dev/gen/gen.299.092.txt
-218.818	../data/gen_spam/dev/gen/gen.30.176.txt
-2406.34	../data/gen_spam/dev/gen/gen.300.074.txt
-2358.53	../data/gen_spam/dev/gen/gen.302.039.txt
-2295.33	../data/gen_spam/dev/gen/gen.302.168.txt
-2349.83	../data/gen_spam/dev/gen/gen.305.034.txt
-2321.28	../data/gen_spam/dev/gen/gen.316.052.txt
-2464.66	../data/gen_spam/dev/gen/gen.320.147.txt
-2613.3	../data/gen_spam/dev/gen/gen.322.100.txt
-2497.39	../data/gen_spam/dev/gen/gen.327.112.txt
-2467.56	../data/gen_spam/dev/gen/gen.328.145.txt
-236.609	../data/gen_spam/dev/gen/gen.33.060.txt
-2553.27	../data/gen_spam/dev/gen/gen.331.017.txt
-2607.19	../data/gen_spam/dev/gen/gen.331.177.txt
-233.7	../data/gen_spam/dev/gen/gen.34.032.txt
-2641.89	../data/gen_spam/dev/gen/gen.340.046.txt
-2711.6	../data/gen_spam/dev/gen/gen.345.015.txt
-2538.54	../data/gen_spam/dev/gen/gen.345.023.txt
-268.096	../data/gen_spam/dev/gen/gen.35.084.txt
-243.493	../data/gen_spam/dev/gen/gen.35.118.txt
-2858.51	../data/gen_spam/dev/gen/gen.354.057.txt
-2850.25	../data/gen_spam/dev/gen/gen.363.036.txt
-2788.76	../data/gen_spam/dev/gen/gen.368.106.txt
-270.994	../data/gen_spam/dev/gen/gen.37.062.txt
-2962.31	../data/gen_spam/dev/gen/gen.371.123.txt
-300.048	../data/gen_spam/dev/gen/gen.38.161.txt
-310.637	../data/gen_spam/dev/gen/gen.39.051.txt
-309.764	../data/gen_spam/dev/gen/gen.40.162.txt
-3218.52	../data/gen_spam/dev/gen/gen.404.016.txt
-3458.76	../data/gen_spam/dev/gen/gen.433.101.txt
-300.648	../data/gen_spam/dev/gen/gen.44.160.txt
-3490	../data/gen_spam/dev/gen/gen.445.080.txt
-3425.2	../data/gen_spam/dev/gen/gen.447.031.txt
-3423.79	../data/gen_spam/dev/gen/gen.448.111.txt
-3429.18	../data/gen_spam/dev/gen/gen.449.056.txt
-355.574	../data/gen_spam/dev/gen/gen.45.075.txt
-3453.33	../data/gen_spam/dev/gen/gen.451.163.txt
-382.958	../data/gen_spam/dev/gen/gen.47.070.txt
-338.167	../data/gen_spam/dev/gen/gen.47.178.txt
-3579.58	../data/gen_spam/dev/gen/gen.471.027.txt
-354.438	../data/gen_spam/dev/gen/gen.48.165.txt
-3867.15	../data/gen_spam/dev/gen/gen.492.121.txt
-359.956	../data/gen_spam/dev/gen/gen.50.004.txt
-342.582	../data/gen_spam/dev/gen/gen.50.033.txt
-380.867	../data/gen_spam/dev/gen/gen.51.146.txt
-4163.42	../data/gen_spam/dev/gen/gen.526.028.txt
-4169.15	../data/gen_spam/dev/gen/gen.532.148.txt
-4316.78	../data/gen_spam/dev/gen/gen.551.044.txt
-444.365	../data/gen_spam/dev/gen/gen.56.103.txt
-445.1	../data/gen_spam/dev/gen/gen.57.043.txt
-4468.06	../data/gen_spam/dev/gen/gen.571.003.txt
-428.395	../data/gen_spam/dev/gen/gen.59.138.txt
-441.435	../data/gen_spam/dev/gen/gen.60.109.txt
-436.596	../data/gen_spam/dev/gen/gen.60.114.txt
-411.258	../data/gen_spam/dev/gen/gen.60.136.txt
-468.106	../data/gen_spam/dev/gen/gen.63.107.txt
-490.885	../data/gen_spam/dev/gen/gen.64.153.txt
-5206.8	../data/gen_spam/dev/gen/gen.643.127.txt
-501.052	../data/gen_spam/dev/gen/gen.65.096.txt
-5130.96	../data/gen_spam/dev/gen/gen.654.079.txt
-498.009	../data/gen_spam/dev/gen/gen.66.082.txt
-458.99	../data/gen_spam/dev/gen/gen.66.091.txt
-483.501	../data/gen_spam/dev/gen/gen.66.143.txt
-5333.31	../data/gen_spam/dev/gen/gen.660.055.txt
-4923.92	../data/gen_spam/dev/gen/gen.660.088.txt
-5239.65	../data/gen_spam/dev/gen/gen.680.164.txt
-560.534	../data/gen_spam/dev/gen/gen.69.124.txt
-514.049	../data/gen_spam/dev/gen/gen.70.037.txt
-5299.15	../data/gen_spam/dev/gen/gen.700.048.txt
-485.127	../data/gen_spam/dev/gen/gen.71.041.txt
-5575.02	../data/gen_spam/dev/gen/gen.713.014.txt
-514.356	../data/gen_spam/dev/gen/gen.72.058.txt
-581.146	../data/gen_spam/dev/gen/gen.76.081.txt
-570.262	../data/gen_spam/dev/gen/gen.76.104.txt
-5922.16	../data/gen_spam/dev/gen/gen.766.115.txt
-601.636	../data/gen_spam/dev/gen/gen.78.008.txt
-597.891	../data/gen_spam/dev/gen/gen.80.066.txt
-6413.06	../data/gen_spam/dev/gen/gen.833.108.txt
-660.905	../data/gen_spam/dev/gen/gen.86.087.txt
-663.341	../data/gen_spam/dev/gen/gen.86.131.txt
-7018.42	../data/gen_spam/dev/gen/gen.872.002.txt
-72.1137	../data/gen_spam/dev/gen/gen.9.076.txt
-662.684	../data/gen_spam/dev/gen/gen.90.085.txt
-634.825	../data/gen_spam/dev/gen/gen.92.135.txt
-673.949	../data/gen_spam/dev/gen/gen.93.134.txt
-718.898	../data/gen_spam/dev/gen/gen.94.113.txt
-732.02	../data/gen_spam/dev/gen/gen.95.050.txt
-676.213	../data/gen_spam/dev/gen/gen.95.128.txt
-7432.62	../data/gen_spam/dev/gen/gen.953.012.txt
-761.192	../data/gen_spam/dev/gen/gen.96.068.txt
-692.459	../data/gen_spam/dev/gen/gen.96.093.txt
-695.772	../data/gen_spam/dev/gen/gen.97.171.txt
-708.01	../data/gen_spam/dev/gen/gen.98.006.txt
-702.946	../data/gen_spam/dev/gen/gen.98.061.txt
Overall cross-entropy:	11.10847 bits per token, total tokens: 48378

============================================================

[Running] python fileprob.py spam_C0.5_d10.model ../data/gen_spam/dev/spam/*
-86.9266	../data/gen_spam/dev/spam/spam.10.067.txt
-809.032	../data/gen_spam/dev/spam/spam.104.052.txt
-832.315	../data/gen_spam/dev/spam/spam.108.026.txt
-823.802	../data/gen_spam/dev/spam/spam.109.038.txt
-823.802	../data/gen_spam/dev/spam/spam.109.039.txt
-84.1717	../data/gen_spam/dev/spam/spam.11.071.txt
-909.38	../data/gen_spam/dev/spam/spam.115.023.txt
-9190.35	../data/gen_spam/dev/spam/spam.1158.048.txt
-9198.39	../data/gen_spam/dev/spam/spam.1158.049.txt
-914.696	../data/gen_spam/dev/spam/spam.116.047.txt
-920.85	../data/gen_spam/dev/spam/spam.117.016.txt
-909.134	../data/gen_spam/dev/spam/spam.118.051.txt
-937.063	../data/gen_spam/dev/spam/spam.120.063.txt
-892.914	../data/gen_spam/dev/spam/spam.124.082.txt
-892.914	../data/gen_spam/dev/spam/spam.124.088.txt
-910.272	../data/gen_spam/dev/spam/spam.125.090.txt
-916.93	../data/gen_spam/dev/spam/spam.129.034.txt
-1053.42	../data/gen_spam/dev/spam/spam.134.053.txt
-113.395	../data/gen_spam/dev/spam/spam.14.012.txt
-1098.52	../data/gen_spam/dev/spam/spam.149.076.txt
-1169.01	../data/gen_spam/dev/spam/spam.159.080.txt
-120.227	../data/gen_spam/dev/spam/spam.16.019.txt
-1136.45	../data/gen_spam/dev/spam/spam.160.045.txt
-1276.23	../data/gen_spam/dev/spam/spam.161.028.txt
-1227.88	../data/gen_spam/dev/spam/spam.164.017.txt
-1280.92	../data/gen_spam/dev/spam/spam.164.084.txt
-1229.49	../data/gen_spam/dev/spam/spam.165.040.txt
-1240.08	../data/gen_spam/dev/spam/spam.166.060.txt
-1381.09	../data/gen_spam/dev/spam/spam.175.058.txt
-1337.59	../data/gen_spam/dev/spam/spam.178.064.txt
-132.97	../data/gen_spam/dev/spam/spam.18.007.txt
-1382.49	../data/gen_spam/dev/spam/spam.180.062.txt
-1395.34	../data/gen_spam/dev/spam/spam.180.072.txt
-1456.38	../data/gen_spam/dev/spam/spam.183.078.txt
-1479.86	../data/gen_spam/dev/spam/spam.193.070.txt
-1528.5	../data/gen_spam/dev/spam/spam.195.022.txt
-1462.68	../data/gen_spam/dev/spam/spam.198.068.txt
-1472.16	../data/gen_spam/dev/spam/spam.199.075.txt
-159.423	../data/gen_spam/dev/spam/spam.20.009.txt
-1506.55	../data/gen_spam/dev/spam/spam.200.035.txt
-1459.93	../data/gen_spam/dev/spam/spam.201.073.txt
-1571.43	../data/gen_spam/dev/spam/spam.203.069.txt
-1605.5	../data/gen_spam/dev/spam/spam.209.046.txt
-1609.38	../data/gen_spam/dev/spam/spam.214.010.txt
-1655.13	../data/gen_spam/dev/spam/spam.219.018.txt
-1653.85	../data/gen_spam/dev/spam/spam.220.041.txt
-1653.03	../data/gen_spam/dev/spam/spam.220.042.txt
-17153.8	../data/gen_spam/dev/spam/spam.2262.037.txt
-165.849	../data/gen_spam/dev/spam/spam.23.079.txt
-1849.87	../data/gen_spam/dev/spam/spam.239.059.txt
-1871.63	../data/gen_spam/dev/spam/spam.253.089.txt
-2056.01	../data/gen_spam/dev/spam/spam.257.020.txt
-2171.27	../data/gen_spam/dev/spam/spam.272.044.txt
-2230.14	../data/gen_spam/dev/spam/spam.280.085.txt
-2208.73	../data/gen_spam/dev/spam/spam.286.029.txt
-2288.62	../data/gen_spam/dev/spam/spam.293.031.txt
-2290.43	../data/gen_spam/dev/spam/spam.293.033.txt
-2230.14	../data/gen_spam/dev/spam/spam.305.024.txt
-2566.72	../data/gen_spam/dev/spam/spam.325.065.txt
-285.392	../data/gen_spam/dev/spam/spam.35.077.txt
-281.684	../data/gen_spam/dev/spam/spam.36.083.txt
-2822.87	../data/gen_spam/dev/spam/spam.364.013.txt
-2931.63	../data/gen_spam/dev/spam/spam.371.002.txt
-31453.1	../data/gen_spam/dev/spam/spam.4063.061.txt
-35912.7	../data/gen_spam/dev/spam/spam.4516.043.txt
-3613.22	../data/gen_spam/dev/spam/spam.457.054.txt
-35704.5	../data/gen_spam/dev/spam/spam.4635.005.txt
-3850.05	../data/gen_spam/dev/spam/spam.481.066.txt
-42.8261	../data/gen_spam/dev/spam/spam.5.004.txt
-42.8261	../data/gen_spam/dev/spam/spam.5.008.txt
-46.6164	../data/gen_spam/dev/spam/spam.5.030.txt
-416.712	../data/gen_spam/dev/spam/spam.52.032.txt
-439.21	../data/gen_spam/dev/spam/spam.55.006.txt
-4671.8	../data/gen_spam/dev/spam/spam.587.014.txt
-505.249	../data/gen_spam/dev/spam/spam.62.021.txt
-4953.27	../data/gen_spam/dev/spam/spam.621.001.txt
-536.759	../data/gen_spam/dev/spam/spam.69.050.txt
-580.513	../data/gen_spam/dev/spam/spam.73.003.txt
-588.986	../data/gen_spam/dev/spam/spam.78.025.txt
-65.827	../data/gen_spam/dev/spam/spam.8.081.txt
-584.787	../data/gen_spam/dev/spam/spam.80.011.txt
-601.102	../data/gen_spam/dev/spam/spam.81.087.txt
-61755.5	../data/gen_spam/dev/spam/spam.8185.074.txt
-677.725	../data/gen_spam/dev/spam/spam.87.055.txt
-664.646	../data/gen_spam/dev/spam/spam.89.057.txt
-77.8911	../data/gen_spam/dev/spam/spam.9.086.txt
-688.186	../data/gen_spam/dev/spam/spam.91.036.txt
-692.38	../data/gen_spam/dev/spam/spam.92.015.txt
-724.074	../data/gen_spam/dev/spam/spam.94.056.txt
-762.27	../data/gen_spam/dev/spam/spam.98.027.txt
Overall cross-entropy:	11.10067 bits per token, total tokens: 39374

============================================================

[Running] python fileprob.py gen_C1_d10.model ../data/gen_spam/dev/gen/*
-80.6629	../data/gen_spam/dev/gen/gen.10.158.txt
-762.748	../data/gen_spam/dev/gen/gen.101.156.txt
-8068.96	../data/gen_spam/dev/gen/gen.1026.098.txt
-7870.14	../data/gen_spam/dev/gen/gen.1050.064.txt
-824.696	../data/gen_spam/dev/gen/gen.106.120.txt
-8809.66	../data/gen_spam/dev/gen/gen.1071.116.txt
-824.341	../data/gen_spam/dev/gen/gen.111.119.txt
-840.659	../data/gen_spam/dev/gen/gen.113.142.txt
-867.505	../data/gen_spam/dev/gen/gen.115.040.txt
-836.023	../data/gen_spam/dev/gen/gen.115.169.txt
-805.691	../data/gen_spam/dev/gen/gen.116.154.txt
-9435.74	../data/gen_spam/dev/gen/gen.1165.139.txt
-898.91	../data/gen_spam/dev/gen/gen.118.029.txt
-8948.28	../data/gen_spam/dev/gen/gen.1208.180.txt
-9677.81	../data/gen_spam/dev/gen/gen.1209.083.txt
-893.539	../data/gen_spam/dev/gen/gen.121.009.txt
-926.989	../data/gen_spam/dev/gen/gen.121.175.txt
-914.123	../data/gen_spam/dev/gen/gen.124.007.txt
-955.876	../data/gen_spam/dev/gen/gen.128.099.txt
-992.917	../data/gen_spam/dev/gen/gen.128.167.txt
-964.708	../data/gen_spam/dev/gen/gen.129.166.txt
-9618.25	../data/gen_spam/dev/gen/gen.1290.117.txt
-982.276	../data/gen_spam/dev/gen/gen.130.030.txt
-947.698	../data/gen_spam/dev/gen/gen.131.110.txt
-969.039	../data/gen_spam/dev/gen/gen.132.001.txt
-969.158	../data/gen_spam/dev/gen/gen.135.019.txt
-10831.5	../data/gen_spam/dev/gen/gen.1355.129.txt
-11266.9	../data/gen_spam/dev/gen/gen.1388.063.txt
-1033.75	../data/gen_spam/dev/gen/gen.141.071.txt
-1102.84	../data/gen_spam/dev/gen/gen.142.159.txt
-1050.47	../data/gen_spam/dev/gen/gen.147.021.txt
-1141.26	../data/gen_spam/dev/gen/gen.147.045.txt
-1065.58	../data/gen_spam/dev/gen/gen.147.077.txt
-1129.44	../data/gen_spam/dev/gen/gen.152.126.txt
-1165.44	../data/gen_spam/dev/gen/gen.153.125.txt
-1227.08	../data/gen_spam/dev/gen/gen.154.149.txt
-1258.74	../data/gen_spam/dev/gen/gen.159.069.txt
-113.683	../data/gen_spam/dev/gen/gen.16.157.txt
-1169.66	../data/gen_spam/dev/gen/gen.160.097.txt
-1264.86	../data/gen_spam/dev/gen/gen.161.150.txt
-1128.71	../data/gen_spam/dev/gen/gen.163.141.txt
-1352.6	../data/gen_spam/dev/gen/gen.168.144.txt
-1288.51	../data/gen_spam/dev/gen/gen.168.152.txt
-1292.08	../data/gen_spam/dev/gen/gen.170.086.txt
-13546.1	../data/gen_spam/dev/gen/gen.1715.005.txt
-1319.1	../data/gen_spam/dev/gen/gen.173.132.txt
-1333.91	../data/gen_spam/dev/gen/gen.174.067.txt
-1339.61	../data/gen_spam/dev/gen/gen.178.073.txt
-1265.8	../data/gen_spam/dev/gen/gen.181.078.txt
-1401.76	../data/gen_spam/dev/gen/gen.187.173.txt
-1315.58	../data/gen_spam/dev/gen/gen.190.155.txt
-1456.21	../data/gen_spam/dev/gen/gen.195.065.txt
-1534.61	../data/gen_spam/dev/gen/gen.197.174.txt
-146.302	../data/gen_spam/dev/gen/gen.20.059.txt
-146.09	../data/gen_spam/dev/gen/gen.21.179.txt
-1691.22	../data/gen_spam/dev/gen/gen.211.094.txt
-1627.52	../data/gen_spam/dev/gen/gen.218.049.txt
-162.341	../data/gen_spam/dev/gen/gen.22.022.txt
-1624.25	../data/gen_spam/dev/gen/gen.221.053.txt
-1695.22	../data/gen_spam/dev/gen/gen.222.089.txt
-1679.77	../data/gen_spam/dev/gen/gen.230.024.txt
-1803.48	../data/gen_spam/dev/gen/gen.231.140.txt
-1784.65	../data/gen_spam/dev/gen/gen.234.151.txt
-1893.96	../data/gen_spam/dev/gen/gen.236.095.txt
-1835.86	../data/gen_spam/dev/gen/gen.236.137.txt
-184.445	../data/gen_spam/dev/gen/gen.24.010.txt
-174.841	../data/gen_spam/dev/gen/gen.24.042.txt
-184.743	../data/gen_spam/dev/gen/gen.24.090.txt
-1959.49	../data/gen_spam/dev/gen/gen.240.172.txt
-180.482	../data/gen_spam/dev/gen/gen.25.011.txt
-2000.19	../data/gen_spam/dev/gen/gen.257.122.txt
-2159.52	../data/gen_spam/dev/gen/gen.266.054.txt
-2036.63	../data/gen_spam/dev/gen/gen.266.130.txt
-2011.46	../data/gen_spam/dev/gen/gen.267.026.txt
-2091.62	../data/gen_spam/dev/gen/gen.268.020.txt
-2130.66	../data/gen_spam/dev/gen/gen.268.038.txt
-205.418	../data/gen_spam/dev/gen/gen.27.025.txt
-212.039	../data/gen_spam/dev/gen/gen.27.047.txt
-2156.5	../data/gen_spam/dev/gen/gen.275.133.txt
-2063.9	../data/gen_spam/dev/gen/gen.276.102.txt
-203.262	../data/gen_spam/dev/gen/gen.28.072.txt
-2024.57	../data/gen_spam/dev/gen/gen.280.013.txt
-2181.61	../data/gen_spam/dev/gen/gen.283.105.txt
-2088.35	../data/gen_spam/dev/gen/gen.283.170.txt
-221.798	../data/gen_spam/dev/gen/gen.29.018.txt
-2214.68	../data/gen_spam/dev/gen/gen.290.035.txt
-2202.45	../data/gen_spam/dev/gen/gen.299.092.txt
-218.818	../data/gen_spam/dev/gen/gen.30.176.txt
-2406.34	../data/gen_spam/dev/gen/gen.300.074.txt
-2358.53	../data/gen_spam/dev/gen/gen.302.039.txt
-2295.33	../data/gen_spam/dev/gen/gen.302.168.txt
-2349.83	../data/gen_spam/dev/gen/gen.305.034.txt
-2321.28	../data/gen_spam/dev/gen/gen.316.052.txt
-2464.66	../data/gen_spam/dev/gen/gen.320.147.txt
-2613.3	../data/gen_spam/dev/gen/gen.322.100.txt
-2497.39	../data/gen_spam/dev/gen/gen.327.112.txt
-2467.56	../data/gen_spam/dev/gen/gen.328.145.txt
-236.609	../data/gen_spam/dev/gen/gen.33.060.txt
-2553.27	../data/gen_spam/dev/gen/gen.331.017.txt
-2607.19	../data/gen_spam/dev/gen/gen.331.177.txt
-233.7	../data/gen_spam/dev/gen/gen.34.032.txt
-2641.89	../data/gen_spam/dev/gen/gen.340.046.txt
-2711.61	../data/gen_spam/dev/gen/gen.345.015.txt
-2538.54	../data/gen_spam/dev/gen/gen.345.023.txt
-268.096	../data/gen_spam/dev/gen/gen.35.084.txt
-243.493	../data/gen_spam/dev/gen/gen.35.118.txt
-2858.51	../data/gen_spam/dev/gen/gen.354.057.txt
-2850.25	../data/gen_spam/dev/gen/gen.363.036.txt
-2788.76	../data/gen_spam/dev/gen/gen.368.106.txt
-270.994	../data/gen_spam/dev/gen/gen.37.062.txt
-2962.31	../data/gen_spam/dev/gen/gen.371.123.txt
-300.048	../data/gen_spam/dev/gen/gen.38.161.txt
-310.638	../data/gen_spam/dev/gen/gen.39.051.txt
-309.764	../data/gen_spam/dev/gen/gen.40.162.txt
-3218.52	../data/gen_spam/dev/gen/gen.404.016.txt
-3458.76	../data/gen_spam/dev/gen/gen.433.101.txt
-300.649	../data/gen_spam/dev/gen/gen.44.160.txt
-3490	../data/gen_spam/dev/gen/gen.445.080.txt
-3425.21	../data/gen_spam/dev/gen/gen.447.031.txt
-3423.8	../data/gen_spam/dev/gen/gen.448.111.txt
-3429.18	../data/gen_spam/dev/gen/gen.449.056.txt
-355.574	../data/gen_spam/dev/gen/gen.45.075.txt
-3453.33	../data/gen_spam/dev/gen/gen.451.163.txt
-382.958	../data/gen_spam/dev/gen/gen.47.070.txt
-338.167	../data/gen_spam/dev/gen/gen.47.178.txt
-3579.58	../data/gen_spam/dev/gen/gen.471.027.txt
-354.438	../data/gen_spam/dev/gen/gen.48.165.txt
-3867.16	../data/gen_spam/dev/gen/gen.492.121.txt
-359.956	../data/gen_spam/dev/gen/gen.50.004.txt
-342.582	../data/gen_spam/dev/gen/gen.50.033.txt
-380.867	../data/gen_spam/dev/gen/gen.51.146.txt
-4163.42	../data/gen_spam/dev/gen/gen.526.028.txt
-4169.15	../data/gen_spam/dev/gen/gen.532.148.txt
-4316.79	../data/gen_spam/dev/gen/gen.551.044.txt
-444.365	../data/gen_spam/dev/gen/gen.56.103.txt
-445.1	../data/gen_spam/dev/gen/gen.57.043.txt
-4468.06	../data/gen_spam/dev/gen/gen.571.003.txt
-428.395	../data/gen_spam/dev/gen/gen.59.138.txt
-441.435	../data/gen_spam/dev/gen/gen.60.109.txt
-436.596	../data/gen_spam/dev/gen/gen.60.114.txt
-411.259	../data/gen_spam/dev/gen/gen.60.136.txt
-468.106	../data/gen_spam/dev/gen/gen.63.107.txt
-490.885	../data/gen_spam/dev/gen/gen.64.153.txt
-5206.8	../data/gen_spam/dev/gen/gen.643.127.txt
-501.052	../data/gen_spam/dev/gen/gen.65.096.txt
-5130.96	../data/gen_spam/dev/gen/gen.654.079.txt
-498.009	../data/gen_spam/dev/gen/gen.66.082.txt
-458.991	../data/gen_spam/dev/gen/gen.66.091.txt
-483.501	../data/gen_spam/dev/gen/gen.66.143.txt
-5333.31	../data/gen_spam/dev/gen/gen.660.055.txt
-4923.92	../data/gen_spam/dev/gen/gen.660.088.txt
-5239.65	../data/gen_spam/dev/gen/gen.680.164.txt
-560.534	../data/gen_spam/dev/gen/gen.69.124.txt
-514.049	../data/gen_spam/dev/gen/gen.70.037.txt
-5299.15	../data/gen_spam/dev/gen/gen.700.048.txt
-485.127	../data/gen_spam/dev/gen/gen.71.041.txt
-5575.02	../data/gen_spam/dev/gen/gen.713.014.txt
-514.356	../data/gen_spam/dev/gen/gen.72.058.txt
-581.147	../data/gen_spam/dev/gen/gen.76.081.txt
-570.263	../data/gen_spam/dev/gen/gen.76.104.txt
-5922.17	../data/gen_spam/dev/gen/gen.766.115.txt
-601.636	../data/gen_spam/dev/gen/gen.78.008.txt
-597.891	../data/gen_spam/dev/gen/gen.80.066.txt
-6413.07	../data/gen_spam/dev/gen/gen.833.108.txt
-660.905	../data/gen_spam/dev/gen/gen.86.087.txt
-663.341	../data/gen_spam/dev/gen/gen.86.131.txt
-7018.43	../data/gen_spam/dev/gen/gen.872.002.txt
-72.1138	../data/gen_spam/dev/gen/gen.9.076.txt
-662.684	../data/gen_spam/dev/gen/gen.90.085.txt
-634.825	../data/gen_spam/dev/gen/gen.92.135.txt
-673.949	../data/gen_spam/dev/gen/gen.93.134.txt
-718.898	../data/gen_spam/dev/gen/gen.94.113.txt
-732.02	../data/gen_spam/dev/gen/gen.95.050.txt
-676.213	../data/gen_spam/dev/gen/gen.95.128.txt
-7432.62	../data/gen_spam/dev/gen/gen.953.012.txt
-761.193	../data/gen_spam/dev/gen/gen.96.068.txt
-692.46	../data/gen_spam/dev/gen/gen.96.093.txt
-695.772	../data/gen_spam/dev/gen/gen.97.171.txt
-708.01	../data/gen_spam/dev/gen/gen.98.006.txt
-702.946	../data/gen_spam/dev/gen/gen.98.061.txt
Overall cross-entropy:	11.10848 bits per token, total tokens: 48378

============================================================

[Running] python fileprob.py spam_C1_d10.model ../data/gen_spam/dev/spam/*
-86.9266	../data/gen_spam/dev/spam/spam.10.067.txt
-809.032	../data/gen_spam/dev/spam/spam.104.052.txt
-832.315	../data/gen_spam/dev/spam/spam.108.026.txt
-823.803	../data/gen_spam/dev/spam/spam.109.038.txt
-823.803	../data/gen_spam/dev/spam/spam.109.039.txt
-84.1718	../data/gen_spam/dev/spam/spam.11.071.txt
-909.38	../data/gen_spam/dev/spam/spam.115.023.txt
-9190.35	../data/gen_spam/dev/spam/spam.1158.048.txt
-9198.39	../data/gen_spam/dev/spam/spam.1158.049.txt
-914.696	../data/gen_spam/dev/spam/spam.116.047.txt
-920.85	../data/gen_spam/dev/spam/spam.117.016.txt
-909.135	../data/gen_spam/dev/spam/spam.118.051.txt
-937.063	../data/gen_spam/dev/spam/spam.120.063.txt
-892.915	../data/gen_spam/dev/spam/spam.124.082.txt
-892.915	../data/gen_spam/dev/spam/spam.124.088.txt
-910.273	../data/gen_spam/dev/spam/spam.125.090.txt
-916.932	../data/gen_spam/dev/spam/spam.129.034.txt
-1053.42	../data/gen_spam/dev/spam/spam.134.053.txt
-113.395	../data/gen_spam/dev/spam/spam.14.012.txt
-1098.52	../data/gen_spam/dev/spam/spam.149.076.txt
-1169.01	../data/gen_spam/dev/spam/spam.159.080.txt
-120.227	../data/gen_spam/dev/spam/spam.16.019.txt
-1136.45	../data/gen_spam/dev/spam/spam.160.045.txt
-1276.23	../data/gen_spam/dev/spam/spam.161.028.txt
-1227.88	../data/gen_spam/dev/spam/spam.164.017.txt
-1280.92	../data/gen_spam/dev/spam/spam.164.084.txt
-1229.49	../data/gen_spam/dev/spam/spam.165.040.txt
-1240.08	../data/gen_spam/dev/spam/spam.166.060.txt
-1381.09	../data/gen_spam/dev/spam/spam.175.058.txt
-1337.59	../data/gen_spam/dev/spam/spam.178.064.txt
-132.97	../data/gen_spam/dev/spam/spam.18.007.txt
-1382.49	../data/gen_spam/dev/spam/spam.180.062.txt
-1395.34	../data/gen_spam/dev/spam/spam.180.072.txt
-1456.38	../data/gen_spam/dev/spam/spam.183.078.txt
-1479.86	../data/gen_spam/dev/spam/spam.193.070.txt
-1528.5	../data/gen_spam/dev/spam/spam.195.022.txt
-1462.68	../data/gen_spam/dev/spam/spam.198.068.txt
-1472.16	../data/gen_spam/dev/spam/spam.199.075.txt
-159.423	../data/gen_spam/dev/spam/spam.20.009.txt
-1506.55	../data/gen_spam/dev/spam/spam.200.035.txt
-1459.93	../data/gen_spam/dev/spam/spam.201.073.txt
-1571.43	../data/gen_spam/dev/spam/spam.203.069.txt
-1605.5	../data/gen_spam/dev/spam/spam.209.046.txt
-1609.38	../data/gen_spam/dev/spam/spam.214.010.txt
-1655.13	../data/gen_spam/dev/spam/spam.219.018.txt
-1653.85	../data/gen_spam/dev/spam/spam.220.041.txt
-1653.03	../data/gen_spam/dev/spam/spam.220.042.txt
-17153.8	../data/gen_spam/dev/spam/spam.2262.037.txt
-165.849	../data/gen_spam/dev/spam/spam.23.079.txt
-1849.87	../data/gen_spam/dev/spam/spam.239.059.txt
-1871.63	../data/gen_spam/dev/spam/spam.253.089.txt
-2056.01	../data/gen_spam/dev/spam/spam.257.020.txt
-2171.27	../data/gen_spam/dev/spam/spam.272.044.txt
-2230.14	../data/gen_spam/dev/spam/spam.280.085.txt
-2208.74	../data/gen_spam/dev/spam/spam.286.029.txt
-2288.62	../data/gen_spam/dev/spam/spam.293.031.txt
-2290.43	../data/gen_spam/dev/spam/spam.293.033.txt
-2230.14	../data/gen_spam/dev/spam/spam.305.024.txt
-2566.72	../data/gen_spam/dev/spam/spam.325.065.txt
-285.393	../data/gen_spam/dev/spam/spam.35.077.txt
-281.684	../data/gen_spam/dev/spam/spam.36.083.txt
-2822.87	../data/gen_spam/dev/spam/spam.364.013.txt
-2931.63	../data/gen_spam/dev/spam/spam.371.002.txt
-31453.1	../data/gen_spam/dev/spam/spam.4063.061.txt
-35912.7	../data/gen_spam/dev/spam/spam.4516.043.txt
-3613.22	../data/gen_spam/dev/spam/spam.457.054.txt
-35704.6	../data/gen_spam/dev/spam/spam.4635.005.txt
-3850.05	../data/gen_spam/dev/spam/spam.481.066.txt
-42.8262	../data/gen_spam/dev/spam/spam.5.004.txt
-42.8262	../data/gen_spam/dev/spam/spam.5.008.txt
-46.6164	../data/gen_spam/dev/spam/spam.5.030.txt
-416.712	../data/gen_spam/dev/spam/spam.52.032.txt
-439.21	../data/gen_spam/dev/spam/spam.55.006.txt
-4671.81	../data/gen_spam/dev/spam/spam.587.014.txt
-505.249	../data/gen_spam/dev/spam/spam.62.021.txt
-4953.27	../data/gen_spam/dev/spam/spam.621.001.txt
-536.759	../data/gen_spam/dev/spam/spam.69.050.txt
-580.512	../data/gen_spam/dev/spam/spam.73.003.txt
-588.986	../data/gen_spam/dev/spam/spam.78.025.txt
-65.827	../data/gen_spam/dev/spam/spam.8.081.txt
-584.788	../data/gen_spam/dev/spam/spam.80.011.txt
-601.101	../data/gen_spam/dev/spam/spam.81.087.txt
-61755.5	../data/gen_spam/dev/spam/spam.8185.074.txt
-677.725	../data/gen_spam/dev/spam/spam.87.055.txt
-664.647	../data/gen_spam/dev/spam/spam.89.057.txt
-77.8911	../data/gen_spam/dev/spam/spam.9.086.txt
-688.186	../data/gen_spam/dev/spam/spam.91.036.txt
-692.381	../data/gen_spam/dev/spam/spam.92.015.txt
-724.074	../data/gen_spam/dev/spam/spam.94.056.txt
-762.271	../data/gen_spam/dev/spam/spam.98.027.txt
Overall cross-entropy:	11.10068 bits per token, total tokens: 39374

============================================================

[Running] python fileprob.py gen_C5_d10.model ../data/gen_spam/dev/gen/*
-80.6636	../data/gen_spam/dev/gen/gen.10.158.txt
-762.748	../data/gen_spam/dev/gen/gen.101.156.txt
-8069	../data/gen_spam/dev/gen/gen.1026.098.txt
-7870.16	../data/gen_spam/dev/gen/gen.1050.064.txt
-824.7	../data/gen_spam/dev/gen/gen.106.120.txt
-8809.7	../data/gen_spam/dev/gen/gen.1071.116.txt
-824.344	../data/gen_spam/dev/gen/gen.111.119.txt
-840.661	../data/gen_spam/dev/gen/gen.113.142.txt
-867.506	../data/gen_spam/dev/gen/gen.115.040.txt
-836.03	../data/gen_spam/dev/gen/gen.115.169.txt
-805.697	../data/gen_spam/dev/gen/gen.116.154.txt
-9435.8	../data/gen_spam/dev/gen/gen.1165.139.txt
-898.913	../data/gen_spam/dev/gen/gen.118.029.txt
-8948.4	../data/gen_spam/dev/gen/gen.1208.180.txt
-9677.86	../data/gen_spam/dev/gen/gen.1209.083.txt
-893.541	../data/gen_spam/dev/gen/gen.121.009.txt
-926.991	../data/gen_spam/dev/gen/gen.121.175.txt
-914.128	../data/gen_spam/dev/gen/gen.124.007.txt
-955.879	../data/gen_spam/dev/gen/gen.128.099.txt
-992.921	../data/gen_spam/dev/gen/gen.128.167.txt
-964.711	../data/gen_spam/dev/gen/gen.129.166.txt
-9618.28	../data/gen_spam/dev/gen/gen.1290.117.txt
-982.281	../data/gen_spam/dev/gen/gen.130.030.txt
-947.701	../data/gen_spam/dev/gen/gen.131.110.txt
-969.041	../data/gen_spam/dev/gen/gen.132.001.txt
-969.166	../data/gen_spam/dev/gen/gen.135.019.txt
-10831.5	../data/gen_spam/dev/gen/gen.1355.129.txt
-11266.9	../data/gen_spam/dev/gen/gen.1388.063.txt
-1033.75	../data/gen_spam/dev/gen/gen.141.071.txt
-1102.84	../data/gen_spam/dev/gen/gen.142.159.txt
-1050.48	../data/gen_spam/dev/gen/gen.147.021.txt
-1141.26	../data/gen_spam/dev/gen/gen.147.045.txt
-1065.58	../data/gen_spam/dev/gen/gen.147.077.txt
-1129.44	../data/gen_spam/dev/gen/gen.152.126.txt
-1165.45	../data/gen_spam/dev/gen/gen.153.125.txt
-1227.09	../data/gen_spam/dev/gen/gen.154.149.txt
-1258.74	../data/gen_spam/dev/gen/gen.159.069.txt
-113.683	../data/gen_spam/dev/gen/gen.16.157.txt
-1169.66	../data/gen_spam/dev/gen/gen.160.097.txt
-1264.87	../data/gen_spam/dev/gen/gen.161.150.txt
-1128.72	../data/gen_spam/dev/gen/gen.163.141.txt
-1352.61	../data/gen_spam/dev/gen/gen.168.144.txt
-1288.51	../data/gen_spam/dev/gen/gen.168.152.txt
-1292.08	../data/gen_spam/dev/gen/gen.170.086.txt
-13546.2	../data/gen_spam/dev/gen/gen.1715.005.txt
-1319.1	../data/gen_spam/dev/gen/gen.173.132.txt
-1333.91	../data/gen_spam/dev/gen/gen.174.067.txt
-1339.62	../data/gen_spam/dev/gen/gen.178.073.txt
-1265.81	../data/gen_spam/dev/gen/gen.181.078.txt
-1401.77	../data/gen_spam/dev/gen/gen.187.173.txt
-1315.59	../data/gen_spam/dev/gen/gen.190.155.txt
-1456.22	../data/gen_spam/dev/gen/gen.195.065.txt
-1534.63	../data/gen_spam/dev/gen/gen.197.174.txt
-146.304	../data/gen_spam/dev/gen/gen.20.059.txt
-146.091	../data/gen_spam/dev/gen/gen.21.179.txt
-1691.23	../data/gen_spam/dev/gen/gen.211.094.txt
-1627.52	../data/gen_spam/dev/gen/gen.218.049.txt
-162.342	../data/gen_spam/dev/gen/gen.22.022.txt
-1624.26	../data/gen_spam/dev/gen/gen.221.053.txt
-1695.23	../data/gen_spam/dev/gen/gen.222.089.txt
-1679.78	../data/gen_spam/dev/gen/gen.230.024.txt
-1803.48	../data/gen_spam/dev/gen/gen.231.140.txt
-1784.65	../data/gen_spam/dev/gen/gen.234.151.txt
-1893.97	../data/gen_spam/dev/gen/gen.236.095.txt
-1835.87	../data/gen_spam/dev/gen/gen.236.137.txt
-184.447	../data/gen_spam/dev/gen/gen.24.010.txt
-174.842	../data/gen_spam/dev/gen/gen.24.042.txt
-184.744	../data/gen_spam/dev/gen/gen.24.090.txt
-1959.48	../data/gen_spam/dev/gen/gen.240.172.txt
-180.483	../data/gen_spam/dev/gen/gen.25.011.txt
-2000.19	../data/gen_spam/dev/gen/gen.257.122.txt
-2159.52	../data/gen_spam/dev/gen/gen.266.054.txt
-2036.64	../data/gen_spam/dev/gen/gen.266.130.txt
-2011.47	../data/gen_spam/dev/gen/gen.267.026.txt
-2091.63	../data/gen_spam/dev/gen/gen.268.020.txt
-2130.67	../data/gen_spam/dev/gen/gen.268.038.txt
-205.42	../data/gen_spam/dev/gen/gen.27.025.txt
-212.041	../data/gen_spam/dev/gen/gen.27.047.txt
-2156.51	../data/gen_spam/dev/gen/gen.275.133.txt
-2063.92	../data/gen_spam/dev/gen/gen.276.102.txt
-203.263	../data/gen_spam/dev/gen/gen.28.072.txt
-2024.58	../data/gen_spam/dev/gen/gen.280.013.txt
-2181.61	../data/gen_spam/dev/gen/gen.283.105.txt
-2088.36	../data/gen_spam/dev/gen/gen.283.170.txt
-221.798	../data/gen_spam/dev/gen/gen.29.018.txt
-2214.69	../data/gen_spam/dev/gen/gen.290.035.txt
-2202.46	../data/gen_spam/dev/gen/gen.299.092.txt
-218.82	../data/gen_spam/dev/gen/gen.30.176.txt
-2406.35	../data/gen_spam/dev/gen/gen.300.074.txt
-2358.54	../data/gen_spam/dev/gen/gen.302.039.txt
-2295.33	../data/gen_spam/dev/gen/gen.302.168.txt
-2349.83	../data/gen_spam/dev/gen/gen.305.034.txt
-2321.29	../data/gen_spam/dev/gen/gen.316.052.txt
-2464.67	../data/gen_spam/dev/gen/gen.320.147.txt
-2613.32	../data/gen_spam/dev/gen/gen.322.100.txt
-2497.4	../data/gen_spam/dev/gen/gen.327.112.txt
-2467.57	../data/gen_spam/dev/gen/gen.328.145.txt
-236.61	../data/gen_spam/dev/gen/gen.33.060.txt
-2553.28	../data/gen_spam/dev/gen/gen.331.017.txt
-2607.2	../data/gen_spam/dev/gen/gen.331.177.txt
-233.701	../data/gen_spam/dev/gen/gen.34.032.txt
-2641.9	../data/gen_spam/dev/gen/gen.340.046.txt
-2711.62	../data/gen_spam/dev/gen/gen.345.015.txt
-2538.55	../data/gen_spam/dev/gen/gen.345.023.txt
-268.097	../data/gen_spam/dev/gen/gen.35.084.txt
-243.494	../data/gen_spam/dev/gen/gen.35.118.txt
-2858.52	../data/gen_spam/dev/gen/gen.354.057.txt
-2850.26	../data/gen_spam/dev/gen/gen.363.036.txt
-2788.76	../data/gen_spam/dev/gen/gen.368.106.txt
-270.995	../data/gen_spam/dev/gen/gen.37.062.txt
-2962.31	../data/gen_spam/dev/gen/gen.371.123.txt
-300.049	../data/gen_spam/dev/gen/gen.38.161.txt
-310.638	../data/gen_spam/dev/gen/gen.39.051.txt
-309.764	../data/gen_spam/dev/gen/gen.40.162.txt
-3218.54	../data/gen_spam/dev/gen/gen.404.016.txt
-3458.77	../data/gen_spam/dev/gen/gen.433.101.txt
-300.652	../data/gen_spam/dev/gen/gen.44.160.txt
-3490.01	../data/gen_spam/dev/gen/gen.445.080.txt
-3425.23	../data/gen_spam/dev/gen/gen.447.031.txt
-3423.81	../data/gen_spam/dev/gen/gen.448.111.txt
-3429.19	../data/gen_spam/dev/gen/gen.449.056.txt
-355.575	../data/gen_spam/dev/gen/gen.45.075.txt
-3453.34	../data/gen_spam/dev/gen/gen.451.163.txt
-382.957	../data/gen_spam/dev/gen/gen.47.070.txt
-338.169	../data/gen_spam/dev/gen/gen.47.178.txt
-3579.58	../data/gen_spam/dev/gen/gen.471.027.txt
-354.44	../data/gen_spam/dev/gen/gen.48.165.txt
-3867.17	../data/gen_spam/dev/gen/gen.492.121.txt
-359.958	../data/gen_spam/dev/gen/gen.50.004.txt
-342.586	../data/gen_spam/dev/gen/gen.50.033.txt
-380.868	../data/gen_spam/dev/gen/gen.51.146.txt
-4163.44	../data/gen_spam/dev/gen/gen.526.028.txt
-4169.16	../data/gen_spam/dev/gen/gen.532.148.txt
-4316.81	../data/gen_spam/dev/gen/gen.551.044.txt
-444.366	../data/gen_spam/dev/gen/gen.56.103.txt
-445.103	../data/gen_spam/dev/gen/gen.57.043.txt
-4468.08	../data/gen_spam/dev/gen/gen.571.003.txt
-428.395	../data/gen_spam/dev/gen/gen.59.138.txt
-441.439	../data/gen_spam/dev/gen/gen.60.109.txt
-436.598	../data/gen_spam/dev/gen/gen.60.114.txt
-411.261	../data/gen_spam/dev/gen/gen.60.136.txt
-468.108	../data/gen_spam/dev/gen/gen.63.107.txt
-490.887	../data/gen_spam/dev/gen/gen.64.153.txt
-5206.82	../data/gen_spam/dev/gen/gen.643.127.txt
-501.054	../data/gen_spam/dev/gen/gen.65.096.txt
-5130.98	../data/gen_spam/dev/gen/gen.654.079.txt
-498.011	../data/gen_spam/dev/gen/gen.66.082.txt
-458.993	../data/gen_spam/dev/gen/gen.66.091.txt
-483.501	../data/gen_spam/dev/gen/gen.66.143.txt
-5333.33	../data/gen_spam/dev/gen/gen.660.055.txt
-4923.95	../data/gen_spam/dev/gen/gen.660.088.txt
-5239.67	../data/gen_spam/dev/gen/gen.680.164.txt
-560.537	../data/gen_spam/dev/gen/gen.69.124.txt
-514.051	../data/gen_spam/dev/gen/gen.70.037.txt
-5299.2	../data/gen_spam/dev/gen/gen.700.048.txt
-485.13	../data/gen_spam/dev/gen/gen.71.041.txt
-5575.04	../data/gen_spam/dev/gen/gen.713.014.txt
-514.359	../data/gen_spam/dev/gen/gen.72.058.txt
-581.148	../data/gen_spam/dev/gen/gen.76.081.txt
-570.265	../data/gen_spam/dev/gen/gen.76.104.txt
-5922.21	../data/gen_spam/dev/gen/gen.766.115.txt
-601.638	../data/gen_spam/dev/gen/gen.78.008.txt
-597.892	../data/gen_spam/dev/gen/gen.80.066.txt
-6413.13	../data/gen_spam/dev/gen/gen.833.108.txt
-660.905	../data/gen_spam/dev/gen/gen.86.087.txt
-663.341	../data/gen_spam/dev/gen/gen.86.131.txt
-7018.46	../data/gen_spam/dev/gen/gen.872.002.txt
-72.1148	../data/gen_spam/dev/gen/gen.9.076.txt
-662.685	../data/gen_spam/dev/gen/gen.90.085.txt
-634.829	../data/gen_spam/dev/gen/gen.92.135.txt
-673.949	../data/gen_spam/dev/gen/gen.93.134.txt
-718.9	../data/gen_spam/dev/gen/gen.94.113.txt
-732.022	../data/gen_spam/dev/gen/gen.95.050.txt
-676.217	../data/gen_spam/dev/gen/gen.95.128.txt
-7432.65	../data/gen_spam/dev/gen/gen.953.012.txt
-761.193	../data/gen_spam/dev/gen/gen.96.068.txt
-692.465	../data/gen_spam/dev/gen/gen.96.093.txt
-695.775	../data/gen_spam/dev/gen/gen.97.171.txt
-708.011	../data/gen_spam/dev/gen/gen.98.006.txt
-702.949	../data/gen_spam/dev/gen/gen.98.061.txt
Overall cross-entropy:	11.10853 bits per token, total tokens: 48378

============================================================

[Running] python fileprob.py spam_C5_d10.model ../data/gen_spam/dev/spam/*
-86.9267	../data/gen_spam/dev/spam/spam.10.067.txt
-809.036	../data/gen_spam/dev/spam/spam.104.052.txt
-832.319	../data/gen_spam/dev/spam/spam.108.026.txt
-823.808	../data/gen_spam/dev/spam/spam.109.038.txt
-823.808	../data/gen_spam/dev/spam/spam.109.039.txt
-84.1729	../data/gen_spam/dev/spam/spam.11.071.txt
-909.384	../data/gen_spam/dev/spam/spam.115.023.txt
-9190.36	../data/gen_spam/dev/spam/spam.1158.048.txt
-9198.4	../data/gen_spam/dev/spam/spam.1158.049.txt
-914.698	../data/gen_spam/dev/spam/spam.116.047.txt
-920.852	../data/gen_spam/dev/spam/spam.117.016.txt
-909.138	../data/gen_spam/dev/spam/spam.118.051.txt
-937.068	../data/gen_spam/dev/spam/spam.120.063.txt
-892.923	../data/gen_spam/dev/spam/spam.124.082.txt
-892.923	../data/gen_spam/dev/spam/spam.124.088.txt
-910.28	../data/gen_spam/dev/spam/spam.125.090.txt
-916.941	../data/gen_spam/dev/spam/spam.129.034.txt
-1053.42	../data/gen_spam/dev/spam/spam.134.053.txt
-113.396	../data/gen_spam/dev/spam/spam.14.012.txt
-1098.53	../data/gen_spam/dev/spam/spam.149.076.txt
-1169.01	../data/gen_spam/dev/spam/spam.159.080.txt
-120.228	../data/gen_spam/dev/spam/spam.16.019.txt
-1136.47	../data/gen_spam/dev/spam/spam.160.045.txt
-1276.24	../data/gen_spam/dev/spam/spam.161.028.txt
-1227.88	../data/gen_spam/dev/spam/spam.164.017.txt
-1280.92	../data/gen_spam/dev/spam/spam.164.084.txt
-1229.5	../data/gen_spam/dev/spam/spam.165.040.txt
-1240.09	../data/gen_spam/dev/spam/spam.166.060.txt
-1381.09	../data/gen_spam/dev/spam/spam.175.058.txt
-1337.59	../data/gen_spam/dev/spam/spam.178.064.txt
-132.972	../data/gen_spam/dev/spam/spam.18.007.txt
-1382.5	../data/gen_spam/dev/spam/spam.180.062.txt
-1395.35	../data/gen_spam/dev/spam/spam.180.072.txt
-1456.38	../data/gen_spam/dev/spam/spam.183.078.txt
-1479.87	../data/gen_spam/dev/spam/spam.193.070.txt
-1528.51	../data/gen_spam/dev/spam/spam.195.022.txt
-1462.68	../data/gen_spam/dev/spam/spam.198.068.txt
-1472.15	../data/gen_spam/dev/spam/spam.199.075.txt
-159.424	../data/gen_spam/dev/spam/spam.20.009.txt
-1506.56	../data/gen_spam/dev/spam/spam.200.035.txt
-1459.92	../data/gen_spam/dev/spam/spam.201.073.txt
-1571.44	../data/gen_spam/dev/spam/spam.203.069.txt
-1605.51	../data/gen_spam/dev/spam/spam.209.046.txt
-1609.39	../data/gen_spam/dev/spam/spam.214.010.txt
-1655.13	../data/gen_spam/dev/spam/spam.219.018.txt
-1653.86	../data/gen_spam/dev/spam/spam.220.041.txt
-1653.04	../data/gen_spam/dev/spam/spam.220.042.txt
-17153.8	../data/gen_spam/dev/spam/spam.2262.037.txt
-165.851	../data/gen_spam/dev/spam/spam.23.079.txt
-1849.88	../data/gen_spam/dev/spam/spam.239.059.txt
-1871.64	../data/gen_spam/dev/spam/spam.253.089.txt
-2056.01	../data/gen_spam/dev/spam/spam.257.020.txt
-2171.27	../data/gen_spam/dev/spam/spam.272.044.txt
-2230.15	../data/gen_spam/dev/spam/spam.280.085.txt
-2208.75	../data/gen_spam/dev/spam/spam.286.029.txt
-2288.63	../data/gen_spam/dev/spam/spam.293.031.txt
-2290.43	../data/gen_spam/dev/spam/spam.293.033.txt
-2230.15	../data/gen_spam/dev/spam/spam.305.024.txt
-2566.73	../data/gen_spam/dev/spam/spam.325.065.txt
-285.394	../data/gen_spam/dev/spam/spam.35.077.txt
-281.685	../data/gen_spam/dev/spam/spam.36.083.txt
-2822.88	../data/gen_spam/dev/spam/spam.364.013.txt
-2931.64	../data/gen_spam/dev/spam/spam.371.002.txt
-31453.2	../data/gen_spam/dev/spam/spam.4063.061.txt
-35912.9	../data/gen_spam/dev/spam/spam.4516.043.txt
-3613.23	../data/gen_spam/dev/spam/spam.457.054.txt
-35704.7	../data/gen_spam/dev/spam/spam.4635.005.txt
-3850.05	../data/gen_spam/dev/spam/spam.481.066.txt
-42.8266	../data/gen_spam/dev/spam/spam.5.004.txt
-42.8266	../data/gen_spam/dev/spam/spam.5.008.txt
-46.6165	../data/gen_spam/dev/spam/spam.5.030.txt
-416.713	../data/gen_spam/dev/spam/spam.52.032.txt
-439.21	../data/gen_spam/dev/spam/spam.55.006.txt
-4671.82	../data/gen_spam/dev/spam/spam.587.014.txt
-505.249	../data/gen_spam/dev/spam/spam.62.021.txt
-4953.28	../data/gen_spam/dev/spam/spam.621.001.txt
-536.758	../data/gen_spam/dev/spam/spam.69.050.txt
-580.511	../data/gen_spam/dev/spam/spam.73.003.txt
-588.988	../data/gen_spam/dev/spam/spam.78.025.txt
-65.8272	../data/gen_spam/dev/spam/spam.8.081.txt
-584.793	../data/gen_spam/dev/spam/spam.80.011.txt
-601.101	../data/gen_spam/dev/spam/spam.81.087.txt
-61755.9	../data/gen_spam/dev/spam/spam.8185.074.txt
-677.724	../data/gen_spam/dev/spam/spam.87.055.txt
-664.653	../data/gen_spam/dev/spam/spam.89.057.txt
-77.8915	../data/gen_spam/dev/spam/spam.9.086.txt
-688.188	../data/gen_spam/dev/spam/spam.91.036.txt
-692.385	../data/gen_spam/dev/spam/spam.92.015.txt
-724.077	../data/gen_spam/dev/spam/spam.94.056.txt
-762.273	../data/gen_spam/dev/spam/spam.98.027.txt
Overall cross-entropy:	11.10072 bits per token, total tokens: 39374

============================================================

All evaluations finished.
