==== Cross-Entropy Evaluation for English/Spanish ====

[Running] python fileprob.py en_C0.5_d10.model ../data/english_spanish/dev/english/*/* --device cuda
-46.7326	../data/english_spanish/dev/english/length-10/en.10.00
-46.391	../data/english_spanish/dev/english/length-10/en.10.01
-47.9898	../data/english_spanish/dev/english/length-10/en.10.02
-48.1362	../data/english_spanish/dev/english/length-10/en.10.03
-44.1444	../data/english_spanish/dev/english/length-10/en.10.04
-42.4616	../data/english_spanish/dev/english/length-10/en.10.05
-43.2608	../data/english_spanish/dev/english/length-10/en.10.06
-46.1972	../data/english_spanish/dev/english/length-10/en.10.07
-47.9898	../data/english_spanish/dev/english/length-10/en.10.08
-47.7525	../data/english_spanish/dev/english/length-10/en.10.09
-42.6076	../data/english_spanish/dev/english/length-10/en.10.10
-47.8957	../data/english_spanish/dev/english/length-10/en.10.11
-46.8976	../data/english_spanish/dev/english/length-10/en.10.12
-46.1668	../data/english_spanish/dev/english/length-10/en.10.13
-46.8889	../data/english_spanish/dev/english/length-10/en.10.14
-48.2688	../data/english_spanish/dev/english/length-10/en.10.15
-44.5325	../data/english_spanish/dev/english/length-10/en.10.16
-48.0999	../data/english_spanish/dev/english/length-10/en.10.17
-47.0512	../data/english_spanish/dev/english/length-10/en.10.18
-47.9898	../data/english_spanish/dev/english/length-10/en.10.19
-443.853	../data/english_spanish/dev/english/length-100/en.100.00
-441.238	../data/english_spanish/dev/english/length-100/en.100.01
-435.839	../data/english_spanish/dev/english/length-100/en.100.02
-418.178	../data/english_spanish/dev/english/length-100/en.100.03
-445.123	../data/english_spanish/dev/english/length-100/en.100.04
-446.429	../data/english_spanish/dev/english/length-100/en.100.05
-420.481	../data/english_spanish/dev/english/length-100/en.100.06
-442.263	../data/english_spanish/dev/english/length-100/en.100.07
-446.427	../data/english_spanish/dev/english/length-100/en.100.08
-420.242	../data/english_spanish/dev/english/length-100/en.100.09
-437.408	../data/english_spanish/dev/english/length-100/en.100.10
-429.025	../data/english_spanish/dev/english/length-100/en.100.11
-419.852	../data/english_spanish/dev/english/length-100/en.100.12
-441.012	../data/english_spanish/dev/english/length-100/en.100.13
-437.762	../data/english_spanish/dev/english/length-100/en.100.14
-434.588	../data/english_spanish/dev/english/length-100/en.100.15
-444.522	../data/english_spanish/dev/english/length-100/en.100.16
-441.625	../data/english_spanish/dev/english/length-100/en.100.17
-389.678	../data/english_spanish/dev/english/length-100/en.100.18
-440.59	../data/english_spanish/dev/english/length-100/en.100.19
-86.1069	../data/english_spanish/dev/english/length-20/en.20.00
-87.073	../data/english_spanish/dev/english/length-20/en.20.01
-87.975	../data/english_spanish/dev/english/length-20/en.20.02
-69.8606	../data/english_spanish/dev/english/length-20/en.20.03
-86.4074	../data/english_spanish/dev/english/length-20/en.20.04
-89.818	../data/english_spanish/dev/english/length-20/en.20.05
-91.9778	../data/english_spanish/dev/english/length-20/en.20.06
-90.2109	../data/english_spanish/dev/english/length-20/en.20.07
-71.3719	../data/english_spanish/dev/english/length-20/en.20.08
-89.0163	../data/english_spanish/dev/english/length-20/en.20.09
-90.1339	../data/english_spanish/dev/english/length-20/en.20.10
-90.9171	../data/english_spanish/dev/english/length-20/en.20.11
-88.5997	../data/english_spanish/dev/english/length-20/en.20.12
-89.4806	../data/english_spanish/dev/english/length-20/en.20.13
-85.0673	../data/english_spanish/dev/english/length-20/en.20.14
-89.4604	../data/english_spanish/dev/english/length-20/en.20.15
-86.6159	../data/english_spanish/dev/english/length-20/en.20.16
-89.1348	../data/english_spanish/dev/english/length-20/en.20.17
-90.6132	../data/english_spanish/dev/english/length-20/en.20.18
-65.875	../data/english_spanish/dev/english/length-20/en.20.19
-878.681	../data/english_spanish/dev/english/length-200/en.200.00
-877.531	../data/english_spanish/dev/english/length-200/en.200.01
-888.555	../data/english_spanish/dev/english/length-200/en.200.02
-856.256	../data/english_spanish/dev/english/length-200/en.200.03
-859.748	../data/english_spanish/dev/english/length-200/en.200.04
-813.484	../data/english_spanish/dev/english/length-200/en.200.05
-884.053	../data/english_spanish/dev/english/length-200/en.200.06
-880.449	../data/english_spanish/dev/english/length-200/en.200.07
-856.3	../data/english_spanish/dev/english/length-200/en.200.08
-885.595	../data/english_spanish/dev/english/length-200/en.200.09
-884.761	../data/english_spanish/dev/english/length-200/en.200.10
-886.902	../data/english_spanish/dev/english/length-200/en.200.11
-777.239	../data/english_spanish/dev/english/length-200/en.200.12
-879.981	../data/english_spanish/dev/english/length-200/en.200.13
-862.272	../data/english_spanish/dev/english/length-200/en.200.14
-888.063	../data/english_spanish/dev/english/length-200/en.200.15
-849.164	../data/english_spanish/dev/english/length-200/en.200.16
-862.175	../data/english_spanish/dev/english/length-200/en.200.17
-883.346	../data/english_spanish/dev/english/length-200/en.200.18
-867.271	../data/english_spanish/dev/english/length-200/en.200.19
-224.973	../data/english_spanish/dev/english/length-50/en.50.00
-217.958	../data/english_spanish/dev/english/length-50/en.50.01
-222.357	../data/english_spanish/dev/english/length-50/en.50.02
-222.439	../data/english_spanish/dev/english/length-50/en.50.03
-220.752	../data/english_spanish/dev/english/length-50/en.50.04
-222.646	../data/english_spanish/dev/english/length-50/en.50.05
-205.323	../data/english_spanish/dev/english/length-50/en.50.06
-221.234	../data/english_spanish/dev/english/length-50/en.50.07
-190.337	../data/english_spanish/dev/english/length-50/en.50.08
-223.852	../data/english_spanish/dev/english/length-50/en.50.09
-218.057	../data/english_spanish/dev/english/length-50/en.50.10
-221.623	../data/english_spanish/dev/english/length-50/en.50.11
-216.671	../data/english_spanish/dev/english/length-50/en.50.12
-197.401	../data/english_spanish/dev/english/length-50/en.50.13
-219.697	../data/english_spanish/dev/english/length-50/en.50.14
-223.556	../data/english_spanish/dev/english/length-50/en.50.15
-225.884	../data/english_spanish/dev/english/length-50/en.50.16
-204.476	../data/english_spanish/dev/english/length-50/en.50.17
-219.385	../data/english_spanish/dev/english/length-50/en.50.18
-221.085	../data/english_spanish/dev/english/length-50/en.50.19
-2105.61	../data/english_spanish/dev/english/length-500/en.500.00
-2195.71	../data/english_spanish/dev/english/length-500/en.500.01
-2113	../data/english_spanish/dev/english/length-500/en.500.02
-2183.26	../data/english_spanish/dev/english/length-500/en.500.03
-2217.63	../data/english_spanish/dev/english/length-500/en.500.04
-1905.57	../data/english_spanish/dev/english/length-500/en.500.05
-2186.86	../data/english_spanish/dev/english/length-500/en.500.06
-2185.17	../data/english_spanish/dev/english/length-500/en.500.07
-2153.96	../data/english_spanish/dev/english/length-500/en.500.08
-2165.58	../data/english_spanish/dev/english/length-500/en.500.09
-2166.65	../data/english_spanish/dev/english/length-500/en.500.10
-2185.17	../data/english_spanish/dev/english/length-500/en.500.11
-2051.77	../data/english_spanish/dev/english/length-500/en.500.12
-2177.93	../data/english_spanish/dev/english/length-500/en.500.13
-2214.41	../data/english_spanish/dev/english/length-500/en.500.14
-2048.54	../data/english_spanish/dev/english/length-500/en.500.15
-2185.15	../data/english_spanish/dev/english/length-500/en.500.16
-2182.64	../data/english_spanish/dev/english/length-500/en.500.17
-2206.03	../data/english_spanish/dev/english/length-500/en.500.18
-2205.34	../data/english_spanish/dev/english/length-500/en.500.19
Overall cross-entropy:	6.18726 bits per token, total tokens: 17725

============================================================
[Running] python fileprob.py sp_C0.5_d10.model ../data/english_spanish/dev/spanish/*/* --device cuda
-43.5918	../data/english_spanish/dev/spanish/length-10/sp.10.00
-47.4821	../data/english_spanish/dev/spanish/length-10/sp.10.01
-46.0097	../data/english_spanish/dev/spanish/length-10/sp.10.02
-45.4243	../data/english_spanish/dev/spanish/length-10/sp.10.03
-47.9348	../data/english_spanish/dev/spanish/length-10/sp.10.04
-45.8486	../data/english_spanish/dev/spanish/length-10/sp.10.05
-46.2837	../data/english_spanish/dev/spanish/length-10/sp.10.06
-45.7401	../data/english_spanish/dev/spanish/length-10/sp.10.07
-47.9748	../data/english_spanish/dev/spanish/length-10/sp.10.08
-44.4278	../data/english_spanish/dev/spanish/length-10/sp.10.09
-47.545	../data/english_spanish/dev/spanish/length-10/sp.10.10
-47.2488	../data/english_spanish/dev/spanish/length-10/sp.10.11
-48.3772	../data/english_spanish/dev/spanish/length-10/sp.10.12
-44.7807	../data/english_spanish/dev/spanish/length-10/sp.10.13
-48.2238	../data/english_spanish/dev/spanish/length-10/sp.10.14
-46.7912	../data/english_spanish/dev/spanish/length-10/sp.10.15
-47.3705	../data/english_spanish/dev/spanish/length-10/sp.10.16
-48.4713	../data/english_spanish/dev/spanish/length-10/sp.10.17
-48.2238	../data/english_spanish/dev/spanish/length-10/sp.10.18
-46.4839	../data/english_spanish/dev/spanish/length-10/sp.10.19
-441.751	../data/english_spanish/dev/spanish/length-100/sp.100.00
-347.988	../data/english_spanish/dev/spanish/length-100/sp.100.01
-435.719	../data/english_spanish/dev/spanish/length-100/sp.100.02
-419.616	../data/english_spanish/dev/spanish/length-100/sp.100.03
-422.373	../data/english_spanish/dev/spanish/length-100/sp.100.04
-376.167	../data/english_spanish/dev/spanish/length-100/sp.100.05
-445.954	../data/english_spanish/dev/spanish/length-100/sp.100.06
-431.057	../data/english_spanish/dev/spanish/length-100/sp.100.07
-442.158	../data/english_spanish/dev/spanish/length-100/sp.100.08
-433.904	../data/english_spanish/dev/spanish/length-100/sp.100.09
-441.266	../data/english_spanish/dev/spanish/length-100/sp.100.10
-279.178	../data/english_spanish/dev/spanish/length-100/sp.100.11
-445.176	../data/english_spanish/dev/spanish/length-100/sp.100.12
-440.956	../data/english_spanish/dev/spanish/length-100/sp.100.13
-447.715	../data/english_spanish/dev/spanish/length-100/sp.100.14
-442.806	../data/english_spanish/dev/spanish/length-100/sp.100.15
-374.939	../data/english_spanish/dev/spanish/length-100/sp.100.16
-442.593	../data/english_spanish/dev/spanish/length-100/sp.100.17
-437.472	../data/english_spanish/dev/spanish/length-100/sp.100.19
-86.0177	../data/english_spanish/dev/spanish/length-20/sp.20.00
-86.4704	../data/english_spanish/dev/spanish/length-20/sp.20.01
-78.8472	../data/english_spanish/dev/spanish/length-20/sp.20.02
-89.8712	../data/english_spanish/dev/spanish/length-20/sp.20.03
-87.642	../data/english_spanish/dev/spanish/length-20/sp.20.04
-89.4357	../data/english_spanish/dev/spanish/length-20/sp.20.05
-88.9544	../data/english_spanish/dev/spanish/length-20/sp.20.06
-87.5649	../data/english_spanish/dev/spanish/length-20/sp.20.07
-88.9939	../data/english_spanish/dev/spanish/length-20/sp.20.08
-93.3591	../data/english_spanish/dev/spanish/length-20/sp.20.09
-86.9294	../data/english_spanish/dev/spanish/length-20/sp.20.10
-73.8495	../data/english_spanish/dev/spanish/length-20/sp.20.11
-93.4021	../data/english_spanish/dev/spanish/length-20/sp.20.12
-88.8139	../data/english_spanish/dev/spanish/length-20/sp.20.13
-90.9482	../data/english_spanish/dev/spanish/length-20/sp.20.14
-82.8293	../data/english_spanish/dev/spanish/length-20/sp.20.15
-53.2453	../data/english_spanish/dev/spanish/length-20/sp.20.16
-86.4941	../data/english_spanish/dev/spanish/length-20/sp.20.17
-86.2369	../data/english_spanish/dev/spanish/length-20/sp.20.18
-61.8676	../data/english_spanish/dev/spanish/length-20/sp.20.19
-876.845	../data/english_spanish/dev/spanish/length-200/sp.200.00
-832.998	../data/english_spanish/dev/spanish/length-200/sp.200.01
-867.621	../data/english_spanish/dev/spanish/length-200/sp.200.02
-632.527	../data/english_spanish/dev/spanish/length-200/sp.200.03
-889.142	../data/english_spanish/dev/spanish/length-200/sp.200.04
-875.892	../data/english_spanish/dev/spanish/length-200/sp.200.05
-876.276	../data/english_spanish/dev/spanish/length-200/sp.200.06
-885.451	../data/english_spanish/dev/spanish/length-200/sp.200.07
-872.69	../data/english_spanish/dev/spanish/length-200/sp.200.08
-880.395	../data/english_spanish/dev/spanish/length-200/sp.200.09
-791.055	../data/english_spanish/dev/spanish/length-200/sp.200.10
-890.345	../data/english_spanish/dev/spanish/length-200/sp.200.11
-870.432	../data/english_spanish/dev/spanish/length-200/sp.200.12
-881.003	../data/english_spanish/dev/spanish/length-200/sp.200.13
-879.456	../data/english_spanish/dev/spanish/length-200/sp.200.14
-859.383	../data/english_spanish/dev/spanish/length-200/sp.200.15
-868.18	../data/english_spanish/dev/spanish/length-200/sp.200.16
-869.385	../data/english_spanish/dev/spanish/length-200/sp.200.17
-842.47	../data/english_spanish/dev/spanish/length-200/sp.200.18
-879.74	../data/english_spanish/dev/spanish/length-200/sp.200.19
-223.706	../data/english_spanish/dev/spanish/length-50/sp.50.00
-214.518	../data/english_spanish/dev/spanish/length-50/sp.50.01
-221.047	../data/english_spanish/dev/spanish/length-50/sp.50.02
-218.249	../data/english_spanish/dev/spanish/length-50/sp.50.03
-203.31	../data/english_spanish/dev/spanish/length-50/sp.50.04
-216.798	../data/english_spanish/dev/spanish/length-50/sp.50.05
-202.827	../data/english_spanish/dev/spanish/length-50/sp.50.06
-221.962	../data/english_spanish/dev/spanish/length-50/sp.50.07
-218.14	../data/english_spanish/dev/spanish/length-50/sp.50.08
-225.104	../data/english_spanish/dev/spanish/length-50/sp.50.09
-212.356	../data/english_spanish/dev/spanish/length-50/sp.50.10
-222.915	../data/english_spanish/dev/spanish/length-50/sp.50.11
-215.899	../data/english_spanish/dev/spanish/length-50/sp.50.12
-221.994	../data/english_spanish/dev/spanish/length-50/sp.50.13
-216.409	../data/english_spanish/dev/spanish/length-50/sp.50.14
-184.551	../data/english_spanish/dev/spanish/length-50/sp.50.15
-223.283	../data/english_spanish/dev/spanish/length-50/sp.50.16
-220.918	../data/english_spanish/dev/spanish/length-50/sp.50.17
-224.673	../data/english_spanish/dev/spanish/length-50/sp.50.18
-218.52	../data/english_spanish/dev/spanish/length-50/sp.50.19
-2208.23	../data/english_spanish/dev/spanish/length-500/sp.500.00
-1940.76	../data/english_spanish/dev/spanish/length-500/sp.500.01
-2177.37	../data/english_spanish/dev/spanish/length-500/sp.500.02
-2172.25	../data/english_spanish/dev/spanish/length-500/sp.500.03
-2113.65	../data/english_spanish/dev/spanish/length-500/sp.500.04
-2137.54	../data/english_spanish/dev/spanish/length-500/sp.500.05
-2124.44	../data/english_spanish/dev/spanish/length-500/sp.500.06
-2204.54	../data/english_spanish/dev/spanish/length-500/sp.500.07
-2079.22	../data/english_spanish/dev/spanish/length-500/sp.500.08
-2041.95	../data/english_spanish/dev/spanish/length-500/sp.500.09
-2202.79	../data/english_spanish/dev/spanish/length-500/sp.500.10
-2162.02	../data/english_spanish/dev/spanish/length-500/sp.500.11
-2166.9	../data/english_spanish/dev/spanish/length-500/sp.500.12
-2162.6	../data/english_spanish/dev/spanish/length-500/sp.500.13
-2204.24	../data/english_spanish/dev/spanish/length-500/sp.500.14
-2160.54	../data/english_spanish/dev/spanish/length-500/sp.500.15
-2173.48	../data/english_spanish/dev/spanish/length-500/sp.500.16
-2191.31	../data/english_spanish/dev/spanish/length-500/sp.500.17
-2152.05	../data/english_spanish/dev/spanish/length-500/sp.500.18
-1856.77	../data/english_spanish/dev/spanish/length-500/sp.500.19
Overall cross-entropy:	6.16612 bits per token, total tokens: 17465

============================================================
[Running] python fileprob.py en_C0.5_d50.model ../data/english_spanish/dev/english/*/* --device cuda
-44.0657	../data/english_spanish/dev/english/length-10/en.10.00
-42.1479	../data/english_spanish/dev/english/length-10/en.10.01
-46.1602	../data/english_spanish/dev/english/length-10/en.10.02
-46.6006	../data/english_spanish/dev/english/length-10/en.10.03
-42.7268	../data/english_spanish/dev/english/length-10/en.10.04
-40.0038	../data/english_spanish/dev/english/length-10/en.10.05
-38.0685	../data/english_spanish/dev/english/length-10/en.10.06
-42.9959	../data/english_spanish/dev/english/length-10/en.10.07
-46.1602	../data/english_spanish/dev/english/length-10/en.10.08
-44.0843	../data/english_spanish/dev/english/length-10/en.10.09
-40.408	../data/english_spanish/dev/english/length-10/en.10.10
-44.0972	../data/english_spanish/dev/english/length-10/en.10.11
-42.6773	../data/english_spanish/dev/english/length-10/en.10.12
-42.0824	../data/english_spanish/dev/english/length-10/en.10.13
-43.4803	../data/english_spanish/dev/english/length-10/en.10.14
-44.8886	../data/english_spanish/dev/english/length-10/en.10.15
-43.9027	../data/english_spanish/dev/english/length-10/en.10.16
-45.2233	../data/english_spanish/dev/english/length-10/en.10.17
-43.105	../data/english_spanish/dev/english/length-10/en.10.18
-46.1602	../data/english_spanish/dev/english/length-10/en.10.19
-411.27	../data/english_spanish/dev/english/length-100/en.100.00
-407.978	../data/english_spanish/dev/english/length-100/en.100.01
-396.551	../data/english_spanish/dev/english/length-100/en.100.02
-380.46	../data/english_spanish/dev/english/length-100/en.100.03
-411.857	../data/english_spanish/dev/english/length-100/en.100.04
-403.393	../data/english_spanish/dev/english/length-100/en.100.05
-389.591	../data/english_spanish/dev/english/length-100/en.100.06
-397.176	../data/english_spanish/dev/english/length-100/en.100.07
-408.647	../data/english_spanish/dev/english/length-100/en.100.08
-383.375	../data/english_spanish/dev/english/length-100/en.100.09
-398.467	../data/english_spanish/dev/english/length-100/en.100.10
-403.342	../data/english_spanish/dev/english/length-100/en.100.11
-388.688	../data/english_spanish/dev/english/length-100/en.100.12
-404.322	../data/english_spanish/dev/english/length-100/en.100.13
-396.173	../data/english_spanish/dev/english/length-100/en.100.14
-404.364	../data/english_spanish/dev/english/length-100/en.100.15
-412.411	../data/english_spanish/dev/english/length-100/en.100.16
-422.014	../data/english_spanish/dev/english/length-100/en.100.17
-356.438	../data/english_spanish/dev/english/length-100/en.100.18
-402.937	../data/english_spanish/dev/english/length-100/en.100.19
-78.2521	../data/english_spanish/dev/english/length-20/en.20.00
-80.724	../data/english_spanish/dev/english/length-20/en.20.01
-75.8996	../data/english_spanish/dev/english/length-20/en.20.02
-65.6283	../data/english_spanish/dev/english/length-20/en.20.03
-80.3456	../data/english_spanish/dev/english/length-20/en.20.04
-78.6182	../data/english_spanish/dev/english/length-20/en.20.05
-88.4877	../data/english_spanish/dev/english/length-20/en.20.06
-83.8169	../data/english_spanish/dev/english/length-20/en.20.07
-63.6625	../data/english_spanish/dev/english/length-20/en.20.08
-79.6854	../data/english_spanish/dev/english/length-20/en.20.09
-85.4938	../data/english_spanish/dev/english/length-20/en.20.10
-84.1368	../data/english_spanish/dev/english/length-20/en.20.11
-79.3404	../data/english_spanish/dev/english/length-20/en.20.12
-82.333	../data/english_spanish/dev/english/length-20/en.20.13
-78.606	../data/english_spanish/dev/english/length-20/en.20.14
-79.5063	../data/english_spanish/dev/english/length-20/en.20.15
-79.6943	../data/english_spanish/dev/english/length-20/en.20.16
-83.3785	../data/english_spanish/dev/english/length-20/en.20.17
-78.183	../data/english_spanish/dev/english/length-20/en.20.18
-61.7402	../data/english_spanish/dev/english/length-20/en.20.19
-810.098	../data/english_spanish/dev/english/length-200/en.200.00
-794.603	../data/english_spanish/dev/english/length-200/en.200.01
-818.469	../data/english_spanish/dev/english/length-200/en.200.02
-772.656	../data/english_spanish/dev/english/length-200/en.200.03
-802.77	../data/english_spanish/dev/english/length-200/en.200.04
-754.366	../data/english_spanish/dev/english/length-200/en.200.05
-822.733	../data/english_spanish/dev/english/length-200/en.200.06
-806.063	../data/english_spanish/dev/english/length-200/en.200.07
-782.095	../data/english_spanish/dev/english/length-200/en.200.08
-814.264	../data/english_spanish/dev/english/length-200/en.200.09
-805.562	../data/english_spanish/dev/english/length-200/en.200.10
-832.456	../data/english_spanish/dev/english/length-200/en.200.11
-732.316	../data/english_spanish/dev/english/length-200/en.200.12
-803.177	../data/english_spanish/dev/english/length-200/en.200.13
-837.074	../data/english_spanish/dev/english/length-200/en.200.14
-831.717	../data/english_spanish/dev/english/length-200/en.200.15
-780.087	../data/english_spanish/dev/english/length-200/en.200.16
-827.26	../data/english_spanish/dev/english/length-200/en.200.17
-814.481	../data/english_spanish/dev/english/length-200/en.200.18
-800.189	../data/english_spanish/dev/english/length-200/en.200.19
-211.396	../data/english_spanish/dev/english/length-50/en.50.00
-193.444	../data/english_spanish/dev/english/length-50/en.50.01
-201.682	../data/english_spanish/dev/english/length-50/en.50.02
-203.512	../data/english_spanish/dev/english/length-50/en.50.03
-207.648	../data/english_spanish/dev/english/length-50/en.50.04
-203.433	../data/english_spanish/dev/english/length-50/en.50.05
-190.104	../data/english_spanish/dev/english/length-50/en.50.06
-202.143	../data/english_spanish/dev/english/length-50/en.50.07
-178.447	../data/english_spanish/dev/english/length-50/en.50.08
-208.652	../data/english_spanish/dev/english/length-50/en.50.09
-203.395	../data/english_spanish/dev/english/length-50/en.50.10
-200.61	../data/english_spanish/dev/english/length-50/en.50.11
-199.603	../data/english_spanish/dev/english/length-50/en.50.12
-181.777	../data/english_spanish/dev/english/length-50/en.50.13
-203.228	../data/english_spanish/dev/english/length-50/en.50.14
-202.421	../data/english_spanish/dev/english/length-50/en.50.15
-207.723	../data/english_spanish/dev/english/length-50/en.50.16
-178.343	../data/english_spanish/dev/english/length-50/en.50.17
-202.083	../data/english_spanish/dev/english/length-50/en.50.18
-202.751	../data/english_spanish/dev/english/length-50/en.50.19
-1955.68	../data/english_spanish/dev/english/length-500/en.500.00
-2012.82	../data/english_spanish/dev/english/length-500/en.500.01
-1953.11	../data/english_spanish/dev/english/length-500/en.500.02
-2007.94	../data/english_spanish/dev/english/length-500/en.500.03
-2053.96	../data/english_spanish/dev/english/length-500/en.500.04
-1762.24	../data/english_spanish/dev/english/length-500/en.500.05
-2015.24	../data/english_spanish/dev/english/length-500/en.500.06
-2025.86	../data/english_spanish/dev/english/length-500/en.500.07
-1991.03	../data/english_spanish/dev/english/length-500/en.500.08
-2023.64	../data/english_spanish/dev/english/length-500/en.500.09
-1998.12	../data/english_spanish/dev/english/length-500/en.500.10
-2045.22	../data/english_spanish/dev/english/length-500/en.500.11
-1927.23	../data/english_spanish/dev/english/length-500/en.500.12
-1991.97	../data/english_spanish/dev/english/length-500/en.500.13
-2047.01	../data/english_spanish/dev/english/length-500/en.500.14
-1890.54	../data/english_spanish/dev/english/length-500/en.500.15
-2017.17	../data/english_spanish/dev/english/length-500/en.500.16
-1990.23	../data/english_spanish/dev/english/length-500/en.500.17
-2014.68	../data/english_spanish/dev/english/length-500/en.500.18
-2010.38	../data/english_spanish/dev/english/length-500/en.500.19
Overall cross-entropy:	5.71176 bits per token, total tokens: 17725

============================================================
[Running] python fileprob.py sp_C0.5_d50.model ../data/english_spanish/dev/spanish/*/* --device cuda
-39.1543	../data/english_spanish/dev/spanish/length-10/sp.10.00
-46.5048	../data/english_spanish/dev/spanish/length-10/sp.10.01
-40.1169	../data/english_spanish/dev/spanish/length-10/sp.10.02
-38.8558	../data/english_spanish/dev/spanish/length-10/sp.10.03
-44.7572	../data/english_spanish/dev/spanish/length-10/sp.10.04
-40.2042	../data/english_spanish/dev/spanish/length-10/sp.10.05
-43.9901	../data/english_spanish/dev/spanish/length-10/sp.10.06
-40.0337	../data/english_spanish/dev/spanish/length-10/sp.10.07
-42.6621	../data/english_spanish/dev/spanish/length-10/sp.10.08
-38.1028	../data/english_spanish/dev/spanish/length-10/sp.10.09
-43.0467	../data/english_spanish/dev/spanish/length-10/sp.10.10
-45.5717	../data/english_spanish/dev/spanish/length-10/sp.10.11
-44.1593	../data/english_spanish/dev/spanish/length-10/sp.10.12
-40.5652	../data/english_spanish/dev/spanish/length-10/sp.10.13
-44.6268	../data/english_spanish/dev/spanish/length-10/sp.10.14
-42.8879	../data/english_spanish/dev/spanish/length-10/sp.10.15
-44.3072	../data/english_spanish/dev/spanish/length-10/sp.10.16
-45.1425	../data/english_spanish/dev/spanish/length-10/sp.10.17
-44.6268	../data/english_spanish/dev/spanish/length-10/sp.10.18
-41.6764	../data/english_spanish/dev/spanish/length-10/sp.10.19
-406.481	../data/english_spanish/dev/spanish/length-100/sp.100.00
-317.08	../data/english_spanish/dev/spanish/length-100/sp.100.01
-381.418	../data/english_spanish/dev/spanish/length-100/sp.100.02
-381.348	../data/english_spanish/dev/spanish/length-100/sp.100.03
-390.988	../data/english_spanish/dev/spanish/length-100/sp.100.04
-373.29	../data/english_spanish/dev/spanish/length-100/sp.100.05
-413.451	../data/english_spanish/dev/spanish/length-100/sp.100.06
-386.046	../data/english_spanish/dev/spanish/length-100/sp.100.07
-404.305	../data/english_spanish/dev/spanish/length-100/sp.100.08
-401.534	../data/english_spanish/dev/spanish/length-100/sp.100.09
-402.606	../data/english_spanish/dev/spanish/length-100/sp.100.10
-275.638	../data/english_spanish/dev/spanish/length-100/sp.100.11
-410.241	../data/english_spanish/dev/spanish/length-100/sp.100.12
-413.678	../data/english_spanish/dev/spanish/length-100/sp.100.13
-413.562	../data/english_spanish/dev/spanish/length-100/sp.100.14
-412.273	../data/english_spanish/dev/spanish/length-100/sp.100.15
-344.137	../data/english_spanish/dev/spanish/length-100/sp.100.16
-405.844	../data/english_spanish/dev/spanish/length-100/sp.100.17
-407.479	../data/english_spanish/dev/spanish/length-100/sp.100.19
-81.2841	../data/english_spanish/dev/spanish/length-20/sp.20.00
-76.1219	../data/english_spanish/dev/spanish/length-20/sp.20.01
-70.7665	../data/english_spanish/dev/spanish/length-20/sp.20.02
-82.0916	../data/english_spanish/dev/spanish/length-20/sp.20.03
-79.491	../data/english_spanish/dev/spanish/length-20/sp.20.04
-82.1107	../data/english_spanish/dev/spanish/length-20/sp.20.05
-85.6127	../data/english_spanish/dev/spanish/length-20/sp.20.06
-82.1138	../data/english_spanish/dev/spanish/length-20/sp.20.07
-80.2623	../data/english_spanish/dev/spanish/length-20/sp.20.08
-90.9745	../data/english_spanish/dev/spanish/length-20/sp.20.09
-76.5657	../data/english_spanish/dev/spanish/length-20/sp.20.10
-68.2561	../data/english_spanish/dev/spanish/length-20/sp.20.11
-94.8388	../data/english_spanish/dev/spanish/length-20/sp.20.12
-81.9568	../data/english_spanish/dev/spanish/length-20/sp.20.13
-88.6661	../data/english_spanish/dev/spanish/length-20/sp.20.14
-79.6438	../data/english_spanish/dev/spanish/length-20/sp.20.15
-50.3335	../data/english_spanish/dev/spanish/length-20/sp.20.16
-81.2697	../data/english_spanish/dev/spanish/length-20/sp.20.17
-79.129	../data/english_spanish/dev/spanish/length-20/sp.20.18
-56.538	../data/english_spanish/dev/spanish/length-20/sp.20.19
-796.022	../data/english_spanish/dev/spanish/length-200/sp.200.00
-792.92	../data/english_spanish/dev/spanish/length-200/sp.200.01
-804.286	../data/english_spanish/dev/spanish/length-200/sp.200.02
-595.041	../data/english_spanish/dev/spanish/length-200/sp.200.03
-813.419	../data/english_spanish/dev/spanish/length-200/sp.200.04
-804.726	../data/english_spanish/dev/spanish/length-200/sp.200.05
-792.175	../data/english_spanish/dev/spanish/length-200/sp.200.06
-797.597	../data/english_spanish/dev/spanish/length-200/sp.200.07
-788.597	../data/english_spanish/dev/spanish/length-200/sp.200.08
-809.012	../data/english_spanish/dev/spanish/length-200/sp.200.09
-714.052	../data/english_spanish/dev/spanish/length-200/sp.200.10
-814.943	../data/english_spanish/dev/spanish/length-200/sp.200.11
-810.634	../data/english_spanish/dev/spanish/length-200/sp.200.12
-798.823	../data/english_spanish/dev/spanish/length-200/sp.200.13
-800.14	../data/english_spanish/dev/spanish/length-200/sp.200.14
-780.063	../data/english_spanish/dev/spanish/length-200/sp.200.15
-782.002	../data/english_spanish/dev/spanish/length-200/sp.200.16
-795.515	../data/english_spanish/dev/spanish/length-200/sp.200.17
-765.148	../data/english_spanish/dev/spanish/length-200/sp.200.18
-807.727	../data/english_spanish/dev/spanish/length-200/sp.200.19
-201.76	../data/english_spanish/dev/spanish/length-50/sp.50.00
-199.91	../data/english_spanish/dev/spanish/length-50/sp.50.01
-196.825	../data/english_spanish/dev/spanish/length-50/sp.50.02
-204.07	../data/english_spanish/dev/spanish/length-50/sp.50.03
-186.968	../data/english_spanish/dev/spanish/length-50/sp.50.04
-199.06	../data/english_spanish/dev/spanish/length-50/sp.50.05
-181.355	../data/english_spanish/dev/spanish/length-50/sp.50.06
-201.063	../data/english_spanish/dev/spanish/length-50/sp.50.07
-197.239	../data/english_spanish/dev/spanish/length-50/sp.50.08
-209.249	../data/english_spanish/dev/spanish/length-50/sp.50.09
-189.785	../data/english_spanish/dev/spanish/length-50/sp.50.10
-205.868	../data/english_spanish/dev/spanish/length-50/sp.50.11
-199.718	../data/english_spanish/dev/spanish/length-50/sp.50.12
-205.482	../data/english_spanish/dev/spanish/length-50/sp.50.13
-203.504	../data/english_spanish/dev/spanish/length-50/sp.50.14
-176.967	../data/english_spanish/dev/spanish/length-50/sp.50.15
-200.137	../data/english_spanish/dev/spanish/length-50/sp.50.16
-196.714	../data/english_spanish/dev/spanish/length-50/sp.50.17
-203.437	../data/english_spanish/dev/spanish/length-50/sp.50.18
-197.254	../data/english_spanish/dev/spanish/length-50/sp.50.19
-2024.07	../data/english_spanish/dev/spanish/length-500/sp.500.00
-1858.37	../data/english_spanish/dev/spanish/length-500/sp.500.01
-2012.97	../data/english_spanish/dev/spanish/length-500/sp.500.02
-1985.22	../data/english_spanish/dev/spanish/length-500/sp.500.03
-1954.54	../data/english_spanish/dev/spanish/length-500/sp.500.04
-1958.8	../data/english_spanish/dev/spanish/length-500/sp.500.05
-1967.5	../data/english_spanish/dev/spanish/length-500/sp.500.06
-2018.73	../data/english_spanish/dev/spanish/length-500/sp.500.07
-1889.03	../data/english_spanish/dev/spanish/length-500/sp.500.08
-1871.39	../data/english_spanish/dev/spanish/length-500/sp.500.09
-2023.31	../data/english_spanish/dev/spanish/length-500/sp.500.10
-1964.04	../data/english_spanish/dev/spanish/length-500/sp.500.11
-1944.45	../data/english_spanish/dev/spanish/length-500/sp.500.12
-2003.12	../data/english_spanish/dev/spanish/length-500/sp.500.13
-2025.02	../data/english_spanish/dev/spanish/length-500/sp.500.14
-1998.61	../data/english_spanish/dev/spanish/length-500/sp.500.15
-1999.39	../data/english_spanish/dev/spanish/length-500/sp.500.16
-2005.34	../data/english_spanish/dev/spanish/length-500/sp.500.17
-2047.41	../data/english_spanish/dev/spanish/length-500/sp.500.18
-1715.3	../data/english_spanish/dev/spanish/length-500/sp.500.19
Overall cross-entropy:	5.67052 bits per token, total tokens: 17465

============================================================
[Running] python fileprob.py en_C0.5_d200.model ../data/english_spanish/dev/english/*/* --device cuda
-44.2134	../data/english_spanish/dev/english/length-10/en.10.00
-42.0515	../data/english_spanish/dev/english/length-10/en.10.01
-46.8221	../data/english_spanish/dev/english/length-10/en.10.02
-46.1022	../data/english_spanish/dev/english/length-10/en.10.03
-43.5377	../data/english_spanish/dev/english/length-10/en.10.04
-40.0012	../data/english_spanish/dev/english/length-10/en.10.05
-37.264	../data/english_spanish/dev/english/length-10/en.10.06
-42.2414	../data/english_spanish/dev/english/length-10/en.10.07
-46.8221	../data/english_spanish/dev/english/length-10/en.10.08
-42.9194	../data/english_spanish/dev/english/length-10/en.10.09
-40.0845	../data/english_spanish/dev/english/length-10/en.10.10
-44.2503	../data/english_spanish/dev/english/length-10/en.10.11
-41.7416	../data/english_spanish/dev/english/length-10/en.10.12
-41.6431	../data/english_spanish/dev/english/length-10/en.10.13
-43.4104	../data/english_spanish/dev/english/length-10/en.10.14
-44.2611	../data/english_spanish/dev/english/length-10/en.10.15
-44.1797	../data/english_spanish/dev/english/length-10/en.10.16
-45.725	../data/english_spanish/dev/english/length-10/en.10.17
-42.8532	../data/english_spanish/dev/english/length-10/en.10.18
-46.8221	../data/english_spanish/dev/english/length-10/en.10.19
-404.663	../data/english_spanish/dev/english/length-100/en.100.00
-402.319	../data/english_spanish/dev/english/length-100/en.100.01
-388.334	../data/english_spanish/dev/english/length-100/en.100.02
-375.093	../data/english_spanish/dev/english/length-100/en.100.03
-405.95	../data/english_spanish/dev/english/length-100/en.100.04
-394.699	../data/english_spanish/dev/english/length-100/en.100.05
-386.481	../data/english_spanish/dev/english/length-100/en.100.06
-387.481	../data/english_spanish/dev/english/length-100/en.100.07
-407.976	../data/english_spanish/dev/english/length-100/en.100.08
-374.497	../data/english_spanish/dev/english/length-100/en.100.09
-391.669	../data/english_spanish/dev/english/length-100/en.100.10
-404.262	../data/english_spanish/dev/english/length-100/en.100.11
-383.25	../data/english_spanish/dev/english/length-100/en.100.12
-397.917	../data/english_spanish/dev/english/length-100/en.100.13
-389.976	../data/english_spanish/dev/english/length-100/en.100.14
-399.375	../data/english_spanish/dev/english/length-100/en.100.15
-409.101	../data/english_spanish/dev/english/length-100/en.100.16
-423.678	../data/english_spanish/dev/english/length-100/en.100.17
-352.338	../data/english_spanish/dev/english/length-100/en.100.18
-399.87	../data/english_spanish/dev/english/length-100/en.100.19
-77.6485	../data/english_spanish/dev/english/length-20/en.20.00
-80.9392	../data/english_spanish/dev/english/length-20/en.20.01
-73.054	../data/english_spanish/dev/english/length-20/en.20.02
-64.7748	../data/english_spanish/dev/english/length-20/en.20.03
-79.7452	../data/english_spanish/dev/english/length-20/en.20.04
-76.7465	../data/english_spanish/dev/english/length-20/en.20.05
-88.6088	../data/english_spanish/dev/english/length-20/en.20.06
-82.5406	../data/english_spanish/dev/english/length-20/en.20.07
-62.5633	../data/english_spanish/dev/english/length-20/en.20.08
-79.0332	../data/english_spanish/dev/english/length-20/en.20.09
-84.382	../data/english_spanish/dev/english/length-20/en.20.10
-83.2092	../data/english_spanish/dev/english/length-20/en.20.11
-77.5914	../data/english_spanish/dev/english/length-20/en.20.12
-82.0448	../data/english_spanish/dev/english/length-20/en.20.13
-77.2795	../data/english_spanish/dev/english/length-20/en.20.14
-77.7633	../data/english_spanish/dev/english/length-20/en.20.15
-78.4099	../data/english_spanish/dev/english/length-20/en.20.16
-83.2413	../data/english_spanish/dev/english/length-20/en.20.17
-76.3373	../data/english_spanish/dev/english/length-20/en.20.18
-60.4658	../data/english_spanish/dev/english/length-20/en.20.19
-796.172	../data/english_spanish/dev/english/length-200/en.200.00
-777.059	../data/english_spanish/dev/english/length-200/en.200.01
-805.658	../data/english_spanish/dev/english/length-200/en.200.02
-758.591	../data/english_spanish/dev/english/length-200/en.200.03
-795.205	../data/english_spanish/dev/english/length-200/en.200.04
-743.888	../data/english_spanish/dev/english/length-200/en.200.05
-811.867	../data/english_spanish/dev/english/length-200/en.200.06
-786.136	../data/english_spanish/dev/english/length-200/en.200.07
-768.806	../data/english_spanish/dev/english/length-200/en.200.08
-801.883	../data/english_spanish/dev/english/length-200/en.200.09
-790.329	../data/english_spanish/dev/english/length-200/en.200.10
-827.469	../data/english_spanish/dev/english/length-200/en.200.11
-734.619	../data/english_spanish/dev/english/length-200/en.200.12
-788.038	../data/english_spanish/dev/english/length-200/en.200.13
-848.932	../data/english_spanish/dev/english/length-200/en.200.14
-816.645	../data/english_spanish/dev/english/length-200/en.200.15
-773.181	../data/english_spanish/dev/english/length-200/en.200.16
-828.657	../data/english_spanish/dev/english/length-200/en.200.17
-804.777	../data/english_spanish/dev/english/length-200/en.200.18
-787.504	../data/english_spanish/dev/english/length-200/en.200.19
-210.062	../data/english_spanish/dev/english/length-50/en.50.00
-189.249	../data/english_spanish/dev/english/length-50/en.50.01
-199.02	../data/english_spanish/dev/english/length-50/en.50.02
-201.948	../data/english_spanish/dev/english/length-50/en.50.03
-202.465	../data/english_spanish/dev/english/length-50/en.50.04
-199.549	../data/english_spanish/dev/english/length-50/en.50.05
-190.549	../data/english_spanish/dev/english/length-50/en.50.06
-199.052	../data/english_spanish/dev/english/length-50/en.50.07
-177.309	../data/english_spanish/dev/english/length-50/en.50.08
-206.152	../data/english_spanish/dev/english/length-50/en.50.09
-200.539	../data/english_spanish/dev/english/length-50/en.50.10
-197.659	../data/english_spanish/dev/english/length-50/en.50.11
-195.067	../data/english_spanish/dev/english/length-50/en.50.12
-178.733	../data/english_spanish/dev/english/length-50/en.50.13
-200.823	../data/english_spanish/dev/english/length-50/en.50.14
-198.511	../data/english_spanish/dev/english/length-50/en.50.15
-198.311	../data/english_spanish/dev/english/length-50/en.50.16
-171.032	../data/english_spanish/dev/english/length-50/en.50.17
-198.223	../data/english_spanish/dev/english/length-50/en.50.18
-198.946	../data/english_spanish/dev/english/length-50/en.50.19
-1938.27	../data/english_spanish/dev/english/length-500/en.500.00
-1980.32	../data/english_spanish/dev/english/length-500/en.500.01
-1931.14	../data/english_spanish/dev/english/length-500/en.500.02
-1982.6	../data/english_spanish/dev/english/length-500/en.500.03
-2021.62	../data/english_spanish/dev/english/length-500/en.500.04
-1738.94	../data/english_spanish/dev/english/length-500/en.500.05
-1983.57	../data/english_spanish/dev/english/length-500/en.500.06
-2006.94	../data/english_spanish/dev/english/length-500/en.500.07
-1971.16	../data/english_spanish/dev/english/length-500/en.500.08
-2010.24	../data/english_spanish/dev/english/length-500/en.500.09
-1963.95	../data/english_spanish/dev/english/length-500/en.500.10
-2036.46	../data/english_spanish/dev/english/length-500/en.500.11
-1924.72	../data/english_spanish/dev/english/length-500/en.500.12
-1957.45	../data/english_spanish/dev/english/length-500/en.500.13
-2014.92	../data/english_spanish/dev/english/length-500/en.500.14
-1870.6	../data/english_spanish/dev/english/length-500/en.500.15
-1985.18	../data/english_spanish/dev/english/length-500/en.500.16
-1959.57	../data/english_spanish/dev/english/length-500/en.500.17
-1982.5	../data/english_spanish/dev/english/length-500/en.500.18
-1978.96	../data/english_spanish/dev/english/length-500/en.500.19
Overall cross-entropy:	5.63974 bits per token, total tokens: 17725

============================================================
[Running] python fileprob.py sp_C0.5_d200.model ../data/english_spanish/dev/spanish/*/* --device cuda
-37.5247	../data/english_spanish/dev/spanish/length-10/sp.10.00
-45.9484	../data/english_spanish/dev/spanish/length-10/sp.10.01
-36.7678	../data/english_spanish/dev/spanish/length-10/sp.10.02
-36.7842	../data/english_spanish/dev/spanish/length-10/sp.10.03
-43.1782	../data/english_spanish/dev/spanish/length-10/sp.10.04
-39.6844	../data/english_spanish/dev/spanish/length-10/sp.10.05
-42.9955	../data/english_spanish/dev/spanish/length-10/sp.10.06
-38.1834	../data/english_spanish/dev/spanish/length-10/sp.10.07
-42.1756	../data/english_spanish/dev/spanish/length-10/sp.10.08
-36.743	../data/english_spanish/dev/spanish/length-10/sp.10.09
-43.0663	../data/english_spanish/dev/spanish/length-10/sp.10.10
-45.6901	../data/english_spanish/dev/spanish/length-10/sp.10.11
-41.9318	../data/english_spanish/dev/spanish/length-10/sp.10.12
-40.3487	../data/english_spanish/dev/spanish/length-10/sp.10.13
-44.2381	../data/english_spanish/dev/spanish/length-10/sp.10.14
-42.5673	../data/english_spanish/dev/spanish/length-10/sp.10.15
-42.4093	../data/english_spanish/dev/spanish/length-10/sp.10.16
-44.5086	../data/english_spanish/dev/spanish/length-10/sp.10.17
-44.2381	../data/english_spanish/dev/spanish/length-10/sp.10.18
-40.4938	../data/english_spanish/dev/spanish/length-10/sp.10.19
-399.212	../data/english_spanish/dev/spanish/length-100/sp.100.00
-311.144	../data/english_spanish/dev/spanish/length-100/sp.100.01
-369.398	../data/english_spanish/dev/spanish/length-100/sp.100.02
-373.168	../data/english_spanish/dev/spanish/length-100/sp.100.03
-382.754	../data/english_spanish/dev/spanish/length-100/sp.100.04
-386.645	../data/english_spanish/dev/spanish/length-100/sp.100.05
-404.879	../data/english_spanish/dev/spanish/length-100/sp.100.06
-373.482	../data/english_spanish/dev/spanish/length-100/sp.100.07
-393.491	../data/english_spanish/dev/spanish/length-100/sp.100.08
-393.602	../data/english_spanish/dev/spanish/length-100/sp.100.09
-394.633	../data/english_spanish/dev/spanish/length-100/sp.100.10
-287.888	../data/english_spanish/dev/spanish/length-100/sp.100.11
-402.137	../data/english_spanish/dev/spanish/length-100/sp.100.12
-410.814	../data/english_spanish/dev/spanish/length-100/sp.100.13
-403.98	../data/english_spanish/dev/spanish/length-100/sp.100.14
-402.034	../data/english_spanish/dev/spanish/length-100/sp.100.15
-339.156	../data/english_spanish/dev/spanish/length-100/sp.100.16
-397.011	../data/english_spanish/dev/spanish/length-100/sp.100.17
-397.796	../data/english_spanish/dev/spanish/length-100/sp.100.19
-80.0149	../data/english_spanish/dev/spanish/length-20/sp.20.00
-73.707	../data/english_spanish/dev/spanish/length-20/sp.20.01
-68.1882	../data/english_spanish/dev/spanish/length-20/sp.20.02
-79.9141	../data/english_spanish/dev/spanish/length-20/sp.20.03
-77.4019	../data/english_spanish/dev/spanish/length-20/sp.20.04
-80.8511	../data/english_spanish/dev/spanish/length-20/sp.20.05
-84.866	../data/english_spanish/dev/spanish/length-20/sp.20.06
-79.7271	../data/english_spanish/dev/spanish/length-20/sp.20.07
-78.128	../data/english_spanish/dev/spanish/length-20/sp.20.08
-94.5351	../data/english_spanish/dev/spanish/length-20/sp.20.09
-74.1461	../data/english_spanish/dev/spanish/length-20/sp.20.10
-67.9132	../data/english_spanish/dev/spanish/length-20/sp.20.11
-96.4214	../data/english_spanish/dev/spanish/length-20/sp.20.12
-81.7019	../data/english_spanish/dev/spanish/length-20/sp.20.13
-88.7934	../data/english_spanish/dev/spanish/length-20/sp.20.14
-78.5979	../data/english_spanish/dev/spanish/length-20/sp.20.15
-49.7771	../data/english_spanish/dev/spanish/length-20/sp.20.16
-80.7759	../data/english_spanish/dev/spanish/length-20/sp.20.17
-79.4634	../data/english_spanish/dev/spanish/length-20/sp.20.18
-55.0419	../data/english_spanish/dev/spanish/length-20/sp.20.19
-770.563	../data/english_spanish/dev/spanish/length-200/sp.200.00
-796.748	../data/english_spanish/dev/spanish/length-200/sp.200.01
-786.738	../data/english_spanish/dev/spanish/length-200/sp.200.02
-591.391	../data/english_spanish/dev/spanish/length-200/sp.200.03
-790.346	../data/english_spanish/dev/spanish/length-200/sp.200.04
-785.822	../data/english_spanish/dev/spanish/length-200/sp.200.05
-770.172	../data/english_spanish/dev/spanish/length-200/sp.200.06
-771.65	../data/english_spanish/dev/spanish/length-200/sp.200.07
-761.262	../data/english_spanish/dev/spanish/length-200/sp.200.08
-791.321	../data/english_spanish/dev/spanish/length-200/sp.200.09
-690.751	../data/english_spanish/dev/spanish/length-200/sp.200.10
-789.329	../data/english_spanish/dev/spanish/length-200/sp.200.11
-794.323	../data/english_spanish/dev/spanish/length-200/sp.200.12
-775.86	../data/english_spanish/dev/spanish/length-200/sp.200.13
-772.886	../data/english_spanish/dev/spanish/length-200/sp.200.14
-757.767	../data/english_spanish/dev/spanish/length-200/sp.200.15
-758.656	../data/english_spanish/dev/spanish/length-200/sp.200.16
-769.341	../data/english_spanish/dev/spanish/length-200/sp.200.17
-740.981	../data/english_spanish/dev/spanish/length-200/sp.200.18
-797.237	../data/english_spanish/dev/spanish/length-200/sp.200.19
-196.386	../data/english_spanish/dev/spanish/length-50/sp.50.00
-195.833	../data/english_spanish/dev/spanish/length-50/sp.50.01
-191.18	../data/english_spanish/dev/spanish/length-50/sp.50.02
-201.689	../data/english_spanish/dev/spanish/length-50/sp.50.03
-182.15	../data/english_spanish/dev/spanish/length-50/sp.50.04
-190.634	../data/english_spanish/dev/spanish/length-50/sp.50.05
-175.794	../data/english_spanish/dev/spanish/length-50/sp.50.06
-197.481	../data/english_spanish/dev/spanish/length-50/sp.50.07
-192.843	../data/english_spanish/dev/spanish/length-50/sp.50.08
-204.426	../data/english_spanish/dev/spanish/length-50/sp.50.09
-186.969	../data/english_spanish/dev/spanish/length-50/sp.50.10
-199.733	../data/english_spanish/dev/spanish/length-50/sp.50.11
-191.644	../data/english_spanish/dev/spanish/length-50/sp.50.12
-201.601	../data/english_spanish/dev/spanish/length-50/sp.50.13
-199.152	../data/english_spanish/dev/spanish/length-50/sp.50.14
-178.105	../data/english_spanish/dev/spanish/length-50/sp.50.15
-195.997	../data/english_spanish/dev/spanish/length-50/sp.50.16
-192	../data/english_spanish/dev/spanish/length-50/sp.50.17
-196.998	../data/english_spanish/dev/spanish/length-50/sp.50.18
-190.27	../data/english_spanish/dev/spanish/length-50/sp.50.19
-1960.74	../data/english_spanish/dev/spanish/length-500/sp.500.00
-1861.28	../data/english_spanish/dev/spanish/length-500/sp.500.01
-1960.11	../data/english_spanish/dev/spanish/length-500/sp.500.02
-1930.43	../data/english_spanish/dev/spanish/length-500/sp.500.03
-1915.22	../data/english_spanish/dev/spanish/length-500/sp.500.04
-1913.48	../data/english_spanish/dev/spanish/length-500/sp.500.05
-1941.48	../data/english_spanish/dev/spanish/length-500/sp.500.06
-1977.65	../data/english_spanish/dev/spanish/length-500/sp.500.07
-1837.08	../data/english_spanish/dev/spanish/length-500/sp.500.08
-1822.82	../data/english_spanish/dev/spanish/length-500/sp.500.09
-1972.43	../data/english_spanish/dev/spanish/length-500/sp.500.10
-1901.53	../data/english_spanish/dev/spanish/length-500/sp.500.11
-1879.88	../data/english_spanish/dev/spanish/length-500/sp.500.12
-1968.17	../data/english_spanish/dev/spanish/length-500/sp.500.13
-1968.93	../data/english_spanish/dev/spanish/length-500/sp.500.14
-1954.04	../data/english_spanish/dev/spanish/length-500/sp.500.15
-1946.27	../data/english_spanish/dev/spanish/length-500/sp.500.16
-1951.53	../data/english_spanish/dev/spanish/length-500/sp.500.17
-2055.92	../data/english_spanish/dev/spanish/length-500/sp.500.18
-1676.26	../data/english_spanish/dev/spanish/length-500/sp.500.19
Overall cross-entropy:	5.54460 bits per token, total tokens: 17465

============================================================
