==== Cross-Entropy Evaluation for Different d ====

[Running] python fileprob.py gen_C0.5_d10.model ../data/gen_spam/dev/gen/*
-80.6628	../data/gen_spam/dev/gen/gen.10.158.txt
-762.748	../data/gen_spam/dev/gen/gen.101.156.txt
-8068.96	../data/gen_spam/dev/gen/gen.1026.098.txt
-7870.13	../data/gen_spam/dev/gen/gen.1050.064.txt
-824.696	../data/gen_spam/dev/gen/gen.106.120.txt
-8809.66	../data/gen_spam/dev/gen/gen.1071.116.txt
-824.341	../data/gen_spam/dev/gen/gen.111.119.txt
-840.659	../data/gen_spam/dev/gen/gen.113.142.txt
-867.505	../data/gen_spam/dev/gen/gen.115.040.txt
-836.023	../data/gen_spam/dev/gen/gen.115.169.txt
-805.69	../data/gen_spam/dev/gen/gen.116.154.txt
-9435.74	../data/gen_spam/dev/gen/gen.1165.139.txt
-898.91	../data/gen_spam/dev/gen/gen.118.029.txt
-8948.26	../data/gen_spam/dev/gen/gen.1208.180.txt
-9677.8	../data/gen_spam/dev/gen/gen.1209.083.txt
-893.539	../data/gen_spam/dev/gen/gen.121.009.txt
-926.989	../data/gen_spam/dev/gen/gen.121.175.txt
-914.122	../data/gen_spam/dev/gen/gen.124.007.txt
-955.876	../data/gen_spam/dev/gen/gen.128.099.txt
-992.917	../data/gen_spam/dev/gen/gen.128.167.txt
-964.707	../data/gen_spam/dev/gen/gen.129.166.txt
-9618.25	../data/gen_spam/dev/gen/gen.1290.117.txt
-982.276	../data/gen_spam/dev/gen/gen.130.030.txt
-947.697	../data/gen_spam/dev/gen/gen.131.110.txt
-969.039	../data/gen_spam/dev/gen/gen.132.001.txt
-969.157	../data/gen_spam/dev/gen/gen.135.019.txt
-10831.5	../data/gen_spam/dev/gen/gen.1355.129.txt
-11266.9	../data/gen_spam/dev/gen/gen.1388.063.txt
-1033.75	../data/gen_spam/dev/gen/gen.141.071.txt
-1102.84	../data/gen_spam/dev/gen/gen.142.159.txt
-1050.47	../data/gen_spam/dev/gen/gen.147.021.txt
-1141.25	../data/gen_spam/dev/gen/gen.147.045.txt
-1065.58	../data/gen_spam/dev/gen/gen.147.077.txt
-1129.44	../data/gen_spam/dev/gen/gen.152.126.txt
-1165.44	../data/gen_spam/dev/gen/gen.153.125.txt
-1227.08	../data/gen_spam/dev/gen/gen.154.149.txt
-1258.74	../data/gen_spam/dev/gen/gen.159.069.txt
-113.683	../data/gen_spam/dev/gen/gen.16.157.txt
-1169.66	../data/gen_spam/dev/gen/gen.160.097.txt
-1264.86	../data/gen_spam/dev/gen/gen.161.150.txt
-1128.71	../data/gen_spam/dev/gen/gen.163.141.txt
-1352.6	../data/gen_spam/dev/gen/gen.168.144.txt
-1288.51	../data/gen_spam/dev/gen/gen.168.152.txt
-1292.08	../data/gen_spam/dev/gen/gen.170.086.txt
-13546.1	../data/gen_spam/dev/gen/gen.1715.005.txt
-1319.09	../data/gen_spam/dev/gen/gen.173.132.txt
-1333.91	../data/gen_spam/dev/gen/gen.174.067.txt
-1339.61	../data/gen_spam/dev/gen/gen.178.073.txt
-1265.8	../data/gen_spam/dev/gen/gen.181.078.txt
-1401.76	../data/gen_spam/dev/gen/gen.187.173.txt
-1315.58	../data/gen_spam/dev/gen/gen.190.155.txt
-1456.21	../data/gen_spam/dev/gen/gen.195.065.txt
-1534.61	../data/gen_spam/dev/gen/gen.197.174.txt
-146.302	../data/gen_spam/dev/gen/gen.20.059.txt
-146.09	../data/gen_spam/dev/gen/gen.21.179.txt
-1691.22	../data/gen_spam/dev/gen/gen.211.094.txt
-1627.51	../data/gen_spam/dev/gen/gen.218.049.txt
-162.341	../data/gen_spam/dev/gen/gen.22.022.txt
-1624.25	../data/gen_spam/dev/gen/gen.221.053.txt
-1695.22	../data/gen_spam/dev/gen/gen.222.089.txt
-1679.77	../data/gen_spam/dev/gen/gen.230.024.txt
-1803.48	../data/gen_spam/dev/gen/gen.231.140.txt
-1784.65	../data/gen_spam/dev/gen/gen.234.151.txt
-1893.96	../data/gen_spam/dev/gen/gen.236.095.txt
-1835.86	../data/gen_spam/dev/gen/gen.236.137.txt
-184.445	../data/gen_spam/dev/gen/gen.24.010.txt
-174.841	../data/gen_spam/dev/gen/gen.24.042.txt
-184.743	../data/gen_spam/dev/gen/gen.24.090.txt
-1959.49	../data/gen_spam/dev/gen/gen.240.172.txt
-180.482	../data/gen_spam/dev/gen/gen.25.011.txt
-2000.19	../data/gen_spam/dev/gen/gen.257.122.txt
-2159.52	../data/gen_spam/dev/gen/gen.266.054.txt
-2036.63	../data/gen_spam/dev/gen/gen.266.130.txt
-2011.46	../data/gen_spam/dev/gen/gen.267.026.txt
-2091.62	../data/gen_spam/dev/gen/gen.268.020.txt
-2130.66	../data/gen_spam/dev/gen/gen.268.038.txt
-205.418	../data/gen_spam/dev/gen/gen.27.025.txt
-212.038	../data/gen_spam/dev/gen/gen.27.047.txt
-2156.5	../data/gen_spam/dev/gen/gen.275.133.txt
-2063.9	../data/gen_spam/dev/gen/gen.276.102.txt
-203.261	../data/gen_spam/dev/gen/gen.28.072.txt
-2024.57	../data/gen_spam/dev/gen/gen.280.013.txt
-2181.6	../data/gen_spam/dev/gen/gen.283.105.txt
-2088.35	../data/gen_spam/dev/gen/gen.283.170.txt
-221.798	../data/gen_spam/dev/gen/gen.29.018.txt
-2214.67	../data/gen_spam/dev/gen/gen.290.035.txt
-2202.44	../data/gen_spam/dev/gen/gen.299.092.txt
-218.818	../data/gen_spam/dev/gen/gen.30.176.txt
-2406.34	../data/gen_spam/dev/gen/gen.300.074.txt
-2358.53	../data/gen_spam/dev/gen/gen.302.039.txt
-2295.33	../data/gen_spam/dev/gen/gen.302.168.txt
-2349.83	../data/gen_spam/dev/gen/gen.305.034.txt
-2321.28	../data/gen_spam/dev/gen/gen.316.052.txt
-2464.66	../data/gen_spam/dev/gen/gen.320.147.txt
-2613.3	../data/gen_spam/dev/gen/gen.322.100.txt
-2497.39	../data/gen_spam/dev/gen/gen.327.112.txt
-2467.56	../data/gen_spam/dev/gen/gen.328.145.txt
-236.609	../data/gen_spam/dev/gen/gen.33.060.txt
-2553.27	../data/gen_spam/dev/gen/gen.331.017.txt
-2607.19	../data/gen_spam/dev/gen/gen.331.177.txt
-233.7	../data/gen_spam/dev/gen/gen.34.032.txt
-2641.89	../data/gen_spam/dev/gen/gen.340.046.txt
-2711.6	../data/gen_spam/dev/gen/gen.345.015.txt
-2538.54	../data/gen_spam/dev/gen/gen.345.023.txt
-268.096	../data/gen_spam/dev/gen/gen.35.084.txt
-243.493	../data/gen_spam/dev/gen/gen.35.118.txt
-2858.51	../data/gen_spam/dev/gen/gen.354.057.txt
-2850.25	../data/gen_spam/dev/gen/gen.363.036.txt
-2788.76	../data/gen_spam/dev/gen/gen.368.106.txt
-270.994	../data/gen_spam/dev/gen/gen.37.062.txt
-2962.31	../data/gen_spam/dev/gen/gen.371.123.txt
-300.048	../data/gen_spam/dev/gen/gen.38.161.txt
-310.637	../data/gen_spam/dev/gen/gen.39.051.txt
-309.764	../data/gen_spam/dev/gen/gen.40.162.txt
-3218.52	../data/gen_spam/dev/gen/gen.404.016.txt
-3458.76	../data/gen_spam/dev/gen/gen.433.101.txt
-300.648	../data/gen_spam/dev/gen/gen.44.160.txt
-3490	../data/gen_spam/dev/gen/gen.445.080.txt
-3425.2	../data/gen_spam/dev/gen/gen.447.031.txt
-3423.79	../data/gen_spam/dev/gen/gen.448.111.txt
-3429.18	../data/gen_spam/dev/gen/gen.449.056.txt
-355.574	../data/gen_spam/dev/gen/gen.45.075.txt
-3453.33	../data/gen_spam/dev/gen/gen.451.163.txt
-382.958	../data/gen_spam/dev/gen/gen.47.070.txt
-338.167	../data/gen_spam/dev/gen/gen.47.178.txt
-3579.58	../data/gen_spam/dev/gen/gen.471.027.txt
-354.438	../data/gen_spam/dev/gen/gen.48.165.txt
-3867.15	../data/gen_spam/dev/gen/gen.492.121.txt
-359.956	../data/gen_spam/dev/gen/gen.50.004.txt
-342.582	../data/gen_spam/dev/gen/gen.50.033.txt
-380.867	../data/gen_spam/dev/gen/gen.51.146.txt
-4163.42	../data/gen_spam/dev/gen/gen.526.028.txt
-4169.15	../data/gen_spam/dev/gen/gen.532.148.txt
-4316.78	../data/gen_spam/dev/gen/gen.551.044.txt
-444.365	../data/gen_spam/dev/gen/gen.56.103.txt
-445.1	../data/gen_spam/dev/gen/gen.57.043.txt
-4468.06	../data/gen_spam/dev/gen/gen.571.003.txt
-428.395	../data/gen_spam/dev/gen/gen.59.138.txt
-441.435	../data/gen_spam/dev/gen/gen.60.109.txt
-436.596	../data/gen_spam/dev/gen/gen.60.114.txt
-411.258	../data/gen_spam/dev/gen/gen.60.136.txt
-468.106	../data/gen_spam/dev/gen/gen.63.107.txt
-490.885	../data/gen_spam/dev/gen/gen.64.153.txt
-5206.8	../data/gen_spam/dev/gen/gen.643.127.txt
-501.052	../data/gen_spam/dev/gen/gen.65.096.txt
-5130.96	../data/gen_spam/dev/gen/gen.654.079.txt
-498.009	../data/gen_spam/dev/gen/gen.66.082.txt
-458.99	../data/gen_spam/dev/gen/gen.66.091.txt
-483.501	../data/gen_spam/dev/gen/gen.66.143.txt
-5333.31	../data/gen_spam/dev/gen/gen.660.055.txt
-4923.92	../data/gen_spam/dev/gen/gen.660.088.txt
-5239.65	../data/gen_spam/dev/gen/gen.680.164.txt
-560.534	../data/gen_spam/dev/gen/gen.69.124.txt
-514.049	../data/gen_spam/dev/gen/gen.70.037.txt
-5299.15	../data/gen_spam/dev/gen/gen.700.048.txt
-485.127	../data/gen_spam/dev/gen/gen.71.041.txt
-5575.02	../data/gen_spam/dev/gen/gen.713.014.txt
-514.356	../data/gen_spam/dev/gen/gen.72.058.txt
-581.146	../data/gen_spam/dev/gen/gen.76.081.txt
-570.262	../data/gen_spam/dev/gen/gen.76.104.txt
-5922.16	../data/gen_spam/dev/gen/gen.766.115.txt
-601.636	../data/gen_spam/dev/gen/gen.78.008.txt
-597.891	../data/gen_spam/dev/gen/gen.80.066.txt
-6413.06	../data/gen_spam/dev/gen/gen.833.108.txt
-660.905	../data/gen_spam/dev/gen/gen.86.087.txt
-663.341	../data/gen_spam/dev/gen/gen.86.131.txt
-7018.42	../data/gen_spam/dev/gen/gen.872.002.txt
-72.1137	../data/gen_spam/dev/gen/gen.9.076.txt
-662.684	../data/gen_spam/dev/gen/gen.90.085.txt
-634.825	../data/gen_spam/dev/gen/gen.92.135.txt
-673.949	../data/gen_spam/dev/gen/gen.93.134.txt
-718.898	../data/gen_spam/dev/gen/gen.94.113.txt
-732.02	../data/gen_spam/dev/gen/gen.95.050.txt
-676.213	../data/gen_spam/dev/gen/gen.95.128.txt
-7432.62	../data/gen_spam/dev/gen/gen.953.012.txt
-761.192	../data/gen_spam/dev/gen/gen.96.068.txt
-692.459	../data/gen_spam/dev/gen/gen.96.093.txt
-695.772	../data/gen_spam/dev/gen/gen.97.171.txt
-708.01	../data/gen_spam/dev/gen/gen.98.006.txt
-702.946	../data/gen_spam/dev/gen/gen.98.061.txt
Overall cross-entropy:	11.10847 bits per token, total tokens: 48378

============================================================
[Running] python fileprob.py spam_C0.5_d10.model ../data/gen_spam/dev/spam/*
-86.9266	../data/gen_spam/dev/spam/spam.10.067.txt
-809.032	../data/gen_spam/dev/spam/spam.104.052.txt
-832.315	../data/gen_spam/dev/spam/spam.108.026.txt
-823.802	../data/gen_spam/dev/spam/spam.109.038.txt
-823.802	../data/gen_spam/dev/spam/spam.109.039.txt
-84.1717	../data/gen_spam/dev/spam/spam.11.071.txt
-909.38	../data/gen_spam/dev/spam/spam.115.023.txt
-9190.35	../data/gen_spam/dev/spam/spam.1158.048.txt
-9198.39	../data/gen_spam/dev/spam/spam.1158.049.txt
-914.696	../data/gen_spam/dev/spam/spam.116.047.txt
-920.85	../data/gen_spam/dev/spam/spam.117.016.txt
-909.134	../data/gen_spam/dev/spam/spam.118.051.txt
-937.063	../data/gen_spam/dev/spam/spam.120.063.txt
-892.914	../data/gen_spam/dev/spam/spam.124.082.txt
-892.914	../data/gen_spam/dev/spam/spam.124.088.txt
-910.272	../data/gen_spam/dev/spam/spam.125.090.txt
-916.93	../data/gen_spam/dev/spam/spam.129.034.txt
-1053.42	../data/gen_spam/dev/spam/spam.134.053.txt
-113.395	../data/gen_spam/dev/spam/spam.14.012.txt
-1098.52	../data/gen_spam/dev/spam/spam.149.076.txt
-1169.01	../data/gen_spam/dev/spam/spam.159.080.txt
-120.227	../data/gen_spam/dev/spam/spam.16.019.txt
-1136.45	../data/gen_spam/dev/spam/spam.160.045.txt
-1276.23	../data/gen_spam/dev/spam/spam.161.028.txt
-1227.88	../data/gen_spam/dev/spam/spam.164.017.txt
-1280.92	../data/gen_spam/dev/spam/spam.164.084.txt
-1229.49	../data/gen_spam/dev/spam/spam.165.040.txt
-1240.08	../data/gen_spam/dev/spam/spam.166.060.txt
-1381.09	../data/gen_spam/dev/spam/spam.175.058.txt
-1337.59	../data/gen_spam/dev/spam/spam.178.064.txt
-132.97	../data/gen_spam/dev/spam/spam.18.007.txt
-1382.49	../data/gen_spam/dev/spam/spam.180.062.txt
-1395.34	../data/gen_spam/dev/spam/spam.180.072.txt
-1456.38	../data/gen_spam/dev/spam/spam.183.078.txt
-1479.86	../data/gen_spam/dev/spam/spam.193.070.txt
-1528.5	../data/gen_spam/dev/spam/spam.195.022.txt
-1462.68	../data/gen_spam/dev/spam/spam.198.068.txt
-1472.16	../data/gen_spam/dev/spam/spam.199.075.txt
-159.423	../data/gen_spam/dev/spam/spam.20.009.txt
-1506.55	../data/gen_spam/dev/spam/spam.200.035.txt
-1459.93	../data/gen_spam/dev/spam/spam.201.073.txt
-1571.43	../data/gen_spam/dev/spam/spam.203.069.txt
-1605.5	../data/gen_spam/dev/spam/spam.209.046.txt
-1609.38	../data/gen_spam/dev/spam/spam.214.010.txt
-1655.13	../data/gen_spam/dev/spam/spam.219.018.txt
-1653.85	../data/gen_spam/dev/spam/spam.220.041.txt
-1653.03	../data/gen_spam/dev/spam/spam.220.042.txt
-17153.8	../data/gen_spam/dev/spam/spam.2262.037.txt
-165.849	../data/gen_spam/dev/spam/spam.23.079.txt
-1849.87	../data/gen_spam/dev/spam/spam.239.059.txt
-1871.63	../data/gen_spam/dev/spam/spam.253.089.txt
-2056.01	../data/gen_spam/dev/spam/spam.257.020.txt
-2171.27	../data/gen_spam/dev/spam/spam.272.044.txt
-2230.14	../data/gen_spam/dev/spam/spam.280.085.txt
-2208.73	../data/gen_spam/dev/spam/spam.286.029.txt
-2288.62	../data/gen_spam/dev/spam/spam.293.031.txt
-2290.43	../data/gen_spam/dev/spam/spam.293.033.txt
-2230.14	../data/gen_spam/dev/spam/spam.305.024.txt
-2566.72	../data/gen_spam/dev/spam/spam.325.065.txt
-285.392	../data/gen_spam/dev/spam/spam.35.077.txt
-281.684	../data/gen_spam/dev/spam/spam.36.083.txt
-2822.87	../data/gen_spam/dev/spam/spam.364.013.txt
-2931.63	../data/gen_spam/dev/spam/spam.371.002.txt
-31453.1	../data/gen_spam/dev/spam/spam.4063.061.txt
-35912.7	../data/gen_spam/dev/spam/spam.4516.043.txt
-3613.22	../data/gen_spam/dev/spam/spam.457.054.txt
-35704.5	../data/gen_spam/dev/spam/spam.4635.005.txt
-3850.05	../data/gen_spam/dev/spam/spam.481.066.txt
-42.8261	../data/gen_spam/dev/spam/spam.5.004.txt
-42.8261	../data/gen_spam/dev/spam/spam.5.008.txt
-46.6164	../data/gen_spam/dev/spam/spam.5.030.txt
-416.712	../data/gen_spam/dev/spam/spam.52.032.txt
-439.21	../data/gen_spam/dev/spam/spam.55.006.txt
-4671.8	../data/gen_spam/dev/spam/spam.587.014.txt
-505.249	../data/gen_spam/dev/spam/spam.62.021.txt
-4953.27	../data/gen_spam/dev/spam/spam.621.001.txt
-536.759	../data/gen_spam/dev/spam/spam.69.050.txt
-580.513	../data/gen_spam/dev/spam/spam.73.003.txt
-588.986	../data/gen_spam/dev/spam/spam.78.025.txt
-65.827	../data/gen_spam/dev/spam/spam.8.081.txt
-584.787	../data/gen_spam/dev/spam/spam.80.011.txt
-601.102	../data/gen_spam/dev/spam/spam.81.087.txt
-61755.5	../data/gen_spam/dev/spam/spam.8185.074.txt
-677.725	../data/gen_spam/dev/spam/spam.87.055.txt
-664.646	../data/gen_spam/dev/spam/spam.89.057.txt
-77.8911	../data/gen_spam/dev/spam/spam.9.086.txt
-688.186	../data/gen_spam/dev/spam/spam.91.036.txt
-692.38	../data/gen_spam/dev/spam/spam.92.015.txt
-724.074	../data/gen_spam/dev/spam/spam.94.056.txt
-762.27	../data/gen_spam/dev/spam/spam.98.027.txt
Overall cross-entropy:	11.10067 bits per token, total tokens: 39374

============================================================
[Running] python fileprob.py gen_C0.5_d50.model ../data/gen_spam/dev/gen/*
-73.2233	../data/gen_spam/dev/gen/gen.10.158.txt
-682.768	../data/gen_spam/dev/gen/gen.101.156.txt
-7292.49	../data/gen_spam/dev/gen/gen.1026.098.txt
-6848.34	../data/gen_spam/dev/gen/gen.1050.064.txt
-728.478	../data/gen_spam/dev/gen/gen.106.120.txt
-8118.34	../data/gen_spam/dev/gen/gen.1071.116.txt
-700.195	../data/gen_spam/dev/gen/gen.111.119.txt
-739.51	../data/gen_spam/dev/gen/gen.113.142.txt
-795.9	../data/gen_spam/dev/gen/gen.115.040.txt
-726.525	../data/gen_spam/dev/gen/gen.115.169.txt
-646.496	../data/gen_spam/dev/gen/gen.116.154.txt
-8499.4	../data/gen_spam/dev/gen/gen.1165.139.txt
-789.748	../data/gen_spam/dev/gen/gen.118.029.txt
-8254.9	../data/gen_spam/dev/gen/gen.1208.180.txt
-8969.8	../data/gen_spam/dev/gen/gen.1209.083.txt
-771.586	../data/gen_spam/dev/gen/gen.121.009.txt
-839.369	../data/gen_spam/dev/gen/gen.121.175.txt
-796.529	../data/gen_spam/dev/gen/gen.124.007.txt
-838.967	../data/gen_spam/dev/gen/gen.128.099.txt
-857.045	../data/gen_spam/dev/gen/gen.128.167.txt
-842.394	../data/gen_spam/dev/gen/gen.129.166.txt
-8313.44	../data/gen_spam/dev/gen/gen.1290.117.txt
-884.003	../data/gen_spam/dev/gen/gen.130.030.txt
-818.955	../data/gen_spam/dev/gen/gen.131.110.txt
-879.177	../data/gen_spam/dev/gen/gen.132.001.txt
-845.034	../data/gen_spam/dev/gen/gen.135.019.txt
-9710.75	../data/gen_spam/dev/gen/gen.1355.129.txt
-10379.8	../data/gen_spam/dev/gen/gen.1388.063.txt
-887.766	../data/gen_spam/dev/gen/gen.141.071.txt
-994.524	../data/gen_spam/dev/gen/gen.142.159.txt
-891.48	../data/gen_spam/dev/gen/gen.147.021.txt
-1028.1	../data/gen_spam/dev/gen/gen.147.045.txt
-897.021	../data/gen_spam/dev/gen/gen.147.077.txt
-982.421	../data/gen_spam/dev/gen/gen.152.126.txt
-981.979	../data/gen_spam/dev/gen/gen.153.125.txt
-1097.52	../data/gen_spam/dev/gen/gen.154.149.txt
-1130.67	../data/gen_spam/dev/gen/gen.159.069.txt
-108.075	../data/gen_spam/dev/gen/gen.16.157.txt
-995.911	../data/gen_spam/dev/gen/gen.160.097.txt
-1128.18	../data/gen_spam/dev/gen/gen.161.150.txt
-926.223	../data/gen_spam/dev/gen/gen.163.141.txt
-1280.43	../data/gen_spam/dev/gen/gen.168.144.txt
-1174.74	../data/gen_spam/dev/gen/gen.168.152.txt
-1139.46	../data/gen_spam/dev/gen/gen.170.086.txt
-11894.1	../data/gen_spam/dev/gen/gen.1715.005.txt
-1170.62	../data/gen_spam/dev/gen/gen.173.132.txt
-1210.54	../data/gen_spam/dev/gen/gen.174.067.txt
-1170.7	../data/gen_spam/dev/gen/gen.178.073.txt
-1088.97	../data/gen_spam/dev/gen/gen.181.078.txt
-1243.9	../data/gen_spam/dev/gen/gen.187.173.txt
-1111.76	../data/gen_spam/dev/gen/gen.190.155.txt
-1216.45	../data/gen_spam/dev/gen/gen.195.065.txt
-1344.98	../data/gen_spam/dev/gen/gen.197.174.txt
-145.083	../data/gen_spam/dev/gen/gen.20.059.txt
-121.287	../data/gen_spam/dev/gen/gen.21.179.txt
-1499.96	../data/gen_spam/dev/gen/gen.211.094.txt
-1403.04	../data/gen_spam/dev/gen/gen.218.049.txt
-155.41	../data/gen_spam/dev/gen/gen.22.022.txt
-1420.87	../data/gen_spam/dev/gen/gen.221.053.txt
-1503.89	../data/gen_spam/dev/gen/gen.222.089.txt
-1407.08	../data/gen_spam/dev/gen/gen.230.024.txt
-1601.03	../data/gen_spam/dev/gen/gen.231.140.txt
-1591.31	../data/gen_spam/dev/gen/gen.234.151.txt
-1753.06	../data/gen_spam/dev/gen/gen.236.095.txt
-1681.97	../data/gen_spam/dev/gen/gen.236.137.txt
-165.719	../data/gen_spam/dev/gen/gen.24.010.txt
-149.257	../data/gen_spam/dev/gen/gen.24.042.txt
-162.838	../data/gen_spam/dev/gen/gen.24.090.txt
-1814.62	../data/gen_spam/dev/gen/gen.240.172.txt
-161.766	../data/gen_spam/dev/gen/gen.25.011.txt
-1719.37	../data/gen_spam/dev/gen/gen.257.122.txt
-2004.31	../data/gen_spam/dev/gen/gen.266.054.txt
-1752.91	../data/gen_spam/dev/gen/gen.266.130.txt
-1813.57	../data/gen_spam/dev/gen/gen.267.026.txt
-1829.48	../data/gen_spam/dev/gen/gen.268.020.txt
-2010.79	../data/gen_spam/dev/gen/gen.268.038.txt
-177.354	../data/gen_spam/dev/gen/gen.27.025.txt
-193.841	../data/gen_spam/dev/gen/gen.27.047.txt
-1922.58	../data/gen_spam/dev/gen/gen.275.133.txt
-1784.39	../data/gen_spam/dev/gen/gen.276.102.txt
-176.499	../data/gen_spam/dev/gen/gen.28.072.txt
-1736.84	../data/gen_spam/dev/gen/gen.280.013.txt
-1917.37	../data/gen_spam/dev/gen/gen.283.105.txt
-1784.71	../data/gen_spam/dev/gen/gen.283.170.txt
-193.737	../data/gen_spam/dev/gen/gen.29.018.txt
-1937.76	../data/gen_spam/dev/gen/gen.290.035.txt
-1944.47	../data/gen_spam/dev/gen/gen.299.092.txt
-189.017	../data/gen_spam/dev/gen/gen.30.176.txt
-2215.36	../data/gen_spam/dev/gen/gen.300.074.txt
-2178.16	../data/gen_spam/dev/gen/gen.302.039.txt
-2033.32	../data/gen_spam/dev/gen/gen.302.168.txt
-2142.01	../data/gen_spam/dev/gen/gen.305.034.txt
-2028.91	../data/gen_spam/dev/gen/gen.316.052.txt
-2181.34	../data/gen_spam/dev/gen/gen.320.147.txt
-2398	../data/gen_spam/dev/gen/gen.322.100.txt
-2200.42	../data/gen_spam/dev/gen/gen.327.112.txt
-2197.51	../data/gen_spam/dev/gen/gen.328.145.txt
-202.236	../data/gen_spam/dev/gen/gen.33.060.txt
-2290.85	../data/gen_spam/dev/gen/gen.331.017.txt
-2284.65	../data/gen_spam/dev/gen/gen.331.177.txt
-205.772	../data/gen_spam/dev/gen/gen.34.032.txt
-2297.36	../data/gen_spam/dev/gen/gen.340.046.txt
-2344.9	../data/gen_spam/dev/gen/gen.345.015.txt
-2196.19	../data/gen_spam/dev/gen/gen.345.023.txt
-227.474	../data/gen_spam/dev/gen/gen.35.084.txt
-208.359	../data/gen_spam/dev/gen/gen.35.118.txt
-2682.39	../data/gen_spam/dev/gen/gen.354.057.txt
-2618.22	../data/gen_spam/dev/gen/gen.363.036.txt
-2451.21	../data/gen_spam/dev/gen/gen.368.106.txt
-236.389	../data/gen_spam/dev/gen/gen.37.062.txt
-2711.11	../data/gen_spam/dev/gen/gen.371.123.txt
-268.92	../data/gen_spam/dev/gen/gen.38.161.txt
-264.106	../data/gen_spam/dev/gen/gen.39.051.txt
-282.922	../data/gen_spam/dev/gen/gen.40.162.txt
-2940.81	../data/gen_spam/dev/gen/gen.404.016.txt
-3140.8	../data/gen_spam/dev/gen/gen.433.101.txt
-256.617	../data/gen_spam/dev/gen/gen.44.160.txt
-3189.28	../data/gen_spam/dev/gen/gen.445.080.txt
-2931.28	../data/gen_spam/dev/gen/gen.447.031.txt
-2979.34	../data/gen_spam/dev/gen/gen.448.111.txt
-3045.78	../data/gen_spam/dev/gen/gen.449.056.txt
-331.72	../data/gen_spam/dev/gen/gen.45.075.txt
-3062.38	../data/gen_spam/dev/gen/gen.451.163.txt
-352.615	../data/gen_spam/dev/gen/gen.47.070.txt
-309.67	../data/gen_spam/dev/gen/gen.47.178.txt
-3099.73	../data/gen_spam/dev/gen/gen.471.027.txt
-316.441	../data/gen_spam/dev/gen/gen.48.165.txt
-3525.74	../data/gen_spam/dev/gen/gen.492.121.txt
-325.124	../data/gen_spam/dev/gen/gen.50.004.txt
-265.878	../data/gen_spam/dev/gen/gen.50.033.txt
-357.512	../data/gen_spam/dev/gen/gen.51.146.txt
-3976.22	../data/gen_spam/dev/gen/gen.526.028.txt
-3765.88	../data/gen_spam/dev/gen/gen.532.148.txt
-3889.43	../data/gen_spam/dev/gen/gen.551.044.txt
-381.56	../data/gen_spam/dev/gen/gen.56.103.txt
-370.383	../data/gen_spam/dev/gen/gen.57.043.txt
-4105.76	../data/gen_spam/dev/gen/gen.571.003.txt
-361.047	../data/gen_spam/dev/gen/gen.59.138.txt
-363.395	../data/gen_spam/dev/gen/gen.60.109.txt
-415.345	../data/gen_spam/dev/gen/gen.60.114.txt
-341.138	../data/gen_spam/dev/gen/gen.60.136.txt
-404.355	../data/gen_spam/dev/gen/gen.63.107.txt
-406.86	../data/gen_spam/dev/gen/gen.64.153.txt
-4842.1	../data/gen_spam/dev/gen/gen.643.127.txt
-438.646	../data/gen_spam/dev/gen/gen.65.096.txt
-4535.41	../data/gen_spam/dev/gen/gen.654.079.txt
-437.056	../data/gen_spam/dev/gen/gen.66.082.txt
-378.579	../data/gen_spam/dev/gen/gen.66.091.txt
-438.317	../data/gen_spam/dev/gen/gen.66.143.txt
-4958.78	../data/gen_spam/dev/gen/gen.660.055.txt
-4186.23	../data/gen_spam/dev/gen/gen.660.088.txt
-4730.76	../data/gen_spam/dev/gen/gen.680.164.txt
-495.631	../data/gen_spam/dev/gen/gen.69.124.txt
-454.336	../data/gen_spam/dev/gen/gen.70.037.txt
-4779.12	../data/gen_spam/dev/gen/gen.700.048.txt
-404.756	../data/gen_spam/dev/gen/gen.71.041.txt
-4914.24	../data/gen_spam/dev/gen/gen.713.014.txt
-427.602	../data/gen_spam/dev/gen/gen.72.058.txt
-493.972	../data/gen_spam/dev/gen/gen.76.081.txt
-507.474	../data/gen_spam/dev/gen/gen.76.104.txt
-5150.21	../data/gen_spam/dev/gen/gen.766.115.txt
-544.027	../data/gen_spam/dev/gen/gen.78.008.txt
-557.579	../data/gen_spam/dev/gen/gen.80.066.txt
-5847.88	../data/gen_spam/dev/gen/gen.833.108.txt
-574.928	../data/gen_spam/dev/gen/gen.86.087.txt
-590.785	../data/gen_spam/dev/gen/gen.86.131.txt
-6577.24	../data/gen_spam/dev/gen/gen.872.002.txt
-65.4011	../data/gen_spam/dev/gen/gen.9.076.txt
-564.963	../data/gen_spam/dev/gen/gen.90.085.txt
-516.619	../data/gen_spam/dev/gen/gen.92.135.txt
-587.143	../data/gen_spam/dev/gen/gen.93.134.txt
-644.574	../data/gen_spam/dev/gen/gen.94.113.txt
-641.046	../data/gen_spam/dev/gen/gen.95.050.txt
-585.513	../data/gen_spam/dev/gen/gen.95.128.txt
-6692.13	../data/gen_spam/dev/gen/gen.953.012.txt
-676.177	../data/gen_spam/dev/gen/gen.96.068.txt
-590.685	../data/gen_spam/dev/gen/gen.96.093.txt
-607.251	../data/gen_spam/dev/gen/gen.97.171.txt
-589.188	../data/gen_spam/dev/gen/gen.98.006.txt
-604.561	../data/gen_spam/dev/gen/gen.98.061.txt
Overall cross-entropy:	9.92327 bits per token, total tokens: 48378

============================================================
[Running] python fileprob.py spam_C0.5_d50.model ../data/gen_spam/dev/spam/*
-77.856	../data/gen_spam/dev/spam/spam.10.067.txt
-687.988	../data/gen_spam/dev/spam/spam.104.052.txt
-712.54	../data/gen_spam/dev/spam/spam.108.026.txt
-722.633	../data/gen_spam/dev/spam/spam.109.038.txt
-722.633	../data/gen_spam/dev/spam/spam.109.039.txt
-73.4637	../data/gen_spam/dev/spam/spam.11.071.txt
-770.524	../data/gen_spam/dev/spam/spam.115.023.txt
-8316.25	../data/gen_spam/dev/spam/spam.1158.048.txt
-8330.48	../data/gen_spam/dev/spam/spam.1158.049.txt
-814.639	../data/gen_spam/dev/spam/spam.116.047.txt
-787.242	../data/gen_spam/dev/spam/spam.117.016.txt
-794.23	../data/gen_spam/dev/spam/spam.118.051.txt
-809.966	../data/gen_spam/dev/spam/spam.120.063.txt
-731.932	../data/gen_spam/dev/spam/spam.124.082.txt
-731.932	../data/gen_spam/dev/spam/spam.124.088.txt
-768.108	../data/gen_spam/dev/spam/spam.125.090.txt
-782.023	../data/gen_spam/dev/spam/spam.129.034.txt
-925.312	../data/gen_spam/dev/spam/spam.134.053.txt
-94.3047	../data/gen_spam/dev/spam/spam.14.012.txt
-914.769	../data/gen_spam/dev/spam/spam.149.076.txt
-1072.56	../data/gen_spam/dev/spam/spam.159.080.txt
-112.208	../data/gen_spam/dev/spam/spam.16.019.txt
-918.151	../data/gen_spam/dev/spam/spam.160.045.txt
-1182.02	../data/gen_spam/dev/spam/spam.161.028.txt
-1094.32	../data/gen_spam/dev/spam/spam.164.017.txt
-1198.49	../data/gen_spam/dev/spam/spam.164.084.txt
-1096.59	../data/gen_spam/dev/spam/spam.165.040.txt
-1106.27	../data/gen_spam/dev/spam/spam.166.060.txt
-1253.28	../data/gen_spam/dev/spam/spam.175.058.txt
-1177.3	../data/gen_spam/dev/spam/spam.178.064.txt
-111.969	../data/gen_spam/dev/spam/spam.18.007.txt
-1232.42	../data/gen_spam/dev/spam/spam.180.062.txt
-1243.46	../data/gen_spam/dev/spam/spam.180.072.txt
-1327.88	../data/gen_spam/dev/spam/spam.183.078.txt
-1322.87	../data/gen_spam/dev/spam/spam.193.070.txt
-1442.64	../data/gen_spam/dev/spam/spam.195.022.txt
-961.833	../data/gen_spam/dev/spam/spam.198.068.txt
-969.969	../data/gen_spam/dev/spam/spam.199.075.txt
-135.727	../data/gen_spam/dev/spam/spam.20.009.txt
-1326.2	../data/gen_spam/dev/spam/spam.200.035.txt
-938.136	../data/gen_spam/dev/spam/spam.201.073.txt
-1379.97	../data/gen_spam/dev/spam/spam.203.069.txt
-1423.7	../data/gen_spam/dev/spam/spam.209.046.txt
-1421.9	../data/gen_spam/dev/spam/spam.214.010.txt
-1556.04	../data/gen_spam/dev/spam/spam.219.018.txt
-1414.1	../data/gen_spam/dev/spam/spam.220.041.txt
-1414.05	../data/gen_spam/dev/spam/spam.220.042.txt
-15527.1	../data/gen_spam/dev/spam/spam.2262.037.txt
-129.01	../data/gen_spam/dev/spam/spam.23.079.txt
-1687.01	../data/gen_spam/dev/spam/spam.239.059.txt
-1561.19	../data/gen_spam/dev/spam/spam.253.089.txt
-1869.73	../data/gen_spam/dev/spam/spam.257.020.txt
-1951.75	../data/gen_spam/dev/spam/spam.272.044.txt
-2016.03	../data/gen_spam/dev/spam/spam.280.085.txt
-1935.18	../data/gen_spam/dev/spam/spam.286.029.txt
-2009.85	../data/gen_spam/dev/spam/spam.293.031.txt
-2013.77	../data/gen_spam/dev/spam/spam.293.033.txt
-2023.65	../data/gen_spam/dev/spam/spam.305.024.txt
-2366.21	../data/gen_spam/dev/spam/spam.325.065.txt
-253.081	../data/gen_spam/dev/spam/spam.35.077.txt
-267.026	../data/gen_spam/dev/spam/spam.36.083.txt
-2566.32	../data/gen_spam/dev/spam/spam.364.013.txt
-2606.47	../data/gen_spam/dev/spam/spam.371.002.txt
-28747.1	../data/gen_spam/dev/spam/spam.4063.061.txt
-32158	../data/gen_spam/dev/spam/spam.4516.043.txt
-3236.4	../data/gen_spam/dev/spam/spam.457.054.txt
-32559.8	../data/gen_spam/dev/spam/spam.4635.005.txt
-3417.87	../data/gen_spam/dev/spam/spam.481.066.txt
-36.3189	../data/gen_spam/dev/spam/spam.5.004.txt
-36.3189	../data/gen_spam/dev/spam/spam.5.008.txt
-41.4272	../data/gen_spam/dev/spam/spam.5.030.txt
-388.864	../data/gen_spam/dev/spam/spam.52.032.txt
-436.365	../data/gen_spam/dev/spam/spam.55.006.txt
-4133.5	../data/gen_spam/dev/spam/spam.587.014.txt
-484.008	../data/gen_spam/dev/spam/spam.62.021.txt
-4447.97	../data/gen_spam/dev/spam/spam.621.001.txt
-470.553	../data/gen_spam/dev/spam/spam.69.050.txt
-542.585	../data/gen_spam/dev/spam/spam.73.003.txt
-518.045	../data/gen_spam/dev/spam/spam.78.025.txt
-60.9988	../data/gen_spam/dev/spam/spam.8.081.txt
-490.216	../data/gen_spam/dev/spam/spam.80.011.txt
-577.519	../data/gen_spam/dev/spam/spam.81.087.txt
-55044.2	../data/gen_spam/dev/spam/spam.8185.074.txt
-622.038	../data/gen_spam/dev/spam/spam.87.055.txt
-627.803	../data/gen_spam/dev/spam/spam.89.057.txt
-67.7403	../data/gen_spam/dev/spam/spam.9.086.txt
-604.237	../data/gen_spam/dev/spam/spam.91.036.txt
-607.641	../data/gen_spam/dev/spam/spam.92.015.txt
-676.016	../data/gen_spam/dev/spam/spam.94.056.txt
-725.022	../data/gen_spam/dev/spam/spam.98.027.txt
Overall cross-entropy:	9.92763 bits per token, total tokens: 39374

============================================================
[Running] python fileprob.py gen_C0.5_d200.model ../data/gen_spam/dev/gen/*
-72.3896	../data/gen_spam/dev/gen/gen.10.158.txt
-510.129	../data/gen_spam/dev/gen/gen.101.156.txt
-6121.49	../data/gen_spam/dev/gen/gen.1026.098.txt
-5696.66	../data/gen_spam/dev/gen/gen.1050.064.txt
-634.389	../data/gen_spam/dev/gen/gen.106.120.txt
-7011.45	../data/gen_spam/dev/gen/gen.1071.116.txt
-591.074	../data/gen_spam/dev/gen/gen.111.119.txt
-606.218	../data/gen_spam/dev/gen/gen.113.142.txt
-683.961	../data/gen_spam/dev/gen/gen.115.040.txt
-588.03	../data/gen_spam/dev/gen/gen.115.169.txt
-552.511	../data/gen_spam/dev/gen/gen.116.154.txt
-7266.35	../data/gen_spam/dev/gen/gen.1165.139.txt
-636.602	../data/gen_spam/dev/gen/gen.118.029.txt
-6820.05	../data/gen_spam/dev/gen/gen.1208.180.txt
-7887.12	../data/gen_spam/dev/gen/gen.1209.083.txt
-668.669	../data/gen_spam/dev/gen/gen.121.009.txt
-683.936	../data/gen_spam/dev/gen/gen.121.175.txt
-697.03	../data/gen_spam/dev/gen/gen.124.007.txt
-681.633	../data/gen_spam/dev/gen/gen.128.099.txt
-699.716	../data/gen_spam/dev/gen/gen.128.167.txt
-789.097	../data/gen_spam/dev/gen/gen.129.166.txt
-6872.32	../data/gen_spam/dev/gen/gen.1290.117.txt
-752.503	../data/gen_spam/dev/gen/gen.130.030.txt
-674.057	../data/gen_spam/dev/gen/gen.131.110.txt
-726.241	../data/gen_spam/dev/gen/gen.132.001.txt
-699.25	../data/gen_spam/dev/gen/gen.135.019.txt
-8301.3	../data/gen_spam/dev/gen/gen.1355.129.txt
-9023.73	../data/gen_spam/dev/gen/gen.1388.063.txt
-727.554	../data/gen_spam/dev/gen/gen.141.071.txt
-896.9	../data/gen_spam/dev/gen/gen.142.159.txt
-743.61	../data/gen_spam/dev/gen/gen.147.021.txt
-893.865	../data/gen_spam/dev/gen/gen.147.045.txt
-802.963	../data/gen_spam/dev/gen/gen.147.077.txt
-810.237	../data/gen_spam/dev/gen/gen.152.126.txt
-783.67	../data/gen_spam/dev/gen/gen.153.125.txt
-925.519	../data/gen_spam/dev/gen/gen.154.149.txt
-959.187	../data/gen_spam/dev/gen/gen.159.069.txt
-86.2016	../data/gen_spam/dev/gen/gen.16.157.txt
-816.739	../data/gen_spam/dev/gen/gen.160.097.txt
-993.7	../data/gen_spam/dev/gen/gen.161.150.txt
-734.004	../data/gen_spam/dev/gen/gen.163.141.txt
-1101.52	../data/gen_spam/dev/gen/gen.168.144.txt
-939.147	../data/gen_spam/dev/gen/gen.168.152.txt
-992.869	../data/gen_spam/dev/gen/gen.170.086.txt
-10218.2	../data/gen_spam/dev/gen/gen.1715.005.txt
-1047.53	../data/gen_spam/dev/gen/gen.173.132.txt
-1042.44	../data/gen_spam/dev/gen/gen.174.067.txt
-953.527	../data/gen_spam/dev/gen/gen.178.073.txt
-912.282	../data/gen_spam/dev/gen/gen.181.078.txt
-979.753	../data/gen_spam/dev/gen/gen.187.173.txt
-905.543	../data/gen_spam/dev/gen/gen.190.155.txt
-1062	../data/gen_spam/dev/gen/gen.195.065.txt
-1162.89	../data/gen_spam/dev/gen/gen.197.174.txt
-144.08	../data/gen_spam/dev/gen/gen.20.059.txt
-99.4683	../data/gen_spam/dev/gen/gen.21.179.txt
-1308.07	../data/gen_spam/dev/gen/gen.211.094.txt
-1189.36	../data/gen_spam/dev/gen/gen.218.049.txt
-129.532	../data/gen_spam/dev/gen/gen.22.022.txt
-1150.98	../data/gen_spam/dev/gen/gen.221.053.txt
-1261.77	../data/gen_spam/dev/gen/gen.222.089.txt
-1142.2	../data/gen_spam/dev/gen/gen.230.024.txt
-1369.62	../data/gen_spam/dev/gen/gen.231.140.txt
-1303.81	../data/gen_spam/dev/gen/gen.234.151.txt
-1486.17	../data/gen_spam/dev/gen/gen.236.095.txt
-1424.56	../data/gen_spam/dev/gen/gen.236.137.txt
-133.477	../data/gen_spam/dev/gen/gen.24.010.txt
-107.42	../data/gen_spam/dev/gen/gen.24.042.txt
-139.916	../data/gen_spam/dev/gen/gen.24.090.txt
-1346.8	../data/gen_spam/dev/gen/gen.240.172.txt
-140.959	../data/gen_spam/dev/gen/gen.25.011.txt
-1458.02	../data/gen_spam/dev/gen/gen.257.122.txt
-1471.25	../data/gen_spam/dev/gen/gen.266.054.txt
-1525.69	../data/gen_spam/dev/gen/gen.266.130.txt
-1530.09	../data/gen_spam/dev/gen/gen.267.026.txt
-1628.99	../data/gen_spam/dev/gen/gen.268.020.txt
-1716.85	../data/gen_spam/dev/gen/gen.268.038.txt
-144.449	../data/gen_spam/dev/gen/gen.27.025.txt
-157.59	../data/gen_spam/dev/gen/gen.27.047.txt
-1696.47	../data/gen_spam/dev/gen/gen.275.133.txt
-1437.69	../data/gen_spam/dev/gen/gen.276.102.txt
-148.686	../data/gen_spam/dev/gen/gen.28.072.txt
-1483.99	../data/gen_spam/dev/gen/gen.280.013.txt
-1591.49	../data/gen_spam/dev/gen/gen.283.105.txt
-1471.22	../data/gen_spam/dev/gen/gen.283.170.txt
-161.261	../data/gen_spam/dev/gen/gen.29.018.txt
-1643.68	../data/gen_spam/dev/gen/gen.290.035.txt
-1546.57	../data/gen_spam/dev/gen/gen.299.092.txt
-155.99	../data/gen_spam/dev/gen/gen.30.176.txt
-1946.1	../data/gen_spam/dev/gen/gen.300.074.txt
-1876.27	../data/gen_spam/dev/gen/gen.302.039.txt
-1714.81	../data/gen_spam/dev/gen/gen.302.168.txt
-1817.38	../data/gen_spam/dev/gen/gen.305.034.txt
-1698.18	../data/gen_spam/dev/gen/gen.316.052.txt
-1865	../data/gen_spam/dev/gen/gen.320.147.txt
-2059.12	../data/gen_spam/dev/gen/gen.322.100.txt
-1871.47	../data/gen_spam/dev/gen/gen.327.112.txt
-1792.95	../data/gen_spam/dev/gen/gen.328.145.txt
-195.024	../data/gen_spam/dev/gen/gen.33.060.txt
-1943.53	../data/gen_spam/dev/gen/gen.331.017.txt
-1913.07	../data/gen_spam/dev/gen/gen.331.177.txt
-176.593	../data/gen_spam/dev/gen/gen.34.032.txt
-1868.48	../data/gen_spam/dev/gen/gen.340.046.txt
-1935.06	../data/gen_spam/dev/gen/gen.345.015.txt
-1911.01	../data/gen_spam/dev/gen/gen.345.023.txt
-222.32	../data/gen_spam/dev/gen/gen.35.084.txt
-184.152	../data/gen_spam/dev/gen/gen.35.118.txt
-2113	../data/gen_spam/dev/gen/gen.354.057.txt
-2341.3	../data/gen_spam/dev/gen/gen.363.036.txt
-2025.63	../data/gen_spam/dev/gen/gen.368.106.txt
-192.434	../data/gen_spam/dev/gen/gen.37.062.txt
-2270.59	../data/gen_spam/dev/gen/gen.371.123.txt
-250.343	../data/gen_spam/dev/gen/gen.38.161.txt
-225.537	../data/gen_spam/dev/gen/gen.39.051.txt
-207.21	../data/gen_spam/dev/gen/gen.40.162.txt
-2543.29	../data/gen_spam/dev/gen/gen.404.016.txt
-2705.5	../data/gen_spam/dev/gen/gen.433.101.txt
-216.127	../data/gen_spam/dev/gen/gen.44.160.txt
-2778.57	../data/gen_spam/dev/gen/gen.445.080.txt
-2422.41	../data/gen_spam/dev/gen/gen.447.031.txt
-2511.21	../data/gen_spam/dev/gen/gen.448.111.txt
-2728.91	../data/gen_spam/dev/gen/gen.449.056.txt
-295.571	../data/gen_spam/dev/gen/gen.45.075.txt
-2651.36	../data/gen_spam/dev/gen/gen.451.163.txt
-277.789	../data/gen_spam/dev/gen/gen.47.070.txt
-272.426	../data/gen_spam/dev/gen/gen.47.178.txt
-2842.65	../data/gen_spam/dev/gen/gen.471.027.txt
-257.464	../data/gen_spam/dev/gen/gen.48.165.txt
-2973.15	../data/gen_spam/dev/gen/gen.492.121.txt
-278.663	../data/gen_spam/dev/gen/gen.50.004.txt
-223.007	../data/gen_spam/dev/gen/gen.50.033.txt
-344.08	../data/gen_spam/dev/gen/gen.51.146.txt
-3450.86	../data/gen_spam/dev/gen/gen.526.028.txt
-3285.48	../data/gen_spam/dev/gen/gen.532.148.txt
-3359.49	../data/gen_spam/dev/gen/gen.551.044.txt
-394.064	../data/gen_spam/dev/gen/gen.56.103.txt
-306.107	../data/gen_spam/dev/gen/gen.57.043.txt
-3537.87	../data/gen_spam/dev/gen/gen.571.003.txt
-301.046	../data/gen_spam/dev/gen/gen.59.138.txt
-292.323	../data/gen_spam/dev/gen/gen.60.109.txt
-341.928	../data/gen_spam/dev/gen/gen.60.114.txt
-293.645	../data/gen_spam/dev/gen/gen.60.136.txt
-322.359	../data/gen_spam/dev/gen/gen.63.107.txt
-329.036	../data/gen_spam/dev/gen/gen.64.153.txt
-4332.51	../data/gen_spam/dev/gen/gen.643.127.txt
-363.531	../data/gen_spam/dev/gen/gen.65.096.txt
-3860.71	../data/gen_spam/dev/gen/gen.654.079.txt
-358.997	../data/gen_spam/dev/gen/gen.66.082.txt
-318.309	../data/gen_spam/dev/gen/gen.66.091.txt
-319.987	../data/gen_spam/dev/gen/gen.66.143.txt
-4406.67	../data/gen_spam/dev/gen/gen.660.055.txt
-3460.94	../data/gen_spam/dev/gen/gen.660.088.txt
-4034.63	../data/gen_spam/dev/gen/gen.680.164.txt
-426.148	../data/gen_spam/dev/gen/gen.69.124.txt
-351.378	../data/gen_spam/dev/gen/gen.70.037.txt
-3999.16	../data/gen_spam/dev/gen/gen.700.048.txt
-302.686	../data/gen_spam/dev/gen/gen.71.041.txt
-4181.77	../data/gen_spam/dev/gen/gen.713.014.txt
-347.301	../data/gen_spam/dev/gen/gen.72.058.txt
-415.767	../data/gen_spam/dev/gen/gen.76.081.txt
-404.656	../data/gen_spam/dev/gen/gen.76.104.txt
-4537.98	../data/gen_spam/dev/gen/gen.766.115.txt
-443.576	../data/gen_spam/dev/gen/gen.78.008.txt
-473.305	../data/gen_spam/dev/gen/gen.80.066.txt
-4948.26	../data/gen_spam/dev/gen/gen.833.108.txt
-487.925	../data/gen_spam/dev/gen/gen.86.087.txt
-499.615	../data/gen_spam/dev/gen/gen.86.131.txt
-5690.61	../data/gen_spam/dev/gen/gen.872.002.txt
-54.5715	../data/gen_spam/dev/gen/gen.9.076.txt
-478.046	../data/gen_spam/dev/gen/gen.90.085.txt
-459.1	../data/gen_spam/dev/gen/gen.92.135.txt
-495.643	../data/gen_spam/dev/gen/gen.93.134.txt
-545.205	../data/gen_spam/dev/gen/gen.94.113.txt
-556.561	../data/gen_spam/dev/gen/gen.95.050.txt
-478.896	../data/gen_spam/dev/gen/gen.95.128.txt
-5758.51	../data/gen_spam/dev/gen/gen.953.012.txt
-595.488	../data/gen_spam/dev/gen/gen.96.068.txt
-507.527	../data/gen_spam/dev/gen/gen.96.093.txt
-503.6	../data/gen_spam/dev/gen/gen.97.171.txt
-466.429	../data/gen_spam/dev/gen/gen.98.006.txt
-534.394	../data/gen_spam/dev/gen/gen.98.061.txt
Overall cross-entropy:	8.43470 bits per token, total tokens: 48378

============================================================
[Running] python fileprob.py spam_C0.5_d200.model ../data/gen_spam/dev/spam/*
-74.4976	../data/gen_spam/dev/spam/spam.10.067.txt
-552.281	../data/gen_spam/dev/spam/spam.104.052.txt
-558.338	../data/gen_spam/dev/spam/spam.108.026.txt
-573.606	../data/gen_spam/dev/spam/spam.109.038.txt
-573.606	../data/gen_spam/dev/spam/spam.109.039.txt
-73.7944	../data/gen_spam/dev/spam/spam.11.071.txt
-644.197	../data/gen_spam/dev/spam/spam.115.023.txt
-7288.51	../data/gen_spam/dev/spam/spam.1158.048.txt
-7306.64	../data/gen_spam/dev/spam/spam.1158.049.txt
-687.284	../data/gen_spam/dev/spam/spam.116.047.txt
-564.423	../data/gen_spam/dev/spam/spam.117.016.txt
-648.342	../data/gen_spam/dev/spam/spam.118.051.txt
-450.585	../data/gen_spam/dev/spam/spam.120.063.txt
-535.227	../data/gen_spam/dev/spam/spam.124.082.txt
-535.227	../data/gen_spam/dev/spam/spam.124.088.txt
-563.23	../data/gen_spam/dev/spam/spam.125.090.txt
-666.942	../data/gen_spam/dev/spam/spam.129.034.txt
-762.988	../data/gen_spam/dev/spam/spam.134.053.txt
-62.506	../data/gen_spam/dev/spam/spam.14.012.txt
-774.114	../data/gen_spam/dev/spam/spam.149.076.txt
-734.266	../data/gen_spam/dev/spam/spam.159.080.txt
-112.191	../data/gen_spam/dev/spam/spam.16.019.txt
-728.926	../data/gen_spam/dev/spam/spam.160.045.txt
-1018.17	../data/gen_spam/dev/spam/spam.161.028.txt
-931.932	../data/gen_spam/dev/spam/spam.164.017.txt
-1043.48	../data/gen_spam/dev/spam/spam.164.084.txt
-931.95	../data/gen_spam/dev/spam/spam.165.040.txt
-942.012	../data/gen_spam/dev/spam/spam.166.060.txt
-1088.21	../data/gen_spam/dev/spam/spam.175.058.txt
-944.695	../data/gen_spam/dev/spam/spam.178.064.txt
-82.4308	../data/gen_spam/dev/spam/spam.18.007.txt
-1110.79	../data/gen_spam/dev/spam/spam.180.062.txt
-1123.9	../data/gen_spam/dev/spam/spam.180.072.txt
-1135.02	../data/gen_spam/dev/spam/spam.183.078.txt
-1080.19	../data/gen_spam/dev/spam/spam.193.070.txt
-1268.54	../data/gen_spam/dev/spam/spam.195.022.txt
-232.114	../data/gen_spam/dev/spam/spam.198.068.txt
-236.645	../data/gen_spam/dev/spam/spam.199.075.txt
-115.547	../data/gen_spam/dev/spam/spam.20.009.txt
-1025.13	../data/gen_spam/dev/spam/spam.200.035.txt
-228.215	../data/gen_spam/dev/spam/spam.201.073.txt
-1230.72	../data/gen_spam/dev/spam/spam.203.069.txt
-1195.07	../data/gen_spam/dev/spam/spam.209.046.txt
-1230.79	../data/gen_spam/dev/spam/spam.214.010.txt
-1399.83	../data/gen_spam/dev/spam/spam.219.018.txt
-1238.25	../data/gen_spam/dev/spam/spam.220.041.txt
-1237.31	../data/gen_spam/dev/spam/spam.220.042.txt
-13632.2	../data/gen_spam/dev/spam/spam.2262.037.txt
-111.268	../data/gen_spam/dev/spam/spam.23.079.txt
-1375.61	../data/gen_spam/dev/spam/spam.239.059.txt
-1280.45	../data/gen_spam/dev/spam/spam.253.089.txt
-1650.61	../data/gen_spam/dev/spam/spam.257.020.txt
-1717.68	../data/gen_spam/dev/spam/spam.272.044.txt
-1724.31	../data/gen_spam/dev/spam/spam.280.085.txt
-1639.11	../data/gen_spam/dev/spam/spam.286.029.txt
-1709.64	../data/gen_spam/dev/spam/spam.293.031.txt
-1714.66	../data/gen_spam/dev/spam/spam.293.033.txt
-1611.08	../data/gen_spam/dev/spam/spam.305.024.txt
-2084.9	../data/gen_spam/dev/spam/spam.325.065.txt
-228.474	../data/gen_spam/dev/spam/spam.35.077.txt
-215.596	../data/gen_spam/dev/spam/spam.36.083.txt
-2174.41	../data/gen_spam/dev/spam/spam.364.013.txt
-2176.9	../data/gen_spam/dev/spam/spam.371.002.txt
-25197.5	../data/gen_spam/dev/spam/spam.4063.061.txt
-27780.8	../data/gen_spam/dev/spam/spam.4516.043.txt
-2751.2	../data/gen_spam/dev/spam/spam.457.054.txt
-28500.1	../data/gen_spam/dev/spam/spam.4635.005.txt
-2892.31	../data/gen_spam/dev/spam/spam.481.066.txt
-35.5436	../data/gen_spam/dev/spam/spam.5.004.txt
-35.5436	../data/gen_spam/dev/spam/spam.5.008.txt
-38.9916	../data/gen_spam/dev/spam/spam.5.030.txt
-358.022	../data/gen_spam/dev/spam/spam.52.032.txt
-426.764	../data/gen_spam/dev/spam/spam.55.006.txt
-3459.65	../data/gen_spam/dev/spam/spam.587.014.txt
-458.273	../data/gen_spam/dev/spam/spam.62.021.txt
-3837.26	../data/gen_spam/dev/spam/spam.621.001.txt
-382.673	../data/gen_spam/dev/spam/spam.69.050.txt
-501.15	../data/gen_spam/dev/spam/spam.73.003.txt
-445.332	../data/gen_spam/dev/spam/spam.78.025.txt
-54.4978	../data/gen_spam/dev/spam/spam.8.081.txt
-339.332	../data/gen_spam/dev/spam/spam.80.011.txt
-510.749	../data/gen_spam/dev/spam/spam.81.087.txt
-49562.5	../data/gen_spam/dev/spam/spam.8185.074.txt
-499.28	../data/gen_spam/dev/spam/spam.87.055.txt
-486.435	../data/gen_spam/dev/spam/spam.89.057.txt
-62.2184	../data/gen_spam/dev/spam/spam.9.086.txt
-572.736	../data/gen_spam/dev/spam/spam.91.036.txt
-514.248	../data/gen_spam/dev/spam/spam.92.015.txt
-575.052	../data/gen_spam/dev/spam/spam.94.056.txt
-677.973	../data/gen_spam/dev/spam/spam.98.027.txt
Overall cross-entropy:	8.55730 bits per token, total tokens: 39374

============================================================
