==== English/Spanish Cross-Entropy Evaluation ====


[Running] python fileprob.py en_C0_d10.model ../data/english_spanish/dev/english/*/*
-42.7636	../data/english_spanish/dev/english/length-10/en.10.00
-42.6587	../data/english_spanish/dev/english/length-10/en.10.01
-43.0048	../data/english_spanish/dev/english/length-10/en.10.02
-52.733	../data/english_spanish/dev/english/length-10/en.10.03
-39.0212	../data/english_spanish/dev/english/length-10/en.10.04
-40.6153	../data/english_spanish/dev/english/length-10/en.10.05
-39.0793	../data/english_spanish/dev/english/length-10/en.10.06
-43.2002	../data/english_spanish/dev/english/length-10/en.10.07
-43.0312	../data/english_spanish/dev/english/length-10/en.10.08
-43.5874	../data/english_spanish/dev/english/length-10/en.10.09
-39.0458	../data/english_spanish/dev/english/length-10/en.10.10
-43.169	../data/english_spanish/dev/english/length-10/en.10.11
-42.8824	../data/english_spanish/dev/english/length-10/en.10.12
-43.0052	../data/english_spanish/dev/english/length-10/en.10.13
-42.7316	../data/english_spanish/dev/english/length-10/en.10.14
-45.0086	../data/english_spanish/dev/english/length-10/en.10.15
-45.1944	../data/english_spanish/dev/english/length-10/en.10.16
-42.9185	../data/english_spanish/dev/english/length-10/en.10.17
-44.0102	../data/english_spanish/dev/english/length-10/en.10.18
-42.9853	../data/english_spanish/dev/english/length-10/en.10.19
-425.803	../data/english_spanish/dev/english/length-100/en.100.00
-405.271	../data/english_spanish/dev/english/length-100/en.100.01
-404.318	../data/english_spanish/dev/english/length-100/en.100.02
-386.646	../data/english_spanish/dev/english/length-100/en.100.03
-405.799	../data/english_spanish/dev/english/length-100/en.100.04
-408.431	../data/english_spanish/dev/english/length-100/en.100.05
-408.749	../data/english_spanish/dev/english/length-100/en.100.06
-408.1	../data/english_spanish/dev/english/length-100/en.100.07
-429.04	../data/english_spanish/dev/english/length-100/en.100.08
-393.223	../data/english_spanish/dev/english/length-100/en.100.09
-401.673	../data/english_spanish/dev/english/length-100/en.100.10
-392.632	../data/english_spanish/dev/english/length-100/en.100.11
-386.746	../data/english_spanish/dev/english/length-100/en.100.12
-406.158	../data/english_spanish/dev/english/length-100/en.100.13
-400.113	../data/english_spanish/dev/english/length-100/en.100.14
-415.409	../data/english_spanish/dev/english/length-100/en.100.15
-408.129	../data/english_spanish/dev/english/length-100/en.100.16
-439.207	../data/english_spanish/dev/english/length-100/en.100.17
-367.019	../data/english_spanish/dev/english/length-100/en.100.18
-409.393	../data/english_spanish/dev/english/length-100/en.100.19
-79.595	../data/english_spanish/dev/english/length-20/en.20.00
-82.7708	../data/english_spanish/dev/english/length-20/en.20.01
-82.547	../data/english_spanish/dev/english/length-20/en.20.02
-64.591	../data/english_spanish/dev/english/length-20/en.20.03
-79.3159	../data/english_spanish/dev/english/length-20/en.20.04
-82.8001	../data/english_spanish/dev/english/length-20/en.20.05
-83.8188	../data/english_spanish/dev/english/length-20/en.20.06
-84.6798	../data/english_spanish/dev/english/length-20/en.20.07
-66.4722	../data/english_spanish/dev/english/length-20/en.20.08
-82.1299	../data/english_spanish/dev/english/length-20/en.20.09
-82.6194	../data/english_spanish/dev/english/length-20/en.20.10
-82.4353	../data/english_spanish/dev/english/length-20/en.20.11
-82.9692	../data/english_spanish/dev/english/length-20/en.20.12
-82.4436	../data/english_spanish/dev/english/length-20/en.20.13
-82.6184	../data/english_spanish/dev/english/length-20/en.20.14
-84.017	../data/english_spanish/dev/english/length-20/en.20.15
-78.2974	../data/english_spanish/dev/english/length-20/en.20.16
-82.6037	../data/english_spanish/dev/english/length-20/en.20.17
-82.0825	../data/english_spanish/dev/english/length-20/en.20.18
-61.6661	../data/english_spanish/dev/english/length-20/en.20.19
-818.281	../data/english_spanish/dev/english/length-200/en.200.00
-813.278	../data/english_spanish/dev/english/length-200/en.200.01
-825.686	../data/english_spanish/dev/english/length-200/en.200.02
-789.621	../data/english_spanish/dev/english/length-200/en.200.03
-786.659	../data/english_spanish/dev/english/length-200/en.200.04
-766.313	../data/english_spanish/dev/english/length-200/en.200.05
-822.685	../data/english_spanish/dev/english/length-200/en.200.06
-812.566	../data/english_spanish/dev/english/length-200/en.200.07
-790.936	../data/english_spanish/dev/english/length-200/en.200.08
-814.216	../data/english_spanish/dev/english/length-200/en.200.09
-816.698	../data/english_spanish/dev/english/length-200/en.200.10
-815.453	../data/english_spanish/dev/english/length-200/en.200.11
-756.202	../data/english_spanish/dev/english/length-200/en.200.12
-810.131	../data/english_spanish/dev/english/length-200/en.200.13
-1048.94	../data/english_spanish/dev/english/length-200/en.200.14
-811.221	../data/english_spanish/dev/english/length-200/en.200.15
-797.323	../data/english_spanish/dev/english/length-200/en.200.16
-904.615	../data/english_spanish/dev/english/length-200/en.200.17
-810.848	../data/english_spanish/dev/english/length-200/en.200.18
-802.534	../data/english_spanish/dev/english/length-200/en.200.19
-203.629	../data/english_spanish/dev/english/length-50/en.50.00
-199.509	../data/english_spanish/dev/english/length-50/en.50.01
-203.26	../data/english_spanish/dev/english/length-50/en.50.02
-203.951	../data/english_spanish/dev/english/length-50/en.50.03
-203.258	../data/english_spanish/dev/english/length-50/en.50.04
-204.965	../data/english_spanish/dev/english/length-50/en.50.05
-200.713	../data/english_spanish/dev/english/length-50/en.50.06
-203.514	../data/english_spanish/dev/english/length-50/en.50.07
-179.375	../data/english_spanish/dev/english/length-50/en.50.08
-204.143	../data/english_spanish/dev/english/length-50/en.50.09
-202.766	../data/english_spanish/dev/english/length-50/en.50.10
-205.185	../data/english_spanish/dev/english/length-50/en.50.11
-197.747	../data/english_spanish/dev/english/length-50/en.50.12
-180.455	../data/english_spanish/dev/english/length-50/en.50.13
-201.316	../data/english_spanish/dev/english/length-50/en.50.14
-203.579	../data/english_spanish/dev/english/length-50/en.50.15
-212.688	../data/english_spanish/dev/english/length-50/en.50.16
-188.105	../data/english_spanish/dev/english/length-50/en.50.17
-202.15	../data/english_spanish/dev/english/length-50/en.50.18
-204.579	../data/english_spanish/dev/english/length-50/en.50.19
-1946.37	../data/english_spanish/dev/english/length-500/en.500.00
-2024.55	../data/english_spanish/dev/english/length-500/en.500.01
-1952.89	../data/english_spanish/dev/english/length-500/en.500.02
-2004.01	../data/english_spanish/dev/english/length-500/en.500.03
-2044.48	../data/english_spanish/dev/english/length-500/en.500.04
-1794.63	../data/english_spanish/dev/english/length-500/en.500.05
-2021.24	../data/english_spanish/dev/english/length-500/en.500.06
-2002.89	../data/english_spanish/dev/english/length-500/en.500.07
-2005.7	../data/english_spanish/dev/english/length-500/en.500.08
-2029.71	../data/english_spanish/dev/english/length-500/en.500.09
-1999.82	../data/english_spanish/dev/english/length-500/en.500.10
-2074.95	../data/english_spanish/dev/english/length-500/en.500.11
-1987.5	../data/english_spanish/dev/english/length-500/en.500.12
-2006.89	../data/english_spanish/dev/english/length-500/en.500.13
-2052.53	../data/english_spanish/dev/english/length-500/en.500.14
-1894.81	../data/english_spanish/dev/english/length-500/en.500.15
-2017.25	../data/english_spanish/dev/english/length-500/en.500.16
-2009.87	../data/english_spanish/dev/english/length-500/en.500.17
-2026.22	../data/english_spanish/dev/english/length-500/en.500.18
-2042.05	../data/english_spanish/dev/english/length-500/en.500.19
Overall cross-entropy:	5.77163 bits per token, total tokens: 17725

============================================================

[Running] python fileprob.py sp_C0_d10.model ../data/english_spanish/dev/spanish/*/*
-39.4696	../data/english_spanish/dev/spanish/length-10/sp.10.00
-43.4533	../data/english_spanish/dev/spanish/length-10/sp.10.01
-42.7792	../data/english_spanish/dev/spanish/length-10/sp.10.02
-42.672	../data/english_spanish/dev/spanish/length-10/sp.10.03
-43.013	../data/english_spanish/dev/spanish/length-10/sp.10.04
-42.8167	../data/english_spanish/dev/spanish/length-10/sp.10.05
-44.4523	../data/english_spanish/dev/spanish/length-10/sp.10.06
-42.7228	../data/english_spanish/dev/spanish/length-10/sp.10.07
-42.8407	../data/english_spanish/dev/spanish/length-10/sp.10.08
-44.7438	../data/english_spanish/dev/spanish/length-10/sp.10.09
-42.7284	../data/english_spanish/dev/spanish/length-10/sp.10.10
-42.7499	../data/english_spanish/dev/spanish/length-10/sp.10.11
-44.1491	../data/english_spanish/dev/spanish/length-10/sp.10.12
-42.6091	../data/english_spanish/dev/spanish/length-10/sp.10.13
-42.8117	../data/english_spanish/dev/spanish/length-10/sp.10.14
-42.9752	../data/english_spanish/dev/spanish/length-10/sp.10.15
-43.2581	../data/english_spanish/dev/spanish/length-10/sp.10.16
-42.8392	../data/english_spanish/dev/spanish/length-10/sp.10.17
-42.5802	../data/english_spanish/dev/spanish/length-10/sp.10.18
-42.806	../data/english_spanish/dev/spanish/length-10/sp.10.19
-408.087	../data/english_spanish/dev/spanish/length-100/sp.100.00
-316.242	../data/english_spanish/dev/spanish/length-100/sp.100.01
-412.336	../data/english_spanish/dev/spanish/length-100/sp.100.02
-393.744	../data/english_spanish/dev/spanish/length-100/sp.100.03
-386.203	../data/english_spanish/dev/spanish/length-100/sp.100.04
-451.196	../data/english_spanish/dev/spanish/length-100/sp.100.05
-411.512	../data/english_spanish/dev/spanish/length-100/sp.100.06
-401.332	../data/english_spanish/dev/spanish/length-100/sp.100.07
-404.374	../data/english_spanish/dev/spanish/length-100/sp.100.08
-404.791	../data/english_spanish/dev/spanish/length-100/sp.100.09
-410.505	../data/english_spanish/dev/spanish/length-100/sp.100.10
-309.071	../data/english_spanish/dev/spanish/length-100/sp.100.11
-406.159	../data/english_spanish/dev/spanish/length-100/sp.100.12
-416.832	../data/english_spanish/dev/spanish/length-100/sp.100.13
-406.326	../data/english_spanish/dev/spanish/length-100/sp.100.14
-407.155	../data/english_spanish/dev/spanish/length-100/sp.100.15
-362.475	../data/english_spanish/dev/spanish/length-100/sp.100.16
-408.117	../data/english_spanish/dev/spanish/length-100/sp.100.17
-401.862	../data/english_spanish/dev/spanish/length-100/sp.100.19
-78.0721	../data/english_spanish/dev/spanish/length-20/sp.20.00
-80.5526	../data/english_spanish/dev/spanish/length-20/sp.20.01
-74.5572	../data/english_spanish/dev/spanish/length-20/sp.20.02
-82.3063	../data/english_spanish/dev/spanish/length-20/sp.20.03
-82.0248	../data/english_spanish/dev/spanish/length-20/sp.20.04
-81.9071	../data/english_spanish/dev/spanish/length-20/sp.20.05
-85.8488	../data/english_spanish/dev/spanish/length-20/sp.20.06
-82.5534	../data/english_spanish/dev/spanish/length-20/sp.20.07
-81.9347	../data/english_spanish/dev/spanish/length-20/sp.20.08
-92.9247	../data/english_spanish/dev/spanish/length-20/sp.20.09
-80.513	../data/english_spanish/dev/spanish/length-20/sp.20.10
-69.7174	../data/english_spanish/dev/spanish/length-20/sp.20.11
-113.326	../data/english_spanish/dev/spanish/length-20/sp.20.12
-82.7152	../data/english_spanish/dev/spanish/length-20/sp.20.13
-84.1658	../data/english_spanish/dev/spanish/length-20/sp.20.14
-74.2966	../data/english_spanish/dev/spanish/length-20/sp.20.15
-50.4322	../data/english_spanish/dev/spanish/length-20/sp.20.16
-84.0844	../data/english_spanish/dev/spanish/length-20/sp.20.17
-81.019	../data/english_spanish/dev/spanish/length-20/sp.20.18
-56.6999	../data/english_spanish/dev/spanish/length-20/sp.20.19
-809.937	../data/english_spanish/dev/spanish/length-200/sp.200.00
-867.999	../data/english_spanish/dev/spanish/length-200/sp.200.01
-803.704	../data/english_spanish/dev/spanish/length-200/sp.200.02
-594.468	../data/english_spanish/dev/spanish/length-200/sp.200.03
-814.977	../data/english_spanish/dev/spanish/length-200/sp.200.04
-805.555	../data/english_spanish/dev/spanish/length-200/sp.200.05
-816.84	../data/english_spanish/dev/spanish/length-200/sp.200.06
-815.039	../data/english_spanish/dev/spanish/length-200/sp.200.07
-822.162	../data/english_spanish/dev/spanish/length-200/sp.200.08
-806.663	../data/english_spanish/dev/spanish/length-200/sp.200.09
-733.341	../data/english_spanish/dev/spanish/length-200/sp.200.10
-825.915	../data/english_spanish/dev/spanish/length-200/sp.200.11
-804.171	../data/english_spanish/dev/spanish/length-200/sp.200.12
-813.873	../data/english_spanish/dev/spanish/length-200/sp.200.13
-811.265	../data/english_spanish/dev/spanish/length-200/sp.200.14
-807.805	../data/english_spanish/dev/spanish/length-200/sp.200.15
-806.987	../data/english_spanish/dev/spanish/length-200/sp.200.16
-810.024	../data/english_spanish/dev/spanish/length-200/sp.200.17
-790.542	../data/english_spanish/dev/spanish/length-200/sp.200.18
-817.758	../data/english_spanish/dev/spanish/length-200/sp.200.19
-206.23	../data/english_spanish/dev/spanish/length-50/sp.50.00
-197.716	../data/english_spanish/dev/spanish/length-50/sp.50.01
-203.005	../data/english_spanish/dev/spanish/length-50/sp.50.02
-204.978	../data/english_spanish/dev/spanish/length-50/sp.50.03
-197.012	../data/english_spanish/dev/spanish/length-50/sp.50.04
-202.169	../data/english_spanish/dev/spanish/length-50/sp.50.05
-183.481	../data/english_spanish/dev/spanish/length-50/sp.50.06
-200.647	../data/english_spanish/dev/spanish/length-50/sp.50.07
-207.354	../data/english_spanish/dev/spanish/length-50/sp.50.08
-203.268	../data/english_spanish/dev/spanish/length-50/sp.50.09
-196.921	../data/english_spanish/dev/spanish/length-50/sp.50.10
-203.086	../data/english_spanish/dev/spanish/length-50/sp.50.11
-200.437	../data/english_spanish/dev/spanish/length-50/sp.50.12
-203.409	../data/english_spanish/dev/spanish/length-50/sp.50.13
-201.99	../data/english_spanish/dev/spanish/length-50/sp.50.14
-172.856	../data/english_spanish/dev/spanish/length-50/sp.50.15
-207.393	../data/english_spanish/dev/spanish/length-50/sp.50.16
-202.938	../data/english_spanish/dev/spanish/length-50/sp.50.17
-203.062	../data/english_spanish/dev/spanish/length-50/sp.50.18
-200.108	../data/english_spanish/dev/spanish/length-50/sp.50.19
-2035.16	../data/english_spanish/dev/spanish/length-500/sp.500.00
-1919.95	../data/english_spanish/dev/spanish/length-500/sp.500.01
-2022.23	../data/english_spanish/dev/spanish/length-500/sp.500.02
-2013.32	../data/english_spanish/dev/spanish/length-500/sp.500.03
-1954.98	../data/english_spanish/dev/spanish/length-500/sp.500.04
-1979.38	../data/english_spanish/dev/spanish/length-500/sp.500.05
-2000.1	../data/english_spanish/dev/spanish/length-500/sp.500.06
-2045.08	../data/english_spanish/dev/spanish/length-500/sp.500.07
-1926.82	../data/english_spanish/dev/spanish/length-500/sp.500.08
-1873.68	../data/english_spanish/dev/spanish/length-500/sp.500.09
-2027.19	../data/english_spanish/dev/spanish/length-500/sp.500.10
-1999.99	../data/english_spanish/dev/spanish/length-500/sp.500.11
-1999.8	../data/english_spanish/dev/spanish/length-500/sp.500.12
-2085.83	../data/english_spanish/dev/spanish/length-500/sp.500.13
-2025.63	../data/english_spanish/dev/spanish/length-500/sp.500.14
-1980.73	../data/english_spanish/dev/spanish/length-500/sp.500.15
-2024.91	../data/english_spanish/dev/spanish/length-500/sp.500.16
-2009.12	../data/english_spanish/dev/spanish/length-500/sp.500.17
-2220.64	../data/english_spanish/dev/spanish/length-500/sp.500.18
-1700.38	../data/english_spanish/dev/spanish/length-500/sp.500.19
Overall cross-entropy:	5.76570 bits per token, total tokens: 17465

============================================================

[Running] python fileprob.py en_C0.1_d10.model ../data/english_spanish/dev/english/*/*
-42.7637	../data/english_spanish/dev/english/length-10/en.10.00
-42.6588	../data/english_spanish/dev/english/length-10/en.10.01
-43.0049	../data/english_spanish/dev/english/length-10/en.10.02
-52.7329	../data/english_spanish/dev/english/length-10/en.10.03
-39.0212	../data/english_spanish/dev/english/length-10/en.10.04
-40.6153	../data/english_spanish/dev/english/length-10/en.10.05
-39.0794	../data/english_spanish/dev/english/length-10/en.10.06
-43.2003	../data/english_spanish/dev/english/length-10/en.10.07
-43.0313	../data/english_spanish/dev/english/length-10/en.10.08
-43.5874	../data/english_spanish/dev/english/length-10/en.10.09
-39.0458	../data/english_spanish/dev/english/length-10/en.10.10
-43.169	../data/english_spanish/dev/english/length-10/en.10.11
-42.8824	../data/english_spanish/dev/english/length-10/en.10.12
-43.0052	../data/english_spanish/dev/english/length-10/en.10.13
-42.7317	../data/english_spanish/dev/english/length-10/en.10.14
-45.0086	../data/english_spanish/dev/english/length-10/en.10.15
-45.1943	../data/english_spanish/dev/english/length-10/en.10.16
-42.9186	../data/english_spanish/dev/english/length-10/en.10.17
-44.0102	../data/english_spanish/dev/english/length-10/en.10.18
-42.9853	../data/english_spanish/dev/english/length-10/en.10.19
-425.803	../data/english_spanish/dev/english/length-100/en.100.00
-405.271	../data/english_spanish/dev/english/length-100/en.100.01
-404.318	../data/english_spanish/dev/english/length-100/en.100.02
-386.647	../data/english_spanish/dev/english/length-100/en.100.03
-405.799	../data/english_spanish/dev/english/length-100/en.100.04
-408.431	../data/english_spanish/dev/english/length-100/en.100.05
-408.749	../data/english_spanish/dev/english/length-100/en.100.06
-408.101	../data/english_spanish/dev/english/length-100/en.100.07
-429.04	../data/english_spanish/dev/english/length-100/en.100.08
-393.223	../data/english_spanish/dev/english/length-100/en.100.09
-401.673	../data/english_spanish/dev/english/length-100/en.100.10
-392.632	../data/english_spanish/dev/english/length-100/en.100.11
-386.746	../data/english_spanish/dev/english/length-100/en.100.12
-406.159	../data/english_spanish/dev/english/length-100/en.100.13
-400.114	../data/english_spanish/dev/english/length-100/en.100.14
-415.409	../data/english_spanish/dev/english/length-100/en.100.15
-408.13	../data/english_spanish/dev/english/length-100/en.100.16
-439.207	../data/english_spanish/dev/english/length-100/en.100.17
-367.019	../data/english_spanish/dev/english/length-100/en.100.18
-409.393	../data/english_spanish/dev/english/length-100/en.100.19
-79.595	../data/english_spanish/dev/english/length-20/en.20.00
-82.7708	../data/english_spanish/dev/english/length-20/en.20.01
-82.547	../data/english_spanish/dev/english/length-20/en.20.02
-64.591	../data/english_spanish/dev/english/length-20/en.20.03
-79.316	../data/english_spanish/dev/english/length-20/en.20.04
-82.8001	../data/english_spanish/dev/english/length-20/en.20.05
-83.8189	../data/english_spanish/dev/english/length-20/en.20.06
-84.6798	../data/english_spanish/dev/english/length-20/en.20.07
-66.4723	../data/english_spanish/dev/english/length-20/en.20.08
-82.13	../data/english_spanish/dev/english/length-20/en.20.09
-82.6195	../data/english_spanish/dev/english/length-20/en.20.10
-82.4353	../data/english_spanish/dev/english/length-20/en.20.11
-82.9692	../data/english_spanish/dev/english/length-20/en.20.12
-82.4437	../data/english_spanish/dev/english/length-20/en.20.13
-82.6185	../data/english_spanish/dev/english/length-20/en.20.14
-84.017	../data/english_spanish/dev/english/length-20/en.20.15
-78.2975	../data/english_spanish/dev/english/length-20/en.20.16
-82.6037	../data/english_spanish/dev/english/length-20/en.20.17
-82.0825	../data/english_spanish/dev/english/length-20/en.20.18
-61.6661	../data/english_spanish/dev/english/length-20/en.20.19
-818.282	../data/english_spanish/dev/english/length-200/en.200.00
-813.279	../data/english_spanish/dev/english/length-200/en.200.01
-825.686	../data/english_spanish/dev/english/length-200/en.200.02
-789.621	../data/english_spanish/dev/english/length-200/en.200.03
-786.66	../data/english_spanish/dev/english/length-200/en.200.04
-766.314	../data/english_spanish/dev/english/length-200/en.200.05
-822.686	../data/english_spanish/dev/english/length-200/en.200.06
-812.566	../data/english_spanish/dev/english/length-200/en.200.07
-790.936	../data/english_spanish/dev/english/length-200/en.200.08
-814.217	../data/english_spanish/dev/english/length-200/en.200.09
-816.698	../data/english_spanish/dev/english/length-200/en.200.10
-815.453	../data/english_spanish/dev/english/length-200/en.200.11
-756.202	../data/english_spanish/dev/english/length-200/en.200.12
-810.132	../data/english_spanish/dev/english/length-200/en.200.13
-1048.94	../data/english_spanish/dev/english/length-200/en.200.14
-811.222	../data/english_spanish/dev/english/length-200/en.200.15
-797.323	../data/english_spanish/dev/english/length-200/en.200.16
-904.614	../data/english_spanish/dev/english/length-200/en.200.17
-810.849	../data/english_spanish/dev/english/length-200/en.200.18
-802.534	../data/english_spanish/dev/english/length-200/en.200.19
-203.629	../data/english_spanish/dev/english/length-50/en.50.00
-199.509	../data/english_spanish/dev/english/length-50/en.50.01
-203.26	../data/english_spanish/dev/english/length-50/en.50.02
-203.951	../data/english_spanish/dev/english/length-50/en.50.03
-203.258	../data/english_spanish/dev/english/length-50/en.50.04
-204.966	../data/english_spanish/dev/english/length-50/en.50.05
-200.713	../data/english_spanish/dev/english/length-50/en.50.06
-203.514	../data/english_spanish/dev/english/length-50/en.50.07
-179.375	../data/english_spanish/dev/english/length-50/en.50.08
-204.143	../data/english_spanish/dev/english/length-50/en.50.09
-202.766	../data/english_spanish/dev/english/length-50/en.50.10
-205.185	../data/english_spanish/dev/english/length-50/en.50.11
-197.747	../data/english_spanish/dev/english/length-50/en.50.12
-180.455	../data/english_spanish/dev/english/length-50/en.50.13
-201.316	../data/english_spanish/dev/english/length-50/en.50.14
-203.579	../data/english_spanish/dev/english/length-50/en.50.15
-212.688	../data/english_spanish/dev/english/length-50/en.50.16
-188.106	../data/english_spanish/dev/english/length-50/en.50.17
-202.15	../data/english_spanish/dev/english/length-50/en.50.18
-204.579	../data/english_spanish/dev/english/length-50/en.50.19
-1946.38	../data/english_spanish/dev/english/length-500/en.500.00
-2024.55	../data/english_spanish/dev/english/length-500/en.500.01
-1952.89	../data/english_spanish/dev/english/length-500/en.500.02
-2004.01	../data/english_spanish/dev/english/length-500/en.500.03
-2044.48	../data/english_spanish/dev/english/length-500/en.500.04
-1794.63	../data/english_spanish/dev/english/length-500/en.500.05
-2021.24	../data/english_spanish/dev/english/length-500/en.500.06
-2002.89	../data/english_spanish/dev/english/length-500/en.500.07
-2005.7	../data/english_spanish/dev/english/length-500/en.500.08
-2029.71	../data/english_spanish/dev/english/length-500/en.500.09
-1999.82	../data/english_spanish/dev/english/length-500/en.500.10
-2074.95	../data/english_spanish/dev/english/length-500/en.500.11
-1987.5	../data/english_spanish/dev/english/length-500/en.500.12
-2006.89	../data/english_spanish/dev/english/length-500/en.500.13
-2052.53	../data/english_spanish/dev/english/length-500/en.500.14
-1894.81	../data/english_spanish/dev/english/length-500/en.500.15
-2017.25	../data/english_spanish/dev/english/length-500/en.500.16
-2009.87	../data/english_spanish/dev/english/length-500/en.500.17
-2026.22	../data/english_spanish/dev/english/length-500/en.500.18
-2042.06	../data/english_spanish/dev/english/length-500/en.500.19
Overall cross-entropy:	5.77163 bits per token, total tokens: 17725

============================================================

[Running] python fileprob.py sp_C0.1_d10.model ../data/english_spanish/dev/spanish/*/*
-39.4697	../data/english_spanish/dev/spanish/length-10/sp.10.00
-43.4534	../data/english_spanish/dev/spanish/length-10/sp.10.01
-42.7792	../data/english_spanish/dev/spanish/length-10/sp.10.02
-42.672	../data/english_spanish/dev/spanish/length-10/sp.10.03
-43.013	../data/english_spanish/dev/spanish/length-10/sp.10.04
-42.8168	../data/english_spanish/dev/spanish/length-10/sp.10.05
-44.4523	../data/english_spanish/dev/spanish/length-10/sp.10.06
-42.7228	../data/english_spanish/dev/spanish/length-10/sp.10.07
-42.8407	../data/english_spanish/dev/spanish/length-10/sp.10.08
-44.7438	../data/english_spanish/dev/spanish/length-10/sp.10.09
-42.7284	../data/english_spanish/dev/spanish/length-10/sp.10.10
-42.75	../data/english_spanish/dev/spanish/length-10/sp.10.11
-44.1491	../data/english_spanish/dev/spanish/length-10/sp.10.12
-42.6091	../data/english_spanish/dev/spanish/length-10/sp.10.13
-42.8117	../data/english_spanish/dev/spanish/length-10/sp.10.14
-42.9753	../data/english_spanish/dev/spanish/length-10/sp.10.15
-43.2582	../data/english_spanish/dev/spanish/length-10/sp.10.16
-42.8393	../data/english_spanish/dev/spanish/length-10/sp.10.17
-42.5802	../data/english_spanish/dev/spanish/length-10/sp.10.18
-42.806	../data/english_spanish/dev/spanish/length-10/sp.10.19
-408.087	../data/english_spanish/dev/spanish/length-100/sp.100.00
-316.243	../data/english_spanish/dev/spanish/length-100/sp.100.01
-412.337	../data/english_spanish/dev/spanish/length-100/sp.100.02
-393.744	../data/english_spanish/dev/spanish/length-100/sp.100.03
-386.203	../data/english_spanish/dev/spanish/length-100/sp.100.04
-451.195	../data/english_spanish/dev/spanish/length-100/sp.100.05
-411.512	../data/english_spanish/dev/spanish/length-100/sp.100.06
-401.332	../data/english_spanish/dev/spanish/length-100/sp.100.07
-404.374	../data/english_spanish/dev/spanish/length-100/sp.100.08
-404.791	../data/english_spanish/dev/spanish/length-100/sp.100.09
-410.506	../data/english_spanish/dev/spanish/length-100/sp.100.10
-309.071	../data/english_spanish/dev/spanish/length-100/sp.100.11
-406.159	../data/english_spanish/dev/spanish/length-100/sp.100.12
-416.832	../data/english_spanish/dev/spanish/length-100/sp.100.13
-406.326	../data/english_spanish/dev/spanish/length-100/sp.100.14
-407.155	../data/english_spanish/dev/spanish/length-100/sp.100.15
-362.475	../data/english_spanish/dev/spanish/length-100/sp.100.16
-408.118	../data/english_spanish/dev/spanish/length-100/sp.100.17
-401.863	../data/english_spanish/dev/spanish/length-100/sp.100.19
-78.0722	../data/english_spanish/dev/spanish/length-20/sp.20.00
-80.5527	../data/english_spanish/dev/spanish/length-20/sp.20.01
-74.5573	../data/english_spanish/dev/spanish/length-20/sp.20.02
-82.3063	../data/english_spanish/dev/spanish/length-20/sp.20.03
-82.0249	../data/english_spanish/dev/spanish/length-20/sp.20.04
-81.9072	../data/english_spanish/dev/spanish/length-20/sp.20.05
-85.8488	../data/english_spanish/dev/spanish/length-20/sp.20.06
-82.5535	../data/english_spanish/dev/spanish/length-20/sp.20.07
-81.9348	../data/english_spanish/dev/spanish/length-20/sp.20.08
-92.9246	../data/english_spanish/dev/spanish/length-20/sp.20.09
-80.513	../data/english_spanish/dev/spanish/length-20/sp.20.10
-69.7174	../data/english_spanish/dev/spanish/length-20/sp.20.11
-113.325	../data/english_spanish/dev/spanish/length-20/sp.20.12
-82.7152	../data/english_spanish/dev/spanish/length-20/sp.20.13
-84.1658	../data/english_spanish/dev/spanish/length-20/sp.20.14
-74.2967	../data/english_spanish/dev/spanish/length-20/sp.20.15
-50.4322	../data/english_spanish/dev/spanish/length-20/sp.20.16
-84.0845	../data/english_spanish/dev/spanish/length-20/sp.20.17
-81.019	../data/english_spanish/dev/spanish/length-20/sp.20.18
-56.6999	../data/english_spanish/dev/spanish/length-20/sp.20.19
-809.938	../data/english_spanish/dev/spanish/length-200/sp.200.00
-867.999	../data/english_spanish/dev/spanish/length-200/sp.200.01
-803.705	../data/english_spanish/dev/spanish/length-200/sp.200.02
-594.469	../data/english_spanish/dev/spanish/length-200/sp.200.03
-814.977	../data/english_spanish/dev/spanish/length-200/sp.200.04
-805.556	../data/english_spanish/dev/spanish/length-200/sp.200.05
-816.841	../data/english_spanish/dev/spanish/length-200/sp.200.06
-815.04	../data/english_spanish/dev/spanish/length-200/sp.200.07
-822.163	../data/english_spanish/dev/spanish/length-200/sp.200.08
-806.664	../data/english_spanish/dev/spanish/length-200/sp.200.09
-733.342	../data/english_spanish/dev/spanish/length-200/sp.200.10
-825.916	../data/english_spanish/dev/spanish/length-200/sp.200.11
-804.172	../data/english_spanish/dev/spanish/length-200/sp.200.12
-813.874	../data/english_spanish/dev/spanish/length-200/sp.200.13
-811.266	../data/english_spanish/dev/spanish/length-200/sp.200.14
-807.805	../data/english_spanish/dev/spanish/length-200/sp.200.15
-806.988	../data/english_spanish/dev/spanish/length-200/sp.200.16
-810.025	../data/english_spanish/dev/spanish/length-200/sp.200.17
-790.542	../data/english_spanish/dev/spanish/length-200/sp.200.18
-817.759	../data/english_spanish/dev/spanish/length-200/sp.200.19
-206.23	../data/english_spanish/dev/spanish/length-50/sp.50.00
-197.716	../data/english_spanish/dev/spanish/length-50/sp.50.01
-203.005	../data/english_spanish/dev/spanish/length-50/sp.50.02
-204.978	../data/english_spanish/dev/spanish/length-50/sp.50.03
-197.013	../data/english_spanish/dev/spanish/length-50/sp.50.04
-202.169	../data/english_spanish/dev/spanish/length-50/sp.50.05
-183.482	../data/english_spanish/dev/spanish/length-50/sp.50.06
-200.647	../data/english_spanish/dev/spanish/length-50/sp.50.07
-207.354	../data/english_spanish/dev/spanish/length-50/sp.50.08
-203.268	../data/english_spanish/dev/spanish/length-50/sp.50.09
-196.921	../data/english_spanish/dev/spanish/length-50/sp.50.10
-203.086	../data/english_spanish/dev/spanish/length-50/sp.50.11
-200.437	../data/english_spanish/dev/spanish/length-50/sp.50.12
-203.409	../data/english_spanish/dev/spanish/length-50/sp.50.13
-201.99	../data/english_spanish/dev/spanish/length-50/sp.50.14
-172.856	../data/english_spanish/dev/spanish/length-50/sp.50.15
-207.393	../data/english_spanish/dev/spanish/length-50/sp.50.16
-202.938	../data/english_spanish/dev/spanish/length-50/sp.50.17
-203.062	../data/english_spanish/dev/spanish/length-50/sp.50.18
-200.108	../data/english_spanish/dev/spanish/length-50/sp.50.19
-2035.16	../data/english_spanish/dev/spanish/length-500/sp.500.00
-1919.95	../data/english_spanish/dev/spanish/length-500/sp.500.01
-2022.23	../data/english_spanish/dev/spanish/length-500/sp.500.02
-2013.32	../data/english_spanish/dev/spanish/length-500/sp.500.03
-1954.98	../data/english_spanish/dev/spanish/length-500/sp.500.04
-1979.39	../data/english_spanish/dev/spanish/length-500/sp.500.05
-2000.1	../data/english_spanish/dev/spanish/length-500/sp.500.06
-2045.09	../data/english_spanish/dev/spanish/length-500/sp.500.07
-1926.82	../data/english_spanish/dev/spanish/length-500/sp.500.08
-1873.69	../data/english_spanish/dev/spanish/length-500/sp.500.09
-2027.19	../data/english_spanish/dev/spanish/length-500/sp.500.10
-1999.99	../data/english_spanish/dev/spanish/length-500/sp.500.11
-1999.8	../data/english_spanish/dev/spanish/length-500/sp.500.12
-2085.83	../data/english_spanish/dev/spanish/length-500/sp.500.13
-2025.63	../data/english_spanish/dev/spanish/length-500/sp.500.14
-1980.73	../data/english_spanish/dev/spanish/length-500/sp.500.15
-2024.91	../data/english_spanish/dev/spanish/length-500/sp.500.16
-2009.13	../data/english_spanish/dev/spanish/length-500/sp.500.17
-2220.64	../data/english_spanish/dev/spanish/length-500/sp.500.18
-1700.38	../data/english_spanish/dev/spanish/length-500/sp.500.19
Overall cross-entropy:	5.76570 bits per token, total tokens: 17465

============================================================

[Running] python fileprob.py en_C0.5_d10.model ../data/english_spanish/dev/english/*/*
-42.7638	../data/english_spanish/dev/english/length-10/en.10.00
-42.6589	../data/english_spanish/dev/english/length-10/en.10.01
-43.005	../data/english_spanish/dev/english/length-10/en.10.02
-52.7327	../data/english_spanish/dev/english/length-10/en.10.03
-39.0213	../data/english_spanish/dev/english/length-10/en.10.04
-40.6154	../data/english_spanish/dev/english/length-10/en.10.05
-39.0795	../data/english_spanish/dev/english/length-10/en.10.06
-43.2004	../data/english_spanish/dev/english/length-10/en.10.07
-43.0314	../data/english_spanish/dev/english/length-10/en.10.08
-43.5875	../data/english_spanish/dev/english/length-10/en.10.09
-39.046	../data/english_spanish/dev/english/length-10/en.10.10
-43.1691	../data/english_spanish/dev/english/length-10/en.10.11
-42.8826	../data/english_spanish/dev/english/length-10/en.10.12
-43.0053	../data/english_spanish/dev/english/length-10/en.10.13
-42.7318	../data/english_spanish/dev/english/length-10/en.10.14
-45.0087	../data/english_spanish/dev/english/length-10/en.10.15
-45.1942	../data/english_spanish/dev/english/length-10/en.10.16
-42.9187	../data/english_spanish/dev/english/length-10/en.10.17
-44.0103	../data/english_spanish/dev/english/length-10/en.10.18
-42.9855	../data/english_spanish/dev/english/length-10/en.10.19
-425.804	../data/english_spanish/dev/english/length-100/en.100.00
-405.272	../data/english_spanish/dev/english/length-100/en.100.01
-404.319	../data/english_spanish/dev/english/length-100/en.100.02
-386.648	../data/english_spanish/dev/english/length-100/en.100.03
-405.8	../data/english_spanish/dev/english/length-100/en.100.04
-408.432	../data/english_spanish/dev/english/length-100/en.100.05
-408.749	../data/english_spanish/dev/english/length-100/en.100.06
-408.102	../data/english_spanish/dev/english/length-100/en.100.07
-429.04	../data/english_spanish/dev/english/length-100/en.100.08
-393.224	../data/english_spanish/dev/english/length-100/en.100.09
-401.674	../data/english_spanish/dev/english/length-100/en.100.10
-392.633	../data/english_spanish/dev/english/length-100/en.100.11
-386.747	../data/english_spanish/dev/english/length-100/en.100.12
-406.16	../data/english_spanish/dev/english/length-100/en.100.13
-400.115	../data/english_spanish/dev/english/length-100/en.100.14
-415.41	../data/english_spanish/dev/english/length-100/en.100.15
-408.131	../data/english_spanish/dev/english/length-100/en.100.16
-439.207	../data/english_spanish/dev/english/length-100/en.100.17
-367.02	../data/english_spanish/dev/english/length-100/en.100.18
-409.394	../data/english_spanish/dev/english/length-100/en.100.19
-79.5952	../data/english_spanish/dev/english/length-20/en.20.00
-82.7709	../data/english_spanish/dev/english/length-20/en.20.01
-82.5473	../data/english_spanish/dev/english/length-20/en.20.02
-64.5911	../data/english_spanish/dev/english/length-20/en.20.03
-79.3162	../data/english_spanish/dev/english/length-20/en.20.04
-82.8003	../data/english_spanish/dev/english/length-20/en.20.05
-83.8191	../data/english_spanish/dev/english/length-20/en.20.06
-84.68	../data/english_spanish/dev/english/length-20/en.20.07
-66.4725	../data/english_spanish/dev/english/length-20/en.20.08
-82.1302	../data/english_spanish/dev/english/length-20/en.20.09
-82.6197	../data/english_spanish/dev/english/length-20/en.20.10
-82.4356	../data/english_spanish/dev/english/length-20/en.20.11
-82.9695	../data/english_spanish/dev/english/length-20/en.20.12
-82.4439	../data/english_spanish/dev/english/length-20/en.20.13
-82.6185	../data/english_spanish/dev/english/length-20/en.20.14
-84.0172	../data/english_spanish/dev/english/length-20/en.20.15
-78.2977	../data/english_spanish/dev/english/length-20/en.20.16
-82.604	../data/english_spanish/dev/english/length-20/en.20.17
-82.0828	../data/english_spanish/dev/english/length-20/en.20.18
-61.6661	../data/english_spanish/dev/english/length-20/en.20.19
-818.283	../data/english_spanish/dev/english/length-200/en.200.00
-813.281	../data/english_spanish/dev/english/length-200/en.200.01
-825.688	../data/english_spanish/dev/english/length-200/en.200.02
-789.623	../data/english_spanish/dev/english/length-200/en.200.03
-786.662	../data/english_spanish/dev/english/length-200/en.200.04
-766.315	../data/english_spanish/dev/english/length-200/en.200.05
-822.687	../data/english_spanish/dev/english/length-200/en.200.06
-812.568	../data/english_spanish/dev/english/length-200/en.200.07
-790.939	../data/english_spanish/dev/english/length-200/en.200.08
-814.219	../data/english_spanish/dev/english/length-200/en.200.09
-816.7	../data/english_spanish/dev/english/length-200/en.200.10
-815.455	../data/english_spanish/dev/english/length-200/en.200.11
-756.203	../data/english_spanish/dev/english/length-200/en.200.12
-810.134	../data/english_spanish/dev/english/length-200/en.200.13
-1048.93	../data/english_spanish/dev/english/length-200/en.200.14
-811.224	../data/english_spanish/dev/english/length-200/en.200.15
-797.325	../data/english_spanish/dev/english/length-200/en.200.16
-904.612	../data/english_spanish/dev/english/length-200/en.200.17
-810.851	../data/english_spanish/dev/english/length-200/en.200.18
-802.536	../data/english_spanish/dev/english/length-200/en.200.19
-203.63	../data/english_spanish/dev/english/length-50/en.50.00
-199.51	../data/english_spanish/dev/english/length-50/en.50.01
-203.261	../data/english_spanish/dev/english/length-50/en.50.02
-203.952	../data/english_spanish/dev/english/length-50/en.50.03
-203.259	../data/english_spanish/dev/english/length-50/en.50.04
-204.966	../data/english_spanish/dev/english/length-50/en.50.05
-200.713	../data/english_spanish/dev/english/length-50/en.50.06
-203.514	../data/english_spanish/dev/english/length-50/en.50.07
-179.375	../data/english_spanish/dev/english/length-50/en.50.08
-204.143	../data/english_spanish/dev/english/length-50/en.50.09
-202.767	../data/english_spanish/dev/english/length-50/en.50.10
-205.185	../data/english_spanish/dev/english/length-50/en.50.11
-197.747	../data/english_spanish/dev/english/length-50/en.50.12
-180.456	../data/english_spanish/dev/english/length-50/en.50.13
-201.317	../data/english_spanish/dev/english/length-50/en.50.14
-203.58	../data/english_spanish/dev/english/length-50/en.50.15
-212.688	../data/english_spanish/dev/english/length-50/en.50.16
-188.106	../data/english_spanish/dev/english/length-50/en.50.17
-202.151	../data/english_spanish/dev/english/length-50/en.50.18
-204.58	../data/english_spanish/dev/english/length-50/en.50.19
-1946.38	../data/english_spanish/dev/english/length-500/en.500.00
-2024.55	../data/english_spanish/dev/english/length-500/en.500.01
-1952.89	../data/english_spanish/dev/english/length-500/en.500.02
-2004.02	../data/english_spanish/dev/english/length-500/en.500.03
-2044.48	../data/english_spanish/dev/english/length-500/en.500.04
-1794.63	../data/english_spanish/dev/english/length-500/en.500.05
-2021.25	../data/english_spanish/dev/english/length-500/en.500.06
-2002.9	../data/english_spanish/dev/english/length-500/en.500.07
-2005.7	../data/english_spanish/dev/english/length-500/en.500.08
-2029.71	../data/english_spanish/dev/english/length-500/en.500.09
-1999.83	../data/english_spanish/dev/english/length-500/en.500.10
-2074.95	../data/english_spanish/dev/english/length-500/en.500.11
-1987.5	../data/english_spanish/dev/english/length-500/en.500.12
-2006.9	../data/english_spanish/dev/english/length-500/en.500.13
-2052.53	../data/english_spanish/dev/english/length-500/en.500.14
-1894.82	../data/english_spanish/dev/english/length-500/en.500.15
-2017.25	../data/english_spanish/dev/english/length-500/en.500.16
-2009.87	../data/english_spanish/dev/english/length-500/en.500.17
-2026.23	../data/english_spanish/dev/english/length-500/en.500.18
-2042.06	../data/english_spanish/dev/english/length-500/en.500.19
Overall cross-entropy:	5.77164 bits per token, total tokens: 17725

============================================================

[Running] python fileprob.py sp_C0.5_d10.model ../data/english_spanish/dev/spanish/*/*
-39.4698	../data/english_spanish/dev/spanish/length-10/sp.10.00
-43.4535	../data/english_spanish/dev/spanish/length-10/sp.10.01
-42.7794	../data/english_spanish/dev/spanish/length-10/sp.10.02
-42.6722	../data/english_spanish/dev/spanish/length-10/sp.10.03
-43.0132	../data/english_spanish/dev/spanish/length-10/sp.10.04
-42.8169	../data/english_spanish/dev/spanish/length-10/sp.10.05
-44.4524	../data/english_spanish/dev/spanish/length-10/sp.10.06
-42.7229	../data/english_spanish/dev/spanish/length-10/sp.10.07
-42.8409	../data/english_spanish/dev/spanish/length-10/sp.10.08
-44.7438	../data/english_spanish/dev/spanish/length-10/sp.10.09
-42.7286	../data/english_spanish/dev/spanish/length-10/sp.10.10
-42.7501	../data/english_spanish/dev/spanish/length-10/sp.10.11
-44.1492	../data/english_spanish/dev/spanish/length-10/sp.10.12
-42.6092	../data/english_spanish/dev/spanish/length-10/sp.10.13
-42.8118	../data/english_spanish/dev/spanish/length-10/sp.10.14
-42.9754	../data/english_spanish/dev/spanish/length-10/sp.10.15
-43.2583	../data/english_spanish/dev/spanish/length-10/sp.10.16
-42.8394	../data/english_spanish/dev/spanish/length-10/sp.10.17
-42.5804	../data/english_spanish/dev/spanish/length-10/sp.10.18
-42.8061	../data/english_spanish/dev/spanish/length-10/sp.10.19
-408.088	../data/english_spanish/dev/spanish/length-100/sp.100.00
-316.244	../data/english_spanish/dev/spanish/length-100/sp.100.01
-412.338	../data/english_spanish/dev/spanish/length-100/sp.100.02
-393.745	../data/english_spanish/dev/spanish/length-100/sp.100.03
-386.204	../data/english_spanish/dev/spanish/length-100/sp.100.04
-451.192	../data/english_spanish/dev/spanish/length-100/sp.100.05
-411.513	../data/english_spanish/dev/spanish/length-100/sp.100.06
-401.333	../data/english_spanish/dev/spanish/length-100/sp.100.07
-404.375	../data/english_spanish/dev/spanish/length-100/sp.100.08
-404.792	../data/english_spanish/dev/spanish/length-100/sp.100.09
-410.507	../data/english_spanish/dev/spanish/length-100/sp.100.10
-309.069	../data/english_spanish/dev/spanish/length-100/sp.100.11
-406.161	../data/english_spanish/dev/spanish/length-100/sp.100.12
-416.833	../data/english_spanish/dev/spanish/length-100/sp.100.13
-406.328	../data/english_spanish/dev/spanish/length-100/sp.100.14
-407.156	../data/english_spanish/dev/spanish/length-100/sp.100.15
-362.475	../data/english_spanish/dev/spanish/length-100/sp.100.16
-408.119	../data/english_spanish/dev/spanish/length-100/sp.100.17
-401.864	../data/english_spanish/dev/spanish/length-100/sp.100.19
-78.0724	../data/english_spanish/dev/spanish/length-20/sp.20.00
-80.5528	../data/english_spanish/dev/spanish/length-20/sp.20.01
-74.5575	../data/english_spanish/dev/spanish/length-20/sp.20.02
-82.3066	../data/english_spanish/dev/spanish/length-20/sp.20.03
-82.0251	../data/english_spanish/dev/spanish/length-20/sp.20.04
-81.9074	../data/english_spanish/dev/spanish/length-20/sp.20.05
-85.8487	../data/english_spanish/dev/spanish/length-20/sp.20.06
-82.5537	../data/english_spanish/dev/spanish/length-20/sp.20.07
-81.935	../data/english_spanish/dev/spanish/length-20/sp.20.08
-92.9244	../data/english_spanish/dev/spanish/length-20/sp.20.09
-80.5132	../data/english_spanish/dev/spanish/length-20/sp.20.10
-69.7175	../data/english_spanish/dev/spanish/length-20/sp.20.11
-113.324	../data/english_spanish/dev/spanish/length-20/sp.20.12
-82.7154	../data/english_spanish/dev/spanish/length-20/sp.20.13
-84.166	../data/english_spanish/dev/spanish/length-20/sp.20.14
-74.2969	../data/english_spanish/dev/spanish/length-20/sp.20.15
-50.4322	../data/english_spanish/dev/spanish/length-20/sp.20.16
-84.0845	../data/english_spanish/dev/spanish/length-20/sp.20.17
-81.0191	../data/english_spanish/dev/spanish/length-20/sp.20.18
-56.7	../data/english_spanish/dev/spanish/length-20/sp.20.19
-809.94	../data/english_spanish/dev/spanish/length-200/sp.200.00
-867.997	../data/english_spanish/dev/spanish/length-200/sp.200.01
-803.707	../data/english_spanish/dev/spanish/length-200/sp.200.02
-594.47	../data/english_spanish/dev/spanish/length-200/sp.200.03
-814.98	../data/english_spanish/dev/spanish/length-200/sp.200.04
-805.559	../data/english_spanish/dev/spanish/length-200/sp.200.05
-816.843	../data/english_spanish/dev/spanish/length-200/sp.200.06
-815.042	../data/english_spanish/dev/spanish/length-200/sp.200.07
-822.165	../data/english_spanish/dev/spanish/length-200/sp.200.08
-806.666	../data/english_spanish/dev/spanish/length-200/sp.200.09
-733.344	../data/english_spanish/dev/spanish/length-200/sp.200.10
-825.918	../data/english_spanish/dev/spanish/length-200/sp.200.11
-804.174	../data/english_spanish/dev/spanish/length-200/sp.200.12
-813.876	../data/english_spanish/dev/spanish/length-200/sp.200.13
-811.268	../data/english_spanish/dev/spanish/length-200/sp.200.14
-807.807	../data/english_spanish/dev/spanish/length-200/sp.200.15
-806.99	../data/english_spanish/dev/spanish/length-200/sp.200.16
-810.027	../data/english_spanish/dev/spanish/length-200/sp.200.17
-790.544	../data/english_spanish/dev/spanish/length-200/sp.200.18
-817.76	../data/english_spanish/dev/spanish/length-200/sp.200.19
-206.231	../data/english_spanish/dev/spanish/length-50/sp.50.00
-197.717	../data/english_spanish/dev/spanish/length-50/sp.50.01
-203.006	../data/english_spanish/dev/spanish/length-50/sp.50.02
-204.979	../data/english_spanish/dev/spanish/length-50/sp.50.03
-197.013	../data/english_spanish/dev/spanish/length-50/sp.50.04
-202.17	../data/english_spanish/dev/spanish/length-50/sp.50.05
-183.482	../data/english_spanish/dev/spanish/length-50/sp.50.06
-200.648	../data/english_spanish/dev/spanish/length-50/sp.50.07
-207.354	../data/english_spanish/dev/spanish/length-50/sp.50.08
-203.269	../data/english_spanish/dev/spanish/length-50/sp.50.09
-196.921	../data/english_spanish/dev/spanish/length-50/sp.50.10
-203.087	../data/english_spanish/dev/spanish/length-50/sp.50.11
-200.438	../data/english_spanish/dev/spanish/length-50/sp.50.12
-203.41	../data/english_spanish/dev/spanish/length-50/sp.50.13
-201.99	../data/english_spanish/dev/spanish/length-50/sp.50.14
-172.856	../data/english_spanish/dev/spanish/length-50/sp.50.15
-207.394	../data/english_spanish/dev/spanish/length-50/sp.50.16
-202.939	../data/english_spanish/dev/spanish/length-50/sp.50.17
-203.062	../data/english_spanish/dev/spanish/length-50/sp.50.18
-200.108	../data/english_spanish/dev/spanish/length-50/sp.50.19
-2035.16	../data/english_spanish/dev/spanish/length-500/sp.500.00
-1919.95	../data/english_spanish/dev/spanish/length-500/sp.500.01
-2022.24	../data/english_spanish/dev/spanish/length-500/sp.500.02
-2013.33	../data/english_spanish/dev/spanish/length-500/sp.500.03
-1954.99	../data/english_spanish/dev/spanish/length-500/sp.500.04
-1979.39	../data/english_spanish/dev/spanish/length-500/sp.500.05
-2000.1	../data/english_spanish/dev/spanish/length-500/sp.500.06
-2045.09	../data/english_spanish/dev/spanish/length-500/sp.500.07
-1926.83	../data/english_spanish/dev/spanish/length-500/sp.500.08
-1873.69	../data/english_spanish/dev/spanish/length-500/sp.500.09
-2027.19	../data/english_spanish/dev/spanish/length-500/sp.500.10
-2000	../data/english_spanish/dev/spanish/length-500/sp.500.11
-1999.8	../data/english_spanish/dev/spanish/length-500/sp.500.12
-2085.83	../data/english_spanish/dev/spanish/length-500/sp.500.13
-2025.64	../data/english_spanish/dev/spanish/length-500/sp.500.14
-1980.74	../data/english_spanish/dev/spanish/length-500/sp.500.15
-2024.91	../data/english_spanish/dev/spanish/length-500/sp.500.16
-2009.13	../data/english_spanish/dev/spanish/length-500/sp.500.17
-2220.64	../data/english_spanish/dev/spanish/length-500/sp.500.18
-1700.38	../data/english_spanish/dev/spanish/length-500/sp.500.19
Overall cross-entropy:	5.76571 bits per token, total tokens: 17465

============================================================

[Running] python fileprob.py en_C1_d10.model ../data/english_spanish/dev/english/*/*
-42.764	../data/english_spanish/dev/english/length-10/en.10.00
-42.6591	../data/english_spanish/dev/english/length-10/en.10.01
-43.0052	../data/english_spanish/dev/english/length-10/en.10.02
-52.7324	../data/english_spanish/dev/english/length-10/en.10.03
-39.0215	../data/english_spanish/dev/english/length-10/en.10.04
-40.6155	../data/english_spanish/dev/english/length-10/en.10.05
-39.0796	../data/english_spanish/dev/english/length-10/en.10.06
-43.2005	../data/english_spanish/dev/english/length-10/en.10.07
-43.0316	../data/english_spanish/dev/english/length-10/en.10.08
-43.5877	../data/english_spanish/dev/english/length-10/en.10.09
-39.0461	../data/english_spanish/dev/english/length-10/en.10.10
-43.1693	../data/english_spanish/dev/english/length-10/en.10.11
-42.8827	../data/english_spanish/dev/english/length-10/en.10.12
-43.0055	../data/english_spanish/dev/english/length-10/en.10.13
-42.732	../data/english_spanish/dev/english/length-10/en.10.14
-45.0087	../data/english_spanish/dev/english/length-10/en.10.15
-45.194	../data/english_spanish/dev/english/length-10/en.10.16
-42.9189	../data/english_spanish/dev/english/length-10/en.10.17
-44.0104	../data/english_spanish/dev/english/length-10/en.10.18
-42.9856	../data/english_spanish/dev/english/length-10/en.10.19
-425.804	../data/english_spanish/dev/english/length-100/en.100.00
-405.274	../data/english_spanish/dev/english/length-100/en.100.01
-404.32	../data/english_spanish/dev/english/length-100/en.100.02
-386.649	../data/english_spanish/dev/english/length-100/en.100.03
-405.802	../data/english_spanish/dev/english/length-100/en.100.04
-408.434	../data/english_spanish/dev/english/length-100/en.100.05
-408.75	../data/english_spanish/dev/english/length-100/en.100.06
-408.103	../data/english_spanish/dev/english/length-100/en.100.07
-429.04	../data/english_spanish/dev/english/length-100/en.100.08
-393.225	../data/english_spanish/dev/english/length-100/en.100.09
-401.676	../data/english_spanish/dev/english/length-100/en.100.10
-392.635	../data/english_spanish/dev/english/length-100/en.100.11
-386.749	../data/english_spanish/dev/english/length-100/en.100.12
-406.161	../data/english_spanish/dev/english/length-100/en.100.13
-400.116	../data/english_spanish/dev/english/length-100/en.100.14
-415.411	../data/english_spanish/dev/english/length-100/en.100.15
-408.132	../data/english_spanish/dev/english/length-100/en.100.16
-439.206	../data/english_spanish/dev/english/length-100/en.100.17
-367.021	../data/english_spanish/dev/english/length-100/en.100.18
-409.395	../data/english_spanish/dev/english/length-100/en.100.19
-79.5954	../data/english_spanish/dev/english/length-20/en.20.00
-82.771	../data/english_spanish/dev/english/length-20/en.20.01
-82.5476	../data/english_spanish/dev/english/length-20/en.20.02
-64.5912	../data/english_spanish/dev/english/length-20/en.20.03
-79.3164	../data/english_spanish/dev/english/length-20/en.20.04
-82.8006	../data/english_spanish/dev/english/length-20/en.20.05
-83.8193	../data/english_spanish/dev/english/length-20/en.20.06
-84.6802	../data/english_spanish/dev/english/length-20/en.20.07
-66.4727	../data/english_spanish/dev/english/length-20/en.20.08
-82.1305	../data/english_spanish/dev/english/length-20/en.20.09
-82.62	../data/english_spanish/dev/english/length-20/en.20.10
-82.4359	../data/english_spanish/dev/english/length-20/en.20.11
-82.9697	../data/english_spanish/dev/english/length-20/en.20.12
-82.4442	../data/english_spanish/dev/english/length-20/en.20.13
-82.6186	../data/english_spanish/dev/english/length-20/en.20.14
-84.0174	../data/english_spanish/dev/english/length-20/en.20.15
-78.298	../data/english_spanish/dev/english/length-20/en.20.16
-82.6043	../data/english_spanish/dev/english/length-20/en.20.17
-82.0831	../data/english_spanish/dev/english/length-20/en.20.18
-61.6662	../data/english_spanish/dev/english/length-20/en.20.19
-818.286	../data/english_spanish/dev/english/length-200/en.200.00
-813.284	../data/english_spanish/dev/english/length-200/en.200.01
-825.691	../data/english_spanish/dev/english/length-200/en.200.02
-789.625	../data/english_spanish/dev/english/length-200/en.200.03
-786.665	../data/english_spanish/dev/english/length-200/en.200.04
-766.317	../data/english_spanish/dev/english/length-200/en.200.05
-822.69	../data/english_spanish/dev/english/length-200/en.200.06
-812.571	../data/english_spanish/dev/english/length-200/en.200.07
-790.941	../data/english_spanish/dev/english/length-200/en.200.08
-814.222	../data/english_spanish/dev/english/length-200/en.200.09
-816.703	../data/english_spanish/dev/english/length-200/en.200.10
-815.458	../data/english_spanish/dev/english/length-200/en.200.11
-756.203	../data/english_spanish/dev/english/length-200/en.200.12
-810.137	../data/english_spanish/dev/english/length-200/en.200.13
-1048.92	../data/english_spanish/dev/english/length-200/en.200.14
-811.227	../data/english_spanish/dev/english/length-200/en.200.15
-797.327	../data/english_spanish/dev/english/length-200/en.200.16
-904.608	../data/english_spanish/dev/english/length-200/en.200.17
-810.854	../data/english_spanish/dev/english/length-200/en.200.18
-802.539	../data/english_spanish/dev/english/length-200/en.200.19
-203.63	../data/english_spanish/dev/english/length-50/en.50.00
-199.511	../data/english_spanish/dev/english/length-50/en.50.01
-203.262	../data/english_spanish/dev/english/length-50/en.50.02
-203.952	../data/english_spanish/dev/english/length-50/en.50.03
-203.259	../data/english_spanish/dev/english/length-50/en.50.04
-204.967	../data/english_spanish/dev/english/length-50/en.50.05
-200.713	../data/english_spanish/dev/english/length-50/en.50.06
-203.515	../data/english_spanish/dev/english/length-50/en.50.07
-179.375	../data/english_spanish/dev/english/length-50/en.50.08
-204.144	../data/english_spanish/dev/english/length-50/en.50.09
-202.767	../data/english_spanish/dev/english/length-50/en.50.10
-205.186	../data/english_spanish/dev/english/length-50/en.50.11
-197.748	../data/english_spanish/dev/english/length-50/en.50.12
-180.456	../data/english_spanish/dev/english/length-50/en.50.13
-201.317	../data/english_spanish/dev/english/length-50/en.50.14
-203.58	../data/english_spanish/dev/english/length-50/en.50.15
-212.689	../data/english_spanish/dev/english/length-50/en.50.16
-188.107	../data/english_spanish/dev/english/length-50/en.50.17
-202.151	../data/english_spanish/dev/english/length-50/en.50.18
-204.581	../data/english_spanish/dev/english/length-50/en.50.19
-1946.39	../data/english_spanish/dev/english/length-500/en.500.00
-2024.56	../data/english_spanish/dev/english/length-500/en.500.01
-1952.9	../data/english_spanish/dev/english/length-500/en.500.02
-2004.02	../data/english_spanish/dev/english/length-500/en.500.03
-2044.49	../data/english_spanish/dev/english/length-500/en.500.04
-1794.64	../data/english_spanish/dev/english/length-500/en.500.05
-2021.26	../data/english_spanish/dev/english/length-500/en.500.06
-2002.9	../data/english_spanish/dev/english/length-500/en.500.07
-2005.71	../data/english_spanish/dev/english/length-500/en.500.08
-2029.72	../data/english_spanish/dev/english/length-500/en.500.09
-1999.84	../data/english_spanish/dev/english/length-500/en.500.10
-2074.95	../data/english_spanish/dev/english/length-500/en.500.11
-1987.5	../data/english_spanish/dev/english/length-500/en.500.12
-2006.91	../data/english_spanish/dev/english/length-500/en.500.13
-2052.54	../data/english_spanish/dev/english/length-500/en.500.14
-1894.82	../data/english_spanish/dev/english/length-500/en.500.15
-2017.26	../data/english_spanish/dev/english/length-500/en.500.16
-2009.88	../data/english_spanish/dev/english/length-500/en.500.17
-2026.24	../data/english_spanish/dev/english/length-500/en.500.18
-2042.07	../data/english_spanish/dev/english/length-500/en.500.19
Overall cross-entropy:	5.77166 bits per token, total tokens: 17725

============================================================

[Running] python fileprob.py sp_C1_d10.model ../data/english_spanish/dev/spanish/*/*
-39.4699	../data/english_spanish/dev/spanish/length-10/sp.10.00
-43.4536	../data/english_spanish/dev/spanish/length-10/sp.10.01
-42.7795	../data/english_spanish/dev/spanish/length-10/sp.10.02
-42.6724	../data/english_spanish/dev/spanish/length-10/sp.10.03
-43.0133	../data/english_spanish/dev/spanish/length-10/sp.10.04
-42.8171	../data/english_spanish/dev/spanish/length-10/sp.10.05
-44.4525	../data/english_spanish/dev/spanish/length-10/sp.10.06
-42.7231	../data/english_spanish/dev/spanish/length-10/sp.10.07
-42.841	../data/english_spanish/dev/spanish/length-10/sp.10.08
-44.7439	../data/english_spanish/dev/spanish/length-10/sp.10.09
-42.7287	../data/english_spanish/dev/spanish/length-10/sp.10.10
-42.7503	../data/english_spanish/dev/spanish/length-10/sp.10.11
-44.1493	../data/english_spanish/dev/spanish/length-10/sp.10.12
-42.6094	../data/english_spanish/dev/spanish/length-10/sp.10.13
-42.812	../data/english_spanish/dev/spanish/length-10/sp.10.14
-42.9755	../data/english_spanish/dev/spanish/length-10/sp.10.15
-43.2584	../data/english_spanish/dev/spanish/length-10/sp.10.16
-42.8395	../data/english_spanish/dev/spanish/length-10/sp.10.17
-42.5806	../data/english_spanish/dev/spanish/length-10/sp.10.18
-42.8063	../data/english_spanish/dev/spanish/length-10/sp.10.19
-408.089	../data/english_spanish/dev/spanish/length-100/sp.100.00
-316.245	../data/english_spanish/dev/spanish/length-100/sp.100.01
-412.339	../data/english_spanish/dev/spanish/length-100/sp.100.02
-393.746	../data/english_spanish/dev/spanish/length-100/sp.100.03
-386.205	../data/english_spanish/dev/spanish/length-100/sp.100.04
-451.188	../data/english_spanish/dev/spanish/length-100/sp.100.05
-411.514	../data/english_spanish/dev/spanish/length-100/sp.100.06
-401.335	../data/english_spanish/dev/spanish/length-100/sp.100.07
-404.376	../data/english_spanish/dev/spanish/length-100/sp.100.08
-404.793	../data/english_spanish/dev/spanish/length-100/sp.100.09
-410.508	../data/english_spanish/dev/spanish/length-100/sp.100.10
-309.067	../data/english_spanish/dev/spanish/length-100/sp.100.11
-406.162	../data/english_spanish/dev/spanish/length-100/sp.100.12
-416.834	../data/english_spanish/dev/spanish/length-100/sp.100.13
-406.329	../data/english_spanish/dev/spanish/length-100/sp.100.14
-407.158	../data/english_spanish/dev/spanish/length-100/sp.100.15
-362.475	../data/english_spanish/dev/spanish/length-100/sp.100.16
-408.12	../data/english_spanish/dev/spanish/length-100/sp.100.17
-401.865	../data/english_spanish/dev/spanish/length-100/sp.100.19
-78.0727	../data/english_spanish/dev/spanish/length-20/sp.20.00
-80.553	../data/english_spanish/dev/spanish/length-20/sp.20.01
-74.5578	../data/english_spanish/dev/spanish/length-20/sp.20.02
-82.3069	../data/english_spanish/dev/spanish/length-20/sp.20.03
-82.0254	../data/english_spanish/dev/spanish/length-20/sp.20.04
-81.9077	../data/english_spanish/dev/spanish/length-20/sp.20.05
-85.8486	../data/english_spanish/dev/spanish/length-20/sp.20.06
-82.554	../data/english_spanish/dev/spanish/length-20/sp.20.07
-81.9354	../data/english_spanish/dev/spanish/length-20/sp.20.08
-92.9242	../data/english_spanish/dev/spanish/length-20/sp.20.09
-80.5133	../data/english_spanish/dev/spanish/length-20/sp.20.10
-69.7175	../data/english_spanish/dev/spanish/length-20/sp.20.11
-113.323	../data/english_spanish/dev/spanish/length-20/sp.20.12
-82.7157	../data/english_spanish/dev/spanish/length-20/sp.20.13
-84.1662	../data/english_spanish/dev/spanish/length-20/sp.20.14
-74.2972	../data/english_spanish/dev/spanish/length-20/sp.20.15
-50.4322	../data/english_spanish/dev/spanish/length-20/sp.20.16
-84.0845	../data/english_spanish/dev/spanish/length-20/sp.20.17
-81.0193	../data/english_spanish/dev/spanish/length-20/sp.20.18
-56.7001	../data/english_spanish/dev/spanish/length-20/sp.20.19
-809.943	../data/english_spanish/dev/spanish/length-200/sp.200.00
-867.994	../data/english_spanish/dev/spanish/length-200/sp.200.01
-803.709	../data/english_spanish/dev/spanish/length-200/sp.200.02
-594.471	../data/english_spanish/dev/spanish/length-200/sp.200.03
-814.983	../data/english_spanish/dev/spanish/length-200/sp.200.04
-805.562	../data/english_spanish/dev/spanish/length-200/sp.200.05
-816.846	../data/english_spanish/dev/spanish/length-200/sp.200.06
-815.045	../data/english_spanish/dev/spanish/length-200/sp.200.07
-822.167	../data/english_spanish/dev/spanish/length-200/sp.200.08
-806.669	../data/english_spanish/dev/spanish/length-200/sp.200.09
-733.346	../data/english_spanish/dev/spanish/length-200/sp.200.10
-825.92	../data/english_spanish/dev/spanish/length-200/sp.200.11
-804.176	../data/english_spanish/dev/spanish/length-200/sp.200.12
-813.879	../data/english_spanish/dev/spanish/length-200/sp.200.13
-811.271	../data/english_spanish/dev/spanish/length-200/sp.200.14
-807.81	../data/english_spanish/dev/spanish/length-200/sp.200.15
-806.993	../data/english_spanish/dev/spanish/length-200/sp.200.16
-810.03	../data/english_spanish/dev/spanish/length-200/sp.200.17
-790.547	../data/english_spanish/dev/spanish/length-200/sp.200.18
-817.762	../data/english_spanish/dev/spanish/length-200/sp.200.19
-206.231	../data/english_spanish/dev/spanish/length-50/sp.50.00
-197.717	../data/english_spanish/dev/spanish/length-50/sp.50.01
-203.007	../data/english_spanish/dev/spanish/length-50/sp.50.02
-204.979	../data/english_spanish/dev/spanish/length-50/sp.50.03
-197.013	../data/english_spanish/dev/spanish/length-50/sp.50.04
-202.17	../data/english_spanish/dev/spanish/length-50/sp.50.05
-183.483	../data/english_spanish/dev/spanish/length-50/sp.50.06
-200.648	../data/english_spanish/dev/spanish/length-50/sp.50.07
-207.355	../data/english_spanish/dev/spanish/length-50/sp.50.08
-203.27	../data/english_spanish/dev/spanish/length-50/sp.50.09
-196.922	../data/english_spanish/dev/spanish/length-50/sp.50.10
-203.088	../data/english_spanish/dev/spanish/length-50/sp.50.11
-200.439	../data/english_spanish/dev/spanish/length-50/sp.50.12
-203.41	../data/english_spanish/dev/spanish/length-50/sp.50.13
-201.991	../data/english_spanish/dev/spanish/length-50/sp.50.14
-172.856	../data/english_spanish/dev/spanish/length-50/sp.50.15
-207.394	../data/english_spanish/dev/spanish/length-50/sp.50.16
-202.94	../data/english_spanish/dev/spanish/length-50/sp.50.17
-203.063	../data/english_spanish/dev/spanish/length-50/sp.50.18
-200.109	../data/english_spanish/dev/spanish/length-50/sp.50.19
-2035.17	../data/english_spanish/dev/spanish/length-500/sp.500.00
-1919.95	../data/english_spanish/dev/spanish/length-500/sp.500.01
-2022.24	../data/english_spanish/dev/spanish/length-500/sp.500.02
-2013.33	../data/english_spanish/dev/spanish/length-500/sp.500.03
-1955	../data/english_spanish/dev/spanish/length-500/sp.500.04
-1979.4	../data/english_spanish/dev/spanish/length-500/sp.500.05
-2000.1	../data/english_spanish/dev/spanish/length-500/sp.500.06
-2045.1	../data/english_spanish/dev/spanish/length-500/sp.500.07
-1926.83	../data/english_spanish/dev/spanish/length-500/sp.500.08
-1873.7	../data/english_spanish/dev/spanish/length-500/sp.500.09
-2027.2	../data/english_spanish/dev/spanish/length-500/sp.500.10
-2000.01	../data/english_spanish/dev/spanish/length-500/sp.500.11
-1999.81	../data/english_spanish/dev/spanish/length-500/sp.500.12
-2085.83	../data/english_spanish/dev/spanish/length-500/sp.500.13
-2025.65	../data/english_spanish/dev/spanish/length-500/sp.500.14
-1980.75	../data/english_spanish/dev/spanish/length-500/sp.500.15
-2024.92	../data/english_spanish/dev/spanish/length-500/sp.500.16
-2009.14	../data/english_spanish/dev/spanish/length-500/sp.500.17
-2220.63	../data/english_spanish/dev/spanish/length-500/sp.500.18
-1700.39	../data/english_spanish/dev/spanish/length-500/sp.500.19
Overall cross-entropy:	5.76573 bits per token, total tokens: 17465

============================================================

[Running] python fileprob.py en_C5_d10.model ../data/english_spanish/dev/english/*/*
-42.7653	../data/english_spanish/dev/english/length-10/en.10.00
-42.6604	../data/english_spanish/dev/english/length-10/en.10.01
-43.0064	../data/english_spanish/dev/english/length-10/en.10.02
-52.73	../data/english_spanish/dev/english/length-10/en.10.03
-39.0227	../data/english_spanish/dev/english/length-10/en.10.04
-40.6161	../data/english_spanish/dev/english/length-10/en.10.05
-39.0808	../data/english_spanish/dev/english/length-10/en.10.06
-43.2018	../data/english_spanish/dev/english/length-10/en.10.07
-43.0328	../data/english_spanish/dev/english/length-10/en.10.08
-43.5887	../data/english_spanish/dev/english/length-10/en.10.09
-39.0473	../data/english_spanish/dev/english/length-10/en.10.10
-43.1705	../data/english_spanish/dev/english/length-10/en.10.11
-42.884	../data/english_spanish/dev/english/length-10/en.10.12
-43.0068	../data/english_spanish/dev/english/length-10/en.10.13
-42.7333	../data/english_spanish/dev/english/length-10/en.10.14
-45.0092	../data/english_spanish/dev/english/length-10/en.10.15
-45.1928	../data/english_spanish/dev/english/length-10/en.10.16
-42.9202	../data/english_spanish/dev/english/length-10/en.10.17
-44.0112	../data/english_spanish/dev/english/length-10/en.10.18
-42.9869	../data/english_spanish/dev/english/length-10/en.10.19
-425.808	../data/english_spanish/dev/english/length-100/en.100.00
-405.285	../data/english_spanish/dev/english/length-100/en.100.01
-404.33	../data/english_spanish/dev/english/length-100/en.100.02
-386.66	../data/english_spanish/dev/english/length-100/en.100.03
-405.813	../data/english_spanish/dev/english/length-100/en.100.04
-408.446	../data/english_spanish/dev/english/length-100/en.100.05
-408.752	../data/english_spanish/dev/english/length-100/en.100.06
-408.115	../data/english_spanish/dev/english/length-100/en.100.07
-429.042	../data/english_spanish/dev/english/length-100/en.100.08
-393.233	../data/english_spanish/dev/english/length-100/en.100.09
-401.687	../data/english_spanish/dev/english/length-100/en.100.10
-392.646	../data/english_spanish/dev/english/length-100/en.100.11
-386.759	../data/english_spanish/dev/english/length-100/en.100.12
-406.172	../data/english_spanish/dev/english/length-100/en.100.13
-400.128	../data/english_spanish/dev/english/length-100/en.100.14
-415.416	../data/english_spanish/dev/english/length-100/en.100.15
-408.142	../data/english_spanish/dev/english/length-100/en.100.16
-439.203	../data/english_spanish/dev/english/length-100/en.100.17
-367.027	../data/english_spanish/dev/english/length-100/en.100.18
-409.405	../data/english_spanish/dev/english/length-100/en.100.19
-79.5973	../data/english_spanish/dev/english/length-20/en.20.00
-82.7717	../data/english_spanish/dev/english/length-20/en.20.01
-82.5499	../data/english_spanish/dev/english/length-20/en.20.02
-64.5923	../data/english_spanish/dev/english/length-20/en.20.03
-79.3185	../data/english_spanish/dev/english/length-20/en.20.04
-82.8028	../data/english_spanish/dev/english/length-20/en.20.05
-83.8212	../data/english_spanish/dev/english/length-20/en.20.06
-84.6817	../data/english_spanish/dev/english/length-20/en.20.07
-66.4747	../data/english_spanish/dev/english/length-20/en.20.08
-82.133	../data/english_spanish/dev/english/length-20/en.20.09
-82.6223	../data/english_spanish/dev/english/length-20/en.20.10
-82.4383	../data/english_spanish/dev/english/length-20/en.20.11
-82.9719	../data/english_spanish/dev/english/length-20/en.20.12
-82.4467	../data/english_spanish/dev/english/length-20/en.20.13
-82.6194	../data/english_spanish/dev/english/length-20/en.20.14
-84.0192	../data/english_spanish/dev/english/length-20/en.20.15
-78.3004	../data/english_spanish/dev/english/length-20/en.20.16
-82.6066	../data/english_spanish/dev/english/length-20/en.20.17
-82.0856	../data/english_spanish/dev/english/length-20/en.20.18
-61.6669	../data/english_spanish/dev/english/length-20/en.20.19
-818.304	../data/english_spanish/dev/english/length-200/en.200.00
-813.308	../data/english_spanish/dev/english/length-200/en.200.01
-825.709	../data/english_spanish/dev/english/length-200/en.200.02
-789.645	../data/english_spanish/dev/english/length-200/en.200.03
-786.688	../data/english_spanish/dev/english/length-200/en.200.04
-766.331	../data/english_spanish/dev/english/length-200/en.200.05
-822.708	../data/english_spanish/dev/english/length-200/en.200.06
-812.593	../data/english_spanish/dev/english/length-200/en.200.07
-790.964	../data/english_spanish/dev/english/length-200/en.200.08
-814.246	../data/english_spanish/dev/english/length-200/en.200.09
-816.723	../data/english_spanish/dev/english/length-200/en.200.10
-815.479	../data/english_spanish/dev/english/length-200/en.200.11
-756.206	../data/english_spanish/dev/english/length-200/en.200.12
-810.16	../data/english_spanish/dev/english/length-200/en.200.13
-1048.84	../data/english_spanish/dev/english/length-200/en.200.14
-811.248	../data/english_spanish/dev/english/length-200/en.200.15
-797.342	../data/english_spanish/dev/english/length-200/en.200.16
-904.583	../data/english_spanish/dev/english/length-200/en.200.17
-810.877	../data/english_spanish/dev/english/length-200/en.200.18
-802.56	../data/english_spanish/dev/english/length-200/en.200.19
-203.637	../data/english_spanish/dev/english/length-50/en.50.00
-199.517	../data/english_spanish/dev/english/length-50/en.50.01
-203.268	../data/english_spanish/dev/english/length-50/en.50.02
-203.958	../data/english_spanish/dev/english/length-50/en.50.03
-203.264	../data/english_spanish/dev/english/length-50/en.50.04
-204.973	../data/english_spanish/dev/english/length-50/en.50.05
-200.712	../data/english_spanish/dev/english/length-50/en.50.06
-203.521	../data/english_spanish/dev/english/length-50/en.50.07
-179.378	../data/english_spanish/dev/english/length-50/en.50.08
-204.15	../data/english_spanish/dev/english/length-50/en.50.09
-202.772	../data/english_spanish/dev/english/length-50/en.50.10
-205.191	../data/english_spanish/dev/english/length-50/en.50.11
-197.753	../data/english_spanish/dev/english/length-50/en.50.12
-180.462	../data/english_spanish/dev/english/length-50/en.50.13
-201.323	../data/english_spanish/dev/english/length-50/en.50.14
-203.587	../data/english_spanish/dev/english/length-50/en.50.15
-212.692	../data/english_spanish/dev/english/length-50/en.50.16
-188.112	../data/english_spanish/dev/english/length-50/en.50.17
-202.156	../data/english_spanish/dev/english/length-50/en.50.18
-204.586	../data/english_spanish/dev/english/length-50/en.50.19
-1946.44	../data/english_spanish/dev/english/length-500/en.500.00
-2024.62	../data/english_spanish/dev/english/length-500/en.500.01
-1952.95	../data/english_spanish/dev/english/length-500/en.500.02
-2004.08	../data/english_spanish/dev/english/length-500/en.500.03
-2044.54	../data/english_spanish/dev/english/length-500/en.500.04
-1794.67	../data/english_spanish/dev/english/length-500/en.500.05
-2021.31	../data/english_spanish/dev/english/length-500/en.500.06
-2002.96	../data/english_spanish/dev/english/length-500/en.500.07
-2005.76	../data/english_spanish/dev/english/length-500/en.500.08
-2029.76	../data/english_spanish/dev/english/length-500/en.500.09
-1999.89	../data/english_spanish/dev/english/length-500/en.500.10
-2074.98	../data/english_spanish/dev/english/length-500/en.500.11
-1987.51	../data/english_spanish/dev/english/length-500/en.500.12
-2006.96	../data/english_spanish/dev/english/length-500/en.500.13
-2052.59	../data/english_spanish/dev/english/length-500/en.500.14
-1894.87	../data/english_spanish/dev/english/length-500/en.500.15
-2017.31	../data/english_spanish/dev/english/length-500/en.500.16
-2009.94	../data/english_spanish/dev/english/length-500/en.500.17
-2026.29	../data/english_spanish/dev/english/length-500/en.500.18
-2042.12	../data/english_spanish/dev/english/length-500/en.500.19
Overall cross-entropy:	5.77178 bits per token, total tokens: 17725

============================================================

[Running] python fileprob.py sp_C5_d10.model ../data/english_spanish/dev/spanish/*/*
-39.4709	../data/english_spanish/dev/spanish/length-10/sp.10.00
-43.4547	../data/english_spanish/dev/spanish/length-10/sp.10.01
-42.7809	../data/english_spanish/dev/spanish/length-10/sp.10.02
-42.6738	../data/english_spanish/dev/spanish/length-10/sp.10.03
-43.0146	../data/english_spanish/dev/spanish/length-10/sp.10.04
-42.8184	../data/english_spanish/dev/spanish/length-10/sp.10.05
-44.4532	../data/english_spanish/dev/spanish/length-10/sp.10.06
-42.7245	../data/english_spanish/dev/spanish/length-10/sp.10.07
-42.8424	../data/english_spanish/dev/spanish/length-10/sp.10.08
-44.7445	../data/english_spanish/dev/spanish/length-10/sp.10.09
-42.7301	../data/english_spanish/dev/spanish/length-10/sp.10.10
-42.7516	../data/english_spanish/dev/spanish/length-10/sp.10.11
-44.1501	../data/english_spanish/dev/spanish/length-10/sp.10.12
-42.6108	../data/english_spanish/dev/spanish/length-10/sp.10.13
-42.8133	../data/english_spanish/dev/spanish/length-10/sp.10.14
-42.9768	../data/english_spanish/dev/spanish/length-10/sp.10.15
-43.2596	../data/english_spanish/dev/spanish/length-10/sp.10.16
-42.8409	../data/english_spanish/dev/spanish/length-10/sp.10.17
-42.5819	../data/english_spanish/dev/spanish/length-10/sp.10.18
-42.8076	../data/english_spanish/dev/spanish/length-10/sp.10.19
-408.101	../data/english_spanish/dev/spanish/length-100/sp.100.00
-316.254	../data/english_spanish/dev/spanish/length-100/sp.100.01
-412.349	../data/english_spanish/dev/spanish/length-100/sp.100.02
-393.755	../data/english_spanish/dev/spanish/length-100/sp.100.03
-386.216	../data/english_spanish/dev/spanish/length-100/sp.100.04
-451.154	../data/english_spanish/dev/spanish/length-100/sp.100.05
-411.525	../data/english_spanish/dev/spanish/length-100/sp.100.06
-401.346	../data/english_spanish/dev/spanish/length-100/sp.100.07
-404.388	../data/english_spanish/dev/spanish/length-100/sp.100.08
-404.803	../data/english_spanish/dev/spanish/length-100/sp.100.09
-410.519	../data/english_spanish/dev/spanish/length-100/sp.100.10
-309.05	../data/english_spanish/dev/spanish/length-100/sp.100.11
-406.175	../data/english_spanish/dev/spanish/length-100/sp.100.12
-416.84	../data/english_spanish/dev/spanish/length-100/sp.100.13
-406.341	../data/english_spanish/dev/spanish/length-100/sp.100.14
-407.17	../data/english_spanish/dev/spanish/length-100/sp.100.15
-362.477	../data/english_spanish/dev/spanish/length-100/sp.100.16
-408.132	../data/english_spanish/dev/spanish/length-100/sp.100.17
-401.876	../data/english_spanish/dev/spanish/length-100/sp.100.19
-78.0752	../data/english_spanish/dev/spanish/length-20/sp.20.00
-80.5543	../data/english_spanish/dev/spanish/length-20/sp.20.01
-74.5599	../data/english_spanish/dev/spanish/length-20/sp.20.02
-82.3093	../data/english_spanish/dev/spanish/length-20/sp.20.03
-82.0279	../data/english_spanish/dev/spanish/length-20/sp.20.04
-81.9103	../data/english_spanish/dev/spanish/length-20/sp.20.05
-85.8478	../data/english_spanish/dev/spanish/length-20/sp.20.06
-82.5563	../data/english_spanish/dev/spanish/length-20/sp.20.07
-81.9379	../data/english_spanish/dev/spanish/length-20/sp.20.08
-92.9223	../data/english_spanish/dev/spanish/length-20/sp.20.09
-80.5147	../data/english_spanish/dev/spanish/length-20/sp.20.10
-69.7182	../data/english_spanish/dev/spanish/length-20/sp.20.11
-113.314	../data/english_spanish/dev/spanish/length-20/sp.20.12
-82.718	../data/english_spanish/dev/spanish/length-20/sp.20.13
-84.1678	../data/english_spanish/dev/spanish/length-20/sp.20.14
-74.2994	../data/english_spanish/dev/spanish/length-20/sp.20.15
-50.4322	../data/english_spanish/dev/spanish/length-20/sp.20.16
-84.0846	../data/english_spanish/dev/spanish/length-20/sp.20.17
-81.0205	../data/english_spanish/dev/spanish/length-20/sp.20.18
-56.7009	../data/english_spanish/dev/spanish/length-20/sp.20.19
-809.965	../data/english_spanish/dev/spanish/length-200/sp.200.00
-867.973	../data/english_spanish/dev/spanish/length-200/sp.200.01
-803.728	../data/english_spanish/dev/spanish/length-200/sp.200.02
-594.483	../data/english_spanish/dev/spanish/length-200/sp.200.03
-815.007	../data/english_spanish/dev/spanish/length-200/sp.200.04
-805.586	../data/english_spanish/dev/spanish/length-200/sp.200.05
-816.867	../data/english_spanish/dev/spanish/length-200/sp.200.06
-815.069	../data/english_spanish/dev/spanish/length-200/sp.200.07
-822.183	../data/english_spanish/dev/spanish/length-200/sp.200.08
-806.694	../data/english_spanish/dev/spanish/length-200/sp.200.09
-733.366	../data/english_spanish/dev/spanish/length-200/sp.200.10
-825.94	../data/english_spanish/dev/spanish/length-200/sp.200.11
-804.195	../data/english_spanish/dev/spanish/length-200/sp.200.12
-813.902	../data/english_spanish/dev/spanish/length-200/sp.200.13
-811.295	../data/english_spanish/dev/spanish/length-200/sp.200.14
-807.832	../data/english_spanish/dev/spanish/length-200/sp.200.15
-807.017	../data/english_spanish/dev/spanish/length-200/sp.200.16
-810.052	../data/english_spanish/dev/spanish/length-200/sp.200.17
-790.569	../data/english_spanish/dev/spanish/length-200/sp.200.18
-817.777	../data/english_spanish/dev/spanish/length-200/sp.200.19
-206.236	../data/english_spanish/dev/spanish/length-50/sp.50.00
-197.723	../data/english_spanish/dev/spanish/length-50/sp.50.01
-203.013	../data/english_spanish/dev/spanish/length-50/sp.50.02
-204.983	../data/english_spanish/dev/spanish/length-50/sp.50.03
-197.015	../data/english_spanish/dev/spanish/length-50/sp.50.04
-202.175	../data/english_spanish/dev/spanish/length-50/sp.50.05
-183.489	../data/english_spanish/dev/spanish/length-50/sp.50.06
-200.654	../data/english_spanish/dev/spanish/length-50/sp.50.07
-207.359	../data/english_spanish/dev/spanish/length-50/sp.50.08
-203.276	../data/english_spanish/dev/spanish/length-50/sp.50.09
-196.927	../data/english_spanish/dev/spanish/length-50/sp.50.10
-203.094	../data/english_spanish/dev/spanish/length-50/sp.50.11
-200.444	../data/english_spanish/dev/spanish/length-50/sp.50.12
-203.416	../data/english_spanish/dev/spanish/length-50/sp.50.13
-201.996	../data/english_spanish/dev/spanish/length-50/sp.50.14
-172.858	../data/english_spanish/dev/spanish/length-50/sp.50.15
-207.399	../data/english_spanish/dev/spanish/length-50/sp.50.16
-202.946	../data/english_spanish/dev/spanish/length-50/sp.50.17
-203.07	../data/english_spanish/dev/spanish/length-50/sp.50.18
-200.115	../data/english_spanish/dev/spanish/length-50/sp.50.19
-2035.22	../data/english_spanish/dev/spanish/length-500/sp.500.00
-1919.93	../data/english_spanish/dev/spanish/length-500/sp.500.01
-2022.29	../data/english_spanish/dev/spanish/length-500/sp.500.02
-2013.38	../data/english_spanish/dev/spanish/length-500/sp.500.03
-1955.05	../data/english_spanish/dev/spanish/length-500/sp.500.04
-1979.46	../data/english_spanish/dev/spanish/length-500/sp.500.05
-2000.14	../data/english_spanish/dev/spanish/length-500/sp.500.06
-2045.15	../data/english_spanish/dev/spanish/length-500/sp.500.07
-1926.88	../data/english_spanish/dev/spanish/length-500/sp.500.08
-1873.75	../data/english_spanish/dev/spanish/length-500/sp.500.09
-2027.26	../data/english_spanish/dev/spanish/length-500/sp.500.10
-2000.06	../data/english_spanish/dev/spanish/length-500/sp.500.11
-1999.87	../data/english_spanish/dev/spanish/length-500/sp.500.12
-2085.85	../data/english_spanish/dev/spanish/length-500/sp.500.13
-2025.71	../data/english_spanish/dev/spanish/length-500/sp.500.14
-1980.8	../data/english_spanish/dev/spanish/length-500/sp.500.15
-2024.96	../data/english_spanish/dev/spanish/length-500/sp.500.16
-2009.2	../data/english_spanish/dev/spanish/length-500/sp.500.17
-2220.58	../data/english_spanish/dev/spanish/length-500/sp.500.18
-1700.43	../data/english_spanish/dev/spanish/length-500/sp.500.19
Overall cross-entropy:	5.76585 bits per token, total tokens: 17465

============================================================

All evaluations finished.
