INFO:probs:Read vocab of size 3439 from genspam-vocab.txt
INFO:train_lm:Training...
INFO:probs:Start optimizing on {N} training tokens...
total 101287
checkpoint at 10000
checkpoint at 20000
checkpoint at 30000
checkpoint at 40000
checkpoint at 50000
checkpoint at 60000
checkpoint at 70000
checkpoint at 80000
checkpoint at 90000
checkpoint at 100000
epoch 1: F = -7.4932388012
total 101287
checkpoint at 10000
checkpoint at 20000
checkpoint at 30000
checkpoint at 40000
checkpoint at 50000
checkpoint at 60000
checkpoint at 70000
checkpoint at 80000
checkpoint at 90000
checkpoint at 100000
epoch 2: F = -7.4003087511
total 101287
checkpoint at 10000
checkpoint at 20000
checkpoint at 30000
checkpoint at 40000
checkpoint at 50000
checkpoint at 60000
checkpoint at 70000
checkpoint at 80000
checkpoint at 90000
checkpoint at 100000
epoch 3: F = -7.3624922931
total 101287
checkpoint at 10000
checkpoint at 20000
checkpoint at 30000
checkpoint at 40000
checkpoint at 50000
checkpoint at 60000
checkpoint at 70000
checkpoint at 80000
checkpoint at 90000
checkpoint at 100000
epoch 4: F = -7.3410136415
total 101287
checkpoint at 10000
checkpoint at 20000
checkpoint at 30000
checkpoint at 40000
checkpoint at 50000
checkpoint at 60000
checkpoint at 70000
checkpoint at 80000
checkpoint at 90000
checkpoint at 100000
epoch 5: F = -7.3262094721
total 101287
checkpoint at 10000
checkpoint at 20000
checkpoint at 30000
checkpoint at 40000
checkpoint at 50000
checkpoint at 60000
checkpoint at 70000
checkpoint at 80000
checkpoint at 90000
checkpoint at 100000
epoch 6: F = -7.3148858479
total 101287
checkpoint at 10000
checkpoint at 20000
checkpoint at 30000
checkpoint at 40000
checkpoint at 50000
checkpoint at 60000
checkpoint at 70000
checkpoint at 80000
checkpoint at 90000
checkpoint at 100000
epoch 7: F = -7.3057856665
total 101287
checkpoint at 10000
checkpoint at 20000
checkpoint at 30000
checkpoint at 40000
checkpoint at 50000
checkpoint at 60000
checkpoint at 70000
checkpoint at 80000
checkpoint at 90000
checkpoint at 100000
epoch 8: F = -7.2982885573
total 101287
checkpoint at 10000
checkpoint at 20000
checkpoint at 30000
checkpoint at 40000
checkpoint at 50000
checkpoint at 60000
checkpoint at 70000
checkpoint at 80000
checkpoint at 90000
checkpoint at 100000
epoch 9: F = -7.2920196974
total 101287
checkpoint at 10000
checkpoint at 20000
checkpoint at 30000
checkpoint at 40000
checkpoint at 50000
checkpoint at 60000
checkpoint at 70000
checkpoint at 80000
checkpoint at 90000
checkpoint at 100000
epoch 10: F = -7.2867232632
Finished training on 101287 tokens
INFO:probs:done optimizing.
INFO:probs:Saving model to gen_C1_d10.model
INFO:probs:Saved model to gen_C1_d10.model
