INFO:probs:Read vocab of size 3439 from genspam-vocab.txt
INFO:train_lm:Training...
INFO:probs:Start optimizing on {N} training tokens...
total 101287
checkpoint at 10000
checkpoint at 20000
checkpoint at 30000
checkpoint at 40000
checkpoint at 50000
checkpoint at 60000
checkpoint at 70000
checkpoint at 80000
checkpoint at 90000
checkpoint at 100000
epoch 1: F = -5.1647587770
total 101287
checkpoint at 10000
checkpoint at 20000
checkpoint at 30000
checkpoint at 40000
checkpoint at 50000
checkpoint at 60000
checkpoint at 70000
checkpoint at 80000
checkpoint at 90000
checkpoint at 100000
epoch 2: F = -4.6485865292
total 101287
checkpoint at 10000
checkpoint at 20000
checkpoint at 30000
checkpoint at 40000
checkpoint at 50000
checkpoint at 60000
checkpoint at 70000
checkpoint at 80000
checkpoint at 90000
checkpoint at 100000
epoch 3: F = -4.4952290911
total 101287
checkpoint at 10000
checkpoint at 20000
checkpoint at 30000
checkpoint at 40000
checkpoint at 50000
checkpoint at 60000
checkpoint at 70000
checkpoint at 80000
checkpoint at 90000
checkpoint at 100000
epoch 4: F = -4.4074182474
total 101287
checkpoint at 10000
checkpoint at 20000
checkpoint at 30000
checkpoint at 40000
checkpoint at 50000
checkpoint at 60000
checkpoint at 70000
checkpoint at 80000
checkpoint at 90000
checkpoint at 100000
epoch 5: F = -4.3481791239
total 101287
checkpoint at 10000
checkpoint at 20000
checkpoint at 30000
checkpoint at 40000
checkpoint at 50000
checkpoint at 60000
checkpoint at 70000
checkpoint at 80000
checkpoint at 90000
checkpoint at 100000
epoch 6: F = -4.3045809464
total 101287
checkpoint at 10000
checkpoint at 20000
checkpoint at 30000
checkpoint at 40000
checkpoint at 50000
checkpoint at 60000
checkpoint at 70000
checkpoint at 80000
checkpoint at 90000
checkpoint at 100000
epoch 7: F = -4.2706717917
total 101287
checkpoint at 10000
checkpoint at 20000
checkpoint at 30000
checkpoint at 40000
checkpoint at 50000
checkpoint at 60000
checkpoint at 70000
checkpoint at 80000
checkpoint at 90000
checkpoint at 100000
epoch 8: F = -4.2432712984
total 101287
checkpoint at 10000
checkpoint at 20000
checkpoint at 30000
checkpoint at 40000
checkpoint at 50000
checkpoint at 60000
checkpoint at 70000
checkpoint at 80000
checkpoint at 90000
checkpoint at 100000
epoch 9: F = -4.2205021195
total 101287
checkpoint at 10000
checkpoint at 20000
checkpoint at 30000
checkpoint at 40000
checkpoint at 50000
checkpoint at 60000
checkpoint at 70000
checkpoint at 80000
checkpoint at 90000
checkpoint at 100000
epoch 10: F = -4.2011728876
Finished training on 101287 tokens
INFO:probs:done optimizing.
INFO:probs:Saving model to gen_C0.5_d200.model
INFO:probs:Saved model to gen_C0.5_d200.model
