nohup: ignoring input
INFO:probs:Read vocab of size 3439 from genspam-vocab.txt
INFO:train_lm:Training...
INFO:probs:Start optimizing on {N} training tokens...
total 23268
checkpoint at 10000
checkpoint at 20000
epoch 1: F = -8.1470732817
total 23268
checkpoint at 10000
checkpoint at 20000
epoch 2: F = -8.0972182379
total 23268
checkpoint at 10000
checkpoint at 20000
epoch 3: F = -8.0462212562
total 23268
checkpoint at 10000
checkpoint at 20000
epoch 4: F = -7.9898181091
total 23268
checkpoint at 10000
checkpoint at 20000
epoch 5: F = -7.9228294217
total 23268
checkpoint at 10000
checkpoint at 20000
epoch 6: F = -7.8387031233
total 23268
checkpoint at 10000
checkpoint at 20000
epoch 7: F = -7.7294325534
total 23268
checkpoint at 10000
checkpoint at 20000
epoch 8: F = -7.5870895317
total 23268
checkpoint at 10000
checkpoint at 20000
epoch 9: F = -7.4117366026
total 23268
checkpoint at 10000
checkpoint at 20000
epoch 10: F = -7.2338510131
Finished training on 23268 tokens
INFO:probs:done optimizing.
INFO:probs:Saving model to spam_improved.model
INFO:probs:Saved model to spam_improved.model
