nohup: ignoring input
INFO:probs:Read vocab of size 3439 from genspam-vocab.txt
INFO:train_lm:Training...
INFO:probs:Start optimizing on {N} training tokens...
total 23268
checkpoint at 10000
checkpoint at 20000
epoch 1: F = -8.0934065219
total 23268
checkpoint at 10000
checkpoint at 20000
epoch 2: F = -7.9015840580
total 23268
checkpoint at 10000
checkpoint at 20000
epoch 3: F = -7.5148798300
total 23268
checkpoint at 10000
checkpoint at 20000
epoch 4: F = -7.0454623249
total 23268
checkpoint at 10000
checkpoint at 20000
epoch 5: F = -6.7214098656
total 23268
checkpoint at 10000
checkpoint at 20000
epoch 6: F = -6.4434371476
total 23268
checkpoint at 10000
checkpoint at 20000
epoch 7: F = -6.2312308571
total 23268
checkpoint at 10000
checkpoint at 20000
epoch 8: F = -6.0588707107
total 23268
checkpoint at 10000
checkpoint at 20000
epoch 9: F = -5.9249668175
total 23268
checkpoint at 10000
checkpoint at 20000
epoch 10: F = -5.8202421542
Finished training on 23268 tokens
INFO:probs:done optimizing.
INFO:probs:Saving model to spam_improved.model
INFO:probs:Saved model to spam_improved.model
