nohup: ignoring input
INFO:probs:Read vocab of size 3439 from genspam-vocab.txt
INFO:train_lm:Training...
INFO:probs:Start optimizing on {N} training tokens...
total 23268
checkpoint at 10000
checkpoint at 20000
epoch 1: F = -8.1638269155
total 23268
checkpoint at 10000
checkpoint at 20000
epoch 2: F = -8.1467657022
total 23268
checkpoint at 10000
checkpoint at 20000
epoch 3: F = -8.1300087220
total 23268
checkpoint at 10000
checkpoint at 20000
epoch 4: F = -8.1134103376
total 23268
checkpoint at 10000
checkpoint at 20000
epoch 5: F = -8.0968294256
total 23268
checkpoint at 10000
checkpoint at 20000
epoch 6: F = -8.0801182815
total 23268
checkpoint at 10000
checkpoint at 20000
epoch 7: F = -8.0631284568
total 23268
checkpoint at 10000
checkpoint at 20000
epoch 8: F = -8.0457043919
total 23268
checkpoint at 10000
checkpoint at 20000
epoch 9: F = -8.0276849341
total 23268
checkpoint at 10000
checkpoint at 20000
epoch 10: F = -8.0088914192
Finished training on 23268 tokens
INFO:probs:done optimizing.
INFO:probs:Saving model to spam_improved.model
INFO:probs:Saved model to spam_improved.model
