INFO:probs:Read vocab of size 84 from vocab-ensp.txt
INFO:train_lm:Training...
INFO:probs:Start optimizing on {N} training tokens...
total 997
epoch 1: F = -4.3798718051
total 997
epoch 2: F = -4.2900473863
total 997
epoch 3: F = -4.2158026638
total 997
epoch 4: F = -4.1539194127
total 997
epoch 5: F = -4.1018782831
total 997
epoch 6: F = -4.0577189334
total 997
epoch 7: F = -4.0199164701
total 997
epoch 8: F = -3.9872807952
total 997
epoch 9: F = -3.9588780429
total 997
epoch 10: F = -3.9339704083
Finished training on 997 tokens
INFO:probs:done optimizing.
INFO:probs:Saving model to sp_C5_d10.model
INFO:probs:Saved model to sp_C5_d10.model
