INFO:probs:Read vocab of size 84 from vocab-ensp.txt
INFO:train_lm:Training...
INFO:probs:Start optimizing on {N} training tokens...
total 997
epoch 1: F = -4.3798688355
total 997
epoch 2: F = -4.2900287581
total 997
epoch 3: F = -4.2157576641
total 997
epoch 4: F = -4.1538411555
total 997
epoch 5: F = -4.1017624593
total 997
epoch 6: F = -4.0575629837
total 997
epoch 7: F = -4.0197189713
total 997
epoch 8: F = -3.9870411984
total 997
epoch 9: F = -3.9585961865
total 997
epoch 10: F = -3.9336465075
Finished training on 997 tokens
INFO:probs:done optimizing.
INFO:probs:Saving model to sp_C0.5_d10.model
INFO:probs:Saved model to sp_C0.5_d10.model
