INFO:probs:Read vocab of size 3439 from genspam-vocab.txt
INFO:train_lm:Training...
INFO:probs:Start optimizing on {N} training tokens...
total 23268
checkpoint at 10000
checkpoint at 20000
epoch 1: F = -7.5975486095
total 23268
checkpoint at 10000
checkpoint at 20000
epoch 2: F = -7.5269258738
total 23268
checkpoint at 10000
checkpoint at 20000
epoch 3: F = -7.4975870313
total 23268
checkpoint at 10000
checkpoint at 20000
epoch 4: F = -7.4767541527
total 23268
checkpoint at 10000
checkpoint at 20000
epoch 5: F = -7.4610928764
total 23268
checkpoint at 10000
checkpoint at 20000
epoch 6: F = -7.4488373765
total 23268
checkpoint at 10000
checkpoint at 20000
epoch 7: F = -7.4389322030
total 23268
checkpoint at 10000
checkpoint at 20000
epoch 8: F = -7.4307080725
total 23268
checkpoint at 10000
checkpoint at 20000
epoch 9: F = -7.4237235821
total 23268
checkpoint at 10000
checkpoint at 20000
epoch 10: F = -7.4176778149
Finished training on 23268 tokens
INFO:probs:done optimizing.
INFO:probs:Saving model to spam_C5_d10.model
INFO:probs:Saved model to spam_C5_d10.model
