INFO:probs:Read vocab of size 3439 from genspam-vocab.txt
INFO:train_lm:Training...
INFO:probs:Start optimizing on {N} training tokens...
total 23268
checkpoint at 10000
checkpoint at 20000
epoch 1: F = -9.3864843645
total 23268
checkpoint at 10000
checkpoint at 20000
epoch 2: F = -9.3550264433
total 23268
checkpoint at 10000
checkpoint at 20000
epoch 3: F = -9.3248380912
total 23268
checkpoint at 10000
checkpoint at 20000
epoch 4: F = -9.2907042025
total 23268
checkpoint at 10000
checkpoint at 20000
epoch 5: F = -9.2840504286
total 23268
checkpoint at 10000
checkpoint at 20000
epoch 6: F = -9.2641294645
total 23268
checkpoint at 10000
checkpoint at 20000
epoch 7: F = -9.2490481641
total 23268
checkpoint at 10000
checkpoint at 20000
epoch 8: F = -9.2532803892
total 23268
checkpoint at 10000
checkpoint at 20000
epoch 9: F = -9.2521464710
total 23268
checkpoint at 10000
checkpoint at 20000
epoch 10: F = -9.2374247444
Finished training on 23268 tokens
INFO:probs:done optimizing.
INFO:probs:Saving model to spam_C0.5_d50.model
INFO:probs:Saved model to spam_C0.5_d50.model
