INFO:probs:Read vocab of size 3439 from genspam-vocab.txt
INFO:train_lm:Training...
INFO:probs:Start optimizing on {N} training tokens...
total 23268
checkpoint at 10000
checkpoint at 20000
epoch 1: F = -7.5975439116
total 23268
checkpoint at 10000
checkpoint at 20000
epoch 2: F = -7.5269135417
total 23268
checkpoint at 10000
checkpoint at 20000
epoch 3: F = -7.4975653094
total 23268
checkpoint at 10000
checkpoint at 20000
epoch 4: F = -7.4767222077
total 23268
checkpoint at 10000
checkpoint at 20000
epoch 5: F = -7.4610504507
total 23268
checkpoint at 10000
checkpoint at 20000
epoch 6: F = -7.4487845597
total 23268
checkpoint at 10000
checkpoint at 20000
epoch 7: F = -7.4388692584
total 23268
checkpoint at 10000
checkpoint at 20000
epoch 8: F = -7.4306354343
total 23268
checkpoint at 10000
checkpoint at 20000
epoch 9: F = -7.4236414315
total 23268
checkpoint at 10000
checkpoint at 20000
epoch 10: F = -7.4175864481
Finished training on 23268 tokens
INFO:probs:done optimizing.
INFO:probs:Saving model to spam_C1_d10.model
INFO:probs:Saved model to spam_C1_d10.model
