INFO:probs:Read vocab of size 3439 from genspam-vocab.txt
INFO:train_lm:Training...
INFO:probs:Start optimizing on {N} training tokens...
total 23268
checkpoint at 10000
checkpoint at 20000
epoch 1: F = -7.5975427705
total 23268
checkpoint at 10000
checkpoint at 20000
epoch 2: F = -7.5269106902
total 23268
checkpoint at 10000
checkpoint at 20000
epoch 3: F = -7.4975603934
total 23268
checkpoint at 10000
checkpoint at 20000
epoch 4: F = -7.4767150776
total 23268
checkpoint at 10000
checkpoint at 20000
epoch 5: F = -7.4610409661
total 23268
checkpoint at 10000
checkpoint at 20000
epoch 6: F = -7.4487728230
total 23268
checkpoint at 10000
checkpoint at 20000
epoch 7: F = -7.4388550820
total 23268
checkpoint at 10000
checkpoint at 20000
epoch 8: F = -7.4306191419
total 23268
checkpoint at 10000
checkpoint at 20000
epoch 9: F = -7.4236229959
total 23268
checkpoint at 10000
checkpoint at 20000
epoch 10: F = -7.4175658753
Finished training on 23268 tokens
INFO:probs:done optimizing.
INFO:probs:Saving model to spam_C0.1_d10.model
INFO:probs:Saved model to spam_C0.1_d10.model
