INFO:probs:Read vocab of size 3439 from genspam-vocab.txt
INFO:train_lm:Training...
INFO:probs:Start optimizing on {N} training tokens...
total 23268
checkpoint at 10000
checkpoint at 20000
epoch 1: F = -7.5975427493
total 23268
checkpoint at 10000
checkpoint at 20000
epoch 2: F = -7.5269105209
total 23268
checkpoint at 10000
checkpoint at 20000
epoch 3: F = -7.4975599191
total 23268
checkpoint at 10000
checkpoint at 20000
epoch 4: F = -7.4767142162
total 23268
checkpoint at 10000
checkpoint at 20000
epoch 5: F = -7.4610398568
total 23268
checkpoint at 10000
checkpoint at 20000
epoch 6: F = -7.4487714687
total 23268
checkpoint at 10000
checkpoint at 20000
epoch 7: F = -7.4388536560
total 23268
checkpoint at 10000
checkpoint at 20000
epoch 8: F = -7.4306173943
total 23268
checkpoint at 10000
checkpoint at 20000
epoch 9: F = -7.4236209737
total 23268
checkpoint at 10000
checkpoint at 20000
epoch 10: F = -7.4175636261
Finished training on 23268 tokens
INFO:probs:done optimizing.
INFO:probs:Saving model to spam_C0_d10.model
INFO:probs:Saved model to spam_C0_d10.model
