INFO:probs:Loading model from gen_C0.5_d200.model
INFO:probs:Loaded model from gen_C0.5_d200.model
INFO:probs:Loading model from spam_C0.5_d200.model
INFO:probs:Loaded model from spam_C0.5_d200.model
gen_C0.5_d200.model gen.10.313.txt
gen_C0.5_d200.model gen.100.335.txt
gen_C0.5_d200.model gen.100.372.txt
gen_C0.5_d200.model gen.101.239.txt
spam_C0.5_d200.model gen.101.306.txt
spam_C0.5_d200.model gen.102.293.txt
gen_C0.5_d200.model gen.102.400.txt
spam_C0.5_d200.model gen.1035.427.txt
gen_C0.5_d200.model gen.104.398.txt
gen_C0.5_d200.model gen.105.296.txt
gen_C0.5_d200.model gen.105.330.txt
gen_C0.5_d200.model gen.105.401.txt
gen_C0.5_d200.model gen.106.387.txt
gen_C0.5_d200.model gen.106.482.txt
gen_C0.5_d200.model gen.1069.228.txt
gen_C0.5_d200.model gen.107.345.txt
spam_C0.5_d200.model gen.1072.229.txt
gen_C0.5_d200.model gen.108.462.txt
gen_C0.5_d200.model gen.108.486.txt
spam_C0.5_d200.model gen.1083.290.txt
gen_C0.5_d200.model gen.1091.515.txt
gen_C0.5_d200.model gen.1094.472.txt
gen_C0.5_d200.model gen.112.240.txt
gen_C0.5_d200.model gen.112.491.txt
gen_C0.5_d200.model gen.113.338.txt
gen_C0.5_d200.model gen.117.261.txt
gen_C0.5_d200.model gen.1171.509.txt
spam_C0.5_d200.model gen.1174.488.txt
gen_C0.5_d200.model gen.118.532.txt
gen_C0.5_d200.model gen.120.192.txt
gen_C0.5_d200.model gen.121.474.txt
gen_C0.5_d200.model gen.122.262.txt
gen_C0.5_d200.model gen.122.323.txt
gen_C0.5_d200.model gen.122.455.txt
gen_C0.5_d200.model gen.123.195.txt
gen_C0.5_d200.model gen.123.536.txt
gen_C0.5_d200.model gen.1239.503.txt
gen_C0.5_d200.model gen.124.343.txt
gen_C0.5_d200.model gen.126.394.txt
gen_C0.5_d200.model gen.127.291.txt
spam_C0.5_d200.model gen.1270.352.txt
gen_C0.5_d200.model gen.128.475.txt
gen_C0.5_d200.model gen.1294.495.txt
gen_C0.5_d200.model gen.13.237.txt
gen_C0.5_d200.model gen.13.244.txt
gen_C0.5_d200.model gen.13.483.txt
gen_C0.5_d200.model gen.130.325.txt
gen_C0.5_d200.model gen.1303.535.txt
spam_C0.5_d200.model gen.131.282.txt
gen_C0.5_d200.model gen.131.513.txt
gen_C0.5_d200.model gen.135.407.txt
gen_C0.5_d200.model gen.135.506.txt
gen_C0.5_d200.model gen.135.514.txt
spam_C0.5_d200.model gen.1353.281.txt
gen_C0.5_d200.model gen.136.348.txt
gen_C0.5_d200.model gen.136.422.txt
gen_C0.5_d200.model gen.137.450.txt
gen_C0.5_d200.model gen.138.374.txt
gen_C0.5_d200.model gen.139.256.txt
gen_C0.5_d200.model gen.1396.405.txt
gen_C0.5_d200.model gen.140.257.txt
gen_C0.5_d200.model gen.141.410.txt
gen_C0.5_d200.model gen.142.260.txt
gen_C0.5_d200.model gen.142.530.txt
gen_C0.5_d200.model gen.143.499.txt
spam_C0.5_d200.model gen.1453.384.txt
gen_C0.5_d200.model gen.147.359.txt
gen_C0.5_d200.model gen.147.385.txt
gen_C0.5_d200.model gen.147.418.txt
spam_C0.5_d200.model gen.1475.283.txt
gen_C0.5_d200.model gen.148.538.txt
spam_C0.5_d200.model gen.1487.487.txt
gen_C0.5_d200.model gen.150.414.txt
gen_C0.5_d200.model gen.1505.309.txt
gen_C0.5_d200.model gen.152.397.txt
gen_C0.5_d200.model gen.155.213.txt
gen_C0.5_d200.model gen.158.471.txt
gen_C0.5_d200.model gen.159.252.txt
gen_C0.5_d200.model gen.16.272.txt
gen_C0.5_d200.model gen.162.467.txt
gen_C0.5_d200.model gen.163.270.txt
gen_C0.5_d200.model gen.163.295.txt
spam_C0.5_d200.model gen.164.188.txt
spam_C0.5_d200.model gen.164.247.txt
gen_C0.5_d200.model gen.168.489.txt
gen_C0.5_d200.model gen.169.215.txt
gen_C0.5_d200.model gen.169.249.txt
gen_C0.5_d200.model gen.17.362.txt
gen_C0.5_d200.model gen.172.292.txt
gen_C0.5_d200.model gen.172.519.txt
gen_C0.5_d200.model gen.173.449.txt
gen_C0.5_d200.model gen.174.417.txt
gen_C0.5_d200.model gen.174.529.txt
gen_C0.5_d200.model gen.176.510.txt
gen_C0.5_d200.model gen.177.428.txt
gen_C0.5_d200.model gen.178.285.txt
gen_C0.5_d200.model gen.178.373.txt
gen_C0.5_d200.model gen.18.232.txt
gen_C0.5_d200.model gen.18.331.txt
gen_C0.5_d200.model gen.18.386.txt
gen_C0.5_d200.model gen.180.344.txt
gen_C0.5_d200.model gen.182.231.txt
gen_C0.5_d200.model gen.182.443.txt
gen_C0.5_d200.model gen.182.463.txt
gen_C0.5_d200.model gen.184.484.txt
gen_C0.5_d200.model gen.185.320.txt
gen_C0.5_d200.model gen.187.217.txt
spam_C0.5_d200.model gen.187.218.txt
gen_C0.5_d200.model gen.187.366.txt
gen_C0.5_d200.model gen.187.517.txt
gen_C0.5_d200.model gen.189.305.txt
gen_C0.5_d200.model gen.190.220.txt
spam_C0.5_d200.model gen.190.360.txt
spam_C0.5_d200.model gen.199.198.txt
gen_C0.5_d200.model gen.199.470.txt
gen_C0.5_d200.model gen.20.379.txt
gen_C0.5_d200.model gen.200.528.txt
gen_C0.5_d200.model gen.202.235.txt
gen_C0.5_d200.model gen.202.426.txt
gen_C0.5_d200.model gen.203.194.txt
gen_C0.5_d200.model gen.203.199.txt
gen_C0.5_d200.model gen.203.363.txt
gen_C0.5_d200.model gen.203.465.txt
gen_C0.5_d200.model gen.207.201.txt
gen_C0.5_d200.model gen.207.255.txt
gen_C0.5_d200.model gen.208.301.txt
gen_C0.5_d200.model gen.210.337.txt
gen_C0.5_d200.model gen.212.269.txt
gen_C0.5_d200.model gen.215.505.txt
gen_C0.5_d200.model gen.219.207.txt
gen_C0.5_d200.model gen.219.222.txt
gen_C0.5_d200.model gen.219.298.txt
gen_C0.5_d200.model gen.22.303.txt
gen_C0.5_d200.model gen.22.393.txt
gen_C0.5_d200.model gen.22.420.txt
gen_C0.5_d200.model gen.220.356.txt
gen_C0.5_d200.model gen.223.193.txt
gen_C0.5_d200.model gen.225.502.txt
gen_C0.5_d200.model gen.228.326.txt
gen_C0.5_d200.model gen.228.507.txt
gen_C0.5_d200.model gen.229.478.txt
gen_C0.5_d200.model gen.23.329.txt
gen_C0.5_d200.model gen.23.500.txt
gen_C0.5_d200.model gen.23.504.txt
spam_C0.5_d200.model gen.230.369.txt
gen_C0.5_d200.model gen.233.321.txt
gen_C0.5_d200.model gen.234.346.txt
gen_C0.5_d200.model gen.235.227.txt
gen_C0.5_d200.model gen.235.361.txt
gen_C0.5_d200.model gen.235.452.txt
gen_C0.5_d200.model gen.236.324.txt
gen_C0.5_d200.model gen.2386.225.txt
gen_C0.5_d200.model gen.248.214.txt
gen_C0.5_d200.model gen.248.280.txt
spam_C0.5_d200.model gen.248.358.txt
gen_C0.5_d200.model gen.248.429.txt
spam_C0.5_d200.model gen.2482.383.txt
gen_C0.5_d200.model gen.249.328.txt
gen_C0.5_d200.model gen.25.473.txt
gen_C0.5_d200.model gen.252.245.txt
gen_C0.5_d200.model gen.252.251.txt
gen_C0.5_d200.model gen.2524.241.txt
gen_C0.5_d200.model gen.256.440.txt
gen_C0.5_d200.model gen.256.468.txt
gen_C0.5_d200.model gen.256.539.txt
gen_C0.5_d200.model gen.259.437.txt
gen_C0.5_d200.model gen.26.208.txt
gen_C0.5_d200.model gen.26.289.txt
gen_C0.5_d200.model gen.265.464.txt
gen_C0.5_d200.model gen.267.327.txt
spam_C0.5_d200.model gen.2696.286.txt
spam_C0.5_d200.model gen.27.442.txt
gen_C0.5_d200.model gen.28.406.txt
gen_C0.5_d200.model gen.282.202.txt
gen_C0.5_d200.model gen.282.258.txt
gen_C0.5_d200.model gen.285.340.txt
gen_C0.5_d200.model gen.285.458.txt
gen_C0.5_d200.model gen.287.425.txt
gen_C0.5_d200.model gen.291.381.txt
gen_C0.5_d200.model gen.294.421.txt
gen_C0.5_d200.model gen.295.189.txt
spam_C0.5_d200.model gen.296.364.txt
gen_C0.5_d200.model gen.30.415.txt
gen_C0.5_d200.model gen.30.501.txt
gen_C0.5_d200.model gen.302.250.txt
gen_C0.5_d200.model gen.306.523.txt
gen_C0.5_d200.model gen.309.430.txt
gen_C0.5_d200.model gen.309.477.txt
gen_C0.5_d200.model gen.314.181.txt
gen_C0.5_d200.model gen.317.368.txt
gen_C0.5_d200.model gen.32.187.txt
gen_C0.5_d200.model gen.32.248.txt
gen_C0.5_d200.model gen.32.537.txt
gen_C0.5_d200.model gen.325.357.txt
gen_C0.5_d200.model gen.326.469.txt
gen_C0.5_d200.model gen.328.221.txt
gen_C0.5_d200.model gen.334.480.txt
gen_C0.5_d200.model gen.336.333.txt
spam_C0.5_d200.model gen.345.350.txt
gen_C0.5_d200.model gen.347.230.txt
gen_C0.5_d200.model gen.35.423.txt
gen_C0.5_d200.model gen.35.431.txt
gen_C0.5_d200.model gen.35.494.txt
gen_C0.5_d200.model gen.350.391.txt
gen_C0.5_d200.model gen.352.453.txt
gen_C0.5_d200.model gen.357.276.txt
gen_C0.5_d200.model gen.36.265.txt
gen_C0.5_d200.model gen.36.294.txt
gen_C0.5_d200.model gen.36.395.txt
gen_C0.5_d200.model gen.36.476.txt
gen_C0.5_d200.model gen.361.380.txt
gen_C0.5_d200.model gen.367.533.txt
gen_C0.5_d200.model gen.373.307.txt
gen_C0.5_d200.model gen.375.277.txt
gen_C0.5_d200.model gen.38.266.txt
gen_C0.5_d200.model gen.389.288.txt
gen_C0.5_d200.model gen.39.259.txt
gen_C0.5_d200.model gen.391.490.txt
gen_C0.5_d200.model gen.395.419.txt
gen_C0.5_d200.model gen.4.371.txt
gen_C0.5_d200.model gen.40.183.txt
gen_C0.5_d200.model gen.40.349.txt
gen_C0.5_d200.model gen.40.389.txt
spam_C0.5_d200.model gen.40.404.txt
gen_C0.5_d200.model gen.40.457.txt
gen_C0.5_d200.model gen.406.216.txt
gen_C0.5_d200.model gen.406.367.txt
gen_C0.5_d200.model gen.41.263.txt
gen_C0.5_d200.model gen.41.521.txt
gen_C0.5_d200.model gen.41.522.txt
gen_C0.5_d200.model gen.414.481.txt
gen_C0.5_d200.model gen.42.223.txt
gen_C0.5_d200.model gen.42.390.txt
gen_C0.5_d200.model gen.42.424.txt
spam_C0.5_d200.model gen.427.376.txt
spam_C0.5_d200.model gen.429.322.txt
gen_C0.5_d200.model gen.44.210.txt
gen_C0.5_d200.model gen.44.493.txt
gen_C0.5_d200.model gen.44.518.txt
gen_C0.5_d200.model gen.440.365.txt
gen_C0.5_d200.model gen.45.511.txt
gen_C0.5_d200.model gen.463.497.txt
spam_C0.5_d200.model gen.464.233.txt
gen_C0.5_d200.model gen.464.402.txt
gen_C0.5_d200.model gen.471.396.txt
gen_C0.5_d200.model gen.48.182.txt
spam_C0.5_d200.model gen.481.524.txt
gen_C0.5_d200.model gen.49.413.txt
gen_C0.5_d200.model gen.49.460.txt
gen_C0.5_d200.model gen.49.466.txt
spam_C0.5_d200.model gen.492.444.txt
gen_C0.5_d200.model gen.494.354.txt
spam_C0.5_d200.model gen.496.531.txt
gen_C0.5_d200.model gen.51.273.txt
gen_C0.5_d200.model gen.51.375.txt
gen_C0.5_d200.model gen.51.399.txt
gen_C0.5_d200.model gen.51.438.txt
spam_C0.5_d200.model gen.515.226.txt
gen_C0.5_d200.model gen.515.461.txt
gen_C0.5_d200.model gen.522.297.txt
gen_C0.5_d200.model gen.529.409.txt
gen_C0.5_d200.model gen.53.203.txt
gen_C0.5_d200.model gen.53.268.txt
gen_C0.5_d200.model gen.53.382.txt
gen_C0.5_d200.model gen.53.388.txt
gen_C0.5_d200.model gen.531.242.txt
gen_C0.5_d200.model gen.543.311.txt
spam_C0.5_d200.model gen.548.447.txt
gen_C0.5_d200.model gen.549.302.txt
gen_C0.5_d200.model gen.55.351.txt
gen_C0.5_d200.model gen.552.355.txt
gen_C0.5_d200.model gen.555.433.txt
gen_C0.5_d200.model gen.56.271.txt
gen_C0.5_d200.model gen.56.527.txt
gen_C0.5_d200.model gen.560.342.txt
gen_C0.5_d200.model gen.57.186.txt
gen_C0.5_d200.model gen.573.190.txt
gen_C0.5_d200.model gen.578.353.txt
gen_C0.5_d200.model gen.58.392.txt
gen_C0.5_d200.model gen.58.432.txt
gen_C0.5_d200.model gen.58.435.txt
gen_C0.5_d200.model gen.59.185.txt
gen_C0.5_d200.model gen.59.279.txt
gen_C0.5_d200.model gen.59.403.txt
gen_C0.5_d200.model gen.60.236.txt
gen_C0.5_d200.model gen.60.459.txt
gen_C0.5_d200.model gen.61.316.txt
gen_C0.5_d200.model gen.613.377.txt
gen_C0.5_d200.model gen.617.434.txt
spam_C0.5_d200.model gen.62.234.txt
spam_C0.5_d200.model gen.62.287.txt
gen_C0.5_d200.model gen.62.370.txt
gen_C0.5_d200.model gen.63.496.txt
gen_C0.5_d200.model gen.632.347.txt
gen_C0.5_d200.model gen.634.304.txt
gen_C0.5_d200.model gen.64.341.txt
gen_C0.5_d200.model gen.65.184.txt
gen_C0.5_d200.model gen.65.205.txt
gen_C0.5_d200.model gen.65.315.txt
gen_C0.5_d200.model gen.65.498.txt
gen_C0.5_d200.model gen.67.204.txt
gen_C0.5_d200.model gen.67.339.txt
gen_C0.5_d200.model gen.68.278.txt
gen_C0.5_d200.model gen.68.284.txt
gen_C0.5_d200.model gen.69.264.txt
gen_C0.5_d200.model gen.69.492.txt
gen_C0.5_d200.model gen.69.540.txt
gen_C0.5_d200.model gen.70.439.txt
gen_C0.5_d200.model gen.70.485.txt
gen_C0.5_d200.model gen.71.191.txt
gen_C0.5_d200.model gen.71.334.txt
gen_C0.5_d200.model gen.71.412.txt
gen_C0.5_d200.model gen.73.300.txt
gen_C0.5_d200.model gen.74.451.txt
gen_C0.5_d200.model gen.743.378.txt
gen_C0.5_d200.model gen.746.445.txt
gen_C0.5_d200.model gen.749.408.txt
gen_C0.5_d200.model gen.76.317.txt
gen_C0.5_d200.model gen.77.219.txt
gen_C0.5_d200.model gen.77.238.txt
gen_C0.5_d200.model gen.77.299.txt
gen_C0.5_d200.model gen.77.448.txt
gen_C0.5_d200.model gen.772.212.txt
spam_C0.5_d200.model gen.782.206.txt
spam_C0.5_d200.model gen.785.479.txt
gen_C0.5_d200.model gen.786.441.txt
gen_C0.5_d200.model gen.79.267.txt
spam_C0.5_d200.model gen.79.525.txt
spam_C0.5_d200.model gen.8.211.txt
gen_C0.5_d200.model gen.80.416.txt
gen_C0.5_d200.model gen.81.253.txt
spam_C0.5_d200.model gen.81.254.txt
gen_C0.5_d200.model gen.81.456.txt
spam_C0.5_d200.model gen.815.534.txt
gen_C0.5_d200.model gen.82.274.txt
spam_C0.5_d200.model gen.823.512.txt
spam_C0.5_d200.model gen.83.200.txt
gen_C0.5_d200.model gen.83.318.txt
gen_C0.5_d200.model gen.84.209.txt
gen_C0.5_d200.model gen.84.308.txt
gen_C0.5_d200.model gen.848.243.txt
gen_C0.5_d200.model gen.85.526.txt
gen_C0.5_d200.model gen.852.332.txt
gen_C0.5_d200.model gen.87.224.txt
gen_C0.5_d200.model gen.88.196.txt
spam_C0.5_d200.model gen.88.310.txt
gen_C0.5_d200.model gen.88.319.txt
gen_C0.5_d200.model gen.89.436.txt
gen_C0.5_d200.model gen.90.508.txt
gen_C0.5_d200.model gen.92.275.txt
gen_C0.5_d200.model gen.92.411.txt
gen_C0.5_d200.model gen.93.314.txt
gen_C0.5_d200.model gen.94.312.txt
gen_C0.5_d200.model gen.95.246.txt
gen_C0.5_d200.model gen.959.197.txt
gen_C0.5_d200.model gen.96.336.txt
gen_C0.5_d200.model gen.96.520.txt
gen_C0.5_d200.model gen.960.516.txt
gen_C0.5_d200.model gen.974.446.txt
gen_C0.5_d200.model gen.98.454.txt
spam_C0.5_d200.model spam.101.184.txt
spam_C0.5_d200.model spam.104.175.txt
spam_C0.5_d200.model spam.1075.167.txt
spam_C0.5_d200.model spam.108.179.txt
spam_C0.5_d200.model spam.11.238.txt
gen_C0.5_d200.model spam.110.212.txt
spam_C0.5_d200.model spam.111.105.txt
spam_C0.5_d200.model spam.111.204.txt
spam_C0.5_d200.model spam.111.219.txt
spam_C0.5_d200.model spam.112.126.txt
spam_C0.5_d200.model spam.113.128.txt
spam_C0.5_d200.model spam.113.200.txt
spam_C0.5_d200.model spam.113.206.txt
spam_C0.5_d200.model spam.113.245.txt
spam_C0.5_d200.model spam.113.270.txt
spam_C0.5_d200.model spam.116.170.txt
spam_C0.5_d200.model spam.12.157.txt
gen_C0.5_d200.model spam.12.263.txt
spam_C0.5_d200.model spam.121.124.txt
spam_C0.5_d200.model spam.121.150.txt
spam_C0.5_d200.model spam.122.256.txt
gen_C0.5_d200.model spam.125.236.txt
gen_C0.5_d200.model spam.126.243.txt
gen_C0.5_d200.model spam.127.230.txt
spam_C0.5_d200.model spam.13.172.txt
spam_C0.5_d200.model spam.131.254.txt
spam_C0.5_d200.model spam.132.218.txt
spam_C0.5_d200.model spam.135.257.txt
spam_C0.5_d200.model spam.137.258.txt
spam_C0.5_d200.model spam.138.141.txt
spam_C0.5_d200.model spam.138.241.txt
spam_C0.5_d200.model spam.14.159.txt
spam_C0.5_d200.model spam.142.156.txt
spam_C0.5_d200.model spam.148.197.txt
spam_C0.5_d200.model spam.15.103.txt
spam_C0.5_d200.model spam.153.163.txt
spam_C0.5_d200.model spam.158.104.txt
spam_C0.5_d200.model spam.16.155.txt
spam_C0.5_d200.model spam.162.186.txt
spam_C0.5_d200.model spam.162.188.txt
spam_C0.5_d200.model spam.162.247.txt
spam_C0.5_d200.model spam.167.210.txt
spam_C0.5_d200.model spam.167.220.txt
spam_C0.5_d200.model spam.167.229.txt
spam_C0.5_d200.model spam.167.251.txt
spam_C0.5_d200.model spam.168.092.txt
spam_C0.5_d200.model spam.169.190.txt
spam_C0.5_d200.model spam.170.239.txt
spam_C0.5_d200.model spam.175.196.txt
gen_C0.5_d200.model spam.1786.093.txt
spam_C0.5_d200.model spam.180.198.txt
spam_C0.5_d200.model spam.181.136.txt
gen_C0.5_d200.model spam.183.164.txt
spam_C0.5_d200.model spam.183.165.txt
spam_C0.5_d200.model spam.185.232.txt
spam_C0.5_d200.model spam.185.266.txt
spam_C0.5_d200.model spam.186.110.txt
spam_C0.5_d200.model spam.186.144.txt
spam_C0.5_d200.model spam.189.182.txt
spam_C0.5_d200.model spam.190.169.txt
spam_C0.5_d200.model spam.192.162.txt
spam_C0.5_d200.model spam.192.185.txt
spam_C0.5_d200.model spam.193.102.txt
spam_C0.5_d200.model spam.193.173.txt
spam_C0.5_d200.model spam.194.106.txt
spam_C0.5_d200.model spam.197.147.txt
spam_C0.5_d200.model spam.198.097.txt
spam_C0.5_d200.model spam.198.153.txt
spam_C0.5_d200.model spam.198.244.txt
spam_C0.5_d200.model spam.2.116.txt
spam_C0.5_d200.model spam.201.135.txt
spam_C0.5_d200.model spam.202.117.txt
spam_C0.5_d200.model spam.202.118.txt
spam_C0.5_d200.model spam.204.152.txt
spam_C0.5_d200.model spam.207.096.txt
spam_C0.5_d200.model spam.209.091.txt
spam_C0.5_d200.model spam.209.249.txt
spam_C0.5_d200.model spam.21.149.txt
gen_C0.5_d200.model spam.21.202.txt
spam_C0.5_d200.model spam.21.209.txt
spam_C0.5_d200.model spam.211.201.txt
spam_C0.5_d200.model spam.213.237.txt
spam_C0.5_d200.model spam.213.246.txt
spam_C0.5_d200.model spam.214.143.txt
spam_C0.5_d200.model spam.216.168.txt
spam_C0.5_d200.model spam.219.221.txt
spam_C0.5_d200.model spam.223.228.txt
spam_C0.5_d200.model spam.228.176.txt
spam_C0.5_d200.model spam.228.250.txt
spam_C0.5_d200.model spam.2291.101.txt
spam_C0.5_d200.model spam.23.265.txt
spam_C0.5_d200.model spam.243.111.txt
spam_C0.5_d200.model spam.244.233.txt
spam_C0.5_d200.model spam.25.194.txt
spam_C0.5_d200.model spam.25.264.txt
spam_C0.5_d200.model spam.250.108.txt
spam_C0.5_d200.model spam.259.216.txt
spam_C0.5_d200.model spam.259.222.txt
spam_C0.5_d200.model spam.261.120.txt
spam_C0.5_d200.model spam.262.160.txt
spam_C0.5_d200.model spam.264.214.txt
spam_C0.5_d200.model spam.27.207.txt
spam_C0.5_d200.model spam.27.268.txt
spam_C0.5_d200.model spam.270.133.txt
spam_C0.5_d200.model spam.272.139.txt
spam_C0.5_d200.model spam.279.189.txt
spam_C0.5_d200.model spam.280.094.txt
spam_C0.5_d200.model spam.301.130.txt
gen_C0.5_d200.model spam.305.234.txt
spam_C0.5_d200.model spam.317.226.txt
spam_C0.5_d200.model spam.34.112.txt
spam_C0.5_d200.model spam.34.183.txt
spam_C0.5_d200.model spam.353.178.txt
spam_C0.5_d200.model spam.36.131.txt
gen_C0.5_d200.model spam.37.100.txt
spam_C0.5_d200.model spam.38.199.txt
spam_C0.5_d200.model spam.400.142.txt
spam_C0.5_d200.model spam.4053.223.txt
spam_C0.5_d200.model spam.41.145.txt
spam_C0.5_d200.model spam.41.192.txt
spam_C0.5_d200.model spam.45.208.txt
spam_C0.5_d200.model spam.476.098.txt
spam_C0.5_d200.model spam.484.177.txt
gen_C0.5_d200.model spam.493.121.txt
spam_C0.5_d200.model spam.51.151.txt
spam_C0.5_d200.model spam.52.166.txt
spam_C0.5_d200.model spam.522.267.txt
spam_C0.5_d200.model spam.54.193.txt
spam_C0.5_d200.model spam.55.146.txt
spam_C0.5_d200.model spam.553.140.txt
spam_C0.5_d200.model spam.556.255.txt
spam_C0.5_d200.model spam.570.113.txt
spam_C0.5_d200.model spam.575.132.txt
spam_C0.5_d200.model spam.582.129.txt
spam_C0.5_d200.model spam.59.195.txt
spam_C0.5_d200.model spam.599.259.txt
spam_C0.5_d200.model spam.6.127.txt
spam_C0.5_d200.model spam.6.138.txt
spam_C0.5_d200.model spam.6.174.txt
spam_C0.5_d200.model spam.6.225.txt
spam_C0.5_d200.model spam.6.262.txt
spam_C0.5_d200.model spam.62.099.txt
spam_C0.5_d200.model spam.62.109.txt
spam_C0.5_d200.model spam.62.114.txt
spam_C0.5_d200.model spam.62.115.txt
spam_C0.5_d200.model spam.625.235.txt
spam_C0.5_d200.model spam.63.240.txt
spam_C0.5_d200.model spam.636.125.txt
spam_C0.5_d200.model spam.66.180.txt
spam_C0.5_d200.model spam.69.191.txt
spam_C0.5_d200.model spam.7.134.txt
gen_C0.5_d200.model spam.7.187.txt
gen_C0.5_d200.model spam.7.213.txt
gen_C0.5_d200.model spam.7.248.txt
spam_C0.5_d200.model spam.701.148.txt
spam_C0.5_d200.model spam.72.095.txt
spam_C0.5_d200.model spam.72.253.txt
spam_C0.5_d200.model spam.77.217.txt
spam_C0.5_d200.model spam.771.123.txt
gen_C0.5_d200.model spam.8.107.txt
spam_C0.5_d200.model spam.8.224.txt
spam_C0.5_d200.model spam.8.227.txt
spam_C0.5_d200.model spam.8.261.txt
gen_C0.5_d200.model spam.81.171.txt
spam_C0.5_d200.model spam.82.122.txt
gen_C0.5_d200.model spam.82.137.txt
spam_C0.5_d200.model spam.82.161.txt
spam_C0.5_d200.model spam.83.119.txt
spam_C0.5_d200.model spam.842.269.txt
spam_C0.5_d200.model spam.857.158.txt
spam_C0.5_d200.model spam.88.252.txt
spam_C0.5_d200.model spam.9.211.txt
spam_C0.5_d200.model spam.92.205.txt
spam_C0.5_d200.model spam.925.260.txt
spam_C0.5_d200.model spam.93.231.txt
spam_C0.5_d200.model spam.93.242.txt
spam_C0.5_d200.model spam.96.203.txt
spam_C0.5_d200.model spam.969.154.txt
spam_C0.5_d200.model spam.97.181.txt
gen_C0.5_d200.model spam.99.215.txt
334 files were more probably from gen_C0.5_d200.model (61.85%)
206 files were more probably from spam_C0.5_d200.model (38.15%)
