INFO:probs:Loading model from gen_C0.5_d200.model
INFO:probs:Loaded model from gen_C0.5_d200.model
INFO:probs:Loading model from spam_C0.5_d200.model
INFO:probs:Loaded model from spam_C0.5_d200.model
spam_C0.5_d200.model spam.101.184.txt
spam_C0.5_d200.model spam.104.175.txt
spam_C0.5_d200.model spam.1075.167.txt
spam_C0.5_d200.model spam.108.179.txt
spam_C0.5_d200.model spam.11.238.txt
gen_C0.5_d200.model spam.110.212.txt
spam_C0.5_d200.model spam.111.105.txt
spam_C0.5_d200.model spam.111.204.txt
spam_C0.5_d200.model spam.111.219.txt
spam_C0.5_d200.model spam.112.126.txt
spam_C0.5_d200.model spam.113.128.txt
spam_C0.5_d200.model spam.113.200.txt
spam_C0.5_d200.model spam.113.206.txt
spam_C0.5_d200.model spam.113.245.txt
spam_C0.5_d200.model spam.113.270.txt
spam_C0.5_d200.model spam.116.170.txt
spam_C0.5_d200.model spam.12.157.txt
gen_C0.5_d200.model spam.12.263.txt
spam_C0.5_d200.model spam.121.124.txt
spam_C0.5_d200.model spam.121.150.txt
spam_C0.5_d200.model spam.122.256.txt
gen_C0.5_d200.model spam.125.236.txt
gen_C0.5_d200.model spam.126.243.txt
gen_C0.5_d200.model spam.127.230.txt
spam_C0.5_d200.model spam.13.172.txt
spam_C0.5_d200.model spam.131.254.txt
spam_C0.5_d200.model spam.132.218.txt
spam_C0.5_d200.model spam.135.257.txt
spam_C0.5_d200.model spam.137.258.txt
spam_C0.5_d200.model spam.138.141.txt
spam_C0.5_d200.model spam.138.241.txt
spam_C0.5_d200.model spam.14.159.txt
spam_C0.5_d200.model spam.142.156.txt
spam_C0.5_d200.model spam.148.197.txt
spam_C0.5_d200.model spam.15.103.txt
spam_C0.5_d200.model spam.153.163.txt
spam_C0.5_d200.model spam.158.104.txt
spam_C0.5_d200.model spam.16.155.txt
spam_C0.5_d200.model spam.162.186.txt
spam_C0.5_d200.model spam.162.188.txt
spam_C0.5_d200.model spam.162.247.txt
spam_C0.5_d200.model spam.167.210.txt
spam_C0.5_d200.model spam.167.220.txt
spam_C0.5_d200.model spam.167.229.txt
spam_C0.5_d200.model spam.167.251.txt
spam_C0.5_d200.model spam.168.092.txt
spam_C0.5_d200.model spam.169.190.txt
spam_C0.5_d200.model spam.170.239.txt
spam_C0.5_d200.model spam.175.196.txt
gen_C0.5_d200.model spam.1786.093.txt
spam_C0.5_d200.model spam.180.198.txt
spam_C0.5_d200.model spam.181.136.txt
gen_C0.5_d200.model spam.183.164.txt
spam_C0.5_d200.model spam.183.165.txt
spam_C0.5_d200.model spam.185.232.txt
spam_C0.5_d200.model spam.185.266.txt
spam_C0.5_d200.model spam.186.110.txt
spam_C0.5_d200.model spam.186.144.txt
spam_C0.5_d200.model spam.189.182.txt
spam_C0.5_d200.model spam.190.169.txt
spam_C0.5_d200.model spam.192.162.txt
spam_C0.5_d200.model spam.192.185.txt
spam_C0.5_d200.model spam.193.102.txt
spam_C0.5_d200.model spam.193.173.txt
spam_C0.5_d200.model spam.194.106.txt
spam_C0.5_d200.model spam.197.147.txt
spam_C0.5_d200.model spam.198.097.txt
spam_C0.5_d200.model spam.198.153.txt
spam_C0.5_d200.model spam.198.244.txt
spam_C0.5_d200.model spam.2.116.txt
spam_C0.5_d200.model spam.201.135.txt
spam_C0.5_d200.model spam.202.117.txt
spam_C0.5_d200.model spam.202.118.txt
spam_C0.5_d200.model spam.204.152.txt
spam_C0.5_d200.model spam.207.096.txt
spam_C0.5_d200.model spam.209.091.txt
spam_C0.5_d200.model spam.209.249.txt
spam_C0.5_d200.model spam.21.149.txt
gen_C0.5_d200.model spam.21.202.txt
spam_C0.5_d200.model spam.21.209.txt
spam_C0.5_d200.model spam.211.201.txt
spam_C0.5_d200.model spam.213.237.txt
spam_C0.5_d200.model spam.213.246.txt
spam_C0.5_d200.model spam.214.143.txt
spam_C0.5_d200.model spam.216.168.txt
spam_C0.5_d200.model spam.219.221.txt
spam_C0.5_d200.model spam.223.228.txt
spam_C0.5_d200.model spam.228.176.txt
spam_C0.5_d200.model spam.228.250.txt
spam_C0.5_d200.model spam.2291.101.txt
spam_C0.5_d200.model spam.23.265.txt
spam_C0.5_d200.model spam.243.111.txt
spam_C0.5_d200.model spam.244.233.txt
spam_C0.5_d200.model spam.25.194.txt
spam_C0.5_d200.model spam.25.264.txt
spam_C0.5_d200.model spam.250.108.txt
spam_C0.5_d200.model spam.259.216.txt
spam_C0.5_d200.model spam.259.222.txt
spam_C0.5_d200.model spam.261.120.txt
spam_C0.5_d200.model spam.262.160.txt
spam_C0.5_d200.model spam.264.214.txt
spam_C0.5_d200.model spam.27.207.txt
spam_C0.5_d200.model spam.27.268.txt
spam_C0.5_d200.model spam.270.133.txt
spam_C0.5_d200.model spam.272.139.txt
spam_C0.5_d200.model spam.279.189.txt
spam_C0.5_d200.model spam.280.094.txt
spam_C0.5_d200.model spam.301.130.txt
gen_C0.5_d200.model spam.305.234.txt
spam_C0.5_d200.model spam.317.226.txt
spam_C0.5_d200.model spam.34.112.txt
spam_C0.5_d200.model spam.34.183.txt
spam_C0.5_d200.model spam.353.178.txt
spam_C0.5_d200.model spam.36.131.txt
gen_C0.5_d200.model spam.37.100.txt
spam_C0.5_d200.model spam.38.199.txt
spam_C0.5_d200.model spam.400.142.txt
spam_C0.5_d200.model spam.4053.223.txt
spam_C0.5_d200.model spam.41.145.txt
spam_C0.5_d200.model spam.41.192.txt
spam_C0.5_d200.model spam.45.208.txt
spam_C0.5_d200.model spam.476.098.txt
spam_C0.5_d200.model spam.484.177.txt
gen_C0.5_d200.model spam.493.121.txt
spam_C0.5_d200.model spam.51.151.txt
spam_C0.5_d200.model spam.52.166.txt
spam_C0.5_d200.model spam.522.267.txt
spam_C0.5_d200.model spam.54.193.txt
spam_C0.5_d200.model spam.55.146.txt
spam_C0.5_d200.model spam.553.140.txt
spam_C0.5_d200.model spam.556.255.txt
spam_C0.5_d200.model spam.570.113.txt
spam_C0.5_d200.model spam.575.132.txt
spam_C0.5_d200.model spam.582.129.txt
spam_C0.5_d200.model spam.59.195.txt
spam_C0.5_d200.model spam.599.259.txt
spam_C0.5_d200.model spam.6.127.txt
spam_C0.5_d200.model spam.6.138.txt
spam_C0.5_d200.model spam.6.174.txt
spam_C0.5_d200.model spam.6.225.txt
spam_C0.5_d200.model spam.6.262.txt
spam_C0.5_d200.model spam.62.099.txt
spam_C0.5_d200.model spam.62.109.txt
spam_C0.5_d200.model spam.62.114.txt
spam_C0.5_d200.model spam.62.115.txt
spam_C0.5_d200.model spam.625.235.txt
spam_C0.5_d200.model spam.63.240.txt
spam_C0.5_d200.model spam.636.125.txt
spam_C0.5_d200.model spam.66.180.txt
spam_C0.5_d200.model spam.69.191.txt
spam_C0.5_d200.model spam.7.134.txt
gen_C0.5_d200.model spam.7.187.txt
gen_C0.5_d200.model spam.7.213.txt
gen_C0.5_d200.model spam.7.248.txt
spam_C0.5_d200.model spam.701.148.txt
spam_C0.5_d200.model spam.72.095.txt
spam_C0.5_d200.model spam.72.253.txt
spam_C0.5_d200.model spam.77.217.txt
spam_C0.5_d200.model spam.771.123.txt
gen_C0.5_d200.model spam.8.107.txt
spam_C0.5_d200.model spam.8.224.txt
spam_C0.5_d200.model spam.8.227.txt
spam_C0.5_d200.model spam.8.261.txt
spam_C0.5_d200.model spam.81.171.txt
spam_C0.5_d200.model spam.82.122.txt
gen_C0.5_d200.model spam.82.137.txt
spam_C0.5_d200.model spam.82.161.txt
spam_C0.5_d200.model spam.83.119.txt
spam_C0.5_d200.model spam.842.269.txt
spam_C0.5_d200.model spam.857.158.txt
spam_C0.5_d200.model spam.88.252.txt
spam_C0.5_d200.model spam.9.211.txt
spam_C0.5_d200.model spam.92.205.txt
spam_C0.5_d200.model spam.925.260.txt
spam_C0.5_d200.model spam.93.231.txt
spam_C0.5_d200.model spam.93.242.txt
spam_C0.5_d200.model spam.96.203.txt
spam_C0.5_d200.model spam.969.154.txt
spam_C0.5_d200.model spam.97.181.txt
gen_C0.5_d200.model spam.99.215.txt
17 files were more probably from gen_C0.5_d200.model (9.44%)
163 files were more probably from spam_C0.5_d200.model (90.56%)
